CRITICAL - 2024-01-16 05:38:54 --> Undefined variable $tgl
in APPPATH/Views/detailTour.php on line 23.
 1 APPPATH/Views/detailTour.php(23): CodeIgniter\Debug\Exceptions->errorHandler()
 2 SYSTEMPATH/View/View.php(213): include('/var/www/gohit/app/Views/detailTour.php')
 3 SYSTEMPATH/View/View.php(216): CodeIgniter\View\View->CodeIgniter\View\{closure}()
 4 SYSTEMPATH/Common.php(1184): CodeIgniter\View\View->render()
 5 APPPATH/Controllers/DetailEvent.php(151): view()
 6 SYSTEMPATH/CodeIgniter.php(934): App\Controllers\DetailEvent->index()
 7 SYSTEMPATH/CodeIgniter.php(499): CodeIgniter\CodeIgniter->runController()
 8 SYSTEMPATH/CodeIgniter.php(368): CodeIgniter\CodeIgniter->handleRequest()
 9 FCPATH/index.php(67): CodeIgniter\CodeIgniter->run()
CRITICAL - 2024-01-16 05:42:07 --> Undefined variable $tgl
in APPPATH/Views/detailTour.php on line 23.
 1 APPPATH/Views/detailTour.php(23): CodeIgniter\Debug\Exceptions->errorHandler()
 2 SYSTEMPATH/View/View.php(213): include('/var/www/gohit/app/Views/detailTour.php')
 3 SYSTEMPATH/View/View.php(216): CodeIgniter\View\View->CodeIgniter\View\{closure}()
 4 SYSTEMPATH/Common.php(1184): CodeIgniter\View\View->render()
 5 APPPATH/Controllers/DetailEvent.php(241): view()
 6 SYSTEMPATH/CodeIgniter.php(934): App\Controllers\DetailEvent->index()
 7 SYSTEMPATH/CodeIgniter.php(499): CodeIgniter\CodeIgniter->runController()
 8 SYSTEMPATH/CodeIgniter.php(368): CodeIgniter\CodeIgniter->handleRequest()
 9 FCPATH/index.php(67): CodeIgniter\CodeIgniter->run()
CRITICAL - 2024-01-16 05:42:07 --> Undefined variable $tgl
in APPPATH/Views/detailTour.php on line 23.
 1 APPPATH/Views/detailTour.php(23): CodeIgniter\Debug\Exceptions->errorHandler()
 2 SYSTEMPATH/View/View.php(213): include('/var/www/gohit/app/Views/detailTour.php')
 3 SYSTEMPATH/View/View.php(216): CodeIgniter\View\View->CodeIgniter\View\{closure}()
 4 SYSTEMPATH/Common.php(1184): CodeIgniter\View\View->render()
 5 APPPATH/Controllers/DetailEvent.php(241): view()
 6 SYSTEMPATH/CodeIgniter.php(934): App\Controllers\DetailEvent->index()
 7 SYSTEMPATH/CodeIgniter.php(499): CodeIgniter\CodeIgniter->runController()
 8 SYSTEMPATH/CodeIgniter.php(368): CodeIgniter\CodeIgniter->handleRequest()
 9 FCPATH/index.php(67): CodeIgniter\CodeIgniter->run()
CRITICAL - 2024-01-16 05:42:07 --> Undefined variable $tgl
in APPPATH/Views/detailTour.php on line 23.
 1 APPPATH/Views/detailTour.php(23): CodeIgniter\Debug\Exceptions->errorHandler()
 2 SYSTEMPATH/View/View.php(213): include('/var/www/gohit/app/Views/detailTour.php')
 3 SYSTEMPATH/View/View.php(216): CodeIgniter\View\View->CodeIgniter\View\{closure}()
 4 SYSTEMPATH/Common.php(1184): CodeIgniter\View\View->render()
 5 APPPATH/Controllers/DetailEvent.php(241): view()
 6 SYSTEMPATH/CodeIgniter.php(934): App\Controllers\DetailEvent->index()
 7 SYSTEMPATH/CodeIgniter.php(499): CodeIgniter\CodeIgniter->runController()
 8 SYSTEMPATH/CodeIgniter.php(368): CodeIgniter\CodeIgniter->handleRequest()
 9 FCPATH/index.php(67): CodeIgniter\CodeIgniter->run()
CRITICAL - 2024-01-16 06:11:59 --> Undefined variable $tgl
in APPPATH/Views/detaileventp.php on line 23.
 1 APPPATH/Views/detaileventp.php(23): CodeIgniter\Debug\Exceptions->errorHandler()
 2 SYSTEMPATH/View/View.php(213): include('/var/www/gohit/app/Views/detaileventp.php')
 3 SYSTEMPATH/View/View.php(216): CodeIgniter\View\View->CodeIgniter\View\{closure}()
 4 SYSTEMPATH/Common.php(1184): CodeIgniter\View\View->render()
 5 APPPATH/Controllers/DetailEvent.php(388): view()
 6 SYSTEMPATH/CodeIgniter.php(934): App\Controllers\DetailEvent->peserta()
 7 SYSTEMPATH/CodeIgniter.php(499): CodeIgniter\CodeIgniter->runController()
 8 SYSTEMPATH/CodeIgniter.php(368): CodeIgniter\CodeIgniter->handleRequest()
 9 FCPATH/index.php(67): CodeIgniter\CodeIgniter->run()
CRITICAL - 2024-01-16 06:11:59 --> Undefined variable $tgl
in APPPATH/Views/detaileventp.php on line 23.
 1 APPPATH/Views/detaileventp.php(23): CodeIgniter\Debug\Exceptions->errorHandler()
 2 SYSTEMPATH/View/View.php(213): include('/var/www/gohit/app/Views/detaileventp.php')
 3 SYSTEMPATH/View/View.php(216): CodeIgniter\View\View->CodeIgniter\View\{closure}()
 4 SYSTEMPATH/Common.php(1184): CodeIgniter\View\View->render()
 5 APPPATH/Controllers/DetailEvent.php(388): view()
 6 SYSTEMPATH/CodeIgniter.php(934): App\Controllers\DetailEvent->peserta()
 7 SYSTEMPATH/CodeIgniter.php(499): CodeIgniter\CodeIgniter->runController()
 8 SYSTEMPATH/CodeIgniter.php(368): CodeIgniter\CodeIgniter->handleRequest()
 9 FCPATH/index.php(67): CodeIgniter\CodeIgniter->run()
CRITICAL - 2024-01-16 06:11:59 --> Undefined variable $tgl
in APPPATH/Views/detaileventp.php on line 23.
 1 APPPATH/Views/detaileventp.php(23): CodeIgniter\Debug\Exceptions->errorHandler()
 2 SYSTEMPATH/View/View.php(213): include('/var/www/gohit/app/Views/detaileventp.php')
 3 SYSTEMPATH/View/View.php(216): CodeIgniter\View\View->CodeIgniter\View\{closure}()
 4 SYSTEMPATH/Common.php(1184): CodeIgniter\View\View->render()
 5 APPPATH/Controllers/DetailEvent.php(388): view()
 6 SYSTEMPATH/CodeIgniter.php(934): App\Controllers\DetailEvent->peserta()
 7 SYSTEMPATH/CodeIgniter.php(499): CodeIgniter\CodeIgniter->runController()
 8 SYSTEMPATH/CodeIgniter.php(368): CodeIgniter\CodeIgniter->handleRequest()
 9 FCPATH/index.php(67): CodeIgniter\CodeIgniter->run()
CRITICAL - 2024-01-16 06:38:05 --> Undefined variable $tgl
in APPPATH/Views/detaileventp.php on line 23.
 1 APPPATH/Views/detaileventp.php(23): CodeIgniter\Debug\Exceptions->errorHandler()
 2 SYSTEMPATH/View/View.php(213): include('/var/www/gohit/app/Views/detaileventp.php')
 3 SYSTEMPATH/View/View.php(216): CodeIgniter\View\View->CodeIgniter\View\{closure}()
 4 SYSTEMPATH/Common.php(1184): CodeIgniter\View\View->render()
 5 APPPATH/Controllers/DetailEvent.php(388): view()
 6 SYSTEMPATH/CodeIgniter.php(934): App\Controllers\DetailEvent->peserta()
 7 SYSTEMPATH/CodeIgniter.php(499): CodeIgniter\CodeIgniter->runController()
 8 SYSTEMPATH/CodeIgniter.php(368): CodeIgniter\CodeIgniter->handleRequest()
 9 FCPATH/index.php(67): CodeIgniter\CodeIgniter->run()
CRITICAL - 2024-01-16 06:38:05 --> Undefined variable $tgl
in APPPATH/Views/detaileventp.php on line 23.
 1 APPPATH/Views/detaileventp.php(23): CodeIgniter\Debug\Exceptions->errorHandler()
 2 SYSTEMPATH/View/View.php(213): include('/var/www/gohit/app/Views/detaileventp.php')
 3 SYSTEMPATH/View/View.php(216): CodeIgniter\View\View->CodeIgniter\View\{closure}()
 4 SYSTEMPATH/Common.php(1184): CodeIgniter\View\View->render()
 5 APPPATH/Controllers/DetailEvent.php(388): view()
 6 SYSTEMPATH/CodeIgniter.php(934): App\Controllers\DetailEvent->peserta()
 7 SYSTEMPATH/CodeIgniter.php(499): CodeIgniter\CodeIgniter->runController()
 8 SYSTEMPATH/CodeIgniter.php(368): CodeIgniter\CodeIgniter->handleRequest()
 9 FCPATH/index.php(67): CodeIgniter\CodeIgniter->run()
CRITICAL - 2024-01-16 06:38:05 --> Undefined variable $tgl
in APPPATH/Views/detaileventp.php on line 23.
 1 APPPATH/Views/detaileventp.php(23): CodeIgniter\Debug\Exceptions->errorHandler()
 2 SYSTEMPATH/View/View.php(213): include('/var/www/gohit/app/Views/detaileventp.php')
 3 SYSTEMPATH/View/View.php(216): CodeIgniter\View\View->CodeIgniter\View\{closure}()
 4 SYSTEMPATH/Common.php(1184): CodeIgniter\View\View->render()
 5 APPPATH/Controllers/DetailEvent.php(388): view()
 6 SYSTEMPATH/CodeIgniter.php(934): App\Controllers\DetailEvent->peserta()
 7 SYSTEMPATH/CodeIgniter.php(499): CodeIgniter\CodeIgniter->runController()
 8 SYSTEMPATH/CodeIgniter.php(368): CodeIgniter\CodeIgniter->handleRequest()
 9 FCPATH/index.php(67): CodeIgniter\CodeIgniter->run()
CRITICAL - 2024-01-16 06:39:47 --> Undefined variable $tgl
in APPPATH/Views/detaileventp.php on line 23.
 1 APPPATH/Views/detaileventp.php(23): CodeIgniter\Debug\Exceptions->errorHandler()
 2 SYSTEMPATH/View/View.php(213): include('/var/www/gohit/app/Views/detaileventp.php')
 3 SYSTEMPATH/View/View.php(216): CodeIgniter\View\View->CodeIgniter\View\{closure}()
 4 SYSTEMPATH/Common.php(1184): CodeIgniter\View\View->render()
 5 APPPATH/Controllers/DetailEvent.php(388): view()
 6 SYSTEMPATH/CodeIgniter.php(934): App\Controllers\DetailEvent->peserta()
 7 SYSTEMPATH/CodeIgniter.php(499): CodeIgniter\CodeIgniter->runController()
 8 SYSTEMPATH/CodeIgniter.php(368): CodeIgniter\CodeIgniter->handleRequest()
 9 FCPATH/index.php(67): CodeIgniter\CodeIgniter->run()
CRITICAL - 2024-01-16 06:39:47 --> Undefined variable $tgl
in APPPATH/Views/detaileventp.php on line 23.
 1 APPPATH/Views/detaileventp.php(23): CodeIgniter\Debug\Exceptions->errorHandler()
 2 SYSTEMPATH/View/View.php(213): include('/var/www/gohit/app/Views/detaileventp.php')
 3 SYSTEMPATH/View/View.php(216): CodeIgniter\View\View->CodeIgniter\View\{closure}()
 4 SYSTEMPATH/Common.php(1184): CodeIgniter\View\View->render()
 5 APPPATH/Controllers/DetailEvent.php(388): view()
 6 SYSTEMPATH/CodeIgniter.php(934): App\Controllers\DetailEvent->peserta()
 7 SYSTEMPATH/CodeIgniter.php(499): CodeIgniter\CodeIgniter->runController()
 8 SYSTEMPATH/CodeIgniter.php(368): CodeIgniter\CodeIgniter->handleRequest()
 9 FCPATH/index.php(67): CodeIgniter\CodeIgniter->run()
CRITICAL - 2024-01-16 06:39:47 --> Undefined variable $tgl
in APPPATH/Views/detaileventp.php on line 23.
 1 APPPATH/Views/detaileventp.php(23): CodeIgniter\Debug\Exceptions->errorHandler()
 2 SYSTEMPATH/View/View.php(213): include('/var/www/gohit/app/Views/detaileventp.php')
 3 SYSTEMPATH/View/View.php(216): CodeIgniter\View\View->CodeIgniter\View\{closure}()
 4 SYSTEMPATH/Common.php(1184): CodeIgniter\View\View->render()
 5 APPPATH/Controllers/DetailEvent.php(388): view()
 6 SYSTEMPATH/CodeIgniter.php(934): App\Controllers\DetailEvent->peserta()
 7 SYSTEMPATH/CodeIgniter.php(499): CodeIgniter\CodeIgniter->runController()
 8 SYSTEMPATH/CodeIgniter.php(368): CodeIgniter\CodeIgniter->handleRequest()
 9 FCPATH/index.php(67): CodeIgniter\CodeIgniter->run()
CRITICAL - 2024-01-16 06:40:01 --> Undefined variable $tgl
in APPPATH/Views/detaileventp.php on line 23.
 1 APPPATH/Views/detaileventp.php(23): CodeIgniter\Debug\Exceptions->errorHandler()
 2 SYSTEMPATH/View/View.php(213): include('/var/www/gohit/app/Views/detaileventp.php')
 3 SYSTEMPATH/View/View.php(216): CodeIgniter\View\View->CodeIgniter\View\{closure}()
 4 SYSTEMPATH/Common.php(1184): CodeIgniter\View\View->render()
 5 APPPATH/Controllers/DetailEvent.php(388): view()
 6 SYSTEMPATH/CodeIgniter.php(934): App\Controllers\DetailEvent->peserta()
 7 SYSTEMPATH/CodeIgniter.php(499): CodeIgniter\CodeIgniter->runController()
 8 SYSTEMPATH/CodeIgniter.php(368): CodeIgniter\CodeIgniter->handleRequest()
 9 FCPATH/index.php(67): CodeIgniter\CodeIgniter->run()
CRITICAL - 2024-01-16 06:40:01 --> Undefined variable $tgl
in APPPATH/Views/detaileventp.php on line 23.
 1 APPPATH/Views/detaileventp.php(23): CodeIgniter\Debug\Exceptions->errorHandler()
 2 SYSTEMPATH/View/View.php(213): include('/var/www/gohit/app/Views/detaileventp.php')
 3 SYSTEMPATH/View/View.php(216): CodeIgniter\View\View->CodeIgniter\View\{closure}()
 4 SYSTEMPATH/Common.php(1184): CodeIgniter\View\View->render()
 5 APPPATH/Controllers/DetailEvent.php(388): view()
 6 SYSTEMPATH/CodeIgniter.php(934): App\Controllers\DetailEvent->peserta()
 7 SYSTEMPATH/CodeIgniter.php(499): CodeIgniter\CodeIgniter->runController()
 8 SYSTEMPATH/CodeIgniter.php(368): CodeIgniter\CodeIgniter->handleRequest()
 9 FCPATH/index.php(67): CodeIgniter\CodeIgniter->run()
CRITICAL - 2024-01-16 06:40:01 --> Undefined variable $tgl
in APPPATH/Views/detaileventp.php on line 23.
 1 APPPATH/Views/detaileventp.php(23): CodeIgniter\Debug\Exceptions->errorHandler()
 2 SYSTEMPATH/View/View.php(213): include('/var/www/gohit/app/Views/detaileventp.php')
 3 SYSTEMPATH/View/View.php(216): CodeIgniter\View\View->CodeIgniter\View\{closure}()
 4 SYSTEMPATH/Common.php(1184): CodeIgniter\View\View->render()
 5 APPPATH/Controllers/DetailEvent.php(388): view()
 6 SYSTEMPATH/CodeIgniter.php(934): App\Controllers\DetailEvent->peserta()
 7 SYSTEMPATH/CodeIgniter.php(499): CodeIgniter\CodeIgniter->runController()
 8 SYSTEMPATH/CodeIgniter.php(368): CodeIgniter\CodeIgniter->handleRequest()
 9 FCPATH/index.php(67): CodeIgniter\CodeIgniter->run()
CRITICAL - 2024-01-16 08:43:25 --> Undefined variable $tgl
in APPPATH/Views/detailTour.php on line 23.
 1 APPPATH/Views/detailTour.php(23): CodeIgniter\Debug\Exceptions->errorHandler()
 2 SYSTEMPATH/View/View.php(213): include('/var/www/gohit/app/Views/detailTour.php')
 3 SYSTEMPATH/View/View.php(216): CodeIgniter\View\View->CodeIgniter\View\{closure}()
 4 SYSTEMPATH/Common.php(1184): CodeIgniter\View\View->render()
 5 APPPATH/Controllers/DetailEvent.php(151): view()
 6 SYSTEMPATH/CodeIgniter.php(934): App\Controllers\DetailEvent->index()
 7 SYSTEMPATH/CodeIgniter.php(499): CodeIgniter\CodeIgniter->runController()
 8 SYSTEMPATH/CodeIgniter.php(368): CodeIgniter\CodeIgniter->handleRequest()
 9 FCPATH/index.php(67): CodeIgniter\CodeIgniter->run()
CRITICAL - 2024-01-16 08:43:25 --> Undefined variable $tgl
in APPPATH/Views/detailTour.php on line 23.
 1 APPPATH/Views/detailTour.php(23): CodeIgniter\Debug\Exceptions->errorHandler()
 2 SYSTEMPATH/View/View.php(213): include('/var/www/gohit/app/Views/detailTour.php')
 3 SYSTEMPATH/View/View.php(216): CodeIgniter\View\View->CodeIgniter\View\{closure}()
 4 SYSTEMPATH/Common.php(1184): CodeIgniter\View\View->render()
 5 APPPATH/Controllers/DetailEvent.php(151): view()
 6 SYSTEMPATH/CodeIgniter.php(934): App\Controllers\DetailEvent->index()
 7 SYSTEMPATH/CodeIgniter.php(499): CodeIgniter\CodeIgniter->runController()
 8 SYSTEMPATH/CodeIgniter.php(368): CodeIgniter\CodeIgniter->handleRequest()
 9 FCPATH/index.php(67): CodeIgniter\CodeIgniter->run()
CRITICAL - 2024-01-16 08:43:25 --> Undefined variable $tgl
in APPPATH/Views/detailTour.php on line 23.
 1 APPPATH/Views/detailTour.php(23): CodeIgniter\Debug\Exceptions->errorHandler()
 2 SYSTEMPATH/View/View.php(213): include('/var/www/gohit/app/Views/detailTour.php')
 3 SYSTEMPATH/View/View.php(216): CodeIgniter\View\View->CodeIgniter\View\{closure}()
 4 SYSTEMPATH/Common.php(1184): CodeIgniter\View\View->render()
 5 APPPATH/Controllers/DetailEvent.php(151): view()
 6 SYSTEMPATH/CodeIgniter.php(934): App\Controllers\DetailEvent->index()
 7 SYSTEMPATH/CodeIgniter.php(499): CodeIgniter\CodeIgniter->runController()
 8 SYSTEMPATH/CodeIgniter.php(368): CodeIgniter\CodeIgniter->handleRequest()
 9 FCPATH/index.php(67): CodeIgniter\CodeIgniter->run()
