INFO - 2023-12-06 02:03:13 --> Session: Class initialized using 'CodeIgniter\Session\Handlers\FileHandler' driver.
ERROR - 2023-12-06 02:03:17 --> Error connecting to the database: mysqli_sql_exception: No connection could be made because the target machine actively refused it in C:\Users\nbasu\Pictures\GohitMVP\system\Database\MySQLi\Connection.php:174
Stack trace:
#0 C:\Users\nbasu\Pictures\GohitMVP\system\Database\MySQLi\Connection.php(174): mysqli->real_connect('localhost', 'root', '', 'gohit', 3306, '', 0)
#1 C:\Users\nbasu\Pictures\GohitMVP\system\Database\BaseConnection.php(391): CodeIgniter\Database\MySQLi\Connection->connect(false)
#2 C:\Users\nbasu\Pictures\GohitMVP\system\Database\BaseConnection.php(573): CodeIgniter\Database\BaseConnection->initialize()
#3 C:\Users\nbasu\Pictures\GohitMVP\system\Database\BaseBuilder.php(1616): CodeIgniter\Database\BaseConnection->query('SELECT *\nFROM `...', Array, false)
#4 C:\Users\nbasu\Pictures\GohitMVP\system\Model.php(241): CodeIgniter\Database\BaseBuilder->get()
#5 C:\Users\nbasu\Pictures\GohitMVP\system\BaseModel.php(618): CodeIgniter\Model->doFindAll(3, 0)
#6 C:\Users\nbasu\Pictures\GohitMVP\app\Controllers\Home.php(44): CodeIgniter\BaseModel->findAll(3)
#7 C:\Users\nbasu\Pictures\GohitMVP\system\CodeIgniter.php(934): App\Controllers\Home->home()
#8 C:\Users\nbasu\Pictures\GohitMVP\system\CodeIgniter.php(499): CodeIgniter\CodeIgniter->runController(Object(App\Controllers\Home))
#9 C:\Users\nbasu\Pictures\GohitMVP\system\CodeIgniter.php(368): CodeIgniter\CodeIgniter->handleRequest(NULL, Object(Config\Cache), false)
#10 C:\Users\nbasu\Pictures\GohitMVP\public\index.php(67): CodeIgniter\CodeIgniter->run()
#11 C:\Users\nbasu\Pictures\GohitMVP\system\Commands\Server\rewrite.php(47): require_once('C:\\Users\\nbasu\\...')
#12 {main}

Next CodeIgniter\Database\Exceptions\DatabaseException: No connection could be made because the target machine actively refused it in C:\Users\nbasu\Pictures\GohitMVP\system\Database\MySQLi\Connection.php:218
Stack trace:
#0 C:\Users\nbasu\Pictures\GohitMVP\system\Database\BaseConnection.php(391): CodeIgniter\Database\MySQLi\Connection->connect(false)
#1 C:\Users\nbasu\Pictures\GohitMVP\system\Database\BaseConnection.php(573): CodeIgniter\Database\BaseConnection->initialize()
#2 C:\Users\nbasu\Pictures\GohitMVP\system\Database\BaseBuilder.php(1616): CodeIgniter\Database\BaseConnection->query('SELECT *\nFROM `...', Array, false)
#3 C:\Users\nbasu\Pictures\GohitMVP\system\Model.php(241): CodeIgniter\Database\BaseBuilder->get()
#4 C:\Users\nbasu\Pictures\GohitMVP\system\BaseModel.php(618): CodeIgniter\Model->doFindAll(3, 0)
#5 C:\Users\nbasu\Pictures\GohitMVP\app\Controllers\Home.php(44): CodeIgniter\BaseModel->findAll(3)
#6 C:\Users\nbasu\Pictures\GohitMVP\system\CodeIgniter.php(934): App\Controllers\Home->home()
#7 C:\Users\nbasu\Pictures\GohitMVP\system\CodeIgniter.php(499): CodeIgniter\CodeIgniter->runController(Object(App\Controllers\Home))
#8 C:\Users\nbasu\Pictures\GohitMVP\system\CodeIgniter.php(368): CodeIgniter\CodeIgniter->handleRequest(NULL, Object(Config\Cache), false)
#9 C:\Users\nbasu\Pictures\GohitMVP\public\index.php(67): CodeIgniter\CodeIgniter->run()
#10 C:\Users\nbasu\Pictures\GohitMVP\system\Commands\Server\rewrite.php(47): require_once('C:\\Users\\nbasu\\...')
#11 {main}
CRITICAL - 2023-12-06 02:03:17 --> Unable to connect to the database.
Main connection [MySQLi]: No connection could be made because the target machine actively refused it
in SYSTEMPATH\Database\BaseConnection.php on line 427.
 1 SYSTEMPATH\Database\BaseConnection.php(573): CodeIgniter\Database\BaseConnection->initialize()
 2 SYSTEMPATH\Database\BaseBuilder.php(1616): CodeIgniter\Database\BaseConnection->query('SELECT *
FROM `event`
 LIMIT 3', [], false)
 3 SYSTEMPATH\Model.php(241): CodeIgniter\Database\BaseBuilder->get()
 4 SYSTEMPATH\BaseModel.php(618): CodeIgniter\Model->doFindAll(3, 0)
 5 APPPATH\Controllers\Home.php(44): CodeIgniter\BaseModel->findAll(3)
 6 SYSTEMPATH\CodeIgniter.php(934): App\Controllers\Home->home()
 7 SYSTEMPATH\CodeIgniter.php(499): CodeIgniter\CodeIgniter->runController(Object(App\Controllers\Home))
 8 SYSTEMPATH\CodeIgniter.php(368): CodeIgniter\CodeIgniter->handleRequest(null, Object(Config\Cache), false)
 9 FCPATH\index.php(67): CodeIgniter\CodeIgniter->run()
10 SYSTEMPATH\Commands\Server\rewrite.php(47): require_once('C:\\Users\\nbasu\\Pictures\\GohitMVP\\public\\index.php')
INFO - 2023-12-06 02:03:45 --> Session: Class initialized using 'CodeIgniter\Session\Handlers\FileHandler' driver.
CRITICAL - 2023-12-06 02:03:45 --> Midtrans API is returning API error. HTTP status code: 401 API response: {"error_messages":["Access denied due to unauthorized transaction, please check client or server key","Visit https://snap-docs.midtrans.com/#request-headers for more details"]}
in VENDORPATH\midtrans\midtrans-php\Midtrans\ApiRequestor.php on line 167.
 1 VENDORPATH\midtrans\midtrans-php\Midtrans\ApiRequestor.php(39): Midtrans\ApiRequestor::remoteCall('https://app.sandbox.midtrans.com/snap/v1/transactions', 'Mid-server-CSs0lXz4dk-c9gAqTGUBpRmu', [...], 'POST')
 2 VENDORPATH\midtrans\midtrans-php\Midtrans\Snap.php(109): Midtrans\ApiRequestor::post('https://app.sandbox.midtrans.com/snap/v1/transactions', 'Mid-server-CSs0lXz4dk-c9gAqTGUBpRmu', [...])
 3 VENDORPATH\midtrans\midtrans-php\Midtrans\Snap.php(36): Midtrans\Snap::createTransaction([...])
 4 APPPATH\Controllers\Home.php(48): Midtrans\Snap::getSnapToken([...])
 5 SYSTEMPATH\CodeIgniter.php(934): App\Controllers\Home->home()
 6 SYSTEMPATH\CodeIgniter.php(499): CodeIgniter\CodeIgniter->runController(Object(App\Controllers\Home))
 7 SYSTEMPATH\CodeIgniter.php(368): CodeIgniter\CodeIgniter->handleRequest(null, Object(Config\Cache), false)
 8 FCPATH\index.php(67): CodeIgniter\CodeIgniter->run()
 9 SYSTEMPATH\Commands\Server\rewrite.php(47): require_once('C:\\Users\\nbasu\\Pictures\\GohitMVP\\public\\index.php')
INFO - 2023-12-06 02:05:35 --> Session: Class initialized using 'CodeIgniter\Session\Handlers\FileHandler' driver.
CRITICAL - 2023-12-06 02:05:36 --> Midtrans API is returning API error. HTTP status code: 401 API response: {"error_messages":["Access denied due to unauthorized transaction, please check client or server key","Visit https://snap-docs.midtrans.com/#request-headers for more details"]}
in VENDORPATH\midtrans\midtrans-php\Midtrans\ApiRequestor.php on line 167.
 1 VENDORPATH\midtrans\midtrans-php\Midtrans\ApiRequestor.php(39): Midtrans\ApiRequestor::remoteCall('https://app.sandbox.midtrans.com/snap/v1/transactions', 'Mid-server-CSs0lXz4dk-c9gAqTGUBpRmu', [...], 'POST')
 2 VENDORPATH\midtrans\midtrans-php\Midtrans\Snap.php(109): Midtrans\ApiRequestor::post('https://app.sandbox.midtrans.com/snap/v1/transactions', 'Mid-server-CSs0lXz4dk-c9gAqTGUBpRmu', [...])
 3 VENDORPATH\midtrans\midtrans-php\Midtrans\Snap.php(36): Midtrans\Snap::createTransaction([...])
 4 APPPATH\Controllers\Home.php(48): Midtrans\Snap::getSnapToken([...])
 5 SYSTEMPATH\CodeIgniter.php(934): App\Controllers\Home->home()
 6 SYSTEMPATH\CodeIgniter.php(499): CodeIgniter\CodeIgniter->runController(Object(App\Controllers\Home))
 7 SYSTEMPATH\CodeIgniter.php(368): CodeIgniter\CodeIgniter->handleRequest(null, Object(Config\Cache), false)
 8 FCPATH\index.php(67): CodeIgniter\CodeIgniter->run()
 9 SYSTEMPATH\Commands\Server\rewrite.php(47): require_once('C:\\Users\\nbasu\\Pictures\\GohitMVP\\public\\index.php')
INFO - 2023-12-06 02:05:39 --> Session: Class initialized using 'CodeIgniter\Session\Handlers\FileHandler' driver.
CRITICAL - 2023-12-06 02:05:40 --> Midtrans API is returning API error. HTTP status code: 401 API response: {"error_messages":["Access denied due to unauthorized transaction, please check client or server key","Visit https://snap-docs.midtrans.com/#request-headers for more details"]}
in VENDORPATH\midtrans\midtrans-php\Midtrans\ApiRequestor.php on line 167.
 1 VENDORPATH\midtrans\midtrans-php\Midtrans\ApiRequestor.php(39): Midtrans\ApiRequestor::remoteCall('https://app.sandbox.midtrans.com/snap/v1/transactions', 'Mid-server-CSs0lXz4dk-c9gAqTGUBpRmu', [...], 'POST')
 2 VENDORPATH\midtrans\midtrans-php\Midtrans\Snap.php(109): Midtrans\ApiRequestor::post('https://app.sandbox.midtrans.com/snap/v1/transactions', 'Mid-server-CSs0lXz4dk-c9gAqTGUBpRmu', [...])
 3 VENDORPATH\midtrans\midtrans-php\Midtrans\Snap.php(36): Midtrans\Snap::createTransaction([...])
 4 APPPATH\Controllers\Home.php(48): Midtrans\Snap::getSnapToken([...])
 5 SYSTEMPATH\CodeIgniter.php(934): App\Controllers\Home->home()
 6 SYSTEMPATH\CodeIgniter.php(499): CodeIgniter\CodeIgniter->runController(Object(App\Controllers\Home))
 7 SYSTEMPATH\CodeIgniter.php(368): CodeIgniter\CodeIgniter->handleRequest(null, Object(Config\Cache), false)
 8 FCPATH\index.php(67): CodeIgniter\CodeIgniter->run()
 9 SYSTEMPATH\Commands\Server\rewrite.php(47): require_once('C:\\Users\\nbasu\\Pictures\\GohitMVP\\public\\index.php')
INFO - 2023-12-06 02:05:40 --> Session: Class initialized using 'CodeIgniter\Session\Handlers\FileHandler' driver.
CRITICAL - 2023-12-06 02:05:40 --> Midtrans API is returning API error. HTTP status code: 401 API response: {"error_messages":["Access denied due to unauthorized transaction, please check client or server key","Visit https://snap-docs.midtrans.com/#request-headers for more details"]}
in VENDORPATH\midtrans\midtrans-php\Midtrans\ApiRequestor.php on line 167.
 1 VENDORPATH\midtrans\midtrans-php\Midtrans\ApiRequestor.php(39): Midtrans\ApiRequestor::remoteCall('https://app.sandbox.midtrans.com/snap/v1/transactions', 'Mid-server-CSs0lXz4dk-c9gAqTGUBpRmu', [...], 'POST')
 2 VENDORPATH\midtrans\midtrans-php\Midtrans\Snap.php(109): Midtrans\ApiRequestor::post('https://app.sandbox.midtrans.com/snap/v1/transactions', 'Mid-server-CSs0lXz4dk-c9gAqTGUBpRmu', [...])
 3 VENDORPATH\midtrans\midtrans-php\Midtrans\Snap.php(36): Midtrans\Snap::createTransaction([...])
 4 APPPATH\Controllers\Home.php(48): Midtrans\Snap::getSnapToken([...])
 5 SYSTEMPATH\CodeIgniter.php(934): App\Controllers\Home->home()
 6 SYSTEMPATH\CodeIgniter.php(499): CodeIgniter\CodeIgniter->runController(Object(App\Controllers\Home))
 7 SYSTEMPATH\CodeIgniter.php(368): CodeIgniter\CodeIgniter->handleRequest(null, Object(Config\Cache), false)
 8 FCPATH\index.php(67): CodeIgniter\CodeIgniter->run()
 9 SYSTEMPATH\Commands\Server\rewrite.php(47): require_once('C:\\Users\\nbasu\\Pictures\\GohitMVP\\public\\index.php')
INFO - 2023-12-06 02:07:06 --> Session: Class initialized using 'CodeIgniter\Session\Handlers\FileHandler' driver.
