CRITICAL - 2023-09-13 09:44:19 --> The framework needs the following extension(s) installed and loaded: intl.
in SYSTEMPATH\CodeIgniter.php on line 226.
 1 SYSTEMPATH\CodeIgniter.php(226): CodeIgniter\Exceptions\FrameworkException::forMissingExtension('intl')
 2 SYSTEMPATH\CodeIgniter.php(190): CodeIgniter\CodeIgniter->resolvePlatformExtensions()
 3 ROOTPATH\spark(83): CodeIgniter\CodeIgniter->initialize()
CRITICAL - 2023-09-13 09:44:53 --> The framework needs the following extension(s) installed and loaded: intl.
in SYSTEMPATH\CodeIgniter.php on line 226.
 1 SYSTEMPATH\CodeIgniter.php(226): CodeIgniter\Exceptions\FrameworkException::forMissingExtension('intl')
 2 SYSTEMPATH\CodeIgniter.php(190): CodeIgniter\CodeIgniter->resolvePlatformExtensions()
 3 ROOTPATH\spark(83): CodeIgniter\CodeIgniter->initialize()
INFO - 2023-09-13 07:58:22 --> Session: Class initialized using 'CodeIgniter\Session\Handlers\FileHandler' driver.
ERROR - 2023-09-13 07:58:22 --> Error connecting to the database: mysqli_sql_exception: Unknown database 'gohit' in C:\Users\nbasu\Pictures\GohitMVP\system\Database\MySQLi\Connection.php:174
Stack trace:
#0 C:\Users\nbasu\Pictures\GohitMVP\system\Database\MySQLi\Connection.php(174): mysqli->real_connect('localhost', 'root', '', 'gohit', 3306, '', 0)
#1 C:\Users\nbasu\Pictures\GohitMVP\system\Database\BaseConnection.php(391): CodeIgniter\Database\MySQLi\Connection->connect(false)
#2 C:\Users\nbasu\Pictures\GohitMVP\system\Database\BaseConnection.php(573): CodeIgniter\Database\BaseConnection->initialize()
#3 C:\Users\nbasu\Pictures\GohitMVP\system\Database\BaseBuilder.php(1616): CodeIgniter\Database\BaseConnection->query('SELECT *\nFROM `...', Array, false)
#4 C:\Users\nbasu\Pictures\GohitMVP\system\Model.php(241): CodeIgniter\Database\BaseBuilder->get()
#5 C:\Users\nbasu\Pictures\GohitMVP\system\BaseModel.php(618): CodeIgniter\Model->doFindAll(3, 0)
#6 C:\Users\nbasu\Pictures\GohitMVP\app\Controllers\Login.php(18): CodeIgniter\BaseModel->findAll(3)
#7 C:\Users\nbasu\Pictures\GohitMVP\system\CodeIgniter.php(934): App\Controllers\Login->index()
#8 C:\Users\nbasu\Pictures\GohitMVP\system\CodeIgniter.php(499): CodeIgniter\CodeIgniter->runController(Object(App\Controllers\Login))
#9 C:\Users\nbasu\Pictures\GohitMVP\system\CodeIgniter.php(368): CodeIgniter\CodeIgniter->handleRequest(NULL, Object(Config\Cache), false)
#10 C:\Users\nbasu\Pictures\GohitMVP\public\index.php(67): CodeIgniter\CodeIgniter->run()
#11 C:\Users\nbasu\Pictures\GohitMVP\system\Commands\Server\rewrite.php(47): require_once('C:\\Users\\nbasu\\...')
#12 {main}

Next CodeIgniter\Database\Exceptions\DatabaseException: Unknown database 'gohit' in C:\Users\nbasu\Pictures\GohitMVP\system\Database\MySQLi\Connection.php:218
Stack trace:
#0 C:\Users\nbasu\Pictures\GohitMVP\system\Database\BaseConnection.php(391): CodeIgniter\Database\MySQLi\Connection->connect(false)
#1 C:\Users\nbasu\Pictures\GohitMVP\system\Database\BaseConnection.php(573): CodeIgniter\Database\BaseConnection->initialize()
#2 C:\Users\nbasu\Pictures\GohitMVP\system\Database\BaseBuilder.php(1616): CodeIgniter\Database\BaseConnection->query('SELECT *\nFROM `...', Array, false)
#3 C:\Users\nbasu\Pictures\GohitMVP\system\Model.php(241): CodeIgniter\Database\BaseBuilder->get()
#4 C:\Users\nbasu\Pictures\GohitMVP\system\BaseModel.php(618): CodeIgniter\Model->doFindAll(3, 0)
#5 C:\Users\nbasu\Pictures\GohitMVP\app\Controllers\Login.php(18): CodeIgniter\BaseModel->findAll(3)
#6 C:\Users\nbasu\Pictures\GohitMVP\system\CodeIgniter.php(934): App\Controllers\Login->index()
#7 C:\Users\nbasu\Pictures\GohitMVP\system\CodeIgniter.php(499): CodeIgniter\CodeIgniter->runController(Object(App\Controllers\Login))
#8 C:\Users\nbasu\Pictures\GohitMVP\system\CodeIgniter.php(368): CodeIgniter\CodeIgniter->handleRequest(NULL, Object(Config\Cache), false)
#9 C:\Users\nbasu\Pictures\GohitMVP\public\index.php(67): CodeIgniter\CodeIgniter->run()
#10 C:\Users\nbasu\Pictures\GohitMVP\system\Commands\Server\rewrite.php(47): require_once('C:\\Users\\nbasu\\...')
#11 {main}
CRITICAL - 2023-09-13 07:58:22 --> Unable to connect to the database.
Main connection [MySQLi]: Unknown database 'gohit'
in SYSTEMPATH\Database\BaseConnection.php on line 427.
 1 SYSTEMPATH\Database\BaseConnection.php(573): CodeIgniter\Database\BaseConnection->initialize()
 2 SYSTEMPATH\Database\BaseBuilder.php(1616): CodeIgniter\Database\BaseConnection->query('SELECT *
FROM `event`
 LIMIT 3', [], false)
 3 SYSTEMPATH\Model.php(241): CodeIgniter\Database\BaseBuilder->get()
 4 SYSTEMPATH\BaseModel.php(618): CodeIgniter\Model->doFindAll(3, 0)
 5 APPPATH\Controllers\Login.php(18): CodeIgniter\BaseModel->findAll(3)
 6 SYSTEMPATH\CodeIgniter.php(934): App\Controllers\Login->index()
 7 SYSTEMPATH\CodeIgniter.php(499): CodeIgniter\CodeIgniter->runController(Object(App\Controllers\Login))
 8 SYSTEMPATH\CodeIgniter.php(368): CodeIgniter\CodeIgniter->handleRequest(null, Object(Config\Cache), false)
 9 FCPATH\index.php(67): CodeIgniter\CodeIgniter->run()
10 SYSTEMPATH\Commands\Server\rewrite.php(47): require_once('C:\\Users\\nbasu\\Pictures\\GohitMVP\\public\\index.php')
INFO - 2023-09-13 07:58:25 --> Session: Class initialized using 'CodeIgniter\Session\Handlers\FileHandler' driver.
ERROR - 2023-09-13 07:58:25 --> Error connecting to the database: mysqli_sql_exception: Unknown database 'gohit' in C:\Users\nbasu\Pictures\GohitMVP\system\Database\MySQLi\Connection.php:174
Stack trace:
#0 C:\Users\nbasu\Pictures\GohitMVP\system\Database\MySQLi\Connection.php(174): mysqli->real_connect('localhost', 'root', '', 'gohit', 3306, '', 0)
#1 C:\Users\nbasu\Pictures\GohitMVP\system\Database\BaseConnection.php(391): CodeIgniter\Database\MySQLi\Connection->connect(false)
#2 C:\Users\nbasu\Pictures\GohitMVP\system\Database\BaseConnection.php(573): CodeIgniter\Database\BaseConnection->initialize()
#3 C:\Users\nbasu\Pictures\GohitMVP\system\Database\BaseBuilder.php(1616): CodeIgniter\Database\BaseConnection->query('SELECT *\nFROM `...', Array, false)
#4 C:\Users\nbasu\Pictures\GohitMVP\system\Model.php(241): CodeIgniter\Database\BaseBuilder->get()
#5 C:\Users\nbasu\Pictures\GohitMVP\system\BaseModel.php(618): CodeIgniter\Model->doFindAll(3, 0)
#6 C:\Users\nbasu\Pictures\GohitMVP\app\Controllers\Login.php(18): CodeIgniter\BaseModel->findAll(3)
#7 C:\Users\nbasu\Pictures\GohitMVP\system\CodeIgniter.php(934): App\Controllers\Login->index()
#8 C:\Users\nbasu\Pictures\GohitMVP\system\CodeIgniter.php(499): CodeIgniter\CodeIgniter->runController(Object(App\Controllers\Login))
#9 C:\Users\nbasu\Pictures\GohitMVP\system\CodeIgniter.php(368): CodeIgniter\CodeIgniter->handleRequest(NULL, Object(Config\Cache), false)
#10 C:\Users\nbasu\Pictures\GohitMVP\public\index.php(67): CodeIgniter\CodeIgniter->run()
#11 C:\Users\nbasu\Pictures\GohitMVP\system\Commands\Server\rewrite.php(47): require_once('C:\\Users\\nbasu\\...')
#12 {main}

Next CodeIgniter\Database\Exceptions\DatabaseException: Unknown database 'gohit' in C:\Users\nbasu\Pictures\GohitMVP\system\Database\MySQLi\Connection.php:218
Stack trace:
#0 C:\Users\nbasu\Pictures\GohitMVP\system\Database\BaseConnection.php(391): CodeIgniter\Database\MySQLi\Connection->connect(false)
#1 C:\Users\nbasu\Pictures\GohitMVP\system\Database\BaseConnection.php(573): CodeIgniter\Database\BaseConnection->initialize()
#2 C:\Users\nbasu\Pictures\GohitMVP\system\Database\BaseBuilder.php(1616): CodeIgniter\Database\BaseConnection->query('SELECT *\nFROM `...', Array, false)
#3 C:\Users\nbasu\Pictures\GohitMVP\system\Model.php(241): CodeIgniter\Database\BaseBuilder->get()
#4 C:\Users\nbasu\Pictures\GohitMVP\system\BaseModel.php(618): CodeIgniter\Model->doFindAll(3, 0)
#5 C:\Users\nbasu\Pictures\GohitMVP\app\Controllers\Login.php(18): CodeIgniter\BaseModel->findAll(3)
#6 C:\Users\nbasu\Pictures\GohitMVP\system\CodeIgniter.php(934): App\Controllers\Login->index()
#7 C:\Users\nbasu\Pictures\GohitMVP\system\CodeIgniter.php(499): CodeIgniter\CodeIgniter->runController(Object(App\Controllers\Login))
#8 C:\Users\nbasu\Pictures\GohitMVP\system\CodeIgniter.php(368): CodeIgniter\CodeIgniter->handleRequest(NULL, Object(Config\Cache), false)
#9 C:\Users\nbasu\Pictures\GohitMVP\public\index.php(67): CodeIgniter\CodeIgniter->run()
#10 C:\Users\nbasu\Pictures\GohitMVP\system\Commands\Server\rewrite.php(47): require_once('C:\\Users\\nbasu\\...')
#11 {main}
CRITICAL - 2023-09-13 07:58:25 --> Unable to connect to the database.
Main connection [MySQLi]: Unknown database 'gohit'
in SYSTEMPATH\Database\BaseConnection.php on line 427.
 1 SYSTEMPATH\Database\BaseConnection.php(573): CodeIgniter\Database\BaseConnection->initialize()
 2 SYSTEMPATH\Database\BaseBuilder.php(1616): CodeIgniter\Database\BaseConnection->query('SELECT *
FROM `event`
 LIMIT 3', [], false)
 3 SYSTEMPATH\Model.php(241): CodeIgniter\Database\BaseBuilder->get()
 4 SYSTEMPATH\BaseModel.php(618): CodeIgniter\Model->doFindAll(3, 0)
 5 APPPATH\Controllers\Login.php(18): CodeIgniter\BaseModel->findAll(3)
 6 SYSTEMPATH\CodeIgniter.php(934): App\Controllers\Login->index()
 7 SYSTEMPATH\CodeIgniter.php(499): CodeIgniter\CodeIgniter->runController(Object(App\Controllers\Login))
 8 SYSTEMPATH\CodeIgniter.php(368): CodeIgniter\CodeIgniter->handleRequest(null, Object(Config\Cache), false)
 9 FCPATH\index.php(67): CodeIgniter\CodeIgniter->run()
10 SYSTEMPATH\Commands\Server\rewrite.php(47): require_once('C:\\Users\\nbasu\\Pictures\\GohitMVP\\public\\index.php')
INFO - 2023-09-13 07:58:33 --> Session: Class initialized using 'CodeIgniter\Session\Handlers\FileHandler' driver.
ERROR - 2023-09-13 07:58:33 --> Error connecting to the database: mysqli_sql_exception: Unknown database 'gohit' in C:\Users\nbasu\Pictures\GohitMVP\system\Database\MySQLi\Connection.php:174
Stack trace:
#0 C:\Users\nbasu\Pictures\GohitMVP\system\Database\MySQLi\Connection.php(174): mysqli->real_connect('localhost', 'root', '', 'gohit', 3306, '', 0)
#1 C:\Users\nbasu\Pictures\GohitMVP\system\Database\BaseConnection.php(391): CodeIgniter\Database\MySQLi\Connection->connect(false)
#2 C:\Users\nbasu\Pictures\GohitMVP\system\Database\BaseConnection.php(573): CodeIgniter\Database\BaseConnection->initialize()
#3 C:\Users\nbasu\Pictures\GohitMVP\system\Database\BaseBuilder.php(1616): CodeIgniter\Database\BaseConnection->query('SELECT *\nFROM `...', Array, false)
#4 C:\Users\nbasu\Pictures\GohitMVP\system\Model.php(241): CodeIgniter\Database\BaseBuilder->get()
#5 C:\Users\nbasu\Pictures\GohitMVP\system\BaseModel.php(618): CodeIgniter\Model->doFindAll(3, 0)
#6 C:\Users\nbasu\Pictures\GohitMVP\app\Controllers\Login.php(18): CodeIgniter\BaseModel->findAll(3)
#7 C:\Users\nbasu\Pictures\GohitMVP\system\CodeIgniter.php(934): App\Controllers\Login->index()
#8 C:\Users\nbasu\Pictures\GohitMVP\system\CodeIgniter.php(499): CodeIgniter\CodeIgniter->runController(Object(App\Controllers\Login))
#9 C:\Users\nbasu\Pictures\GohitMVP\system\CodeIgniter.php(368): CodeIgniter\CodeIgniter->handleRequest(NULL, Object(Config\Cache), false)
#10 C:\Users\nbasu\Pictures\GohitMVP\public\index.php(67): CodeIgniter\CodeIgniter->run()
#11 C:\Users\nbasu\Pictures\GohitMVP\system\Commands\Server\rewrite.php(47): require_once('C:\\Users\\nbasu\\...')
#12 {main}

Next CodeIgniter\Database\Exceptions\DatabaseException: Unknown database 'gohit' in C:\Users\nbasu\Pictures\GohitMVP\system\Database\MySQLi\Connection.php:218
Stack trace:
#0 C:\Users\nbasu\Pictures\GohitMVP\system\Database\BaseConnection.php(391): CodeIgniter\Database\MySQLi\Connection->connect(false)
#1 C:\Users\nbasu\Pictures\GohitMVP\system\Database\BaseConnection.php(573): CodeIgniter\Database\BaseConnection->initialize()
#2 C:\Users\nbasu\Pictures\GohitMVP\system\Database\BaseBuilder.php(1616): CodeIgniter\Database\BaseConnection->query('SELECT *\nFROM `...', Array, false)
#3 C:\Users\nbasu\Pictures\GohitMVP\system\Model.php(241): CodeIgniter\Database\BaseBuilder->get()
#4 C:\Users\nbasu\Pictures\GohitMVP\system\BaseModel.php(618): CodeIgniter\Model->doFindAll(3, 0)
#5 C:\Users\nbasu\Pictures\GohitMVP\app\Controllers\Login.php(18): CodeIgniter\BaseModel->findAll(3)
#6 C:\Users\nbasu\Pictures\GohitMVP\system\CodeIgniter.php(934): App\Controllers\Login->index()
#7 C:\Users\nbasu\Pictures\GohitMVP\system\CodeIgniter.php(499): CodeIgniter\CodeIgniter->runController(Object(App\Controllers\Login))
#8 C:\Users\nbasu\Pictures\GohitMVP\system\CodeIgniter.php(368): CodeIgniter\CodeIgniter->handleRequest(NULL, Object(Config\Cache), false)
#9 C:\Users\nbasu\Pictures\GohitMVP\public\index.php(67): CodeIgniter\CodeIgniter->run()
#10 C:\Users\nbasu\Pictures\GohitMVP\system\Commands\Server\rewrite.php(47): require_once('C:\\Users\\nbasu\\...')
#11 {main}
CRITICAL - 2023-09-13 07:58:33 --> Unable to connect to the database.
Main connection [MySQLi]: Unknown database 'gohit'
in SYSTEMPATH\Database\BaseConnection.php on line 427.
 1 SYSTEMPATH\Database\BaseConnection.php(573): CodeIgniter\Database\BaseConnection->initialize()
 2 SYSTEMPATH\Database\BaseBuilder.php(1616): CodeIgniter\Database\BaseConnection->query('SELECT *
FROM `event`
 LIMIT 3', [], false)
 3 SYSTEMPATH\Model.php(241): CodeIgniter\Database\BaseBuilder->get()
 4 SYSTEMPATH\BaseModel.php(618): CodeIgniter\Model->doFindAll(3, 0)
 5 APPPATH\Controllers\Login.php(18): CodeIgniter\BaseModel->findAll(3)
 6 SYSTEMPATH\CodeIgniter.php(934): App\Controllers\Login->index()
 7 SYSTEMPATH\CodeIgniter.php(499): CodeIgniter\CodeIgniter->runController(Object(App\Controllers\Login))
 8 SYSTEMPATH\CodeIgniter.php(368): CodeIgniter\CodeIgniter->handleRequest(null, Object(Config\Cache), false)
 9 FCPATH\index.php(67): CodeIgniter\CodeIgniter->run()
10 SYSTEMPATH\Commands\Server\rewrite.php(47): require_once('C:\\Users\\nbasu\\Pictures\\GohitMVP\\public\\index.php')
INFO - 2023-09-13 08:01:04 --> Session: Class initialized using 'CodeIgniter\Session\Handlers\FileHandler' driver.
INFO - 2023-09-13 08:01:43 --> Session: Class initialized using 'CodeIgniter\Session\Handlers\FileHandler' driver.
INFO - 2023-09-13 08:01:43 --> Session: Class initialized using 'CodeIgniter\Session\Handlers\FileHandler' driver.
INFO - 2023-09-13 08:01:45 --> Session: Class initialized using 'CodeIgniter\Session\Handlers\FileHandler' driver.
INFO - 2023-09-13 08:04:17 --> Session: Class initialized using 'CodeIgniter\Session\Handlers\FileHandler' driver.
INFO - 2023-09-13 08:04:19 --> Session: Class initialized using 'CodeIgniter\Session\Handlers\FileHandler' driver.
INFO - 2023-09-13 08:04:22 --> Session: Class initialized using 'CodeIgniter\Session\Handlers\FileHandler' driver.
INFO - 2023-09-13 08:04:24 --> Session: Class initialized using 'CodeIgniter\Session\Handlers\FileHandler' driver.
INFO - 2023-09-13 08:04:27 --> Session: Class initialized using 'CodeIgniter\Session\Handlers\FileHandler' driver.
INFO - 2023-09-13 08:04:37 --> Session: Class initialized using 'CodeIgniter\Session\Handlers\FileHandler' driver.
INFO - 2023-09-13 08:04:38 --> Session: Class initialized using 'CodeIgniter\Session\Handlers\FileHandler' driver.
INFO - 2023-09-13 08:04:39 --> Session: Class initialized using 'CodeIgniter\Session\Handlers\FileHandler' driver.
INFO - 2023-09-13 08:04:40 --> Session: Class initialized using 'CodeIgniter\Session\Handlers\FileHandler' driver.
INFO - 2023-09-13 08:04:42 --> Session: Class initialized using 'CodeIgniter\Session\Handlers\FileHandler' driver.
INFO - 2023-09-13 08:04:42 --> Session: Class initialized using 'CodeIgniter\Session\Handlers\FileHandler' driver.
INFO - 2023-09-13 08:04:48 --> Session: Class initialized using 'CodeIgniter\Session\Handlers\FileHandler' driver.
INFO - 2023-09-13 08:04:50 --> Session: Class initialized using 'CodeIgniter\Session\Handlers\FileHandler' driver.
INFO - 2023-09-13 08:04:53 --> Session: Class initialized using 'CodeIgniter\Session\Handlers\FileHandler' driver.
INFO - 2023-09-13 08:05:13 --> Session: Class initialized using 'CodeIgniter\Session\Handlers\FileHandler' driver.
INFO - 2023-09-13 08:05:13 --> Session: Class initialized using 'CodeIgniter\Session\Handlers\FileHandler' driver.
INFO - 2023-09-13 08:05:16 --> Session: Class initialized using 'CodeIgniter\Session\Handlers\FileHandler' driver.
INFO - 2023-09-13 08:05:16 --> Session: Class initialized using 'CodeIgniter\Session\Handlers\FileHandler' driver.
CRITICAL - 2023-09-13 08:05:16 --> Undefined variable $tgl
in APPPATH\Views\detailTour.php on line 23.
 1 APPPATH\Views\detailTour.php(23): CodeIgniter\Debug\Exceptions->errorHandler(2, 'Undefined variable $tgl', 'C:\\Users\\nbasu\\Pictures\\GohitMVP\\app\\Views\\detailTour.php', 23)
 2 SYSTEMPATH\View\View.php(213): include('C:\\Users\\nbasu\\Pictures\\GohitMVP\\app\\Views\\detailTour.php')
 3 SYSTEMPATH\View\View.php(216): CodeIgniter\View\View->CodeIgniter\View\{closure}()
 4 SYSTEMPATH\Common.php(1184): CodeIgniter\View\View->render('detailTour', [], true)
 5 APPPATH\Controllers\DetailEvent.php(76): view('detailTour', [...])
 6 SYSTEMPATH\CodeIgniter.php(934): App\Controllers\DetailEvent->index('css', 'main.css')
 7 SYSTEMPATH\CodeIgniter.php(499): CodeIgniter\CodeIgniter->runController(Object(App\Controllers\DetailEvent))
 8 SYSTEMPATH\CodeIgniter.php(368): CodeIgniter\CodeIgniter->handleRequest(null, Object(Config\Cache), false)
 9 FCPATH\index.php(67): CodeIgniter\CodeIgniter->run()
10 SYSTEMPATH\Commands\Server\rewrite.php(47): require_once('C:\\Users\\nbasu\\Pictures\\GohitMVP\\public\\index.php')
INFO - 2023-09-13 08:05:16 --> Session: Class initialized using 'CodeIgniter\Session\Handlers\FileHandler' driver.
CRITICAL - 2023-09-13 08:05:16 --> Undefined variable $tgl
in APPPATH\Views\detailTour.php on line 23.
 1 APPPATH\Views\detailTour.php(23): CodeIgniter\Debug\Exceptions->errorHandler(2, 'Undefined variable $tgl', 'C:\\Users\\nbasu\\Pictures\\GohitMVP\\app\\Views\\detailTour.php', 23)
 2 SYSTEMPATH\View\View.php(213): include('C:\\Users\\nbasu\\Pictures\\GohitMVP\\app\\Views\\detailTour.php')
 3 SYSTEMPATH\View\View.php(216): CodeIgniter\View\View->CodeIgniter\View\{closure}()
 4 SYSTEMPATH\Common.php(1184): CodeIgniter\View\View->render('detailTour', [], true)
 5 APPPATH\Controllers\DetailEvent.php(76): view('detailTour', [...])
 6 SYSTEMPATH\CodeIgniter.php(934): App\Controllers\DetailEvent->index('css', 'style.css')
 7 SYSTEMPATH\CodeIgniter.php(499): CodeIgniter\CodeIgniter->runController(Object(App\Controllers\DetailEvent))
 8 SYSTEMPATH\CodeIgniter.php(368): CodeIgniter\CodeIgniter->handleRequest(null, Object(Config\Cache), false)
 9 FCPATH\index.php(67): CodeIgniter\CodeIgniter->run()
10 SYSTEMPATH\Commands\Server\rewrite.php(47): require_once('C:\\Users\\nbasu\\Pictures\\GohitMVP\\public\\index.php')
INFO - 2023-09-13 08:05:16 --> Session: Class initialized using 'CodeIgniter\Session\Handlers\FileHandler' driver.
CRITICAL - 2023-09-13 08:05:16 --> Undefined variable $tgl
in APPPATH\Views\detailTour.php on line 23.
 1 APPPATH\Views\detailTour.php(23): CodeIgniter\Debug\Exceptions->errorHandler(2, 'Undefined variable $tgl', 'C:\\Users\\nbasu\\Pictures\\GohitMVP\\app\\Views\\detailTour.php', 23)
 2 SYSTEMPATH\View\View.php(213): include('C:\\Users\\nbasu\\Pictures\\GohitMVP\\app\\Views\\detailTour.php')
 3 SYSTEMPATH\View\View.php(216): CodeIgniter\View\View->CodeIgniter\View\{closure}()
 4 SYSTEMPATH\Common.php(1184): CodeIgniter\View\View->render('detailTour', [], true)
 5 APPPATH\Controllers\DetailEvent.php(76): view('detailTour', [...])
 6 SYSTEMPATH\CodeIgniter.php(934): App\Controllers\DetailEvent->index('images', 'bg-01.jpg')
 7 SYSTEMPATH\CodeIgniter.php(499): CodeIgniter\CodeIgniter->runController(Object(App\Controllers\DetailEvent))
 8 SYSTEMPATH\CodeIgniter.php(368): CodeIgniter\CodeIgniter->handleRequest(null, Object(Config\Cache), false)
 9 FCPATH\index.php(67): CodeIgniter\CodeIgniter->run()
10 SYSTEMPATH\Commands\Server\rewrite.php(47): require_once('C:\\Users\\nbasu\\Pictures\\GohitMVP\\public\\index.php')
INFO - 2023-09-13 08:05:29 --> Session: Class initialized using 'CodeIgniter\Session\Handlers\FileHandler' driver.
INFO - 2023-09-13 08:05:48 --> Session: Class initialized using 'CodeIgniter\Session\Handlers\FileHandler' driver.
INFO - 2023-09-13 08:05:48 --> Session: Class initialized using 'CodeIgniter\Session\Handlers\FileHandler' driver.
CRITICAL - 2023-09-13 08:05:48 --> Undefined variable $tgl
in APPPATH\Views\detailTour.php on line 23.
 1 APPPATH\Views\detailTour.php(23): CodeIgniter\Debug\Exceptions->errorHandler(2, 'Undefined variable $tgl', 'C:\\Users\\nbasu\\Pictures\\GohitMVP\\app\\Views\\detailTour.php', 23)
 2 SYSTEMPATH\View\View.php(213): include('C:\\Users\\nbasu\\Pictures\\GohitMVP\\app\\Views\\detailTour.php')
 3 SYSTEMPATH\View\View.php(216): CodeIgniter\View\View->CodeIgniter\View\{closure}()
 4 SYSTEMPATH\Common.php(1184): CodeIgniter\View\View->render('detailTour', [], true)
 5 APPPATH\Controllers\DetailEvent.php(76): view('detailTour', [...])
 6 SYSTEMPATH\CodeIgniter.php(934): App\Controllers\DetailEvent->index('css', 'main.css')
 7 SYSTEMPATH\CodeIgniter.php(499): CodeIgniter\CodeIgniter->runController(Object(App\Controllers\DetailEvent))
 8 SYSTEMPATH\CodeIgniter.php(368): CodeIgniter\CodeIgniter->handleRequest(null, Object(Config\Cache), false)
 9 FCPATH\index.php(67): CodeIgniter\CodeIgniter->run()
10 SYSTEMPATH\Commands\Server\rewrite.php(47): require_once('C:\\Users\\nbasu\\Pictures\\GohitMVP\\public\\index.php')
INFO - 2023-09-13 08:05:48 --> Session: Class initialized using 'CodeIgniter\Session\Handlers\FileHandler' driver.
CRITICAL - 2023-09-13 08:05:48 --> Undefined variable $tgl
in APPPATH\Views\detailTour.php on line 23.
 1 APPPATH\Views\detailTour.php(23): CodeIgniter\Debug\Exceptions->errorHandler(2, 'Undefined variable $tgl', 'C:\\Users\\nbasu\\Pictures\\GohitMVP\\app\\Views\\detailTour.php', 23)
 2 SYSTEMPATH\View\View.php(213): include('C:\\Users\\nbasu\\Pictures\\GohitMVP\\app\\Views\\detailTour.php')
 3 SYSTEMPATH\View\View.php(216): CodeIgniter\View\View->CodeIgniter\View\{closure}()
 4 SYSTEMPATH\Common.php(1184): CodeIgniter\View\View->render('detailTour', [], true)
 5 APPPATH\Controllers\DetailEvent.php(76): view('detailTour', [...])
 6 SYSTEMPATH\CodeIgniter.php(934): App\Controllers\DetailEvent->index('css', 'style.css')
 7 SYSTEMPATH\CodeIgniter.php(499): CodeIgniter\CodeIgniter->runController(Object(App\Controllers\DetailEvent))
 8 SYSTEMPATH\CodeIgniter.php(368): CodeIgniter\CodeIgniter->handleRequest(null, Object(Config\Cache), false)
 9 FCPATH\index.php(67): CodeIgniter\CodeIgniter->run()
10 SYSTEMPATH\Commands\Server\rewrite.php(47): require_once('C:\\Users\\nbasu\\Pictures\\GohitMVP\\public\\index.php')
INFO - 2023-09-13 08:05:48 --> Session: Class initialized using 'CodeIgniter\Session\Handlers\FileHandler' driver.
CRITICAL - 2023-09-13 08:05:48 --> Undefined variable $tgl
in APPPATH\Views\detailTour.php on line 23.
 1 APPPATH\Views\detailTour.php(23): CodeIgniter\Debug\Exceptions->errorHandler(2, 'Undefined variable $tgl', 'C:\\Users\\nbasu\\Pictures\\GohitMVP\\app\\Views\\detailTour.php', 23)
 2 SYSTEMPATH\View\View.php(213): include('C:\\Users\\nbasu\\Pictures\\GohitMVP\\app\\Views\\detailTour.php')
 3 SYSTEMPATH\View\View.php(216): CodeIgniter\View\View->CodeIgniter\View\{closure}()
 4 SYSTEMPATH\Common.php(1184): CodeIgniter\View\View->render('detailTour', [], true)
 5 APPPATH\Controllers\DetailEvent.php(76): view('detailTour', [...])
 6 SYSTEMPATH\CodeIgniter.php(934): App\Controllers\DetailEvent->index('images', 'bg-01.jpg')
 7 SYSTEMPATH\CodeIgniter.php(499): CodeIgniter\CodeIgniter->runController(Object(App\Controllers\DetailEvent))
 8 SYSTEMPATH\CodeIgniter.php(368): CodeIgniter\CodeIgniter->handleRequest(null, Object(Config\Cache), false)
 9 FCPATH\index.php(67): CodeIgniter\CodeIgniter->run()
10 SYSTEMPATH\Commands\Server\rewrite.php(47): require_once('C:\\Users\\nbasu\\Pictures\\GohitMVP\\public\\index.php')
INFO - 2023-09-13 08:05:50 --> Session: Class initialized using 'CodeIgniter\Session\Handlers\FileHandler' driver.
INFO - 2023-09-13 08:05:52 --> Session: Class initialized using 'CodeIgniter\Session\Handlers\FileHandler' driver.
INFO - 2023-09-13 08:05:52 --> Session: Class initialized using 'CodeIgniter\Session\Handlers\FileHandler' driver.
CRITICAL - 2023-09-13 08:05:52 --> Undefined variable $tgl
in APPPATH\Views\detailTour.php on line 23.
 1 APPPATH\Views\detailTour.php(23): CodeIgniter\Debug\Exceptions->errorHandler(2, 'Undefined variable $tgl', 'C:\\Users\\nbasu\\Pictures\\GohitMVP\\app\\Views\\detailTour.php', 23)
 2 SYSTEMPATH\View\View.php(213): include('C:\\Users\\nbasu\\Pictures\\GohitMVP\\app\\Views\\detailTour.php')
 3 SYSTEMPATH\View\View.php(216): CodeIgniter\View\View->CodeIgniter\View\{closure}()
 4 SYSTEMPATH\Common.php(1184): CodeIgniter\View\View->render('detailTour', [], true)
 5 APPPATH\Controllers\DetailEvent.php(76): view('detailTour', [...])
 6 SYSTEMPATH\CodeIgniter.php(934): App\Controllers\DetailEvent->index('css', 'main.css')
 7 SYSTEMPATH\CodeIgniter.php(499): CodeIgniter\CodeIgniter->runController(Object(App\Controllers\DetailEvent))
 8 SYSTEMPATH\CodeIgniter.php(368): CodeIgniter\CodeIgniter->handleRequest(null, Object(Config\Cache), false)
 9 FCPATH\index.php(67): CodeIgniter\CodeIgniter->run()
10 SYSTEMPATH\Commands\Server\rewrite.php(47): require_once('C:\\Users\\nbasu\\Pictures\\GohitMVP\\public\\index.php')
INFO - 2023-09-13 08:05:52 --> Session: Class initialized using 'CodeIgniter\Session\Handlers\FileHandler' driver.
CRITICAL - 2023-09-13 08:05:52 --> Undefined variable $tgl
in APPPATH\Views\detailTour.php on line 23.
 1 APPPATH\Views\detailTour.php(23): CodeIgniter\Debug\Exceptions->errorHandler(2, 'Undefined variable $tgl', 'C:\\Users\\nbasu\\Pictures\\GohitMVP\\app\\Views\\detailTour.php', 23)
 2 SYSTEMPATH\View\View.php(213): include('C:\\Users\\nbasu\\Pictures\\GohitMVP\\app\\Views\\detailTour.php')
 3 SYSTEMPATH\View\View.php(216): CodeIgniter\View\View->CodeIgniter\View\{closure}()
 4 SYSTEMPATH\Common.php(1184): CodeIgniter\View\View->render('detailTour', [], true)
 5 APPPATH\Controllers\DetailEvent.php(76): view('detailTour', [...])
 6 SYSTEMPATH\CodeIgniter.php(934): App\Controllers\DetailEvent->index('css', 'style.css')
 7 SYSTEMPATH\CodeIgniter.php(499): CodeIgniter\CodeIgniter->runController(Object(App\Controllers\DetailEvent))
 8 SYSTEMPATH\CodeIgniter.php(368): CodeIgniter\CodeIgniter->handleRequest(null, Object(Config\Cache), false)
 9 FCPATH\index.php(67): CodeIgniter\CodeIgniter->run()
10 SYSTEMPATH\Commands\Server\rewrite.php(47): require_once('C:\\Users\\nbasu\\Pictures\\GohitMVP\\public\\index.php')
INFO - 2023-09-13 08:05:52 --> Session: Class initialized using 'CodeIgniter\Session\Handlers\FileHandler' driver.
CRITICAL - 2023-09-13 08:05:52 --> Undefined variable $tgl
in APPPATH\Views\detailTour.php on line 23.
 1 APPPATH\Views\detailTour.php(23): CodeIgniter\Debug\Exceptions->errorHandler(2, 'Undefined variable $tgl', 'C:\\Users\\nbasu\\Pictures\\GohitMVP\\app\\Views\\detailTour.php', 23)
 2 SYSTEMPATH\View\View.php(213): include('C:\\Users\\nbasu\\Pictures\\GohitMVP\\app\\Views\\detailTour.php')
 3 SYSTEMPATH\View\View.php(216): CodeIgniter\View\View->CodeIgniter\View\{closure}()
 4 SYSTEMPATH\Common.php(1184): CodeIgniter\View\View->render('detailTour', [], true)
 5 APPPATH\Controllers\DetailEvent.php(76): view('detailTour', [...])
 6 SYSTEMPATH\CodeIgniter.php(934): App\Controllers\DetailEvent->index('images', 'bg-01.jpg')
 7 SYSTEMPATH\CodeIgniter.php(499): CodeIgniter\CodeIgniter->runController(Object(App\Controllers\DetailEvent))
 8 SYSTEMPATH\CodeIgniter.php(368): CodeIgniter\CodeIgniter->handleRequest(null, Object(Config\Cache), false)
 9 FCPATH\index.php(67): CodeIgniter\CodeIgniter->run()
10 SYSTEMPATH\Commands\Server\rewrite.php(47): require_once('C:\\Users\\nbasu\\Pictures\\GohitMVP\\public\\index.php')
INFO - 2023-09-13 08:05:54 --> Session: Class initialized using 'CodeIgniter\Session\Handlers\FileHandler' driver.
INFO - 2023-09-13 08:05:58 --> Session: Class initialized using 'CodeIgniter\Session\Handlers\FileHandler' driver.
INFO - 2023-09-13 08:06:00 --> Session: Class initialized using 'CodeIgniter\Session\Handlers\FileHandler' driver.
INFO - 2023-09-13 08:06:29 --> Session: Class initialized using 'CodeIgniter\Session\Handlers\FileHandler' driver.
INFO - 2023-09-13 08:06:53 --> Session: Class initialized using 'CodeIgniter\Session\Handlers\FileHandler' driver.
INFO - 2023-09-13 08:07:56 --> Session: Class initialized using 'CodeIgniter\Session\Handlers\FileHandler' driver.
INFO - 2023-09-13 08:07:56 --> Session: Class initialized using 'CodeIgniter\Session\Handlers\FileHandler' driver.
CRITICAL - 2023-09-13 08:07:56 --> Undefined variable $tgl
in APPPATH\Views\detaileventp.php on line 23.
 1 APPPATH\Views\detaileventp.php(23): CodeIgniter\Debug\Exceptions->errorHandler(2, 'Undefined variable $tgl', 'C:\\Users\\nbasu\\Pictures\\GohitMVP\\app\\Views\\detaileventp.php', 23)
 2 SYSTEMPATH\View\View.php(213): include('C:\\Users\\nbasu\\Pictures\\GohitMVP\\app\\Views\\detaileventp.php')
 3 SYSTEMPATH\View\View.php(216): CodeIgniter\View\View->CodeIgniter\View\{closure}()
 4 SYSTEMPATH\Common.php(1184): CodeIgniter\View\View->render('detaileventp', [], true)
 5 APPPATH\Controllers\DetailEvent.php(119): view('detaileventp', [...])
 6 SYSTEMPATH\CodeIgniter.php(934): App\Controllers\DetailEvent->peserta('css', 'main.css')
 7 SYSTEMPATH\CodeIgniter.php(499): CodeIgniter\CodeIgniter->runController(Object(App\Controllers\DetailEvent))
 8 SYSTEMPATH\CodeIgniter.php(368): CodeIgniter\CodeIgniter->handleRequest(null, Object(Config\Cache), false)
 9 FCPATH\index.php(67): CodeIgniter\CodeIgniter->run()
10 SYSTEMPATH\Commands\Server\rewrite.php(47): require_once('C:\\Users\\nbasu\\Pictures\\GohitMVP\\public\\index.php')
INFO - 2023-09-13 08:07:56 --> Session: Class initialized using 'CodeIgniter\Session\Handlers\FileHandler' driver.
CRITICAL - 2023-09-13 08:07:56 --> Undefined variable $tgl
in APPPATH\Views\detaileventp.php on line 23.
 1 APPPATH\Views\detaileventp.php(23): CodeIgniter\Debug\Exceptions->errorHandler(2, 'Undefined variable $tgl', 'C:\\Users\\nbasu\\Pictures\\GohitMVP\\app\\Views\\detaileventp.php', 23)
 2 SYSTEMPATH\View\View.php(213): include('C:\\Users\\nbasu\\Pictures\\GohitMVP\\app\\Views\\detaileventp.php')
 3 SYSTEMPATH\View\View.php(216): CodeIgniter\View\View->CodeIgniter\View\{closure}()
 4 SYSTEMPATH\Common.php(1184): CodeIgniter\View\View->render('detaileventp', [], true)
 5 APPPATH\Controllers\DetailEvent.php(119): view('detaileventp', [...])
 6 SYSTEMPATH\CodeIgniter.php(934): App\Controllers\DetailEvent->peserta('css', 'style.css')
 7 SYSTEMPATH\CodeIgniter.php(499): CodeIgniter\CodeIgniter->runController(Object(App\Controllers\DetailEvent))
 8 SYSTEMPATH\CodeIgniter.php(368): CodeIgniter\CodeIgniter->handleRequest(null, Object(Config\Cache), false)
 9 FCPATH\index.php(67): CodeIgniter\CodeIgniter->run()
10 SYSTEMPATH\Commands\Server\rewrite.php(47): require_once('C:\\Users\\nbasu\\Pictures\\GohitMVP\\public\\index.php')
INFO - 2023-09-13 08:07:56 --> Session: Class initialized using 'CodeIgniter\Session\Handlers\FileHandler' driver.
CRITICAL - 2023-09-13 08:07:56 --> Undefined variable $tgl
in APPPATH\Views\detaileventp.php on line 23.
 1 APPPATH\Views\detaileventp.php(23): CodeIgniter\Debug\Exceptions->errorHandler(2, 'Undefined variable $tgl', 'C:\\Users\\nbasu\\Pictures\\GohitMVP\\app\\Views\\detaileventp.php', 23)
 2 SYSTEMPATH\View\View.php(213): include('C:\\Users\\nbasu\\Pictures\\GohitMVP\\app\\Views\\detaileventp.php')
 3 SYSTEMPATH\View\View.php(216): CodeIgniter\View\View->CodeIgniter\View\{closure}()
 4 SYSTEMPATH\Common.php(1184): CodeIgniter\View\View->render('detaileventp', [], true)
 5 APPPATH\Controllers\DetailEvent.php(119): view('detaileventp', [...])
 6 SYSTEMPATH\CodeIgniter.php(934): App\Controllers\DetailEvent->peserta('images', 'bg-01.jpg')
 7 SYSTEMPATH\CodeIgniter.php(499): CodeIgniter\CodeIgniter->runController(Object(App\Controllers\DetailEvent))
 8 SYSTEMPATH\CodeIgniter.php(368): CodeIgniter\CodeIgniter->handleRequest(null, Object(Config\Cache), false)
 9 FCPATH\index.php(67): CodeIgniter\CodeIgniter->run()
10 SYSTEMPATH\Commands\Server\rewrite.php(47): require_once('C:\\Users\\nbasu\\Pictures\\GohitMVP\\public\\index.php')
INFO - 2023-09-13 08:08:22 --> Session: Class initialized using 'CodeIgniter\Session\Handlers\FileHandler' driver.
INFO - 2023-09-13 08:08:25 --> Session: Class initialized using 'CodeIgniter\Session\Handlers\FileHandler' driver.
CRITICAL - 2023-09-13 08:08:25 --> Undefined variable $tgl
in APPPATH\Views\detaileventp.php on line 23.
 1 APPPATH\Views\detaileventp.php(23): CodeIgniter\Debug\Exceptions->errorHandler(2, 'Undefined variable $tgl', 'C:\\Users\\nbasu\\Pictures\\GohitMVP\\app\\Views\\detaileventp.php', 23)
 2 SYSTEMPATH\View\View.php(213): include('C:\\Users\\nbasu\\Pictures\\GohitMVP\\app\\Views\\detaileventp.php')
 3 SYSTEMPATH\View\View.php(216): CodeIgniter\View\View->CodeIgniter\View\{closure}()
 4 SYSTEMPATH\Common.php(1184): CodeIgniter\View\View->render('detaileventp', [], true)
 5 APPPATH\Controllers\DetailEvent.php(119): view('detaileventp', [...])
 6 SYSTEMPATH\CodeIgniter.php(934): App\Controllers\DetailEvent->peserta('css', 'main.css')
 7 SYSTEMPATH\CodeIgniter.php(499): CodeIgniter\CodeIgniter->runController(Object(App\Controllers\DetailEvent))
 8 SYSTEMPATH\CodeIgniter.php(368): CodeIgniter\CodeIgniter->handleRequest(null, Object(Config\Cache), false)
 9 FCPATH\index.php(67): CodeIgniter\CodeIgniter->run()
10 SYSTEMPATH\Commands\Server\rewrite.php(47): require_once('C:\\Users\\nbasu\\Pictures\\GohitMVP\\public\\index.php')
INFO - 2023-09-13 08:08:26 --> Session: Class initialized using 'CodeIgniter\Session\Handlers\FileHandler' driver.
CRITICAL - 2023-09-13 08:08:26 --> Undefined variable $tgl
in APPPATH\Views\detaileventp.php on line 23.
 1 APPPATH\Views\detaileventp.php(23): CodeIgniter\Debug\Exceptions->errorHandler(2, 'Undefined variable $tgl', 'C:\\Users\\nbasu\\Pictures\\GohitMVP\\app\\Views\\detaileventp.php', 23)
 2 SYSTEMPATH\View\View.php(213): include('C:\\Users\\nbasu\\Pictures\\GohitMVP\\app\\Views\\detaileventp.php')
 3 SYSTEMPATH\View\View.php(216): CodeIgniter\View\View->CodeIgniter\View\{closure}()
 4 SYSTEMPATH\Common.php(1184): CodeIgniter\View\View->render('detaileventp', [], true)
 5 APPPATH\Controllers\DetailEvent.php(119): view('detaileventp', [...])
 6 SYSTEMPATH\CodeIgniter.php(934): App\Controllers\DetailEvent->peserta('css', 'style.css')
 7 SYSTEMPATH\CodeIgniter.php(499): CodeIgniter\CodeIgniter->runController(Object(App\Controllers\DetailEvent))
 8 SYSTEMPATH\CodeIgniter.php(368): CodeIgniter\CodeIgniter->handleRequest(null, Object(Config\Cache), false)
 9 FCPATH\index.php(67): CodeIgniter\CodeIgniter->run()
10 SYSTEMPATH\Commands\Server\rewrite.php(47): require_once('C:\\Users\\nbasu\\Pictures\\GohitMVP\\public\\index.php')
INFO - 2023-09-13 08:13:10 --> Session: Class initialized using 'CodeIgniter\Session\Handlers\FileHandler' driver.
CRITICAL - 2023-09-13 08:13:10 --> Undefined variable $tgl
in APPPATH\Views\detaileventp.php on line 23.
 1 APPPATH\Views\detaileventp.php(23): CodeIgniter\Debug\Exceptions->errorHandler(2, 'Undefined variable $tgl', 'C:\\Users\\nbasu\\Pictures\\GohitMVP\\app\\Views\\detaileventp.php', 23)
 2 SYSTEMPATH\View\View.php(213): include('C:\\Users\\nbasu\\Pictures\\GohitMVP\\app\\Views\\detaileventp.php')
 3 SYSTEMPATH\View\View.php(216): CodeIgniter\View\View->CodeIgniter\View\{closure}()
 4 SYSTEMPATH\Common.php(1184): CodeIgniter\View\View->render('detaileventp', [], true)
 5 APPPATH\Controllers\DetailEvent.php(119): view('detaileventp', [...])
 6 SYSTEMPATH\CodeIgniter.php(934): App\Controllers\DetailEvent->peserta('home')
 7 SYSTEMPATH\CodeIgniter.php(499): CodeIgniter\CodeIgniter->runController(Object(App\Controllers\DetailEvent))
 8 SYSTEMPATH\CodeIgniter.php(368): CodeIgniter\CodeIgniter->handleRequest(null, Object(Config\Cache), false)
 9 FCPATH\index.php(67): CodeIgniter\CodeIgniter->run()
10 SYSTEMPATH\Commands\Server\rewrite.php(47): require_once('C:\\Users\\nbasu\\Pictures\\GohitMVP\\public\\index.php')
INFO - 2023-09-13 08:13:16 --> Session: Class initialized using 'CodeIgniter\Session\Handlers\FileHandler' driver.
INFO - 2023-09-13 08:13:16 --> Session: Class initialized using 'CodeIgniter\Session\Handlers\FileHandler' driver.
CRITICAL - 2023-09-13 08:13:16 --> Undefined variable $tgl
in APPPATH\Views\detaileventp.php on line 23.
 1 APPPATH\Views\detaileventp.php(23): CodeIgniter\Debug\Exceptions->errorHandler(2, 'Undefined variable $tgl', 'C:\\Users\\nbasu\\Pictures\\GohitMVP\\app\\Views\\detaileventp.php', 23)
 2 SYSTEMPATH\View\View.php(213): include('C:\\Users\\nbasu\\Pictures\\GohitMVP\\app\\Views\\detaileventp.php')
 3 SYSTEMPATH\View\View.php(216): CodeIgniter\View\View->CodeIgniter\View\{closure}()
 4 SYSTEMPATH\Common.php(1184): CodeIgniter\View\View->render('detaileventp', [], true)
 5 APPPATH\Controllers\DetailEvent.php(119): view('detaileventp', [...])
 6 SYSTEMPATH\CodeIgniter.php(934): App\Controllers\DetailEvent->peserta('css', 'main.css')
 7 SYSTEMPATH\CodeIgniter.php(499): CodeIgniter\CodeIgniter->runController(Object(App\Controllers\DetailEvent))
 8 SYSTEMPATH\CodeIgniter.php(368): CodeIgniter\CodeIgniter->handleRequest(null, Object(Config\Cache), false)
 9 FCPATH\index.php(67): CodeIgniter\CodeIgniter->run()
10 SYSTEMPATH\Commands\Server\rewrite.php(47): require_once('C:\\Users\\nbasu\\Pictures\\GohitMVP\\public\\index.php')
INFO - 2023-09-13 08:13:16 --> Session: Class initialized using 'CodeIgniter\Session\Handlers\FileHandler' driver.
CRITICAL - 2023-09-13 08:13:16 --> Undefined variable $tgl
in APPPATH\Views\detaileventp.php on line 23.
 1 APPPATH\Views\detaileventp.php(23): CodeIgniter\Debug\Exceptions->errorHandler(2, 'Undefined variable $tgl', 'C:\\Users\\nbasu\\Pictures\\GohitMVP\\app\\Views\\detaileventp.php', 23)
 2 SYSTEMPATH\View\View.php(213): include('C:\\Users\\nbasu\\Pictures\\GohitMVP\\app\\Views\\detaileventp.php')
 3 SYSTEMPATH\View\View.php(216): CodeIgniter\View\View->CodeIgniter\View\{closure}()
 4 SYSTEMPATH\Common.php(1184): CodeIgniter\View\View->render('detaileventp', [], true)
 5 APPPATH\Controllers\DetailEvent.php(119): view('detaileventp', [...])
 6 SYSTEMPATH\CodeIgniter.php(934): App\Controllers\DetailEvent->peserta('css', 'style.css')
 7 SYSTEMPATH\CodeIgniter.php(499): CodeIgniter\CodeIgniter->runController(Object(App\Controllers\DetailEvent))
 8 SYSTEMPATH\CodeIgniter.php(368): CodeIgniter\CodeIgniter->handleRequest(null, Object(Config\Cache), false)
 9 FCPATH\index.php(67): CodeIgniter\CodeIgniter->run()
10 SYSTEMPATH\Commands\Server\rewrite.php(47): require_once('C:\\Users\\nbasu\\Pictures\\GohitMVP\\public\\index.php')
INFO - 2023-09-13 08:13:16 --> Session: Class initialized using 'CodeIgniter\Session\Handlers\FileHandler' driver.
CRITICAL - 2023-09-13 08:13:16 --> Undefined variable $tgl
in APPPATH\Views\detaileventp.php on line 23.
 1 APPPATH\Views\detaileventp.php(23): CodeIgniter\Debug\Exceptions->errorHandler(2, 'Undefined variable $tgl', 'C:\\Users\\nbasu\\Pictures\\GohitMVP\\app\\Views\\detaileventp.php', 23)
 2 SYSTEMPATH\View\View.php(213): include('C:\\Users\\nbasu\\Pictures\\GohitMVP\\app\\Views\\detaileventp.php')
 3 SYSTEMPATH\View\View.php(216): CodeIgniter\View\View->CodeIgniter\View\{closure}()
 4 SYSTEMPATH\Common.php(1184): CodeIgniter\View\View->render('detaileventp', [], true)
 5 APPPATH\Controllers\DetailEvent.php(119): view('detaileventp', [...])
 6 SYSTEMPATH\CodeIgniter.php(934): App\Controllers\DetailEvent->peserta('images', 'bg-01.jpg')
 7 SYSTEMPATH\CodeIgniter.php(499): CodeIgniter\CodeIgniter->runController(Object(App\Controllers\DetailEvent))
 8 SYSTEMPATH\CodeIgniter.php(368): CodeIgniter\CodeIgniter->handleRequest(null, Object(Config\Cache), false)
 9 FCPATH\index.php(67): CodeIgniter\CodeIgniter->run()
10 SYSTEMPATH\Commands\Server\rewrite.php(47): require_once('C:\\Users\\nbasu\\Pictures\\GohitMVP\\public\\index.php')
INFO - 2023-09-13 08:13:17 --> Session: Class initialized using 'CodeIgniter\Session\Handlers\FileHandler' driver.
CRITICAL - 2023-09-13 08:13:17 --> Undefined variable $tgl
in APPPATH\Views\detaileventp.php on line 23.
 1 APPPATH\Views\detaileventp.php(23): CodeIgniter\Debug\Exceptions->errorHandler(2, 'Undefined variable $tgl', 'C:\\Users\\nbasu\\Pictures\\GohitMVP\\app\\Views\\detaileventp.php', 23)
 2 SYSTEMPATH\View\View.php(213): include('C:\\Users\\nbasu\\Pictures\\GohitMVP\\app\\Views\\detaileventp.php')
 3 SYSTEMPATH\View\View.php(216): CodeIgniter\View\View->CodeIgniter\View\{closure}()
 4 SYSTEMPATH\Common.php(1184): CodeIgniter\View\View->render('detaileventp', [], true)
 5 APPPATH\Controllers\DetailEvent.php(119): view('detaileventp', [...])
 6 SYSTEMPATH\CodeIgniter.php(934): App\Controllers\DetailEvent->peserta('home')
 7 SYSTEMPATH\CodeIgniter.php(499): CodeIgniter\CodeIgniter->runController(Object(App\Controllers\DetailEvent))
 8 SYSTEMPATH\CodeIgniter.php(368): CodeIgniter\CodeIgniter->handleRequest(null, Object(Config\Cache), false)
 9 FCPATH\index.php(67): CodeIgniter\CodeIgniter->run()
10 SYSTEMPATH\Commands\Server\rewrite.php(47): require_once('C:\\Users\\nbasu\\Pictures\\GohitMVP\\public\\index.php')
INFO - 2023-09-13 08:15:17 --> Session: Class initialized using 'CodeIgniter\Session\Handlers\FileHandler' driver.
CRITICAL - 2023-09-13 08:15:17 --> Undefined variable $tgl
in APPPATH\Views\detaileventp.php on line 23.
 1 APPPATH\Views\detaileventp.php(23): CodeIgniter\Debug\Exceptions->errorHandler(2, 'Undefined variable $tgl', 'C:\\Users\\nbasu\\Pictures\\GohitMVP\\app\\Views\\detaileventp.php', 23)
 2 SYSTEMPATH\View\View.php(213): include('C:\\Users\\nbasu\\Pictures\\GohitMVP\\app\\Views\\detaileventp.php')
 3 SYSTEMPATH\View\View.php(216): CodeIgniter\View\View->CodeIgniter\View\{closure}()
 4 SYSTEMPATH\Common.php(1184): CodeIgniter\View\View->render('detaileventp', [], true)
 5 APPPATH\Controllers\DetailEvent.php(119): view('detaileventp', [...])
 6 SYSTEMPATH\CodeIgniter.php(934): App\Controllers\DetailEvent->peserta('home')
 7 SYSTEMPATH\CodeIgniter.php(499): CodeIgniter\CodeIgniter->runController(Object(App\Controllers\DetailEvent))
 8 SYSTEMPATH\CodeIgniter.php(368): CodeIgniter\CodeIgniter->handleRequest(null, Object(Config\Cache), false)
 9 FCPATH\index.php(67): CodeIgniter\CodeIgniter->run()
10 SYSTEMPATH\Commands\Server\rewrite.php(47): require_once('C:\\Users\\nbasu\\Pictures\\GohitMVP\\public\\index.php')
INFO - 2023-09-13 08:15:17 --> Session: Class initialized using 'CodeIgniter\Session\Handlers\FileHandler' driver.
CRITICAL - 2023-09-13 08:15:17 --> Undefined variable $tgl
in APPPATH\Views\detaileventp.php on line 23.
 1 APPPATH\Views\detaileventp.php(23): CodeIgniter\Debug\Exceptions->errorHandler(2, 'Undefined variable $tgl', 'C:\\Users\\nbasu\\Pictures\\GohitMVP\\app\\Views\\detaileventp.php', 23)
 2 SYSTEMPATH\View\View.php(213): include('C:\\Users\\nbasu\\Pictures\\GohitMVP\\app\\Views\\detaileventp.php')
 3 SYSTEMPATH\View\View.php(216): CodeIgniter\View\View->CodeIgniter\View\{closure}()
 4 SYSTEMPATH\Common.php(1184): CodeIgniter\View\View->render('detaileventp', [], true)
 5 APPPATH\Controllers\DetailEvent.php(119): view('detaileventp', [...])
 6 SYSTEMPATH\CodeIgniter.php(934): App\Controllers\DetailEvent->peserta('home')
 7 SYSTEMPATH\CodeIgniter.php(499): CodeIgniter\CodeIgniter->runController(Object(App\Controllers\DetailEvent))
 8 SYSTEMPATH\CodeIgniter.php(368): CodeIgniter\CodeIgniter->handleRequest(null, Object(Config\Cache), false)
 9 FCPATH\index.php(67): CodeIgniter\CodeIgniter->run()
10 SYSTEMPATH\Commands\Server\rewrite.php(47): require_once('C:\\Users\\nbasu\\Pictures\\GohitMVP\\public\\index.php')
INFO - 2023-09-13 08:15:20 --> Session: Class initialized using 'CodeIgniter\Session\Handlers\FileHandler' driver.
CRITICAL - 2023-09-13 08:15:20 --> Undefined variable $tgl
in APPPATH\Views\detaileventp.php on line 23.
 1 APPPATH\Views\detaileventp.php(23): CodeIgniter\Debug\Exceptions->errorHandler(2, 'Undefined variable $tgl', 'C:\\Users\\nbasu\\Pictures\\GohitMVP\\app\\Views\\detaileventp.php', 23)
 2 SYSTEMPATH\View\View.php(213): include('C:\\Users\\nbasu\\Pictures\\GohitMVP\\app\\Views\\detaileventp.php')
 3 SYSTEMPATH\View\View.php(216): CodeIgniter\View\View->CodeIgniter\View\{closure}()
 4 SYSTEMPATH\Common.php(1184): CodeIgniter\View\View->render('detaileventp', [], true)
 5 APPPATH\Controllers\DetailEvent.php(119): view('detaileventp', [...])
 6 SYSTEMPATH\CodeIgniter.php(934): App\Controllers\DetailEvent->peserta('home')
 7 SYSTEMPATH\CodeIgniter.php(499): CodeIgniter\CodeIgniter->runController(Object(App\Controllers\DetailEvent))
 8 SYSTEMPATH\CodeIgniter.php(368): CodeIgniter\CodeIgniter->handleRequest(null, Object(Config\Cache), false)
 9 FCPATH\index.php(67): CodeIgniter\CodeIgniter->run()
10 SYSTEMPATH\Commands\Server\rewrite.php(47): require_once('C:\\Users\\nbasu\\Pictures\\GohitMVP\\public\\index.php')
INFO - 2023-09-13 08:15:25 --> Session: Class initialized using 'CodeIgniter\Session\Handlers\FileHandler' driver.
INFO - 2023-09-13 08:15:26 --> Session: Class initialized using 'CodeIgniter\Session\Handlers\FileHandler' driver.
INFO - 2023-09-13 08:15:27 --> Session: Class initialized using 'CodeIgniter\Session\Handlers\FileHandler' driver.
INFO - 2023-09-13 08:15:32 --> Session: Class initialized using 'CodeIgniter\Session\Handlers\FileHandler' driver.
INFO - 2023-09-13 08:15:32 --> Session: Class initialized using 'CodeIgniter\Session\Handlers\FileHandler' driver.
INFO - 2023-09-13 08:15:34 --> Session: Class initialized using 'CodeIgniter\Session\Handlers\FileHandler' driver.
INFO - 2023-09-13 08:15:35 --> Session: Class initialized using 'CodeIgniter\Session\Handlers\FileHandler' driver.
INFO - 2023-09-13 08:15:35 --> Session: Class initialized using 'CodeIgniter\Session\Handlers\FileHandler' driver.
INFO - 2023-09-13 08:15:36 --> Session: Class initialized using 'CodeIgniter\Session\Handlers\FileHandler' driver.
INFO - 2023-09-13 08:15:36 --> Session: Class initialized using 'CodeIgniter\Session\Handlers\FileHandler' driver.
INFO - 2023-09-13 08:15:37 --> Session: Class initialized using 'CodeIgniter\Session\Handlers\FileHandler' driver.
INFO - 2023-09-13 08:15:37 --> Session: Class initialized using 'CodeIgniter\Session\Handlers\FileHandler' driver.
INFO - 2023-09-13 08:15:38 --> Session: Class initialized using 'CodeIgniter\Session\Handlers\FileHandler' driver.
INFO - 2023-09-13 08:15:47 --> Session: Class initialized using 'CodeIgniter\Session\Handlers\FileHandler' driver.
INFO - 2023-09-13 08:21:56 --> Session: Class initialized using 'CodeIgniter\Session\Handlers\FileHandler' driver.
INFO - 2023-09-13 08:21:56 --> Session: Class initialized using 'CodeIgniter\Session\Handlers\FileHandler' driver.
INFO - 2023-09-13 08:22:01 --> Session: Class initialized using 'CodeIgniter\Session\Handlers\FileHandler' driver.
INFO - 2023-09-13 08:22:01 --> Session: Class initialized using 'CodeIgniter\Session\Handlers\FileHandler' driver.
INFO - 2023-09-13 08:22:04 --> Session: Class initialized using 'CodeIgniter\Session\Handlers\FileHandler' driver.
INFO - 2023-09-13 08:22:06 --> Session: Class initialized using 'CodeIgniter\Session\Handlers\FileHandler' driver.
INFO - 2023-09-13 08:24:17 --> Session: Class initialized using 'CodeIgniter\Session\Handlers\FileHandler' driver.
INFO - 2023-09-13 08:27:38 --> Session: Class initialized using 'CodeIgniter\Session\Handlers\FileHandler' driver.
INFO - 2023-09-13 08:27:56 --> Session: Class initialized using 'CodeIgniter\Session\Handlers\FileHandler' driver.
INFO - 2023-09-13 08:27:56 --> Session: Class initialized using 'CodeIgniter\Session\Handlers\FileHandler' driver.
INFO - 2023-09-13 08:28:42 --> Session: Class initialized using 'CodeIgniter\Session\Handlers\FileHandler' driver.
INFO - 2023-09-13 08:28:46 --> Session: Class initialized using 'CodeIgniter\Session\Handlers\FileHandler' driver.
INFO - 2023-09-13 08:28:56 --> Session: Class initialized using 'CodeIgniter\Session\Handlers\FileHandler' driver.
INFO - 2023-09-13 08:32:52 --> Session: Class initialized using 'CodeIgniter\Session\Handlers\FileHandler' driver.
INFO - 2023-09-13 08:32:52 --> Session: Class initialized using 'CodeIgniter\Session\Handlers\FileHandler' driver.
CRITICAL - 2023-09-13 08:32:52 --> Undefined variable $tgl
in APPPATH\Views\detaileventp.php on line 23.
 1 APPPATH\Views\detaileventp.php(23): CodeIgniter\Debug\Exceptions->errorHandler(2, 'Undefined variable $tgl', 'C:\\Users\\nbasu\\Pictures\\GohitMVP\\app\\Views\\detaileventp.php', 23)
 2 SYSTEMPATH\View\View.php(213): include('C:\\Users\\nbasu\\Pictures\\GohitMVP\\app\\Views\\detaileventp.php')
 3 SYSTEMPATH\View\View.php(216): CodeIgniter\View\View->CodeIgniter\View\{closure}()
 4 SYSTEMPATH\Common.php(1184): CodeIgniter\View\View->render('detaileventp', [], true)
 5 APPPATH\Controllers\DetailEvent.php(119): view('detaileventp', [...])
 6 SYSTEMPATH\CodeIgniter.php(934): App\Controllers\DetailEvent->peserta('css', 'main.css')
 7 SYSTEMPATH\CodeIgniter.php(499): CodeIgniter\CodeIgniter->runController(Object(App\Controllers\DetailEvent))
 8 SYSTEMPATH\CodeIgniter.php(368): CodeIgniter\CodeIgniter->handleRequest(null, Object(Config\Cache), false)
 9 FCPATH\index.php(67): CodeIgniter\CodeIgniter->run()
10 SYSTEMPATH\Commands\Server\rewrite.php(47): require_once('C:\\Users\\nbasu\\Pictures\\GohitMVP\\public\\index.php')
INFO - 2023-09-13 08:32:53 --> Session: Class initialized using 'CodeIgniter\Session\Handlers\FileHandler' driver.
CRITICAL - 2023-09-13 08:32:53 --> Undefined variable $tgl
in APPPATH\Views\detaileventp.php on line 23.
 1 APPPATH\Views\detaileventp.php(23): CodeIgniter\Debug\Exceptions->errorHandler(2, 'Undefined variable $tgl', 'C:\\Users\\nbasu\\Pictures\\GohitMVP\\app\\Views\\detaileventp.php', 23)
 2 SYSTEMPATH\View\View.php(213): include('C:\\Users\\nbasu\\Pictures\\GohitMVP\\app\\Views\\detaileventp.php')
 3 SYSTEMPATH\View\View.php(216): CodeIgniter\View\View->CodeIgniter\View\{closure}()
 4 SYSTEMPATH\Common.php(1184): CodeIgniter\View\View->render('detaileventp', [], true)
 5 APPPATH\Controllers\DetailEvent.php(119): view('detaileventp', [...])
 6 SYSTEMPATH\CodeIgniter.php(934): App\Controllers\DetailEvent->peserta('css', 'style.css')
 7 SYSTEMPATH\CodeIgniter.php(499): CodeIgniter\CodeIgniter->runController(Object(App\Controllers\DetailEvent))
 8 SYSTEMPATH\CodeIgniter.php(368): CodeIgniter\CodeIgniter->handleRequest(null, Object(Config\Cache), false)
 9 FCPATH\index.php(67): CodeIgniter\CodeIgniter->run()
10 SYSTEMPATH\Commands\Server\rewrite.php(47): require_once('C:\\Users\\nbasu\\Pictures\\GohitMVP\\public\\index.php')
INFO - 2023-09-13 08:32:53 --> Session: Class initialized using 'CodeIgniter\Session\Handlers\FileHandler' driver.
CRITICAL - 2023-09-13 08:32:53 --> Undefined variable $tgl
in APPPATH\Views\detaileventp.php on line 23.
 1 APPPATH\Views\detaileventp.php(23): CodeIgniter\Debug\Exceptions->errorHandler(2, 'Undefined variable $tgl', 'C:\\Users\\nbasu\\Pictures\\GohitMVP\\app\\Views\\detaileventp.php', 23)
 2 SYSTEMPATH\View\View.php(213): include('C:\\Users\\nbasu\\Pictures\\GohitMVP\\app\\Views\\detaileventp.php')
 3 SYSTEMPATH\View\View.php(216): CodeIgniter\View\View->CodeIgniter\View\{closure}()
 4 SYSTEMPATH\Common.php(1184): CodeIgniter\View\View->render('detaileventp', [], true)
 5 APPPATH\Controllers\DetailEvent.php(119): view('detaileventp', [...])
 6 SYSTEMPATH\CodeIgniter.php(934): App\Controllers\DetailEvent->peserta('images', 'bg-01.jpg')
 7 SYSTEMPATH\CodeIgniter.php(499): CodeIgniter\CodeIgniter->runController(Object(App\Controllers\DetailEvent))
 8 SYSTEMPATH\CodeIgniter.php(368): CodeIgniter\CodeIgniter->handleRequest(null, Object(Config\Cache), false)
 9 FCPATH\index.php(67): CodeIgniter\CodeIgniter->run()
10 SYSTEMPATH\Commands\Server\rewrite.php(47): require_once('C:\\Users\\nbasu\\Pictures\\GohitMVP\\public\\index.php')
INFO - 2023-09-13 08:32:55 --> Session: Class initialized using 'CodeIgniter\Session\Handlers\FileHandler' driver.
