CRITICAL - 2024-01-17 02:33:47 --> Undefined variable $tgl
in APPPATH/Views/detailTour.php on line 23.
 1 APPPATH/Views/detailTour.php(23): CodeIgniter\Debug\Exceptions->errorHandler()
 2 SYSTEMPATH/View/View.php(213): include('/var/www/gohit/app/Views/detailTour.php')
 3 SYSTEMPATH/View/View.php(216): CodeIgniter\View\View->CodeIgniter\View\{closure}()
 4 SYSTEMPATH/Common.php(1184): CodeIgniter\View\View->render()
 5 APPPATH/Controllers/DetailEvent.php(151): view()
 6 SYSTEMPATH/CodeIgniter.php(934): App\Controllers\DetailEvent->index()
 7 SYSTEMPATH/CodeIgniter.php(499): CodeIgniter\CodeIgniter->runController()
 8 SYSTEMPATH/CodeIgniter.php(368): CodeIgniter\CodeIgniter->handleRequest()
 9 FCPATH/index.php(67): CodeIgniter\CodeIgniter->run()
CRITICAL - 2024-01-17 02:33:47 --> Undefined variable $tgl
in APPPATH/Views/detailTour.php on line 23.
 1 APPPATH/Views/detailTour.php(23): CodeIgniter\Debug\Exceptions->errorHandler()
 2 SYSTEMPATH/View/View.php(213): include('/var/www/gohit/app/Views/detailTour.php')
 3 SYSTEMPATH/View/View.php(216): CodeIgniter\View\View->CodeIgniter\View\{closure}()
 4 SYSTEMPATH/Common.php(1184): CodeIgniter\View\View->render()
 5 APPPATH/Controllers/DetailEvent.php(151): view()
 6 SYSTEMPATH/CodeIgniter.php(934): App\Controllers\DetailEvent->index()
 7 SYSTEMPATH/CodeIgniter.php(499): CodeIgniter\CodeIgniter->runController()
 8 SYSTEMPATH/CodeIgniter.php(368): CodeIgniter\CodeIgniter->handleRequest()
 9 FCPATH/index.php(67): CodeIgniter\CodeIgniter->run()
CRITICAL - 2024-01-17 02:33:47 --> Undefined variable $tgl
in APPPATH/Views/detailTour.php on line 23.
 1 APPPATH/Views/detailTour.php(23): CodeIgniter\Debug\Exceptions->errorHandler()
 2 SYSTEMPATH/View/View.php(213): include('/var/www/gohit/app/Views/detailTour.php')
 3 SYSTEMPATH/View/View.php(216): CodeIgniter\View\View->CodeIgniter\View\{closure}()
 4 SYSTEMPATH/Common.php(1184): CodeIgniter\View\View->render()
 5 APPPATH/Controllers/DetailEvent.php(151): view()
 6 SYSTEMPATH/CodeIgniter.php(934): App\Controllers\DetailEvent->index()
 7 SYSTEMPATH/CodeIgniter.php(499): CodeIgniter\CodeIgniter->runController()
 8 SYSTEMPATH/CodeIgniter.php(368): CodeIgniter\CodeIgniter->handleRequest()
 9 FCPATH/index.php(67): CodeIgniter\CodeIgniter->run()
CRITICAL - 2024-01-17 02:34:45 --> Undefined variable $tgl
in APPPATH/Views/detailTour.php on line 23.
 1 APPPATH/Views/detailTour.php(23): CodeIgniter\Debug\Exceptions->errorHandler()
 2 SYSTEMPATH/View/View.php(213): include('/var/www/gohit/app/Views/detailTour.php')
 3 SYSTEMPATH/View/View.php(216): CodeIgniter\View\View->CodeIgniter\View\{closure}()
 4 SYSTEMPATH/Common.php(1184): CodeIgniter\View\View->render()
 5 APPPATH/Controllers/DetailEvent.php(151): view()
 6 SYSTEMPATH/CodeIgniter.php(934): App\Controllers\DetailEvent->index()
 7 SYSTEMPATH/CodeIgniter.php(499): CodeIgniter\CodeIgniter->runController()
 8 SYSTEMPATH/CodeIgniter.php(368): CodeIgniter\CodeIgniter->handleRequest()
 9 FCPATH/index.php(67): CodeIgniter\CodeIgniter->run()
CRITICAL - 2024-01-17 02:34:45 --> Undefined variable $tgl
in APPPATH/Views/detailTour.php on line 23.
 1 APPPATH/Views/detailTour.php(23): CodeIgniter\Debug\Exceptions->errorHandler()
 2 SYSTEMPATH/View/View.php(213): include('/var/www/gohit/app/Views/detailTour.php')
 3 SYSTEMPATH/View/View.php(216): CodeIgniter\View\View->CodeIgniter\View\{closure}()
 4 SYSTEMPATH/Common.php(1184): CodeIgniter\View\View->render()
 5 APPPATH/Controllers/DetailEvent.php(151): view()
 6 SYSTEMPATH/CodeIgniter.php(934): App\Controllers\DetailEvent->index()
 7 SYSTEMPATH/CodeIgniter.php(499): CodeIgniter\CodeIgniter->runController()
 8 SYSTEMPATH/CodeIgniter.php(368): CodeIgniter\CodeIgniter->handleRequest()
 9 FCPATH/index.php(67): CodeIgniter\CodeIgniter->run()
CRITICAL - 2024-01-17 02:34:46 --> Undefined variable $tgl
in APPPATH/Views/detailTour.php on line 23.
 1 APPPATH/Views/detailTour.php(23): CodeIgniter\Debug\Exceptions->errorHandler()
 2 SYSTEMPATH/View/View.php(213): include('/var/www/gohit/app/Views/detailTour.php')
 3 SYSTEMPATH/View/View.php(216): CodeIgniter\View\View->CodeIgniter\View\{closure}()
 4 SYSTEMPATH/Common.php(1184): CodeIgniter\View\View->render()
 5 APPPATH/Controllers/DetailEvent.php(151): view()
 6 SYSTEMPATH/CodeIgniter.php(934): App\Controllers\DetailEvent->index()
 7 SYSTEMPATH/CodeIgniter.php(499): CodeIgniter\CodeIgniter->runController()
 8 SYSTEMPATH/CodeIgniter.php(368): CodeIgniter\CodeIgniter->handleRequest()
 9 FCPATH/index.php(67): CodeIgniter\CodeIgniter->run()
CRITICAL - 2024-01-17 02:34:52 --> Undefined variable $tgl
in APPPATH/Views/detailTour.php on line 23.
 1 APPPATH/Views/detailTour.php(23): CodeIgniter\Debug\Exceptions->errorHandler()
 2 SYSTEMPATH/View/View.php(213): include('/var/www/gohit/app/Views/detailTour.php')
 3 SYSTEMPATH/View/View.php(216): CodeIgniter\View\View->CodeIgniter\View\{closure}()
 4 SYSTEMPATH/Common.php(1184): CodeIgniter\View\View->render()
 5 APPPATH/Controllers/DetailEvent.php(151): view()
 6 SYSTEMPATH/CodeIgniter.php(934): App\Controllers\DetailEvent->index()
 7 SYSTEMPATH/CodeIgniter.php(499): CodeIgniter\CodeIgniter->runController()
 8 SYSTEMPATH/CodeIgniter.php(368): CodeIgniter\CodeIgniter->handleRequest()
 9 FCPATH/index.php(67): CodeIgniter\CodeIgniter->run()
CRITICAL - 2024-01-17 02:34:52 --> Undefined variable $tgl
in APPPATH/Views/detailTour.php on line 23.
 1 APPPATH/Views/detailTour.php(23): CodeIgniter\Debug\Exceptions->errorHandler()
 2 SYSTEMPATH/View/View.php(213): include('/var/www/gohit/app/Views/detailTour.php')
 3 SYSTEMPATH/View/View.php(216): CodeIgniter\View\View->CodeIgniter\View\{closure}()
 4 SYSTEMPATH/Common.php(1184): CodeIgniter\View\View->render()
 5 APPPATH/Controllers/DetailEvent.php(151): view()
 6 SYSTEMPATH/CodeIgniter.php(934): App\Controllers\DetailEvent->index()
 7 SYSTEMPATH/CodeIgniter.php(499): CodeIgniter\CodeIgniter->runController()
 8 SYSTEMPATH/CodeIgniter.php(368): CodeIgniter\CodeIgniter->handleRequest()
 9 FCPATH/index.php(67): CodeIgniter\CodeIgniter->run()
CRITICAL - 2024-01-17 02:34:52 --> Undefined variable $tgl
in APPPATH/Views/detailTour.php on line 23.
 1 APPPATH/Views/detailTour.php(23): CodeIgniter\Debug\Exceptions->errorHandler()
 2 SYSTEMPATH/View/View.php(213): include('/var/www/gohit/app/Views/detailTour.php')
 3 SYSTEMPATH/View/View.php(216): CodeIgniter\View\View->CodeIgniter\View\{closure}()
 4 SYSTEMPATH/Common.php(1184): CodeIgniter\View\View->render()
 5 APPPATH/Controllers/DetailEvent.php(151): view()
 6 SYSTEMPATH/CodeIgniter.php(934): App\Controllers\DetailEvent->index()
 7 SYSTEMPATH/CodeIgniter.php(499): CodeIgniter\CodeIgniter->runController()
 8 SYSTEMPATH/CodeIgniter.php(368): CodeIgniter\CodeIgniter->handleRequest()
 9 FCPATH/index.php(67): CodeIgniter\CodeIgniter->run()
CRITICAL - 2024-01-17 02:45:17 --> Undefined variable $tgl
in APPPATH/Views/detaileventp.php on line 23.
 1 APPPATH/Views/detaileventp.php(23): CodeIgniter\Debug\Exceptions->errorHandler()
 2 SYSTEMPATH/View/View.php(213): include('/var/www/gohit/app/Views/detaileventp.php')
 3 SYSTEMPATH/View/View.php(216): CodeIgniter\View\View->CodeIgniter\View\{closure}()
 4 SYSTEMPATH/Common.php(1184): CodeIgniter\View\View->render()
 5 APPPATH/Controllers/DetailEvent.php(388): view()
 6 SYSTEMPATH/CodeIgniter.php(934): App\Controllers\DetailEvent->peserta()
 7 SYSTEMPATH/CodeIgniter.php(499): CodeIgniter\CodeIgniter->runController()
 8 SYSTEMPATH/CodeIgniter.php(368): CodeIgniter\CodeIgniter->handleRequest()
 9 FCPATH/index.php(67): CodeIgniter\CodeIgniter->run()
CRITICAL - 2024-01-17 02:45:17 --> Undefined variable $tgl
in APPPATH/Views/detaileventp.php on line 23.
 1 APPPATH/Views/detaileventp.php(23): CodeIgniter\Debug\Exceptions->errorHandler()
 2 SYSTEMPATH/View/View.php(213): include('/var/www/gohit/app/Views/detaileventp.php')
 3 SYSTEMPATH/View/View.php(216): CodeIgniter\View\View->CodeIgniter\View\{closure}()
 4 SYSTEMPATH/Common.php(1184): CodeIgniter\View\View->render()
 5 APPPATH/Controllers/DetailEvent.php(388): view()
 6 SYSTEMPATH/CodeIgniter.php(934): App\Controllers\DetailEvent->peserta()
 7 SYSTEMPATH/CodeIgniter.php(499): CodeIgniter\CodeIgniter->runController()
 8 SYSTEMPATH/CodeIgniter.php(368): CodeIgniter\CodeIgniter->handleRequest()
 9 FCPATH/index.php(67): CodeIgniter\CodeIgniter->run()
CRITICAL - 2024-01-17 02:45:18 --> Undefined variable $tgl
in APPPATH/Views/detaileventp.php on line 23.
 1 APPPATH/Views/detaileventp.php(23): CodeIgniter\Debug\Exceptions->errorHandler()
 2 SYSTEMPATH/View/View.php(213): include('/var/www/gohit/app/Views/detaileventp.php')
 3 SYSTEMPATH/View/View.php(216): CodeIgniter\View\View->CodeIgniter\View\{closure}()
 4 SYSTEMPATH/Common.php(1184): CodeIgniter\View\View->render()
 5 APPPATH/Controllers/DetailEvent.php(388): view()
 6 SYSTEMPATH/CodeIgniter.php(934): App\Controllers\DetailEvent->peserta()
 7 SYSTEMPATH/CodeIgniter.php(499): CodeIgniter\CodeIgniter->runController()
 8 SYSTEMPATH/CodeIgniter.php(368): CodeIgniter\CodeIgniter->handleRequest()
 9 FCPATH/index.php(67): CodeIgniter\CodeIgniter->run()
CRITICAL - 2024-01-17 02:48:28 --> Undefined variable $title
in APPPATH/Views/partial/header2.php on line 12.
 1 APPPATH/Views/partial/header2.php(12): CodeIgniter\Debug\Exceptions->errorHandler()
 2 SYSTEMPATH/View/View.php(213): include('/var/www/gohit/app/Views/partial/header2.php')
 3 SYSTEMPATH/View/View.php(216): CodeIgniter\View\View->CodeIgniter\View\{closure}()
 4 SYSTEMPATH/View/View.php(431): CodeIgniter\View\View->render()
 5 APPPATH/Views/list.php(1): CodeIgniter\View\View->include()
 6 SYSTEMPATH/View/View.php(213): include('/var/www/gohit/app/Views/list.php')
 7 SYSTEMPATH/View/View.php(216): CodeIgniter\View\View->CodeIgniter\View\{closure}()
 8 SYSTEMPATH/Common.php(1184): CodeIgniter\View\View->render()
 9 APPPATH/Controllers/Home.php(126): view()
10 SYSTEMPATH/CodeIgniter.php(934): App\Controllers\Home->list()
11 SYSTEMPATH/CodeIgniter.php(499): CodeIgniter\CodeIgniter->runController()
12 SYSTEMPATH/CodeIgniter.php(368): CodeIgniter\CodeIgniter->handleRequest()
13 FCPATH/index.php(67): CodeIgniter\CodeIgniter->run()
CRITICAL - 2024-01-17 02:48:32 --> Undefined variable $title
in APPPATH/Views/partial/header2.php on line 12.
 1 APPPATH/Views/partial/header2.php(12): CodeIgniter\Debug\Exceptions->errorHandler()
 2 SYSTEMPATH/View/View.php(213): include('/var/www/gohit/app/Views/partial/header2.php')
 3 SYSTEMPATH/View/View.php(216): CodeIgniter\View\View->CodeIgniter\View\{closure}()
 4 SYSTEMPATH/View/View.php(431): CodeIgniter\View\View->render()
 5 APPPATH/Views/allevent.php(1): CodeIgniter\View\View->include()
 6 SYSTEMPATH/View/View.php(213): include('/var/www/gohit/app/Views/allevent.php')
 7 SYSTEMPATH/View/View.php(216): CodeIgniter\View\View->CodeIgniter\View\{closure}()
 8 SYSTEMPATH/Common.php(1184): CodeIgniter\View\View->render()
 9 APPPATH/Controllers/DetailEvent.php(422): view()
10 SYSTEMPATH/CodeIgniter.php(934): App\Controllers\DetailEvent->list()
11 SYSTEMPATH/CodeIgniter.php(499): CodeIgniter\CodeIgniter->runController()
12 SYSTEMPATH/CodeIgniter.php(368): CodeIgniter\CodeIgniter->handleRequest()
13 FCPATH/index.php(67): CodeIgniter\CodeIgniter->run()
CRITICAL - 2024-01-17 02:48:38 --> Undefined variable $tgl
in APPPATH/Views/detailTour.php on line 23.
 1 APPPATH/Views/detailTour.php(23): CodeIgniter\Debug\Exceptions->errorHandler()
 2 SYSTEMPATH/View/View.php(213): include('/var/www/gohit/app/Views/detailTour.php')
 3 SYSTEMPATH/View/View.php(216): CodeIgniter\View\View->CodeIgniter\View\{closure}()
 4 SYSTEMPATH/Common.php(1184): CodeIgniter\View\View->render()
 5 APPPATH/Controllers/DetailEvent.php(241): view()
 6 SYSTEMPATH/CodeIgniter.php(934): App\Controllers\DetailEvent->index()
 7 SYSTEMPATH/CodeIgniter.php(499): CodeIgniter\CodeIgniter->runController()
 8 SYSTEMPATH/CodeIgniter.php(368): CodeIgniter\CodeIgniter->handleRequest()
 9 FCPATH/index.php(67): CodeIgniter\CodeIgniter->run()
CRITICAL - 2024-01-17 02:48:38 --> Undefined variable $tgl
in APPPATH/Views/detailTour.php on line 23.
 1 APPPATH/Views/detailTour.php(23): CodeIgniter\Debug\Exceptions->errorHandler()
 2 SYSTEMPATH/View/View.php(213): include('/var/www/gohit/app/Views/detailTour.php')
 3 SYSTEMPATH/View/View.php(216): CodeIgniter\View\View->CodeIgniter\View\{closure}()
 4 SYSTEMPATH/Common.php(1184): CodeIgniter\View\View->render()
 5 APPPATH/Controllers/DetailEvent.php(241): view()
 6 SYSTEMPATH/CodeIgniter.php(934): App\Controllers\DetailEvent->index()
 7 SYSTEMPATH/CodeIgniter.php(499): CodeIgniter\CodeIgniter->runController()
 8 SYSTEMPATH/CodeIgniter.php(368): CodeIgniter\CodeIgniter->handleRequest()
 9 FCPATH/index.php(67): CodeIgniter\CodeIgniter->run()
CRITICAL - 2024-01-17 02:48:38 --> Undefined variable $tgl
in APPPATH/Views/detailTour.php on line 23.
 1 APPPATH/Views/detailTour.php(23): CodeIgniter\Debug\Exceptions->errorHandler()
 2 SYSTEMPATH/View/View.php(213): include('/var/www/gohit/app/Views/detailTour.php')
 3 SYSTEMPATH/View/View.php(216): CodeIgniter\View\View->CodeIgniter\View\{closure}()
 4 SYSTEMPATH/Common.php(1184): CodeIgniter\View\View->render()
 5 APPPATH/Controllers/DetailEvent.php(241): view()
 6 SYSTEMPATH/CodeIgniter.php(934): App\Controllers\DetailEvent->index()
 7 SYSTEMPATH/CodeIgniter.php(499): CodeIgniter\CodeIgniter->runController()
 8 SYSTEMPATH/CodeIgniter.php(368): CodeIgniter\CodeIgniter->handleRequest()
 9 FCPATH/index.php(67): CodeIgniter\CodeIgniter->run()
CRITICAL - 2024-01-17 02:48:40 --> Undefined variable $title
in APPPATH/Views/partial/header2.php on line 12.
 1 APPPATH/Views/partial/header2.php(12): CodeIgniter\Debug\Exceptions->errorHandler()
 2 SYSTEMPATH/View/View.php(213): include('/var/www/gohit/app/Views/partial/header2.php')
 3 SYSTEMPATH/View/View.php(216): CodeIgniter\View\View->CodeIgniter\View\{closure}()
 4 SYSTEMPATH/View/View.php(431): CodeIgniter\View\View->render()
 5 APPPATH/Views/allevent.php(1): CodeIgniter\View\View->include()
 6 SYSTEMPATH/View/View.php(213): include('/var/www/gohit/app/Views/allevent.php')
 7 SYSTEMPATH/View/View.php(216): CodeIgniter\View\View->CodeIgniter\View\{closure}()
 8 SYSTEMPATH/Common.php(1184): CodeIgniter\View\View->render()
 9 APPPATH/Controllers/DetailEvent.php(422): view()
10 SYSTEMPATH/CodeIgniter.php(934): App\Controllers\DetailEvent->list()
11 SYSTEMPATH/CodeIgniter.php(499): CodeIgniter\CodeIgniter->runController()
12 SYSTEMPATH/CodeIgniter.php(368): CodeIgniter\CodeIgniter->handleRequest()
13 FCPATH/index.php(67): CodeIgniter\CodeIgniter->run()
CRITICAL - 2024-01-17 02:48:45 --> Undefined variable $tgl
in APPPATH/Views/detailTour.php on line 23.
 1 APPPATH/Views/detailTour.php(23): CodeIgniter\Debug\Exceptions->errorHandler()
 2 SYSTEMPATH/View/View.php(213): include('/var/www/gohit/app/Views/detailTour.php')
 3 SYSTEMPATH/View/View.php(216): CodeIgniter\View\View->CodeIgniter\View\{closure}()
 4 SYSTEMPATH/Common.php(1184): CodeIgniter\View\View->render()
 5 APPPATH/Controllers/DetailEvent.php(241): view()
 6 SYSTEMPATH/CodeIgniter.php(934): App\Controllers\DetailEvent->index()
 7 SYSTEMPATH/CodeIgniter.php(499): CodeIgniter\CodeIgniter->runController()
 8 SYSTEMPATH/CodeIgniter.php(368): CodeIgniter\CodeIgniter->handleRequest()
 9 FCPATH/index.php(67): CodeIgniter\CodeIgniter->run()
CRITICAL - 2024-01-17 02:48:45 --> Undefined variable $tgl
in APPPATH/Views/detailTour.php on line 23.
 1 APPPATH/Views/detailTour.php(23): CodeIgniter\Debug\Exceptions->errorHandler()
 2 SYSTEMPATH/View/View.php(213): include('/var/www/gohit/app/Views/detailTour.php')
 3 SYSTEMPATH/View/View.php(216): CodeIgniter\View\View->CodeIgniter\View\{closure}()
 4 SYSTEMPATH/Common.php(1184): CodeIgniter\View\View->render()
 5 APPPATH/Controllers/DetailEvent.php(241): view()
 6 SYSTEMPATH/CodeIgniter.php(934): App\Controllers\DetailEvent->index()
 7 SYSTEMPATH/CodeIgniter.php(499): CodeIgniter\CodeIgniter->runController()
 8 SYSTEMPATH/CodeIgniter.php(368): CodeIgniter\CodeIgniter->handleRequest()
 9 FCPATH/index.php(67): CodeIgniter\CodeIgniter->run()
CRITICAL - 2024-01-17 02:48:45 --> Undefined variable $tgl
in APPPATH/Views/detailTour.php on line 23.
 1 APPPATH/Views/detailTour.php(23): CodeIgniter\Debug\Exceptions->errorHandler()
 2 SYSTEMPATH/View/View.php(213): include('/var/www/gohit/app/Views/detailTour.php')
 3 SYSTEMPATH/View/View.php(216): CodeIgniter\View\View->CodeIgniter\View\{closure}()
 4 SYSTEMPATH/Common.php(1184): CodeIgniter\View\View->render()
 5 APPPATH/Controllers/DetailEvent.php(241): view()
 6 SYSTEMPATH/CodeIgniter.php(934): App\Controllers\DetailEvent->index()
 7 SYSTEMPATH/CodeIgniter.php(499): CodeIgniter\CodeIgniter->runController()
 8 SYSTEMPATH/CodeIgniter.php(368): CodeIgniter\CodeIgniter->handleRequest()
 9 FCPATH/index.php(67): CodeIgniter\CodeIgniter->run()
CRITICAL - 2024-01-17 02:49:00 --> Undefined variable $title
in APPPATH/Views/partial/header2.php on line 12.
 1 APPPATH/Views/partial/header2.php(12): CodeIgniter\Debug\Exceptions->errorHandler()
 2 SYSTEMPATH/View/View.php(213): include('/var/www/gohit/app/Views/partial/header2.php')
 3 SYSTEMPATH/View/View.php(216): CodeIgniter\View\View->CodeIgniter\View\{closure}()
 4 SYSTEMPATH/View/View.php(431): CodeIgniter\View\View->render()
 5 APPPATH/Views/allevent.php(1): CodeIgniter\View\View->include()
 6 SYSTEMPATH/View/View.php(213): include('/var/www/gohit/app/Views/allevent.php')
 7 SYSTEMPATH/View/View.php(216): CodeIgniter\View\View->CodeIgniter\View\{closure}()
 8 SYSTEMPATH/Common.php(1184): CodeIgniter\View\View->render()
 9 APPPATH/Controllers/DetailEvent.php(422): view()
10 SYSTEMPATH/CodeIgniter.php(934): App\Controllers\DetailEvent->list()
11 SYSTEMPATH/CodeIgniter.php(499): CodeIgniter\CodeIgniter->runController()
12 SYSTEMPATH/CodeIgniter.php(368): CodeIgniter\CodeIgniter->handleRequest()
13 FCPATH/index.php(67): CodeIgniter\CodeIgniter->run()
CRITICAL - 2024-01-17 02:49:03 --> Undefined variable $tgl
in APPPATH/Views/detailTour.php on line 23.
 1 APPPATH/Views/detailTour.php(23): CodeIgniter\Debug\Exceptions->errorHandler()
 2 SYSTEMPATH/View/View.php(213): include('/var/www/gohit/app/Views/detailTour.php')
 3 SYSTEMPATH/View/View.php(216): CodeIgniter\View\View->CodeIgniter\View\{closure}()
 4 SYSTEMPATH/Common.php(1184): CodeIgniter\View\View->render()
 5 APPPATH/Controllers/DetailEvent.php(241): view()
 6 SYSTEMPATH/CodeIgniter.php(934): App\Controllers\DetailEvent->index()
 7 SYSTEMPATH/CodeIgniter.php(499): CodeIgniter\CodeIgniter->runController()
 8 SYSTEMPATH/CodeIgniter.php(368): CodeIgniter\CodeIgniter->handleRequest()
 9 FCPATH/index.php(67): CodeIgniter\CodeIgniter->run()
CRITICAL - 2024-01-17 02:49:03 --> Undefined variable $tgl
in APPPATH/Views/detailTour.php on line 23.
 1 APPPATH/Views/detailTour.php(23): CodeIgniter\Debug\Exceptions->errorHandler()
 2 SYSTEMPATH/View/View.php(213): include('/var/www/gohit/app/Views/detailTour.php')
 3 SYSTEMPATH/View/View.php(216): CodeIgniter\View\View->CodeIgniter\View\{closure}()
 4 SYSTEMPATH/Common.php(1184): CodeIgniter\View\View->render()
 5 APPPATH/Controllers/DetailEvent.php(241): view()
 6 SYSTEMPATH/CodeIgniter.php(934): App\Controllers\DetailEvent->index()
 7 SYSTEMPATH/CodeIgniter.php(499): CodeIgniter\CodeIgniter->runController()
 8 SYSTEMPATH/CodeIgniter.php(368): CodeIgniter\CodeIgniter->handleRequest()
 9 FCPATH/index.php(67): CodeIgniter\CodeIgniter->run()
CRITICAL - 2024-01-17 02:49:03 --> Undefined variable $tgl
in APPPATH/Views/detailTour.php on line 23.
 1 APPPATH/Views/detailTour.php(23): CodeIgniter\Debug\Exceptions->errorHandler()
 2 SYSTEMPATH/View/View.php(213): include('/var/www/gohit/app/Views/detailTour.php')
 3 SYSTEMPATH/View/View.php(216): CodeIgniter\View\View->CodeIgniter\View\{closure}()
 4 SYSTEMPATH/Common.php(1184): CodeIgniter\View\View->render()
 5 APPPATH/Controllers/DetailEvent.php(241): view()
 6 SYSTEMPATH/CodeIgniter.php(934): App\Controllers\DetailEvent->index()
 7 SYSTEMPATH/CodeIgniter.php(499): CodeIgniter\CodeIgniter->runController()
 8 SYSTEMPATH/CodeIgniter.php(368): CodeIgniter\CodeIgniter->handleRequest()
 9 FCPATH/index.php(67): CodeIgniter\CodeIgniter->run()
CRITICAL - 2024-01-17 02:49:12 --> Undefined variable $title
in APPPATH/Views/partial/header2.php on line 12.
 1 APPPATH/Views/partial/header2.php(12): CodeIgniter\Debug\Exceptions->errorHandler()
 2 SYSTEMPATH/View/View.php(213): include('/var/www/gohit/app/Views/partial/header2.php')
 3 SYSTEMPATH/View/View.php(216): CodeIgniter\View\View->CodeIgniter\View\{closure}()
 4 SYSTEMPATH/View/View.php(431): CodeIgniter\View\View->render()
 5 APPPATH/Views/allevent.php(1): CodeIgniter\View\View->include()
 6 SYSTEMPATH/View/View.php(213): include('/var/www/gohit/app/Views/allevent.php')
 7 SYSTEMPATH/View/View.php(216): CodeIgniter\View\View->CodeIgniter\View\{closure}()
 8 SYSTEMPATH/Common.php(1184): CodeIgniter\View\View->render()
 9 APPPATH/Controllers/DetailEvent.php(422): view()
10 SYSTEMPATH/CodeIgniter.php(934): App\Controllers\DetailEvent->list()
11 SYSTEMPATH/CodeIgniter.php(499): CodeIgniter\CodeIgniter->runController()
12 SYSTEMPATH/CodeIgniter.php(368): CodeIgniter\CodeIgniter->handleRequest()
13 FCPATH/index.php(67): CodeIgniter\CodeIgniter->run()
CRITICAL - 2024-01-17 02:49:23 --> Undefined variable $title
in APPPATH/Views/partial/header2.php on line 12.
 1 APPPATH/Views/partial/header2.php(12): CodeIgniter\Debug\Exceptions->errorHandler()
 2 SYSTEMPATH/View/View.php(213): include('/var/www/gohit/app/Views/partial/header2.php')
 3 SYSTEMPATH/View/View.php(216): CodeIgniter\View\View->CodeIgniter\View\{closure}()
 4 SYSTEMPATH/View/View.php(431): CodeIgniter\View\View->render()
 5 APPPATH/Views/allevent.php(1): CodeIgniter\View\View->include()
 6 SYSTEMPATH/View/View.php(213): include('/var/www/gohit/app/Views/allevent.php')
 7 SYSTEMPATH/View/View.php(216): CodeIgniter\View\View->CodeIgniter\View\{closure}()
 8 SYSTEMPATH/Common.php(1184): CodeIgniter\View\View->render()
 9 APPPATH/Controllers/DetailEvent.php(422): view()
10 SYSTEMPATH/CodeIgniter.php(934): App\Controllers\DetailEvent->list()
11 SYSTEMPATH/CodeIgniter.php(499): CodeIgniter\CodeIgniter->runController()
12 SYSTEMPATH/CodeIgniter.php(368): CodeIgniter\CodeIgniter->handleRequest()
13 FCPATH/index.php(67): CodeIgniter\CodeIgniter->run()
CRITICAL - 2024-01-17 02:50:01 --> Undefined variable $tgl
in APPPATH/Views/detailTour.php on line 23.
 1 APPPATH/Views/detailTour.php(23): CodeIgniter\Debug\Exceptions->errorHandler()
 2 SYSTEMPATH/View/View.php(213): include('/var/www/gohit/app/Views/detailTour.php')
 3 SYSTEMPATH/View/View.php(216): CodeIgniter\View\View->CodeIgniter\View\{closure}()
 4 SYSTEMPATH/Common.php(1184): CodeIgniter\View\View->render()
 5 APPPATH/Controllers/DetailEvent.php(241): view()
 6 SYSTEMPATH/CodeIgniter.php(934): App\Controllers\DetailEvent->index()
 7 SYSTEMPATH/CodeIgniter.php(499): CodeIgniter\CodeIgniter->runController()
 8 SYSTEMPATH/CodeIgniter.php(368): CodeIgniter\CodeIgniter->handleRequest()
 9 FCPATH/index.php(67): CodeIgniter\CodeIgniter->run()
CRITICAL - 2024-01-17 02:50:01 --> Undefined variable $tgl
in APPPATH/Views/detailTour.php on line 23.
 1 APPPATH/Views/detailTour.php(23): CodeIgniter\Debug\Exceptions->errorHandler()
 2 SYSTEMPATH/View/View.php(213): include('/var/www/gohit/app/Views/detailTour.php')
 3 SYSTEMPATH/View/View.php(216): CodeIgniter\View\View->CodeIgniter\View\{closure}()
 4 SYSTEMPATH/Common.php(1184): CodeIgniter\View\View->render()
 5 APPPATH/Controllers/DetailEvent.php(241): view()
 6 SYSTEMPATH/CodeIgniter.php(934): App\Controllers\DetailEvent->index()
 7 SYSTEMPATH/CodeIgniter.php(499): CodeIgniter\CodeIgniter->runController()
 8 SYSTEMPATH/CodeIgniter.php(368): CodeIgniter\CodeIgniter->handleRequest()
 9 FCPATH/index.php(67): CodeIgniter\CodeIgniter->run()
CRITICAL - 2024-01-17 02:50:01 --> Undefined variable $tgl
in APPPATH/Views/detailTour.php on line 23.
 1 APPPATH/Views/detailTour.php(23): CodeIgniter\Debug\Exceptions->errorHandler()
 2 SYSTEMPATH/View/View.php(213): include('/var/www/gohit/app/Views/detailTour.php')
 3 SYSTEMPATH/View/View.php(216): CodeIgniter\View\View->CodeIgniter\View\{closure}()
 4 SYSTEMPATH/Common.php(1184): CodeIgniter\View\View->render()
 5 APPPATH/Controllers/DetailEvent.php(241): view()
 6 SYSTEMPATH/CodeIgniter.php(934): App\Controllers\DetailEvent->index()
 7 SYSTEMPATH/CodeIgniter.php(499): CodeIgniter\CodeIgniter->runController()
 8 SYSTEMPATH/CodeIgniter.php(368): CodeIgniter\CodeIgniter->handleRequest()
 9 FCPATH/index.php(67): CodeIgniter\CodeIgniter->run()
CRITICAL - 2024-01-17 02:50:52 --> Undefined variable $title
in APPPATH/Views/partial/header2.php on line 12.
 1 APPPATH/Views/partial/header2.php(12): CodeIgniter\Debug\Exceptions->errorHandler()
 2 SYSTEMPATH/View/View.php(213): include('/var/www/gohit/app/Views/partial/header2.php')
 3 SYSTEMPATH/View/View.php(216): CodeIgniter\View\View->CodeIgniter\View\{closure}()
 4 SYSTEMPATH/View/View.php(431): CodeIgniter\View\View->render()
 5 APPPATH/Views/allevent.php(1): CodeIgniter\View\View->include()
 6 SYSTEMPATH/View/View.php(213): include('/var/www/gohit/app/Views/allevent.php')
 7 SYSTEMPATH/View/View.php(216): CodeIgniter\View\View->CodeIgniter\View\{closure}()
 8 SYSTEMPATH/Common.php(1184): CodeIgniter\View\View->render()
 9 APPPATH/Controllers/DetailEvent.php(422): view()
10 SYSTEMPATH/CodeIgniter.php(934): App\Controllers\DetailEvent->list()
11 SYSTEMPATH/CodeIgniter.php(499): CodeIgniter\CodeIgniter->runController()
12 SYSTEMPATH/CodeIgniter.php(368): CodeIgniter\CodeIgniter->handleRequest()
13 FCPATH/index.php(67): CodeIgniter\CodeIgniter->run()
CRITICAL - 2024-01-17 02:50:54 --> Undefined variable $tgl
in APPPATH/Views/detailTour.php on line 23.
 1 APPPATH/Views/detailTour.php(23): CodeIgniter\Debug\Exceptions->errorHandler()
 2 SYSTEMPATH/View/View.php(213): include('/var/www/gohit/app/Views/detailTour.php')
 3 SYSTEMPATH/View/View.php(216): CodeIgniter\View\View->CodeIgniter\View\{closure}()
 4 SYSTEMPATH/Common.php(1184): CodeIgniter\View\View->render()
 5 APPPATH/Controllers/DetailEvent.php(241): view()
 6 SYSTEMPATH/CodeIgniter.php(934): App\Controllers\DetailEvent->index()
 7 SYSTEMPATH/CodeIgniter.php(499): CodeIgniter\CodeIgniter->runController()
 8 SYSTEMPATH/CodeIgniter.php(368): CodeIgniter\CodeIgniter->handleRequest()
 9 FCPATH/index.php(67): CodeIgniter\CodeIgniter->run()
CRITICAL - 2024-01-17 02:50:54 --> Undefined variable $tgl
in APPPATH/Views/detailTour.php on line 23.
 1 APPPATH/Views/detailTour.php(23): CodeIgniter\Debug\Exceptions->errorHandler()
 2 SYSTEMPATH/View/View.php(213): include('/var/www/gohit/app/Views/detailTour.php')
 3 SYSTEMPATH/View/View.php(216): CodeIgniter\View\View->CodeIgniter\View\{closure}()
 4 SYSTEMPATH/Common.php(1184): CodeIgniter\View\View->render()
 5 APPPATH/Controllers/DetailEvent.php(241): view()
 6 SYSTEMPATH/CodeIgniter.php(934): App\Controllers\DetailEvent->index()
 7 SYSTEMPATH/CodeIgniter.php(499): CodeIgniter\CodeIgniter->runController()
 8 SYSTEMPATH/CodeIgniter.php(368): CodeIgniter\CodeIgniter->handleRequest()
 9 FCPATH/index.php(67): CodeIgniter\CodeIgniter->run()
CRITICAL - 2024-01-17 02:50:55 --> Undefined variable $tgl
in APPPATH/Views/detailTour.php on line 23.
 1 APPPATH/Views/detailTour.php(23): CodeIgniter\Debug\Exceptions->errorHandler()
 2 SYSTEMPATH/View/View.php(213): include('/var/www/gohit/app/Views/detailTour.php')
 3 SYSTEMPATH/View/View.php(216): CodeIgniter\View\View->CodeIgniter\View\{closure}()
 4 SYSTEMPATH/Common.php(1184): CodeIgniter\View\View->render()
 5 APPPATH/Controllers/DetailEvent.php(241): view()
 6 SYSTEMPATH/CodeIgniter.php(934): App\Controllers\DetailEvent->index()
 7 SYSTEMPATH/CodeIgniter.php(499): CodeIgniter\CodeIgniter->runController()
 8 SYSTEMPATH/CodeIgniter.php(368): CodeIgniter\CodeIgniter->handleRequest()
 9 FCPATH/index.php(67): CodeIgniter\CodeIgniter->run()
CRITICAL - 2024-01-17 02:51:11 --> Undefined variable $title
in APPPATH/Views/partial/header2.php on line 12.
 1 APPPATH/Views/partial/header2.php(12): CodeIgniter\Debug\Exceptions->errorHandler()
 2 SYSTEMPATH/View/View.php(213): include('/var/www/gohit/app/Views/partial/header2.php')
 3 SYSTEMPATH/View/View.php(216): CodeIgniter\View\View->CodeIgniter\View\{closure}()
 4 SYSTEMPATH/View/View.php(431): CodeIgniter\View\View->render()
 5 APPPATH/Views/allevent.php(1): CodeIgniter\View\View->include()
 6 SYSTEMPATH/View/View.php(213): include('/var/www/gohit/app/Views/allevent.php')
 7 SYSTEMPATH/View/View.php(216): CodeIgniter\View\View->CodeIgniter\View\{closure}()
 8 SYSTEMPATH/Common.php(1184): CodeIgniter\View\View->render()
 9 APPPATH/Controllers/DetailEvent.php(422): view()
10 SYSTEMPATH/CodeIgniter.php(934): App\Controllers\DetailEvent->list()
11 SYSTEMPATH/CodeIgniter.php(499): CodeIgniter\CodeIgniter->runController()
12 SYSTEMPATH/CodeIgniter.php(368): CodeIgniter\CodeIgniter->handleRequest()
13 FCPATH/index.php(67): CodeIgniter\CodeIgniter->run()
CRITICAL - 2024-01-17 02:51:13 --> Undefined variable $tgl
in APPPATH/Views/detailTour.php on line 23.
 1 APPPATH/Views/detailTour.php(23): CodeIgniter\Debug\Exceptions->errorHandler()
 2 SYSTEMPATH/View/View.php(213): include('/var/www/gohit/app/Views/detailTour.php')
 3 SYSTEMPATH/View/View.php(216): CodeIgniter\View\View->CodeIgniter\View\{closure}()
 4 SYSTEMPATH/Common.php(1184): CodeIgniter\View\View->render()
 5 APPPATH/Controllers/DetailEvent.php(241): view()
 6 SYSTEMPATH/CodeIgniter.php(934): App\Controllers\DetailEvent->index()
 7 SYSTEMPATH/CodeIgniter.php(499): CodeIgniter\CodeIgniter->runController()
 8 SYSTEMPATH/CodeIgniter.php(368): CodeIgniter\CodeIgniter->handleRequest()
 9 FCPATH/index.php(67): CodeIgniter\CodeIgniter->run()
CRITICAL - 2024-01-17 02:51:13 --> Undefined variable $tgl
in APPPATH/Views/detailTour.php on line 23.
 1 APPPATH/Views/detailTour.php(23): CodeIgniter\Debug\Exceptions->errorHandler()
 2 SYSTEMPATH/View/View.php(213): include('/var/www/gohit/app/Views/detailTour.php')
 3 SYSTEMPATH/View/View.php(216): CodeIgniter\View\View->CodeIgniter\View\{closure}()
 4 SYSTEMPATH/Common.php(1184): CodeIgniter\View\View->render()
 5 APPPATH/Controllers/DetailEvent.php(241): view()
 6 SYSTEMPATH/CodeIgniter.php(934): App\Controllers\DetailEvent->index()
 7 SYSTEMPATH/CodeIgniter.php(499): CodeIgniter\CodeIgniter->runController()
 8 SYSTEMPATH/CodeIgniter.php(368): CodeIgniter\CodeIgniter->handleRequest()
 9 FCPATH/index.php(67): CodeIgniter\CodeIgniter->run()
CRITICAL - 2024-01-17 02:51:13 --> Undefined variable $tgl
in APPPATH/Views/detailTour.php on line 23.
 1 APPPATH/Views/detailTour.php(23): CodeIgniter\Debug\Exceptions->errorHandler()
 2 SYSTEMPATH/View/View.php(213): include('/var/www/gohit/app/Views/detailTour.php')
 3 SYSTEMPATH/View/View.php(216): CodeIgniter\View\View->CodeIgniter\View\{closure}()
 4 SYSTEMPATH/Common.php(1184): CodeIgniter\View\View->render()
 5 APPPATH/Controllers/DetailEvent.php(241): view()
 6 SYSTEMPATH/CodeIgniter.php(934): App\Controllers\DetailEvent->index()
 7 SYSTEMPATH/CodeIgniter.php(499): CodeIgniter\CodeIgniter->runController()
 8 SYSTEMPATH/CodeIgniter.php(368): CodeIgniter\CodeIgniter->handleRequest()
 9 FCPATH/index.php(67): CodeIgniter\CodeIgniter->run()
CRITICAL - 2024-01-17 02:51:26 --> Undefined variable $title
in APPPATH/Views/partial/header2.php on line 12.
 1 APPPATH/Views/partial/header2.php(12): CodeIgniter\Debug\Exceptions->errorHandler()
 2 SYSTEMPATH/View/View.php(213): include('/var/www/gohit/app/Views/partial/header2.php')
 3 SYSTEMPATH/View/View.php(216): CodeIgniter\View\View->CodeIgniter\View\{closure}()
 4 SYSTEMPATH/View/View.php(431): CodeIgniter\View\View->render()
 5 APPPATH/Views/allevent.php(1): CodeIgniter\View\View->include()
 6 SYSTEMPATH/View/View.php(213): include('/var/www/gohit/app/Views/allevent.php')
 7 SYSTEMPATH/View/View.php(216): CodeIgniter\View\View->CodeIgniter\View\{closure}()
 8 SYSTEMPATH/Common.php(1184): CodeIgniter\View\View->render()
 9 APPPATH/Controllers/DetailEvent.php(422): view()
10 SYSTEMPATH/CodeIgniter.php(934): App\Controllers\DetailEvent->list()
11 SYSTEMPATH/CodeIgniter.php(499): CodeIgniter\CodeIgniter->runController()
12 SYSTEMPATH/CodeIgniter.php(368): CodeIgniter\CodeIgniter->handleRequest()
13 FCPATH/index.php(67): CodeIgniter\CodeIgniter->run()
CRITICAL - 2024-01-17 02:53:01 --> Undefined variable $title
in APPPATH/Views/partial/header2.php on line 12.
 1 APPPATH/Views/partial/header2.php(12): CodeIgniter\Debug\Exceptions->errorHandler()
 2 SYSTEMPATH/View/View.php(213): include('/var/www/gohit/app/Views/partial/header2.php')
 3 SYSTEMPATH/View/View.php(216): CodeIgniter\View\View->CodeIgniter\View\{closure}()
 4 SYSTEMPATH/View/View.php(431): CodeIgniter\View\View->render()
 5 APPPATH/Views/allevent.php(1): CodeIgniter\View\View->include()
 6 SYSTEMPATH/View/View.php(213): include('/var/www/gohit/app/Views/allevent.php')
 7 SYSTEMPATH/View/View.php(216): CodeIgniter\View\View->CodeIgniter\View\{closure}()
 8 SYSTEMPATH/Common.php(1184): CodeIgniter\View\View->render()
 9 APPPATH/Controllers/DetailEvent.php(422): view()
10 SYSTEMPATH/CodeIgniter.php(934): App\Controllers\DetailEvent->list()
11 SYSTEMPATH/CodeIgniter.php(499): CodeIgniter\CodeIgniter->runController()
12 SYSTEMPATH/CodeIgniter.php(368): CodeIgniter\CodeIgniter->handleRequest()
13 FCPATH/index.php(67): CodeIgniter\CodeIgniter->run()
CRITICAL - 2024-01-17 02:56:27 --> Undefined variable $tgl
in APPPATH/Views/detaileventp.php on line 23.
 1 APPPATH/Views/detaileventp.php(23): CodeIgniter\Debug\Exceptions->errorHandler()
 2 SYSTEMPATH/View/View.php(213): include('/var/www/gohit/app/Views/detaileventp.php')
 3 SYSTEMPATH/View/View.php(216): CodeIgniter\View\View->CodeIgniter\View\{closure}()
 4 SYSTEMPATH/Common.php(1184): CodeIgniter\View\View->render()
 5 APPPATH/Controllers/DetailEvent.php(388): view()
 6 SYSTEMPATH/CodeIgniter.php(934): App\Controllers\DetailEvent->peserta()
 7 SYSTEMPATH/CodeIgniter.php(499): CodeIgniter\CodeIgniter->runController()
 8 SYSTEMPATH/CodeIgniter.php(368): CodeIgniter\CodeIgniter->handleRequest()
 9 FCPATH/index.php(67): CodeIgniter\CodeIgniter->run()
CRITICAL - 2024-01-17 02:56:27 --> Undefined variable $tgl
in APPPATH/Views/detaileventp.php on line 23.
 1 APPPATH/Views/detaileventp.php(23): CodeIgniter\Debug\Exceptions->errorHandler()
 2 SYSTEMPATH/View/View.php(213): include('/var/www/gohit/app/Views/detaileventp.php')
 3 SYSTEMPATH/View/View.php(216): CodeIgniter\View\View->CodeIgniter\View\{closure}()
 4 SYSTEMPATH/Common.php(1184): CodeIgniter\View\View->render()
 5 APPPATH/Controllers/DetailEvent.php(388): view()
 6 SYSTEMPATH/CodeIgniter.php(934): App\Controllers\DetailEvent->peserta()
 7 SYSTEMPATH/CodeIgniter.php(499): CodeIgniter\CodeIgniter->runController()
 8 SYSTEMPATH/CodeIgniter.php(368): CodeIgniter\CodeIgniter->handleRequest()
 9 FCPATH/index.php(67): CodeIgniter\CodeIgniter->run()
CRITICAL - 2024-01-17 02:56:27 --> Undefined variable $tgl
in APPPATH/Views/detaileventp.php on line 23.
 1 APPPATH/Views/detaileventp.php(23): CodeIgniter\Debug\Exceptions->errorHandler()
 2 SYSTEMPATH/View/View.php(213): include('/var/www/gohit/app/Views/detaileventp.php')
 3 SYSTEMPATH/View/View.php(216): CodeIgniter\View\View->CodeIgniter\View\{closure}()
 4 SYSTEMPATH/Common.php(1184): CodeIgniter\View\View->render()
 5 APPPATH/Controllers/DetailEvent.php(388): view()
 6 SYSTEMPATH/CodeIgniter.php(934): App\Controllers\DetailEvent->peserta()
 7 SYSTEMPATH/CodeIgniter.php(499): CodeIgniter\CodeIgniter->runController()
 8 SYSTEMPATH/CodeIgniter.php(368): CodeIgniter\CodeIgniter->handleRequest()
 9 FCPATH/index.php(67): CodeIgniter\CodeIgniter->run()
CRITICAL - 2024-01-17 02:57:14 --> Undefined variable $tgl
in APPPATH/Views/detaileventp.php on line 23.
 1 APPPATH/Views/detaileventp.php(23): CodeIgniter\Debug\Exceptions->errorHandler()
 2 SYSTEMPATH/View/View.php(213): include('/var/www/gohit/app/Views/detaileventp.php')
 3 SYSTEMPATH/View/View.php(216): CodeIgniter\View\View->CodeIgniter\View\{closure}()
 4 SYSTEMPATH/Common.php(1184): CodeIgniter\View\View->render()
 5 APPPATH/Controllers/DetailEvent.php(388): view()
 6 SYSTEMPATH/CodeIgniter.php(934): App\Controllers\DetailEvent->peserta()
 7 SYSTEMPATH/CodeIgniter.php(499): CodeIgniter\CodeIgniter->runController()
 8 SYSTEMPATH/CodeIgniter.php(368): CodeIgniter\CodeIgniter->handleRequest()
 9 FCPATH/index.php(67): CodeIgniter\CodeIgniter->run()
CRITICAL - 2024-01-17 02:57:14 --> Undefined variable $tgl
in APPPATH/Views/detaileventp.php on line 23.
 1 APPPATH/Views/detaileventp.php(23): CodeIgniter\Debug\Exceptions->errorHandler()
 2 SYSTEMPATH/View/View.php(213): include('/var/www/gohit/app/Views/detaileventp.php')
 3 SYSTEMPATH/View/View.php(216): CodeIgniter\View\View->CodeIgniter\View\{closure}()
 4 SYSTEMPATH/Common.php(1184): CodeIgniter\View\View->render()
 5 APPPATH/Controllers/DetailEvent.php(388): view()
 6 SYSTEMPATH/CodeIgniter.php(934): App\Controllers\DetailEvent->peserta()
 7 SYSTEMPATH/CodeIgniter.php(499): CodeIgniter\CodeIgniter->runController()
 8 SYSTEMPATH/CodeIgniter.php(368): CodeIgniter\CodeIgniter->handleRequest()
 9 FCPATH/index.php(67): CodeIgniter\CodeIgniter->run()
CRITICAL - 2024-01-17 02:57:15 --> Undefined variable $tgl
in APPPATH/Views/detaileventp.php on line 23.
 1 APPPATH/Views/detaileventp.php(23): CodeIgniter\Debug\Exceptions->errorHandler()
 2 SYSTEMPATH/View/View.php(213): include('/var/www/gohit/app/Views/detaileventp.php')
 3 SYSTEMPATH/View/View.php(216): CodeIgniter\View\View->CodeIgniter\View\{closure}()
 4 SYSTEMPATH/Common.php(1184): CodeIgniter\View\View->render()
 5 APPPATH/Controllers/DetailEvent.php(388): view()
 6 SYSTEMPATH/CodeIgniter.php(934): App\Controllers\DetailEvent->peserta()
 7 SYSTEMPATH/CodeIgniter.php(499): CodeIgniter\CodeIgniter->runController()
 8 SYSTEMPATH/CodeIgniter.php(368): CodeIgniter\CodeIgniter->handleRequest()
 9 FCPATH/index.php(67): CodeIgniter\CodeIgniter->run()
CRITICAL - 2024-01-17 02:57:31 --> Undefined variable $tgl
in APPPATH/Views/detaileventp.php on line 23.
 1 APPPATH/Views/detaileventp.php(23): CodeIgniter\Debug\Exceptions->errorHandler()
 2 SYSTEMPATH/View/View.php(213): include('/var/www/gohit/app/Views/detaileventp.php')
 3 SYSTEMPATH/View/View.php(216): CodeIgniter\View\View->CodeIgniter\View\{closure}()
 4 SYSTEMPATH/Common.php(1184): CodeIgniter\View\View->render()
 5 APPPATH/Controllers/DetailEvent.php(388): view()
 6 SYSTEMPATH/CodeIgniter.php(934): App\Controllers\DetailEvent->peserta()
 7 SYSTEMPATH/CodeIgniter.php(499): CodeIgniter\CodeIgniter->runController()
 8 SYSTEMPATH/CodeIgniter.php(368): CodeIgniter\CodeIgniter->handleRequest()
 9 FCPATH/index.php(67): CodeIgniter\CodeIgniter->run()
CRITICAL - 2024-01-17 02:57:31 --> Undefined variable $tgl
in APPPATH/Views/detaileventp.php on line 23.
 1 APPPATH/Views/detaileventp.php(23): CodeIgniter\Debug\Exceptions->errorHandler()
 2 SYSTEMPATH/View/View.php(213): include('/var/www/gohit/app/Views/detaileventp.php')
 3 SYSTEMPATH/View/View.php(216): CodeIgniter\View\View->CodeIgniter\View\{closure}()
 4 SYSTEMPATH/Common.php(1184): CodeIgniter\View\View->render()
 5 APPPATH/Controllers/DetailEvent.php(388): view()
 6 SYSTEMPATH/CodeIgniter.php(934): App\Controllers\DetailEvent->peserta()
 7 SYSTEMPATH/CodeIgniter.php(499): CodeIgniter\CodeIgniter->runController()
 8 SYSTEMPATH/CodeIgniter.php(368): CodeIgniter\CodeIgniter->handleRequest()
 9 FCPATH/index.php(67): CodeIgniter\CodeIgniter->run()
CRITICAL - 2024-01-17 02:57:31 --> Undefined variable $tgl
in APPPATH/Views/detaileventp.php on line 23.
 1 APPPATH/Views/detaileventp.php(23): CodeIgniter\Debug\Exceptions->errorHandler()
 2 SYSTEMPATH/View/View.php(213): include('/var/www/gohit/app/Views/detaileventp.php')
 3 SYSTEMPATH/View/View.php(216): CodeIgniter\View\View->CodeIgniter\View\{closure}()
 4 SYSTEMPATH/Common.php(1184): CodeIgniter\View\View->render()
 5 APPPATH/Controllers/DetailEvent.php(388): view()
 6 SYSTEMPATH/CodeIgniter.php(934): App\Controllers\DetailEvent->peserta()
 7 SYSTEMPATH/CodeIgniter.php(499): CodeIgniter\CodeIgniter->runController()
 8 SYSTEMPATH/CodeIgniter.php(368): CodeIgniter\CodeIgniter->handleRequest()
 9 FCPATH/index.php(67): CodeIgniter\CodeIgniter->run()
CRITICAL - 2024-01-17 02:57:48 --> Undefined variable $tgl
in APPPATH/Views/detaileventp.php on line 23.
 1 APPPATH/Views/detaileventp.php(23): CodeIgniter\Debug\Exceptions->errorHandler()
 2 SYSTEMPATH/View/View.php(213): include('/var/www/gohit/app/Views/detaileventp.php')
 3 SYSTEMPATH/View/View.php(216): CodeIgniter\View\View->CodeIgniter\View\{closure}()
 4 SYSTEMPATH/Common.php(1184): CodeIgniter\View\View->render()
 5 APPPATH/Controllers/DetailEvent.php(388): view()
 6 SYSTEMPATH/CodeIgniter.php(934): App\Controllers\DetailEvent->peserta()
 7 SYSTEMPATH/CodeIgniter.php(499): CodeIgniter\CodeIgniter->runController()
 8 SYSTEMPATH/CodeIgniter.php(368): CodeIgniter\CodeIgniter->handleRequest()
 9 FCPATH/index.php(67): CodeIgniter\CodeIgniter->run()
CRITICAL - 2024-01-17 02:57:48 --> Undefined variable $tgl
in APPPATH/Views/detaileventp.php on line 23.
 1 APPPATH/Views/detaileventp.php(23): CodeIgniter\Debug\Exceptions->errorHandler()
 2 SYSTEMPATH/View/View.php(213): include('/var/www/gohit/app/Views/detaileventp.php')
 3 SYSTEMPATH/View/View.php(216): CodeIgniter\View\View->CodeIgniter\View\{closure}()
 4 SYSTEMPATH/Common.php(1184): CodeIgniter\View\View->render()
 5 APPPATH/Controllers/DetailEvent.php(388): view()
 6 SYSTEMPATH/CodeIgniter.php(934): App\Controllers\DetailEvent->peserta()
 7 SYSTEMPATH/CodeIgniter.php(499): CodeIgniter\CodeIgniter->runController()
 8 SYSTEMPATH/CodeIgniter.php(368): CodeIgniter\CodeIgniter->handleRequest()
 9 FCPATH/index.php(67): CodeIgniter\CodeIgniter->run()
CRITICAL - 2024-01-17 02:57:49 --> Undefined variable $tgl
in APPPATH/Views/detaileventp.php on line 23.
 1 APPPATH/Views/detaileventp.php(23): CodeIgniter\Debug\Exceptions->errorHandler()
 2 SYSTEMPATH/View/View.php(213): include('/var/www/gohit/app/Views/detaileventp.php')
 3 SYSTEMPATH/View/View.php(216): CodeIgniter\View\View->CodeIgniter\View\{closure}()
 4 SYSTEMPATH/Common.php(1184): CodeIgniter\View\View->render()
 5 APPPATH/Controllers/DetailEvent.php(388): view()
 6 SYSTEMPATH/CodeIgniter.php(934): App\Controllers\DetailEvent->peserta()
 7 SYSTEMPATH/CodeIgniter.php(499): CodeIgniter\CodeIgniter->runController()
 8 SYSTEMPATH/CodeIgniter.php(368): CodeIgniter\CodeIgniter->handleRequest()
 9 FCPATH/index.php(67): CodeIgniter\CodeIgniter->run()
CRITICAL - 2024-01-17 02:57:56 --> Undefined variable $tgl
in APPPATH/Views/detaileventp.php on line 23.
 1 APPPATH/Views/detaileventp.php(23): CodeIgniter\Debug\Exceptions->errorHandler()
 2 SYSTEMPATH/View/View.php(213): include('/var/www/gohit/app/Views/detaileventp.php')
 3 SYSTEMPATH/View/View.php(216): CodeIgniter\View\View->CodeIgniter\View\{closure}()
 4 SYSTEMPATH/Common.php(1184): CodeIgniter\View\View->render()
 5 APPPATH/Controllers/DetailEvent.php(388): view()
 6 SYSTEMPATH/CodeIgniter.php(934): App\Controllers\DetailEvent->peserta()
 7 SYSTEMPATH/CodeIgniter.php(499): CodeIgniter\CodeIgniter->runController()
 8 SYSTEMPATH/CodeIgniter.php(368): CodeIgniter\CodeIgniter->handleRequest()
 9 FCPATH/index.php(67): CodeIgniter\CodeIgniter->run()
CRITICAL - 2024-01-17 02:57:56 --> Undefined variable $tgl
in APPPATH/Views/detaileventp.php on line 23.
 1 APPPATH/Views/detaileventp.php(23): CodeIgniter\Debug\Exceptions->errorHandler()
 2 SYSTEMPATH/View/View.php(213): include('/var/www/gohit/app/Views/detaileventp.php')
 3 SYSTEMPATH/View/View.php(216): CodeIgniter\View\View->CodeIgniter\View\{closure}()
 4 SYSTEMPATH/Common.php(1184): CodeIgniter\View\View->render()
 5 APPPATH/Controllers/DetailEvent.php(388): view()
 6 SYSTEMPATH/CodeIgniter.php(934): App\Controllers\DetailEvent->peserta()
 7 SYSTEMPATH/CodeIgniter.php(499): CodeIgniter\CodeIgniter->runController()
 8 SYSTEMPATH/CodeIgniter.php(368): CodeIgniter\CodeIgniter->handleRequest()
 9 FCPATH/index.php(67): CodeIgniter\CodeIgniter->run()
CRITICAL - 2024-01-17 02:57:56 --> Undefined variable $tgl
in APPPATH/Views/detaileventp.php on line 23.
 1 APPPATH/Views/detaileventp.php(23): CodeIgniter\Debug\Exceptions->errorHandler()
 2 SYSTEMPATH/View/View.php(213): include('/var/www/gohit/app/Views/detaileventp.php')
 3 SYSTEMPATH/View/View.php(216): CodeIgniter\View\View->CodeIgniter\View\{closure}()
 4 SYSTEMPATH/Common.php(1184): CodeIgniter\View\View->render()
 5 APPPATH/Controllers/DetailEvent.php(388): view()
 6 SYSTEMPATH/CodeIgniter.php(934): App\Controllers\DetailEvent->peserta()
 7 SYSTEMPATH/CodeIgniter.php(499): CodeIgniter\CodeIgniter->runController()
 8 SYSTEMPATH/CodeIgniter.php(368): CodeIgniter\CodeIgniter->handleRequest()
 9 FCPATH/index.php(67): CodeIgniter\CodeIgniter->run()
CRITICAL - 2024-01-17 02:58:01 --> Undefined variable $tgl
in APPPATH/Views/detaileventp.php on line 23.
 1 APPPATH/Views/detaileventp.php(23): CodeIgniter\Debug\Exceptions->errorHandler()
 2 SYSTEMPATH/View/View.php(213): include('/var/www/gohit/app/Views/detaileventp.php')
 3 SYSTEMPATH/View/View.php(216): CodeIgniter\View\View->CodeIgniter\View\{closure}()
 4 SYSTEMPATH/Common.php(1184): CodeIgniter\View\View->render()
 5 APPPATH/Controllers/DetailEvent.php(388): view()
 6 SYSTEMPATH/CodeIgniter.php(934): App\Controllers\DetailEvent->peserta()
 7 SYSTEMPATH/CodeIgniter.php(499): CodeIgniter\CodeIgniter->runController()
 8 SYSTEMPATH/CodeIgniter.php(368): CodeIgniter\CodeIgniter->handleRequest()
 9 FCPATH/index.php(67): CodeIgniter\CodeIgniter->run()
CRITICAL - 2024-01-17 02:58:01 --> Undefined variable $tgl
in APPPATH/Views/detaileventp.php on line 23.
 1 APPPATH/Views/detaileventp.php(23): CodeIgniter\Debug\Exceptions->errorHandler()
 2 SYSTEMPATH/View/View.php(213): include('/var/www/gohit/app/Views/detaileventp.php')
 3 SYSTEMPATH/View/View.php(216): CodeIgniter\View\View->CodeIgniter\View\{closure}()
 4 SYSTEMPATH/Common.php(1184): CodeIgniter\View\View->render()
 5 APPPATH/Controllers/DetailEvent.php(388): view()
 6 SYSTEMPATH/CodeIgniter.php(934): App\Controllers\DetailEvent->peserta()
 7 SYSTEMPATH/CodeIgniter.php(499): CodeIgniter\CodeIgniter->runController()
 8 SYSTEMPATH/CodeIgniter.php(368): CodeIgniter\CodeIgniter->handleRequest()
 9 FCPATH/index.php(67): CodeIgniter\CodeIgniter->run()
CRITICAL - 2024-01-17 02:58:02 --> Undefined variable $tgl
in APPPATH/Views/detaileventp.php on line 23.
 1 APPPATH/Views/detaileventp.php(23): CodeIgniter\Debug\Exceptions->errorHandler()
 2 SYSTEMPATH/View/View.php(213): include('/var/www/gohit/app/Views/detaileventp.php')
 3 SYSTEMPATH/View/View.php(216): CodeIgniter\View\View->CodeIgniter\View\{closure}()
 4 SYSTEMPATH/Common.php(1184): CodeIgniter\View\View->render()
 5 APPPATH/Controllers/DetailEvent.php(388): view()
 6 SYSTEMPATH/CodeIgniter.php(934): App\Controllers\DetailEvent->peserta()
 7 SYSTEMPATH/CodeIgniter.php(499): CodeIgniter\CodeIgniter->runController()
 8 SYSTEMPATH/CodeIgniter.php(368): CodeIgniter\CodeIgniter->handleRequest()
 9 FCPATH/index.php(67): CodeIgniter\CodeIgniter->run()
CRITICAL - 2024-01-17 02:58:22 --> Undefined variable $tgl
in APPPATH/Views/detaileventp.php on line 23.
 1 APPPATH/Views/detaileventp.php(23): CodeIgniter\Debug\Exceptions->errorHandler()
 2 SYSTEMPATH/View/View.php(213): include('/var/www/gohit/app/Views/detaileventp.php')
 3 SYSTEMPATH/View/View.php(216): CodeIgniter\View\View->CodeIgniter\View\{closure}()
 4 SYSTEMPATH/Common.php(1184): CodeIgniter\View\View->render()
 5 APPPATH/Controllers/DetailEvent.php(388): view()
 6 SYSTEMPATH/CodeIgniter.php(934): App\Controllers\DetailEvent->peserta()
 7 SYSTEMPATH/CodeIgniter.php(499): CodeIgniter\CodeIgniter->runController()
 8 SYSTEMPATH/CodeIgniter.php(368): CodeIgniter\CodeIgniter->handleRequest()
 9 FCPATH/index.php(67): CodeIgniter\CodeIgniter->run()
CRITICAL - 2024-01-17 02:58:22 --> Undefined variable $tgl
in APPPATH/Views/detaileventp.php on line 23.
 1 APPPATH/Views/detaileventp.php(23): CodeIgniter\Debug\Exceptions->errorHandler()
 2 SYSTEMPATH/View/View.php(213): include('/var/www/gohit/app/Views/detaileventp.php')
 3 SYSTEMPATH/View/View.php(216): CodeIgniter\View\View->CodeIgniter\View\{closure}()
 4 SYSTEMPATH/Common.php(1184): CodeIgniter\View\View->render()
 5 APPPATH/Controllers/DetailEvent.php(388): view()
 6 SYSTEMPATH/CodeIgniter.php(934): App\Controllers\DetailEvent->peserta()
 7 SYSTEMPATH/CodeIgniter.php(499): CodeIgniter\CodeIgniter->runController()
 8 SYSTEMPATH/CodeIgniter.php(368): CodeIgniter\CodeIgniter->handleRequest()
 9 FCPATH/index.php(67): CodeIgniter\CodeIgniter->run()
CRITICAL - 2024-01-17 02:58:22 --> Undefined variable $tgl
in APPPATH/Views/detaileventp.php on line 23.
 1 APPPATH/Views/detaileventp.php(23): CodeIgniter\Debug\Exceptions->errorHandler()
 2 SYSTEMPATH/View/View.php(213): include('/var/www/gohit/app/Views/detaileventp.php')
 3 SYSTEMPATH/View/View.php(216): CodeIgniter\View\View->CodeIgniter\View\{closure}()
 4 SYSTEMPATH/Common.php(1184): CodeIgniter\View\View->render()
 5 APPPATH/Controllers/DetailEvent.php(388): view()
 6 SYSTEMPATH/CodeIgniter.php(934): App\Controllers\DetailEvent->peserta()
 7 SYSTEMPATH/CodeIgniter.php(499): CodeIgniter\CodeIgniter->runController()
 8 SYSTEMPATH/CodeIgniter.php(368): CodeIgniter\CodeIgniter->handleRequest()
 9 FCPATH/index.php(67): CodeIgniter\CodeIgniter->run()
CRITICAL - 2024-01-17 02:58:30 --> Undefined variable $tgl
in APPPATH/Views/detaileventp.php on line 23.
 1 APPPATH/Views/detaileventp.php(23): CodeIgniter\Debug\Exceptions->errorHandler()
 2 SYSTEMPATH/View/View.php(213): include('/var/www/gohit/app/Views/detaileventp.php')
 3 SYSTEMPATH/View/View.php(216): CodeIgniter\View\View->CodeIgniter\View\{closure}()
 4 SYSTEMPATH/Common.php(1184): CodeIgniter\View\View->render()
 5 APPPATH/Controllers/DetailEvent.php(388): view()
 6 SYSTEMPATH/CodeIgniter.php(934): App\Controllers\DetailEvent->peserta()
 7 SYSTEMPATH/CodeIgniter.php(499): CodeIgniter\CodeIgniter->runController()
 8 SYSTEMPATH/CodeIgniter.php(368): CodeIgniter\CodeIgniter->handleRequest()
 9 FCPATH/index.php(67): CodeIgniter\CodeIgniter->run()
CRITICAL - 2024-01-17 02:58:30 --> Undefined variable $tgl
in APPPATH/Views/detaileventp.php on line 23.
 1 APPPATH/Views/detaileventp.php(23): CodeIgniter\Debug\Exceptions->errorHandler()
 2 SYSTEMPATH/View/View.php(213): include('/var/www/gohit/app/Views/detaileventp.php')
 3 SYSTEMPATH/View/View.php(216): CodeIgniter\View\View->CodeIgniter\View\{closure}()
 4 SYSTEMPATH/Common.php(1184): CodeIgniter\View\View->render()
 5 APPPATH/Controllers/DetailEvent.php(388): view()
 6 SYSTEMPATH/CodeIgniter.php(934): App\Controllers\DetailEvent->peserta()
 7 SYSTEMPATH/CodeIgniter.php(499): CodeIgniter\CodeIgniter->runController()
 8 SYSTEMPATH/CodeIgniter.php(368): CodeIgniter\CodeIgniter->handleRequest()
 9 FCPATH/index.php(67): CodeIgniter\CodeIgniter->run()
CRITICAL - 2024-01-17 02:58:30 --> Undefined variable $tgl
in APPPATH/Views/detaileventp.php on line 23.
 1 APPPATH/Views/detaileventp.php(23): CodeIgniter\Debug\Exceptions->errorHandler()
 2 SYSTEMPATH/View/View.php(213): include('/var/www/gohit/app/Views/detaileventp.php')
 3 SYSTEMPATH/View/View.php(216): CodeIgniter\View\View->CodeIgniter\View\{closure}()
 4 SYSTEMPATH/Common.php(1184): CodeIgniter\View\View->render()
 5 APPPATH/Controllers/DetailEvent.php(388): view()
 6 SYSTEMPATH/CodeIgniter.php(934): App\Controllers\DetailEvent->peserta()
 7 SYSTEMPATH/CodeIgniter.php(499): CodeIgniter\CodeIgniter->runController()
 8 SYSTEMPATH/CodeIgniter.php(368): CodeIgniter\CodeIgniter->handleRequest()
 9 FCPATH/index.php(67): CodeIgniter\CodeIgniter->run()
CRITICAL - 2024-01-17 02:58:33 --> Undefined variable $tgl
in APPPATH/Views/detaileventp.php on line 23.
 1 APPPATH/Views/detaileventp.php(23): CodeIgniter\Debug\Exceptions->errorHandler()
 2 SYSTEMPATH/View/View.php(213): include('/var/www/gohit/app/Views/detaileventp.php')
 3 SYSTEMPATH/View/View.php(216): CodeIgniter\View\View->CodeIgniter\View\{closure}()
 4 SYSTEMPATH/Common.php(1184): CodeIgniter\View\View->render()
 5 APPPATH/Controllers/DetailEvent.php(388): view()
 6 SYSTEMPATH/CodeIgniter.php(934): App\Controllers\DetailEvent->peserta()
 7 SYSTEMPATH/CodeIgniter.php(499): CodeIgniter\CodeIgniter->runController()
 8 SYSTEMPATH/CodeIgniter.php(368): CodeIgniter\CodeIgniter->handleRequest()
 9 FCPATH/index.php(67): CodeIgniter\CodeIgniter->run()
CRITICAL - 2024-01-17 02:58:34 --> Undefined variable $tgl
in APPPATH/Views/detaileventp.php on line 23.
 1 APPPATH/Views/detaileventp.php(23): CodeIgniter\Debug\Exceptions->errorHandler()
 2 SYSTEMPATH/View/View.php(213): include('/var/www/gohit/app/Views/detaileventp.php')
 3 SYSTEMPATH/View/View.php(216): CodeIgniter\View\View->CodeIgniter\View\{closure}()
 4 SYSTEMPATH/Common.php(1184): CodeIgniter\View\View->render()
 5 APPPATH/Controllers/DetailEvent.php(388): view()
 6 SYSTEMPATH/CodeIgniter.php(934): App\Controllers\DetailEvent->peserta()
 7 SYSTEMPATH/CodeIgniter.php(499): CodeIgniter\CodeIgniter->runController()
 8 SYSTEMPATH/CodeIgniter.php(368): CodeIgniter\CodeIgniter->handleRequest()
 9 FCPATH/index.php(67): CodeIgniter\CodeIgniter->run()
CRITICAL - 2024-01-17 02:58:34 --> Undefined variable $tgl
in APPPATH/Views/detaileventp.php on line 23.
 1 APPPATH/Views/detaileventp.php(23): CodeIgniter\Debug\Exceptions->errorHandler()
 2 SYSTEMPATH/View/View.php(213): include('/var/www/gohit/app/Views/detaileventp.php')
 3 SYSTEMPATH/View/View.php(216): CodeIgniter\View\View->CodeIgniter\View\{closure}()
 4 SYSTEMPATH/Common.php(1184): CodeIgniter\View\View->render()
 5 APPPATH/Controllers/DetailEvent.php(388): view()
 6 SYSTEMPATH/CodeIgniter.php(934): App\Controllers\DetailEvent->peserta()
 7 SYSTEMPATH/CodeIgniter.php(499): CodeIgniter\CodeIgniter->runController()
 8 SYSTEMPATH/CodeIgniter.php(368): CodeIgniter\CodeIgniter->handleRequest()
 9 FCPATH/index.php(67): CodeIgniter\CodeIgniter->run()
