CRITICAL - 2024-06-06 03:54:09 --> Midtrans API is returning API error. HTTP status code: 400 API response: {"error_messages":["customer_details.email format is invalid"]}
in VENDORPATH/midtrans/midtrans-php/Midtrans/ApiRequestor.php on line 167.
 1 VENDORPATH/midtrans/midtrans-php/Midtrans/ApiRequestor.php(39): Midtrans\ApiRequestor::remoteCall()
 2 VENDORPATH/midtrans/midtrans-php/Midtrans/Snap.php(109): Midtrans\ApiRequestor::post()
 3 VENDORPATH/midtrans/midtrans-php/Midtrans/Snap.php(36): Midtrans\Snap::createTransaction()
 4 APPPATH/Controllers/Home.php(79): Midtrans\Snap::getSnapToken()
 5 SYSTEMPATH/CodeIgniter.php(934): App\Controllers\Home->home()
 6 SYSTEMPATH/CodeIgniter.php(499): CodeIgniter\CodeIgniter->runController()
 7 SYSTEMPATH/CodeIgniter.php(368): CodeIgniter\CodeIgniter->handleRequest()
 8 FCPATH/index.php(67): CodeIgniter\CodeIgniter->run()
CRITICAL - 2024-06-06 06:45:41 --> Midtrans API is returning API error. HTTP status code: 400 API response: {"error_messages":["customer_details.email format is invalid"]}
in VENDORPATH/midtrans/midtrans-php/Midtrans/ApiRequestor.php on line 167.
 1 VENDORPATH/midtrans/midtrans-php/Midtrans/ApiRequestor.php(39): Midtrans\ApiRequestor::remoteCall()
 2 VENDORPATH/midtrans/midtrans-php/Midtrans/Snap.php(109): Midtrans\ApiRequestor::post()
 3 VENDORPATH/midtrans/midtrans-php/Midtrans/Snap.php(36): Midtrans\Snap::createTransaction()
 4 APPPATH/Controllers/Home.php(79): Midtrans\Snap::getSnapToken()
 5 SYSTEMPATH/CodeIgniter.php(934): App\Controllers\Home->home()
 6 SYSTEMPATH/CodeIgniter.php(499): CodeIgniter\CodeIgniter->runController()
 7 SYSTEMPATH/CodeIgniter.php(368): CodeIgniter\CodeIgniter->handleRequest()
 8 FCPATH/index.php(67): CodeIgniter\CodeIgniter->run()
