INFO - 2024-01-03 09:42:57 --> Session: Class initialized using 'CodeIgniter\Session\Handlers\FileHandler' driver.
ERROR - 2024-01-03 09:43:01 --> Error connecting to the database: mysqli_sql_exception: No connection could be made because the target machine actively refused it in C:\Users\nbasu\Pictures\GohitMVP\system\Database\MySQLi\Connection.php:174
Stack trace:
#0 C:\Users\nbasu\Pictures\GohitMVP\system\Database\MySQLi\Connection.php(174): mysqli->real_connect('localhost', 'root', '', 'gohit', 3306, '', 0)
#1 C:\Users\nbasu\Pictures\GohitMVP\system\Database\BaseConnection.php(391): CodeIgniter\Database\MySQLi\Connection->connect(false)
#2 C:\Users\nbasu\Pictures\GohitMVP\system\Database\BaseConnection.php(573): CodeIgniter\Database\BaseConnection->initialize()
#3 C:\Users\nbasu\Pictures\GohitMVP\system\Database\BaseBuilder.php(1616): CodeIgniter\Database\BaseConnection->query('SELECT *\nFROM `...', Array, false)
#4 C:\Users\nbasu\Pictures\GohitMVP\system\Model.php(241): CodeIgniter\Database\BaseBuilder->get()
#5 C:\Users\nbasu\Pictures\GohitMVP\system\BaseModel.php(618): CodeIgniter\Model->doFindAll(3, 0)
#6 C:\Users\nbasu\Pictures\GohitMVP\app\Controllers\Home.php(44): CodeIgniter\BaseModel->findAll(3)
#7 C:\Users\nbasu\Pictures\GohitMVP\system\CodeIgniter.php(934): App\Controllers\Home->home()
#8 C:\Users\nbasu\Pictures\GohitMVP\system\CodeIgniter.php(499): CodeIgniter\CodeIgniter->runController(Object(App\Controllers\Home))
#9 C:\Users\nbasu\Pictures\GohitMVP\system\CodeIgniter.php(368): CodeIgniter\CodeIgniter->handleRequest(NULL, Object(Config\Cache), false)
#10 C:\Users\nbasu\Pictures\GohitMVP\public\index.php(67): CodeIgniter\CodeIgniter->run()
#11 C:\Users\nbasu\Pictures\GohitMVP\system\Commands\Server\rewrite.php(47): require_once('C:\\Users\\nbasu\\...')
#12 {main}

Next CodeIgniter\Database\Exceptions\DatabaseException: No connection could be made because the target machine actively refused it in C:\Users\nbasu\Pictures\GohitMVP\system\Database\MySQLi\Connection.php:218
Stack trace:
#0 C:\Users\nbasu\Pictures\GohitMVP\system\Database\BaseConnection.php(391): CodeIgniter\Database\MySQLi\Connection->connect(false)
#1 C:\Users\nbasu\Pictures\GohitMVP\system\Database\BaseConnection.php(573): CodeIgniter\Database\BaseConnection->initialize()
#2 C:\Users\nbasu\Pictures\GohitMVP\system\Database\BaseBuilder.php(1616): CodeIgniter\Database\BaseConnection->query('SELECT *\nFROM `...', Array, false)
#3 C:\Users\nbasu\Pictures\GohitMVP\system\Model.php(241): CodeIgniter\Database\BaseBuilder->get()
#4 C:\Users\nbasu\Pictures\GohitMVP\system\BaseModel.php(618): CodeIgniter\Model->doFindAll(3, 0)
#5 C:\Users\nbasu\Pictures\GohitMVP\app\Controllers\Home.php(44): CodeIgniter\BaseModel->findAll(3)
#6 C:\Users\nbasu\Pictures\GohitMVP\system\CodeIgniter.php(934): App\Controllers\Home->home()
#7 C:\Users\nbasu\Pictures\GohitMVP\system\CodeIgniter.php(499): CodeIgniter\CodeIgniter->runController(Object(App\Controllers\Home))
#8 C:\Users\nbasu\Pictures\GohitMVP\system\CodeIgniter.php(368): CodeIgniter\CodeIgniter->handleRequest(NULL, Object(Config\Cache), false)
#9 C:\Users\nbasu\Pictures\GohitMVP\public\index.php(67): CodeIgniter\CodeIgniter->run()
#10 C:\Users\nbasu\Pictures\GohitMVP\system\Commands\Server\rewrite.php(47): require_once('C:\\Users\\nbasu\\...')
#11 {main}
CRITICAL - 2024-01-03 09:43:01 --> Unable to connect to the database.
Main connection [MySQLi]: No connection could be made because the target machine actively refused it
in SYSTEMPATH\Database\BaseConnection.php on line 427.
 1 SYSTEMPATH\Database\BaseConnection.php(573): CodeIgniter\Database\BaseConnection->initialize()
 2 SYSTEMPATH\Database\BaseBuilder.php(1616): CodeIgniter\Database\BaseConnection->query('SELECT *
FROM `event`
 LIMIT 3', [], false)
 3 SYSTEMPATH\Model.php(241): CodeIgniter\Database\BaseBuilder->get()
 4 SYSTEMPATH\BaseModel.php(618): CodeIgniter\Model->doFindAll(3, 0)
 5 APPPATH\Controllers\Home.php(44): CodeIgniter\BaseModel->findAll(3)
 6 SYSTEMPATH\CodeIgniter.php(934): App\Controllers\Home->home()
 7 SYSTEMPATH\CodeIgniter.php(499): CodeIgniter\CodeIgniter->runController(Object(App\Controllers\Home))
 8 SYSTEMPATH\CodeIgniter.php(368): CodeIgniter\CodeIgniter->handleRequest(null, Object(Config\Cache), false)
 9 FCPATH\index.php(67): CodeIgniter\CodeIgniter->run()
10 SYSTEMPATH\Commands\Server\rewrite.php(47): require_once('C:\\Users\\nbasu\\Pictures\\GohitMVP\\public\\index.php')
INFO - 2024-01-03 09:43:10 --> Session: Class initialized using 'CodeIgniter\Session\Handlers\FileHandler' driver.
ERROR - 2024-01-03 09:43:15 --> Error connecting to the database: mysqli_sql_exception: No connection could be made because the target machine actively refused it in C:\Users\nbasu\Pictures\GohitMVP\system\Database\MySQLi\Connection.php:174
Stack trace:
#0 C:\Users\nbasu\Pictures\GohitMVP\system\Database\MySQLi\Connection.php(174): mysqli->real_connect('localhost', 'root', '', 'gohit', 3306, '', 0)
#1 C:\Users\nbasu\Pictures\GohitMVP\system\Database\BaseConnection.php(391): CodeIgniter\Database\MySQLi\Connection->connect(false)
#2 C:\Users\nbasu\Pictures\GohitMVP\system\Database\BaseConnection.php(573): CodeIgniter\Database\BaseConnection->initialize()
#3 C:\Users\nbasu\Pictures\GohitMVP\system\Database\BaseBuilder.php(1616): CodeIgniter\Database\BaseConnection->query('SELECT *\nFROM `...', Array, false)
#4 C:\Users\nbasu\Pictures\GohitMVP\system\Model.php(241): CodeIgniter\Database\BaseBuilder->get()
#5 C:\Users\nbasu\Pictures\GohitMVP\system\BaseModel.php(618): CodeIgniter\Model->doFindAll(3, 0)
#6 C:\Users\nbasu\Pictures\GohitMVP\app\Controllers\Home.php(44): CodeIgniter\BaseModel->findAll(3)
#7 C:\Users\nbasu\Pictures\GohitMVP\system\CodeIgniter.php(934): App\Controllers\Home->home()
#8 C:\Users\nbasu\Pictures\GohitMVP\system\CodeIgniter.php(499): CodeIgniter\CodeIgniter->runController(Object(App\Controllers\Home))
#9 C:\Users\nbasu\Pictures\GohitMVP\system\CodeIgniter.php(368): CodeIgniter\CodeIgniter->handleRequest(NULL, Object(Config\Cache), false)
#10 C:\Users\nbasu\Pictures\GohitMVP\public\index.php(67): CodeIgniter\CodeIgniter->run()
#11 C:\Users\nbasu\Pictures\GohitMVP\system\Commands\Server\rewrite.php(47): require_once('C:\\Users\\nbasu\\...')
#12 {main}

Next CodeIgniter\Database\Exceptions\DatabaseException: No connection could be made because the target machine actively refused it in C:\Users\nbasu\Pictures\GohitMVP\system\Database\MySQLi\Connection.php:218
Stack trace:
#0 C:\Users\nbasu\Pictures\GohitMVP\system\Database\BaseConnection.php(391): CodeIgniter\Database\MySQLi\Connection->connect(false)
#1 C:\Users\nbasu\Pictures\GohitMVP\system\Database\BaseConnection.php(573): CodeIgniter\Database\BaseConnection->initialize()
#2 C:\Users\nbasu\Pictures\GohitMVP\system\Database\BaseBuilder.php(1616): CodeIgniter\Database\BaseConnection->query('SELECT *\nFROM `...', Array, false)
#3 C:\Users\nbasu\Pictures\GohitMVP\system\Model.php(241): CodeIgniter\Database\BaseBuilder->get()
#4 C:\Users\nbasu\Pictures\GohitMVP\system\BaseModel.php(618): CodeIgniter\Model->doFindAll(3, 0)
#5 C:\Users\nbasu\Pictures\GohitMVP\app\Controllers\Home.php(44): CodeIgniter\BaseModel->findAll(3)
#6 C:\Users\nbasu\Pictures\GohitMVP\system\CodeIgniter.php(934): App\Controllers\Home->home()
#7 C:\Users\nbasu\Pictures\GohitMVP\system\CodeIgniter.php(499): CodeIgniter\CodeIgniter->runController(Object(App\Controllers\Home))
#8 C:\Users\nbasu\Pictures\GohitMVP\system\CodeIgniter.php(368): CodeIgniter\CodeIgniter->handleRequest(NULL, Object(Config\Cache), false)
#9 C:\Users\nbasu\Pictures\GohitMVP\public\index.php(67): CodeIgniter\CodeIgniter->run()
#10 C:\Users\nbasu\Pictures\GohitMVP\system\Commands\Server\rewrite.php(47): require_once('C:\\Users\\nbasu\\...')
#11 {main}
CRITICAL - 2024-01-03 09:43:15 --> Unable to connect to the database.
Main connection [MySQLi]: No connection could be made because the target machine actively refused it
in SYSTEMPATH\Database\BaseConnection.php on line 427.
 1 SYSTEMPATH\Database\BaseConnection.php(573): CodeIgniter\Database\BaseConnection->initialize()
 2 SYSTEMPATH\Database\BaseBuilder.php(1616): CodeIgniter\Database\BaseConnection->query('SELECT *
FROM `event`
 LIMIT 3', [], false)
 3 SYSTEMPATH\Model.php(241): CodeIgniter\Database\BaseBuilder->get()
 4 SYSTEMPATH\BaseModel.php(618): CodeIgniter\Model->doFindAll(3, 0)
 5 APPPATH\Controllers\Home.php(44): CodeIgniter\BaseModel->findAll(3)
 6 SYSTEMPATH\CodeIgniter.php(934): App\Controllers\Home->home()
 7 SYSTEMPATH\CodeIgniter.php(499): CodeIgniter\CodeIgniter->runController(Object(App\Controllers\Home))
 8 SYSTEMPATH\CodeIgniter.php(368): CodeIgniter\CodeIgniter->handleRequest(null, Object(Config\Cache), false)
 9 FCPATH\index.php(67): CodeIgniter\CodeIgniter->run()
10 SYSTEMPATH\Commands\Server\rewrite.php(47): require_once('C:\\Users\\nbasu\\Pictures\\GohitMVP\\public\\index.php')
INFO - 2024-01-03 09:43:19 --> Session: Class initialized using 'CodeIgniter\Session\Handlers\FileHandler' driver.
ERROR - 2024-01-03 09:43:23 --> Error connecting to the database: mysqli_sql_exception: No connection could be made because the target machine actively refused it in C:\Users\nbasu\Pictures\GohitMVP\system\Database\MySQLi\Connection.php:174
Stack trace:
#0 C:\Users\nbasu\Pictures\GohitMVP\system\Database\MySQLi\Connection.php(174): mysqli->real_connect('localhost', 'root', '', 'gohit', 3306, '', 0)
#1 C:\Users\nbasu\Pictures\GohitMVP\system\Database\BaseConnection.php(391): CodeIgniter\Database\MySQLi\Connection->connect(false)
#2 C:\Users\nbasu\Pictures\GohitMVP\system\Database\BaseConnection.php(573): CodeIgniter\Database\BaseConnection->initialize()
#3 C:\Users\nbasu\Pictures\GohitMVP\system\Database\BaseBuilder.php(1616): CodeIgniter\Database\BaseConnection->query('SELECT *\nFROM `...', Array, false)
#4 C:\Users\nbasu\Pictures\GohitMVP\system\Model.php(241): CodeIgniter\Database\BaseBuilder->get()
#5 C:\Users\nbasu\Pictures\GohitMVP\system\BaseModel.php(618): CodeIgniter\Model->doFindAll(3, 0)
#6 C:\Users\nbasu\Pictures\GohitMVP\app\Controllers\Home.php(44): CodeIgniter\BaseModel->findAll(3)
#7 C:\Users\nbasu\Pictures\GohitMVP\system\CodeIgniter.php(934): App\Controllers\Home->home()
#8 C:\Users\nbasu\Pictures\GohitMVP\system\CodeIgniter.php(499): CodeIgniter\CodeIgniter->runController(Object(App\Controllers\Home))
#9 C:\Users\nbasu\Pictures\GohitMVP\system\CodeIgniter.php(368): CodeIgniter\CodeIgniter->handleRequest(NULL, Object(Config\Cache), false)
#10 C:\Users\nbasu\Pictures\GohitMVP\public\index.php(67): CodeIgniter\CodeIgniter->run()
#11 C:\Users\nbasu\Pictures\GohitMVP\system\Commands\Server\rewrite.php(47): require_once('C:\\Users\\nbasu\\...')
#12 {main}

Next CodeIgniter\Database\Exceptions\DatabaseException: No connection could be made because the target machine actively refused it in C:\Users\nbasu\Pictures\GohitMVP\system\Database\MySQLi\Connection.php:218
Stack trace:
#0 C:\Users\nbasu\Pictures\GohitMVP\system\Database\BaseConnection.php(391): CodeIgniter\Database\MySQLi\Connection->connect(false)
#1 C:\Users\nbasu\Pictures\GohitMVP\system\Database\BaseConnection.php(573): CodeIgniter\Database\BaseConnection->initialize()
#2 C:\Users\nbasu\Pictures\GohitMVP\system\Database\BaseBuilder.php(1616): CodeIgniter\Database\BaseConnection->query('SELECT *\nFROM `...', Array, false)
#3 C:\Users\nbasu\Pictures\GohitMVP\system\Model.php(241): CodeIgniter\Database\BaseBuilder->get()
#4 C:\Users\nbasu\Pictures\GohitMVP\system\BaseModel.php(618): CodeIgniter\Model->doFindAll(3, 0)
#5 C:\Users\nbasu\Pictures\GohitMVP\app\Controllers\Home.php(44): CodeIgniter\BaseModel->findAll(3)
#6 C:\Users\nbasu\Pictures\GohitMVP\system\CodeIgniter.php(934): App\Controllers\Home->home()
#7 C:\Users\nbasu\Pictures\GohitMVP\system\CodeIgniter.php(499): CodeIgniter\CodeIgniter->runController(Object(App\Controllers\Home))
#8 C:\Users\nbasu\Pictures\GohitMVP\system\CodeIgniter.php(368): CodeIgniter\CodeIgniter->handleRequest(NULL, Object(Config\Cache), false)
#9 C:\Users\nbasu\Pictures\GohitMVP\public\index.php(67): CodeIgniter\CodeIgniter->run()
#10 C:\Users\nbasu\Pictures\GohitMVP\system\Commands\Server\rewrite.php(47): require_once('C:\\Users\\nbasu\\...')
#11 {main}
CRITICAL - 2024-01-03 09:43:23 --> Unable to connect to the database.
Main connection [MySQLi]: No connection could be made because the target machine actively refused it
in SYSTEMPATH\Database\BaseConnection.php on line 427.
 1 SYSTEMPATH\Database\BaseConnection.php(573): CodeIgniter\Database\BaseConnection->initialize()
 2 SYSTEMPATH\Database\BaseBuilder.php(1616): CodeIgniter\Database\BaseConnection->query('SELECT *
FROM `event`
 LIMIT 3', [], false)
 3 SYSTEMPATH\Model.php(241): CodeIgniter\Database\BaseBuilder->get()
 4 SYSTEMPATH\BaseModel.php(618): CodeIgniter\Model->doFindAll(3, 0)
 5 APPPATH\Controllers\Home.php(44): CodeIgniter\BaseModel->findAll(3)
 6 SYSTEMPATH\CodeIgniter.php(934): App\Controllers\Home->home()
 7 SYSTEMPATH\CodeIgniter.php(499): CodeIgniter\CodeIgniter->runController(Object(App\Controllers\Home))
 8 SYSTEMPATH\CodeIgniter.php(368): CodeIgniter\CodeIgniter->handleRequest(null, Object(Config\Cache), false)
 9 FCPATH\index.php(67): CodeIgniter\CodeIgniter->run()
10 SYSTEMPATH\Commands\Server\rewrite.php(47): require_once('C:\\Users\\nbasu\\Pictures\\GohitMVP\\public\\index.php')
INFO - 2024-01-03 09:43:27 --> Session: Class initialized using 'CodeIgniter\Session\Handlers\FileHandler' driver.
ERROR - 2024-01-03 09:43:31 --> Error connecting to the database: mysqli_sql_exception: No connection could be made because the target machine actively refused it in C:\Users\nbasu\Pictures\GohitMVP\system\Database\MySQLi\Connection.php:174
Stack trace:
#0 C:\Users\nbasu\Pictures\GohitMVP\system\Database\MySQLi\Connection.php(174): mysqli->real_connect('localhost', 'root', '', 'gohit', 3306, '', 0)
#1 C:\Users\nbasu\Pictures\GohitMVP\system\Database\BaseConnection.php(391): CodeIgniter\Database\MySQLi\Connection->connect(false)
#2 C:\Users\nbasu\Pictures\GohitMVP\system\Database\BaseConnection.php(573): CodeIgniter\Database\BaseConnection->initialize()
#3 C:\Users\nbasu\Pictures\GohitMVP\system\Database\BaseBuilder.php(1616): CodeIgniter\Database\BaseConnection->query('SELECT *\nFROM `...', Array, false)
#4 C:\Users\nbasu\Pictures\GohitMVP\system\Model.php(241): CodeIgniter\Database\BaseBuilder->get()
#5 C:\Users\nbasu\Pictures\GohitMVP\system\BaseModel.php(618): CodeIgniter\Model->doFindAll(3, 0)
#6 C:\Users\nbasu\Pictures\GohitMVP\app\Controllers\Home.php(44): CodeIgniter\BaseModel->findAll(3)
#7 C:\Users\nbasu\Pictures\GohitMVP\system\CodeIgniter.php(934): App\Controllers\Home->home()
#8 C:\Users\nbasu\Pictures\GohitMVP\system\CodeIgniter.php(499): CodeIgniter\CodeIgniter->runController(Object(App\Controllers\Home))
#9 C:\Users\nbasu\Pictures\GohitMVP\system\CodeIgniter.php(368): CodeIgniter\CodeIgniter->handleRequest(NULL, Object(Config\Cache), false)
#10 C:\Users\nbasu\Pictures\GohitMVP\public\index.php(67): CodeIgniter\CodeIgniter->run()
#11 C:\Users\nbasu\Pictures\GohitMVP\system\Commands\Server\rewrite.php(47): require_once('C:\\Users\\nbasu\\...')
#12 {main}

Next CodeIgniter\Database\Exceptions\DatabaseException: No connection could be made because the target machine actively refused it in C:\Users\nbasu\Pictures\GohitMVP\system\Database\MySQLi\Connection.php:218
Stack trace:
#0 C:\Users\nbasu\Pictures\GohitMVP\system\Database\BaseConnection.php(391): CodeIgniter\Database\MySQLi\Connection->connect(false)
#1 C:\Users\nbasu\Pictures\GohitMVP\system\Database\BaseConnection.php(573): CodeIgniter\Database\BaseConnection->initialize()
#2 C:\Users\nbasu\Pictures\GohitMVP\system\Database\BaseBuilder.php(1616): CodeIgniter\Database\BaseConnection->query('SELECT *\nFROM `...', Array, false)
#3 C:\Users\nbasu\Pictures\GohitMVP\system\Model.php(241): CodeIgniter\Database\BaseBuilder->get()
#4 C:\Users\nbasu\Pictures\GohitMVP\system\BaseModel.php(618): CodeIgniter\Model->doFindAll(3, 0)
#5 C:\Users\nbasu\Pictures\GohitMVP\app\Controllers\Home.php(44): CodeIgniter\BaseModel->findAll(3)
#6 C:\Users\nbasu\Pictures\GohitMVP\system\CodeIgniter.php(934): App\Controllers\Home->home()
#7 C:\Users\nbasu\Pictures\GohitMVP\system\CodeIgniter.php(499): CodeIgniter\CodeIgniter->runController(Object(App\Controllers\Home))
#8 C:\Users\nbasu\Pictures\GohitMVP\system\CodeIgniter.php(368): CodeIgniter\CodeIgniter->handleRequest(NULL, Object(Config\Cache), false)
#9 C:\Users\nbasu\Pictures\GohitMVP\public\index.php(67): CodeIgniter\CodeIgniter->run()
#10 C:\Users\nbasu\Pictures\GohitMVP\system\Commands\Server\rewrite.php(47): require_once('C:\\Users\\nbasu\\...')
#11 {main}
CRITICAL - 2024-01-03 09:43:31 --> Unable to connect to the database.
Main connection [MySQLi]: No connection could be made because the target machine actively refused it
in SYSTEMPATH\Database\BaseConnection.php on line 427.
 1 SYSTEMPATH\Database\BaseConnection.php(573): CodeIgniter\Database\BaseConnection->initialize()
 2 SYSTEMPATH\Database\BaseBuilder.php(1616): CodeIgniter\Database\BaseConnection->query('SELECT *
FROM `event`
 LIMIT 3', [], false)
 3 SYSTEMPATH\Model.php(241): CodeIgniter\Database\BaseBuilder->get()
 4 SYSTEMPATH\BaseModel.php(618): CodeIgniter\Model->doFindAll(3, 0)
 5 APPPATH\Controllers\Home.php(44): CodeIgniter\BaseModel->findAll(3)
 6 SYSTEMPATH\CodeIgniter.php(934): App\Controllers\Home->home()
 7 SYSTEMPATH\CodeIgniter.php(499): CodeIgniter\CodeIgniter->runController(Object(App\Controllers\Home))
 8 SYSTEMPATH\CodeIgniter.php(368): CodeIgniter\CodeIgniter->handleRequest(null, Object(Config\Cache), false)
 9 FCPATH\index.php(67): CodeIgniter\CodeIgniter->run()
10 SYSTEMPATH\Commands\Server\rewrite.php(47): require_once('C:\\Users\\nbasu\\Pictures\\GohitMVP\\public\\index.php')
INFO - 2024-01-03 09:48:44 --> Session: Class initialized using 'CodeIgniter\Session\Handlers\FileHandler' driver.
ERROR - 2024-01-03 09:48:44 --> Error connecting to the database: mysqli_sql_exception: Unknown database 'gohit' in C:\Users\nbasu\Pictures\GohitMVP\system\Database\MySQLi\Connection.php:174
Stack trace:
#0 C:\Users\nbasu\Pictures\GohitMVP\system\Database\MySQLi\Connection.php(174): mysqli->real_connect('localhost', 'root', '', 'gohit', 3306, '', 0)
#1 C:\Users\nbasu\Pictures\GohitMVP\system\Database\BaseConnection.php(391): CodeIgniter\Database\MySQLi\Connection->connect(false)
#2 C:\Users\nbasu\Pictures\GohitMVP\system\Database\BaseConnection.php(573): CodeIgniter\Database\BaseConnection->initialize()
#3 C:\Users\nbasu\Pictures\GohitMVP\system\Database\BaseBuilder.php(1616): CodeIgniter\Database\BaseConnection->query('SELECT *\nFROM `...', Array, false)
#4 C:\Users\nbasu\Pictures\GohitMVP\system\Model.php(241): CodeIgniter\Database\BaseBuilder->get()
#5 C:\Users\nbasu\Pictures\GohitMVP\system\BaseModel.php(618): CodeIgniter\Model->doFindAll(3, 0)
#6 C:\Users\nbasu\Pictures\GohitMVP\app\Controllers\Home.php(44): CodeIgniter\BaseModel->findAll(3)
#7 C:\Users\nbasu\Pictures\GohitMVP\system\CodeIgniter.php(934): App\Controllers\Home->home()
#8 C:\Users\nbasu\Pictures\GohitMVP\system\CodeIgniter.php(499): CodeIgniter\CodeIgniter->runController(Object(App\Controllers\Home))
#9 C:\Users\nbasu\Pictures\GohitMVP\system\CodeIgniter.php(368): CodeIgniter\CodeIgniter->handleRequest(NULL, Object(Config\Cache), false)
#10 C:\Users\nbasu\Pictures\GohitMVP\public\index.php(67): CodeIgniter\CodeIgniter->run()
#11 C:\Users\nbasu\Pictures\GohitMVP\system\Commands\Server\rewrite.php(47): require_once('C:\\Users\\nbasu\\...')
#12 {main}

Next CodeIgniter\Database\Exceptions\DatabaseException: Unknown database 'gohit' in C:\Users\nbasu\Pictures\GohitMVP\system\Database\MySQLi\Connection.php:218
Stack trace:
#0 C:\Users\nbasu\Pictures\GohitMVP\system\Database\BaseConnection.php(391): CodeIgniter\Database\MySQLi\Connection->connect(false)
#1 C:\Users\nbasu\Pictures\GohitMVP\system\Database\BaseConnection.php(573): CodeIgniter\Database\BaseConnection->initialize()
#2 C:\Users\nbasu\Pictures\GohitMVP\system\Database\BaseBuilder.php(1616): CodeIgniter\Database\BaseConnection->query('SELECT *\nFROM `...', Array, false)
#3 C:\Users\nbasu\Pictures\GohitMVP\system\Model.php(241): CodeIgniter\Database\BaseBuilder->get()
#4 C:\Users\nbasu\Pictures\GohitMVP\system\BaseModel.php(618): CodeIgniter\Model->doFindAll(3, 0)
#5 C:\Users\nbasu\Pictures\GohitMVP\app\Controllers\Home.php(44): CodeIgniter\BaseModel->findAll(3)
#6 C:\Users\nbasu\Pictures\GohitMVP\system\CodeIgniter.php(934): App\Controllers\Home->home()
#7 C:\Users\nbasu\Pictures\GohitMVP\system\CodeIgniter.php(499): CodeIgniter\CodeIgniter->runController(Object(App\Controllers\Home))
#8 C:\Users\nbasu\Pictures\GohitMVP\system\CodeIgniter.php(368): CodeIgniter\CodeIgniter->handleRequest(NULL, Object(Config\Cache), false)
#9 C:\Users\nbasu\Pictures\GohitMVP\public\index.php(67): CodeIgniter\CodeIgniter->run()
#10 C:\Users\nbasu\Pictures\GohitMVP\system\Commands\Server\rewrite.php(47): require_once('C:\\Users\\nbasu\\...')
#11 {main}
CRITICAL - 2024-01-03 09:48:44 --> Unable to connect to the database.
Main connection [MySQLi]: Unknown database 'gohit'
in SYSTEMPATH\Database\BaseConnection.php on line 427.
 1 SYSTEMPATH\Database\BaseConnection.php(573): CodeIgniter\Database\BaseConnection->initialize()
 2 SYSTEMPATH\Database\BaseBuilder.php(1616): CodeIgniter\Database\BaseConnection->query('SELECT *
FROM `event`
 LIMIT 3', [], false)
 3 SYSTEMPATH\Model.php(241): CodeIgniter\Database\BaseBuilder->get()
 4 SYSTEMPATH\BaseModel.php(618): CodeIgniter\Model->doFindAll(3, 0)
 5 APPPATH\Controllers\Home.php(44): CodeIgniter\BaseModel->findAll(3)
 6 SYSTEMPATH\CodeIgniter.php(934): App\Controllers\Home->home()
 7 SYSTEMPATH\CodeIgniter.php(499): CodeIgniter\CodeIgniter->runController(Object(App\Controllers\Home))
 8 SYSTEMPATH\CodeIgniter.php(368): CodeIgniter\CodeIgniter->handleRequest(null, Object(Config\Cache), false)
 9 FCPATH\index.php(67): CodeIgniter\CodeIgniter->run()
10 SYSTEMPATH\Commands\Server\rewrite.php(47): require_once('C:\\Users\\nbasu\\Pictures\\GohitMVP\\public\\index.php')
INFO - 2024-01-03 09:48:45 --> Session: Class initialized using 'CodeIgniter\Session\Handlers\FileHandler' driver.
ERROR - 2024-01-03 09:48:45 --> Error connecting to the database: mysqli_sql_exception: Unknown database 'gohit' in C:\Users\nbasu\Pictures\GohitMVP\system\Database\MySQLi\Connection.php:174
Stack trace:
#0 C:\Users\nbasu\Pictures\GohitMVP\system\Database\MySQLi\Connection.php(174): mysqli->real_connect('localhost', 'root', '', 'gohit', 3306, '', 0)
#1 C:\Users\nbasu\Pictures\GohitMVP\system\Database\BaseConnection.php(391): CodeIgniter\Database\MySQLi\Connection->connect(false)
#2 C:\Users\nbasu\Pictures\GohitMVP\system\Database\BaseConnection.php(573): CodeIgniter\Database\BaseConnection->initialize()
#3 C:\Users\nbasu\Pictures\GohitMVP\system\Database\BaseBuilder.php(1616): CodeIgniter\Database\BaseConnection->query('SELECT *\nFROM `...', Array, false)
#4 C:\Users\nbasu\Pictures\GohitMVP\system\Model.php(241): CodeIgniter\Database\BaseBuilder->get()
#5 C:\Users\nbasu\Pictures\GohitMVP\system\BaseModel.php(618): CodeIgniter\Model->doFindAll(3, 0)
#6 C:\Users\nbasu\Pictures\GohitMVP\app\Controllers\Home.php(44): CodeIgniter\BaseModel->findAll(3)
#7 C:\Users\nbasu\Pictures\GohitMVP\system\CodeIgniter.php(934): App\Controllers\Home->home()
#8 C:\Users\nbasu\Pictures\GohitMVP\system\CodeIgniter.php(499): CodeIgniter\CodeIgniter->runController(Object(App\Controllers\Home))
#9 C:\Users\nbasu\Pictures\GohitMVP\system\CodeIgniter.php(368): CodeIgniter\CodeIgniter->handleRequest(NULL, Object(Config\Cache), false)
#10 C:\Users\nbasu\Pictures\GohitMVP\public\index.php(67): CodeIgniter\CodeIgniter->run()
#11 C:\Users\nbasu\Pictures\GohitMVP\system\Commands\Server\rewrite.php(47): require_once('C:\\Users\\nbasu\\...')
#12 {main}

Next CodeIgniter\Database\Exceptions\DatabaseException: Unknown database 'gohit' in C:\Users\nbasu\Pictures\GohitMVP\system\Database\MySQLi\Connection.php:218
Stack trace:
#0 C:\Users\nbasu\Pictures\GohitMVP\system\Database\BaseConnection.php(391): CodeIgniter\Database\MySQLi\Connection->connect(false)
#1 C:\Users\nbasu\Pictures\GohitMVP\system\Database\BaseConnection.php(573): CodeIgniter\Database\BaseConnection->initialize()
#2 C:\Users\nbasu\Pictures\GohitMVP\system\Database\BaseBuilder.php(1616): CodeIgniter\Database\BaseConnection->query('SELECT *\nFROM `...', Array, false)
#3 C:\Users\nbasu\Pictures\GohitMVP\system\Model.php(241): CodeIgniter\Database\BaseBuilder->get()
#4 C:\Users\nbasu\Pictures\GohitMVP\system\BaseModel.php(618): CodeIgniter\Model->doFindAll(3, 0)
#5 C:\Users\nbasu\Pictures\GohitMVP\app\Controllers\Home.php(44): CodeIgniter\BaseModel->findAll(3)
#6 C:\Users\nbasu\Pictures\GohitMVP\system\CodeIgniter.php(934): App\Controllers\Home->home()
#7 C:\Users\nbasu\Pictures\GohitMVP\system\CodeIgniter.php(499): CodeIgniter\CodeIgniter->runController(Object(App\Controllers\Home))
#8 C:\Users\nbasu\Pictures\GohitMVP\system\CodeIgniter.php(368): CodeIgniter\CodeIgniter->handleRequest(NULL, Object(Config\Cache), false)
#9 C:\Users\nbasu\Pictures\GohitMVP\public\index.php(67): CodeIgniter\CodeIgniter->run()
#10 C:\Users\nbasu\Pictures\GohitMVP\system\Commands\Server\rewrite.php(47): require_once('C:\\Users\\nbasu\\...')
#11 {main}
CRITICAL - 2024-01-03 09:48:45 --> Unable to connect to the database.
Main connection [MySQLi]: Unknown database 'gohit'
in SYSTEMPATH\Database\BaseConnection.php on line 427.
 1 SYSTEMPATH\Database\BaseConnection.php(573): CodeIgniter\Database\BaseConnection->initialize()
 2 SYSTEMPATH\Database\BaseBuilder.php(1616): CodeIgniter\Database\BaseConnection->query('SELECT *
FROM `event`
 LIMIT 3', [], false)
 3 SYSTEMPATH\Model.php(241): CodeIgniter\Database\BaseBuilder->get()
 4 SYSTEMPATH\BaseModel.php(618): CodeIgniter\Model->doFindAll(3, 0)
 5 APPPATH\Controllers\Home.php(44): CodeIgniter\BaseModel->findAll(3)
 6 SYSTEMPATH\CodeIgniter.php(934): App\Controllers\Home->home()
 7 SYSTEMPATH\CodeIgniter.php(499): CodeIgniter\CodeIgniter->runController(Object(App\Controllers\Home))
 8 SYSTEMPATH\CodeIgniter.php(368): CodeIgniter\CodeIgniter->handleRequest(null, Object(Config\Cache), false)
 9 FCPATH\index.php(67): CodeIgniter\CodeIgniter->run()
10 SYSTEMPATH\Commands\Server\rewrite.php(47): require_once('C:\\Users\\nbasu\\Pictures\\GohitMVP\\public\\index.php')
INFO - 2024-01-03 09:50:05 --> Session: Class initialized using 'CodeIgniter\Session\Handlers\FileHandler' driver.
INFO - 2024-01-03 09:50:09 --> Session: Class initialized using 'CodeIgniter\Session\Handlers\FileHandler' driver.
INFO - 2024-01-03 09:50:16 --> Session: Class initialized using 'CodeIgniter\Session\Handlers\FileHandler' driver.
INFO - 2024-01-03 09:50:19 --> Session: Class initialized using 'CodeIgniter\Session\Handlers\FileHandler' driver.
INFO - 2024-01-03 09:50:31 --> Session: Class initialized using 'CodeIgniter\Session\Handlers\FileHandler' driver.
INFO - 2024-01-03 09:52:43 --> Session: Class initialized using 'CodeIgniter\Session\Handlers\FileHandler' driver.
INFO - 2024-01-03 09:52:43 --> Session: Class initialized using 'CodeIgniter\Session\Handlers\FileHandler' driver.
INFO - 2024-01-03 09:52:46 --> Session: Class initialized using 'CodeIgniter\Session\Handlers\FileHandler' driver.
INFO - 2024-01-03 09:52:54 --> Session: Class initialized using 'CodeIgniter\Session\Handlers\FileHandler' driver.
INFO - 2024-01-03 09:52:57 --> Session: Class initialized using 'CodeIgniter\Session\Handlers\FileHandler' driver.
INFO - 2024-01-03 09:53:13 --> Session: Class initialized using 'CodeIgniter\Session\Handlers\FileHandler' driver.
INFO - 2024-01-03 09:53:24 --> Session: Class initialized using 'CodeIgniter\Session\Handlers\FileHandler' driver.
INFO - 2024-01-03 09:53:24 --> Session: Class initialized using 'CodeIgniter\Session\Handlers\FileHandler' driver.
CRITICAL - 2024-01-03 09:53:24 --> Undefined variable $tgl
in APPPATH\Views\detailTour.php on line 23.
 1 APPPATH\Views\detailTour.php(23): CodeIgniter\Debug\Exceptions->errorHandler(2, 'Undefined variable $tgl', 'C:\\Users\\nbasu\\Pictures\\GohitMVP\\app\\Views\\detailTour.php', 23)
 2 SYSTEMPATH\View\View.php(213): include('C:\\Users\\nbasu\\Pictures\\GohitMVP\\app\\Views\\detailTour.php')
 3 SYSTEMPATH\View\View.php(216): CodeIgniter\View\View->CodeIgniter\View\{closure}()
 4 SYSTEMPATH\Common.php(1184): CodeIgniter\View\View->render('detailTour', [], true)
 5 APPPATH\Controllers\DetailEvent.php(116): view('detailTour', [...])
 6 SYSTEMPATH\CodeIgniter.php(934): App\Controllers\DetailEvent->index('css', 'main.css')
 7 SYSTEMPATH\CodeIgniter.php(499): CodeIgniter\CodeIgniter->runController(Object(App\Controllers\DetailEvent))
 8 SYSTEMPATH\CodeIgniter.php(368): CodeIgniter\CodeIgniter->handleRequest(null, Object(Config\Cache), false)
 9 FCPATH\index.php(67): CodeIgniter\CodeIgniter->run()
10 SYSTEMPATH\Commands\Server\rewrite.php(47): require_once('C:\\Users\\nbasu\\Pictures\\GohitMVP\\public\\index.php')
INFO - 2024-01-03 09:53:24 --> Session: Class initialized using 'CodeIgniter\Session\Handlers\FileHandler' driver.
CRITICAL - 2024-01-03 09:53:24 --> Undefined variable $tgl
in APPPATH\Views\detailTour.php on line 23.
 1 APPPATH\Views\detailTour.php(23): CodeIgniter\Debug\Exceptions->errorHandler(2, 'Undefined variable $tgl', 'C:\\Users\\nbasu\\Pictures\\GohitMVP\\app\\Views\\detailTour.php', 23)
 2 SYSTEMPATH\View\View.php(213): include('C:\\Users\\nbasu\\Pictures\\GohitMVP\\app\\Views\\detailTour.php')
 3 SYSTEMPATH\View\View.php(216): CodeIgniter\View\View->CodeIgniter\View\{closure}()
 4 SYSTEMPATH\Common.php(1184): CodeIgniter\View\View->render('detailTour', [], true)
 5 APPPATH\Controllers\DetailEvent.php(116): view('detailTour', [...])
 6 SYSTEMPATH\CodeIgniter.php(934): App\Controllers\DetailEvent->index('css', 'style.css')
 7 SYSTEMPATH\CodeIgniter.php(499): CodeIgniter\CodeIgniter->runController(Object(App\Controllers\DetailEvent))
 8 SYSTEMPATH\CodeIgniter.php(368): CodeIgniter\CodeIgniter->handleRequest(null, Object(Config\Cache), false)
 9 FCPATH\index.php(67): CodeIgniter\CodeIgniter->run()
10 SYSTEMPATH\Commands\Server\rewrite.php(47): require_once('C:\\Users\\nbasu\\Pictures\\GohitMVP\\public\\index.php')
INFO - 2024-01-03 09:53:24 --> Session: Class initialized using 'CodeIgniter\Session\Handlers\FileHandler' driver.
CRITICAL - 2024-01-03 09:53:24 --> Undefined variable $tgl
in APPPATH\Views\detailTour.php on line 23.
 1 APPPATH\Views\detailTour.php(23): CodeIgniter\Debug\Exceptions->errorHandler(2, 'Undefined variable $tgl', 'C:\\Users\\nbasu\\Pictures\\GohitMVP\\app\\Views\\detailTour.php', 23)
 2 SYSTEMPATH\View\View.php(213): include('C:\\Users\\nbasu\\Pictures\\GohitMVP\\app\\Views\\detailTour.php')
 3 SYSTEMPATH\View\View.php(216): CodeIgniter\View\View->CodeIgniter\View\{closure}()
 4 SYSTEMPATH\Common.php(1184): CodeIgniter\View\View->render('detailTour', [], true)
 5 APPPATH\Controllers\DetailEvent.php(116): view('detailTour', [...])
 6 SYSTEMPATH\CodeIgniter.php(934): App\Controllers\DetailEvent->index('images', 'bg-01.jpg')
 7 SYSTEMPATH\CodeIgniter.php(499): CodeIgniter\CodeIgniter->runController(Object(App\Controllers\DetailEvent))
 8 SYSTEMPATH\CodeIgniter.php(368): CodeIgniter\CodeIgniter->handleRequest(null, Object(Config\Cache), false)
 9 FCPATH\index.php(67): CodeIgniter\CodeIgniter->run()
10 SYSTEMPATH\Commands\Server\rewrite.php(47): require_once('C:\\Users\\nbasu\\Pictures\\GohitMVP\\public\\index.php')
INFO - 2024-01-03 09:53:28 --> Session: Class initialized using 'CodeIgniter\Session\Handlers\FileHandler' driver.
INFO - 2024-01-03 09:53:33 --> Session: Class initialized using 'CodeIgniter\Session\Handlers\FileHandler' driver.
INFO - 2024-01-03 09:53:34 --> Session: Class initialized using 'CodeIgniter\Session\Handlers\FileHandler' driver.
INFO - 2024-01-03 09:53:34 --> Session: Class initialized using 'CodeIgniter\Session\Handlers\FileHandler' driver.
CRITICAL - 2024-01-03 09:53:34 --> Undefined variable $tgl
in APPPATH\Views\detaileventp.php on line 23.
 1 APPPATH\Views\detaileventp.php(23): CodeIgniter\Debug\Exceptions->errorHandler(2, 'Undefined variable $tgl', 'C:\\Users\\nbasu\\Pictures\\GohitMVP\\app\\Views\\detaileventp.php', 23)
 2 SYSTEMPATH\View\View.php(213): include('C:\\Users\\nbasu\\Pictures\\GohitMVP\\app\\Views\\detaileventp.php')
 3 SYSTEMPATH\View\View.php(216): CodeIgniter\View\View->CodeIgniter\View\{closure}()
 4 SYSTEMPATH\Common.php(1184): CodeIgniter\View\View->render('detaileventp', [], true)
 5 APPPATH\Controllers\DetailEvent.php(159): view('detaileventp', [...])
 6 SYSTEMPATH\CodeIgniter.php(934): App\Controllers\DetailEvent->peserta('css', 'main.css')
 7 SYSTEMPATH\CodeIgniter.php(499): CodeIgniter\CodeIgniter->runController(Object(App\Controllers\DetailEvent))
 8 SYSTEMPATH\CodeIgniter.php(368): CodeIgniter\CodeIgniter->handleRequest(null, Object(Config\Cache), false)
 9 FCPATH\index.php(67): CodeIgniter\CodeIgniter->run()
10 SYSTEMPATH\Commands\Server\rewrite.php(47): require_once('C:\\Users\\nbasu\\Pictures\\GohitMVP\\public\\index.php')
INFO - 2024-01-03 09:53:34 --> Session: Class initialized using 'CodeIgniter\Session\Handlers\FileHandler' driver.
CRITICAL - 2024-01-03 09:53:34 --> Undefined variable $tgl
in APPPATH\Views\detaileventp.php on line 23.
 1 APPPATH\Views\detaileventp.php(23): CodeIgniter\Debug\Exceptions->errorHandler(2, 'Undefined variable $tgl', 'C:\\Users\\nbasu\\Pictures\\GohitMVP\\app\\Views\\detaileventp.php', 23)
 2 SYSTEMPATH\View\View.php(213): include('C:\\Users\\nbasu\\Pictures\\GohitMVP\\app\\Views\\detaileventp.php')
 3 SYSTEMPATH\View\View.php(216): CodeIgniter\View\View->CodeIgniter\View\{closure}()
 4 SYSTEMPATH\Common.php(1184): CodeIgniter\View\View->render('detaileventp', [], true)
 5 APPPATH\Controllers\DetailEvent.php(159): view('detaileventp', [...])
 6 SYSTEMPATH\CodeIgniter.php(934): App\Controllers\DetailEvent->peserta('css', 'style.css')
 7 SYSTEMPATH\CodeIgniter.php(499): CodeIgniter\CodeIgniter->runController(Object(App\Controllers\DetailEvent))
 8 SYSTEMPATH\CodeIgniter.php(368): CodeIgniter\CodeIgniter->handleRequest(null, Object(Config\Cache), false)
 9 FCPATH\index.php(67): CodeIgniter\CodeIgniter->run()
10 SYSTEMPATH\Commands\Server\rewrite.php(47): require_once('C:\\Users\\nbasu\\Pictures\\GohitMVP\\public\\index.php')
INFO - 2024-01-03 09:53:35 --> Session: Class initialized using 'CodeIgniter\Session\Handlers\FileHandler' driver.
CRITICAL - 2024-01-03 09:53:35 --> Undefined variable $tgl
in APPPATH\Views\detaileventp.php on line 23.
 1 APPPATH\Views\detaileventp.php(23): CodeIgniter\Debug\Exceptions->errorHandler(2, 'Undefined variable $tgl', 'C:\\Users\\nbasu\\Pictures\\GohitMVP\\app\\Views\\detaileventp.php', 23)
 2 SYSTEMPATH\View\View.php(213): include('C:\\Users\\nbasu\\Pictures\\GohitMVP\\app\\Views\\detaileventp.php')
 3 SYSTEMPATH\View\View.php(216): CodeIgniter\View\View->CodeIgniter\View\{closure}()
 4 SYSTEMPATH\Common.php(1184): CodeIgniter\View\View->render('detaileventp', [], true)
 5 APPPATH\Controllers\DetailEvent.php(159): view('detaileventp', [...])
 6 SYSTEMPATH\CodeIgniter.php(934): App\Controllers\DetailEvent->peserta('images', 'bg-01.jpg')
 7 SYSTEMPATH\CodeIgniter.php(499): CodeIgniter\CodeIgniter->runController(Object(App\Controllers\DetailEvent))
 8 SYSTEMPATH\CodeIgniter.php(368): CodeIgniter\CodeIgniter->handleRequest(null, Object(Config\Cache), false)
 9 FCPATH\index.php(67): CodeIgniter\CodeIgniter->run()
10 SYSTEMPATH\Commands\Server\rewrite.php(47): require_once('C:\\Users\\nbasu\\Pictures\\GohitMVP\\public\\index.php')
