CRITICAL - 2024-06-03 13:11:13 --> Class 'Locale' not found
in SYSTEMPATH/CodeIgniter.php on line 194.
 1 FCPATH/index.php(55): CodeIgniter\CodeIgniter->initialize()
CRITICAL - 2024-06-03 13:11:16 --> Class 'Locale' not found
in SYSTEMPATH/CodeIgniter.php on line 194.
 1 FCPATH/index.php(55): CodeIgniter\CodeIgniter->initialize()
CRITICAL - 2024-06-03 13:11:16 --> Class 'Locale' not found
in SYSTEMPATH/CodeIgniter.php on line 194.
 1 FCPATH/index.php(55): CodeIgniter\CodeIgniter->initialize()
CRITICAL - 2024-06-03 13:11:16 --> Class 'Locale' not found
in SYSTEMPATH/CodeIgniter.php on line 194.
 1 FCPATH/index.php(55): CodeIgniter\CodeIgniter->initialize()
CRITICAL - 2024-06-03 13:11:17 --> Class 'Locale' not found
in SYSTEMPATH/CodeIgniter.php on line 194.
 1 FCPATH/index.php(55): CodeIgniter\CodeIgniter->initialize()
CRITICAL - 2024-06-03 13:11:17 --> Class 'Locale' not found
in SYSTEMPATH/CodeIgniter.php on line 194.
 1 FCPATH/index.php(55): CodeIgniter\CodeIgniter->initialize()
CRITICAL - 2024-06-03 13:11:17 --> Class 'Locale' not found
in SYSTEMPATH/CodeIgniter.php on line 194.
 1 FCPATH/index.php(55): CodeIgniter\CodeIgniter->initialize()
CRITICAL - 2024-06-03 13:11:17 --> Class 'Locale' not found
in SYSTEMPATH/CodeIgniter.php on line 194.
 1 FCPATH/index.php(55): CodeIgniter\CodeIgniter->initialize()
CRITICAL - 2024-06-03 13:11:17 --> Class 'Locale' not found
in SYSTEMPATH/CodeIgniter.php on line 194.
 1 FCPATH/index.php(55): CodeIgniter\CodeIgniter->initialize()
CRITICAL - 2024-06-03 13:11:17 --> Class 'Locale' not found
in SYSTEMPATH/CodeIgniter.php on line 194.
 1 FCPATH/index.php(55): CodeIgniter\CodeIgniter->initialize()
CRITICAL - 2024-06-03 13:11:18 --> Class 'Locale' not found
in SYSTEMPATH/CodeIgniter.php on line 194.
 1 FCPATH/index.php(55): CodeIgniter\CodeIgniter->initialize()
CRITICAL - 2024-06-03 13:11:18 --> Class 'Locale' not found
in SYSTEMPATH/CodeIgniter.php on line 194.
 1 FCPATH/index.php(55): CodeIgniter\CodeIgniter->initialize()
CRITICAL - 2024-06-03 13:11:18 --> Class 'Locale' not found
in SYSTEMPATH/CodeIgniter.php on line 194.
 1 FCPATH/index.php(55): CodeIgniter\CodeIgniter->initialize()
CRITICAL - 2024-06-03 13:11:18 --> Class 'Locale' not found
in SYSTEMPATH/CodeIgniter.php on line 194.
 1 FCPATH/index.php(55): CodeIgniter\CodeIgniter->initialize()
CRITICAL - 2024-06-03 13:11:18 --> Class 'Locale' not found
in SYSTEMPATH/CodeIgniter.php on line 194.
 1 FCPATH/index.php(55): CodeIgniter\CodeIgniter->initialize()
CRITICAL - 2024-06-03 13:11:18 --> Class 'Locale' not found
in SYSTEMPATH/CodeIgniter.php on line 194.
 1 FCPATH/index.php(55): CodeIgniter\CodeIgniter->initialize()
CRITICAL - 2024-06-03 13:11:19 --> Class 'Locale' not found
in SYSTEMPATH/CodeIgniter.php on line 194.
 1 FCPATH/index.php(55): CodeIgniter\CodeIgniter->initialize()
CRITICAL - 2024-06-03 13:11:19 --> Class 'Locale' not found
in SYSTEMPATH/CodeIgniter.php on line 194.
 1 FCPATH/index.php(55): CodeIgniter\CodeIgniter->initialize()
CRITICAL - 2024-06-03 13:11:19 --> Class 'Locale' not found
in SYSTEMPATH/CodeIgniter.php on line 194.
 1 FCPATH/index.php(55): CodeIgniter\CodeIgniter->initialize()
CRITICAL - 2024-06-03 13:11:19 --> Class 'Locale' not found
in SYSTEMPATH/CodeIgniter.php on line 194.
 1 FCPATH/index.php(55): CodeIgniter\CodeIgniter->initialize()
CRITICAL - 2024-06-03 13:11:20 --> Class 'Locale' not found
in SYSTEMPATH/CodeIgniter.php on line 194.
 1 FCPATH/index.php(55): CodeIgniter\CodeIgniter->initialize()
CRITICAL - 2024-06-03 13:11:20 --> Class 'Locale' not found
in SYSTEMPATH/CodeIgniter.php on line 194.
 1 FCPATH/index.php(55): CodeIgniter\CodeIgniter->initialize()
CRITICAL - 2024-06-03 13:11:20 --> Class 'Locale' not found
in SYSTEMPATH/CodeIgniter.php on line 194.
 1 FCPATH/index.php(55): CodeIgniter\CodeIgniter->initialize()
CRITICAL - 2024-06-03 13:11:20 --> Class 'Locale' not found
in SYSTEMPATH/CodeIgniter.php on line 194.
 1 FCPATH/index.php(55): CodeIgniter\CodeIgniter->initialize()
CRITICAL - 2024-06-03 13:11:20 --> Class 'Locale' not found
in SYSTEMPATH/CodeIgniter.php on line 194.
 1 FCPATH/index.php(55): CodeIgniter\CodeIgniter->initialize()
CRITICAL - 2024-06-03 13:11:21 --> Class 'Locale' not found
in SYSTEMPATH/CodeIgniter.php on line 194.
 1 FCPATH/index.php(55): CodeIgniter\CodeIgniter->initialize()
CRITICAL - 2024-06-03 13:11:21 --> Class 'Locale' not found
in SYSTEMPATH/CodeIgniter.php on line 194.
 1 FCPATH/index.php(55): CodeIgniter\CodeIgniter->initialize()
CRITICAL - 2024-06-03 13:11:21 --> Class 'Locale' not found
in SYSTEMPATH/CodeIgniter.php on line 194.
 1 FCPATH/index.php(55): CodeIgniter\CodeIgniter->initialize()
CRITICAL - 2024-06-03 13:11:21 --> Class 'Locale' not found
in SYSTEMPATH/CodeIgniter.php on line 194.
 1 FCPATH/index.php(55): CodeIgniter\CodeIgniter->initialize()
CRITICAL - 2024-06-03 13:11:21 --> Class 'Locale' not found
in SYSTEMPATH/CodeIgniter.php on line 194.
 1 FCPATH/index.php(55): CodeIgniter\CodeIgniter->initialize()
CRITICAL - 2024-06-03 13:11:21 --> Class 'Locale' not found
in SYSTEMPATH/CodeIgniter.php on line 194.
 1 FCPATH/index.php(55): CodeIgniter\CodeIgniter->initialize()
CRITICAL - 2024-06-03 13:11:22 --> Class 'Locale' not found
in SYSTEMPATH/CodeIgniter.php on line 194.
 1 FCPATH/index.php(55): CodeIgniter\CodeIgniter->initialize()
CRITICAL - 2024-06-03 13:11:22 --> Class 'Locale' not found
in SYSTEMPATH/CodeIgniter.php on line 194.
 1 FCPATH/index.php(55): CodeIgniter\CodeIgniter->initialize()
CRITICAL - 2024-06-03 13:11:22 --> Class 'Locale' not found
in SYSTEMPATH/CodeIgniter.php on line 194.
 1 FCPATH/index.php(55): CodeIgniter\CodeIgniter->initialize()
CRITICAL - 2024-06-03 13:11:22 --> Class 'Locale' not found
in SYSTEMPATH/CodeIgniter.php on line 194.
 1 FCPATH/index.php(55): CodeIgniter\CodeIgniter->initialize()
CRITICAL - 2024-06-03 13:11:22 --> Class 'Locale' not found
in SYSTEMPATH/CodeIgniter.php on line 194.
 1 FCPATH/index.php(55): CodeIgniter\CodeIgniter->initialize()
CRITICAL - 2024-06-03 13:12:14 --> Class 'Locale' not found
in SYSTEMPATH/CodeIgniter.php on line 194.
 1 FCPATH/index.php(55): CodeIgniter\CodeIgniter->initialize()
CRITICAL - 2024-06-03 13:12:47 --> Class 'Locale' not found
in SYSTEMPATH/CodeIgniter.php on line 194.
 1 FCPATH/index.php(55): CodeIgniter\CodeIgniter->initialize()
CRITICAL - 2024-06-03 13:15:30 --> Class 'Locale' not found
in SYSTEMPATH/CodeIgniter.php on line 194.
 1 FCPATH/index.php(55): CodeIgniter\CodeIgniter->initialize()
INFO - 2024-06-03 06:19:35 --> Session: Class initialized using 'CodeIgniter\Session\Handlers\FileHandler' driver.
INFO - 2024-06-03 06:19:45 --> Session: Class initialized using 'CodeIgniter\Session\Handlers\FileHandler' driver.
INFO - 2024-06-03 06:19:58 --> Session: Class initialized using 'CodeIgniter\Session\Handlers\FileHandler' driver.
INFO - 2024-06-03 06:20:07 --> Session: Class initialized using 'CodeIgniter\Session\Handlers\FileHandler' driver.
INFO - 2024-06-03 06:21:21 --> Session: Class initialized using 'CodeIgniter\Session\Handlers\FileHandler' driver.
INFO - 2024-06-03 06:21:21 --> Session: Class initialized using 'CodeIgniter\Session\Handlers\FileHandler' driver.
CRITICAL - 2024-06-03 06:21:21 --> Midtrans API is returning API error. HTTP status code: 400 API response: {"error_messages":["customer_details.email format is invalid"]}
in VENDORPATH/midtrans/midtrans-php/Midtrans/ApiRequestor.php on line 167.
 1 VENDORPATH/midtrans/midtrans-php/Midtrans/ApiRequestor.php(39): Midtrans\ApiRequestor::remoteCall()
 2 VENDORPATH/midtrans/midtrans-php/Midtrans/Snap.php(109): Midtrans\ApiRequestor::post()
 3 VENDORPATH/midtrans/midtrans-php/Midtrans/Snap.php(36): Midtrans\Snap::createTransaction()
 4 APPPATH/Controllers/Home.php(79): Midtrans\Snap::getSnapToken()
 5 SYSTEMPATH/CodeIgniter.php(934): App\Controllers\Home->home()
 6 SYSTEMPATH/CodeIgniter.php(499): CodeIgniter\CodeIgniter->runController()
 7 SYSTEMPATH/CodeIgniter.php(368): CodeIgniter\CodeIgniter->handleRequest()
 8 FCPATH/index.php(67): CodeIgniter\CodeIgniter->run()
INFO - 2024-06-03 06:21:34 --> Session: Class initialized using 'CodeIgniter\Session\Handlers\FileHandler' driver.
INFO - 2024-06-03 06:21:34 --> Session: Class initialized using 'CodeIgniter\Session\Handlers\FileHandler' driver.
CRITICAL - 2024-06-03 06:21:35 --> Midtrans API is returning API error. HTTP status code: 400 API response: {"error_messages":["customer_details.email format is invalid"]}
in VENDORPATH/midtrans/midtrans-php/Midtrans/ApiRequestor.php on line 167.
 1 VENDORPATH/midtrans/midtrans-php/Midtrans/ApiRequestor.php(39): Midtrans\ApiRequestor::remoteCall()
 2 VENDORPATH/midtrans/midtrans-php/Midtrans/Snap.php(109): Midtrans\ApiRequestor::post()
 3 VENDORPATH/midtrans/midtrans-php/Midtrans/Snap.php(36): Midtrans\Snap::createTransaction()
 4 APPPATH/Controllers/Home.php(79): Midtrans\Snap::getSnapToken()
 5 SYSTEMPATH/CodeIgniter.php(934): App\Controllers\Home->home()
 6 SYSTEMPATH/CodeIgniter.php(499): CodeIgniter\CodeIgniter->runController()
 7 SYSTEMPATH/CodeIgniter.php(368): CodeIgniter\CodeIgniter->handleRequest()
 8 FCPATH/index.php(67): CodeIgniter\CodeIgniter->run()
INFO - 2024-06-03 06:29:13 --> Session: Class initialized using 'CodeIgniter\Session\Handlers\FileHandler' driver.
ERROR - 2024-06-03 06:32:32 --> mysqli_sql_exception: Unknown column 'sub' in 'field list' in /var/www/html/gohit/gohitfinal/system/Database/MySQLi/Connection.php:295
Stack trace:
#0 /var/www/html/gohit/gohitfinal/system/Database/MySQLi/Connection.php(295): mysqli->query()
#1 /var/www/html/gohit/gohitfinal/system/Database/BaseConnection.php(691): CodeIgniter\Database\MySQLi\Connection->execute()
#2 /var/www/html/gohit/gohitfinal/system/Database/BaseConnection.php(605): CodeIgniter\Database\BaseConnection->simpleQuery()
#3 /var/www/html/gohit/gohitfinal/system/Database/BaseBuilder.php(2309): CodeIgniter\Database\BaseConnection->query()
#4 /var/www/html/gohit/gohitfinal/app/Models/User.php(23): CodeIgniter\Database\BaseBuilder->insert()
#5 /var/www/html/gohit/gohitfinal/app/Controllers/Login.php(97): App\Models\User->saveuser()
#6 /var/www/html/gohit/gohitfinal/system/CodeIgniter.php(934): App\Controllers\Login->add()
#7 /var/www/html/gohit/gohitfinal/system/CodeIgniter.php(499): CodeIgniter\CodeIgniter->runController()
#8 /var/www/html/gohit/gohitfinal/system/CodeIgniter.php(368): CodeIgniter\CodeIgniter->handleRequest()
#9 /var/www/html/gohit/gohitfinal/public/index.php(67): CodeIgniter\CodeIgniter->run()
#10 {main}
CRITICAL - 2024-06-03 06:32:32 --> Unknown column 'sub' in 'field list'
in SYSTEMPATH/Database/MySQLi/Connection.php on line 295.
 1 SYSTEMPATH/Database/MySQLi/Connection.php(295): mysqli->query()
 2 SYSTEMPATH/Database/BaseConnection.php(691): CodeIgniter\Database\MySQLi\Connection->execute()
 3 SYSTEMPATH/Database/BaseConnection.php(605): CodeIgniter\Database\BaseConnection->simpleQuery()
 4 SYSTEMPATH/Database/BaseBuilder.php(2309): CodeIgniter\Database\BaseConnection->query()
 5 APPPATH/Models/User.php(23): CodeIgniter\Database\BaseBuilder->insert()
 6 APPPATH/Controllers/Login.php(97): App\Models\User->saveuser()
 7 SYSTEMPATH/CodeIgniter.php(934): App\Controllers\Login->add()
 8 SYSTEMPATH/CodeIgniter.php(499): CodeIgniter\CodeIgniter->runController()
 9 SYSTEMPATH/CodeIgniter.php(368): CodeIgniter\CodeIgniter->handleRequest()
10 FCPATH/index.php(67): CodeIgniter\CodeIgniter->run()
INFO - 2024-06-03 06:33:16 --> Session: Class initialized using 'CodeIgniter\Session\Handlers\FileHandler' driver.
CRITICAL - 2024-06-03 06:33:16 --> Midtrans API is returning API error. HTTP status code: 400 API response: {"error_messages":["customer_details.email format is invalid"]}
in VENDORPATH/midtrans/midtrans-php/Midtrans/ApiRequestor.php on line 167.
 1 VENDORPATH/midtrans/midtrans-php/Midtrans/ApiRequestor.php(39): Midtrans\ApiRequestor::remoteCall()
 2 VENDORPATH/midtrans/midtrans-php/Midtrans/Snap.php(109): Midtrans\ApiRequestor::post()
 3 VENDORPATH/midtrans/midtrans-php/Midtrans/Snap.php(36): Midtrans\Snap::createTransaction()
 4 APPPATH/Controllers/Home.php(79): Midtrans\Snap::getSnapToken()
 5 SYSTEMPATH/CodeIgniter.php(934): App\Controllers\Home->home()
 6 SYSTEMPATH/CodeIgniter.php(499): CodeIgniter\CodeIgniter->runController()
 7 SYSTEMPATH/CodeIgniter.php(368): CodeIgniter\CodeIgniter->handleRequest()
 8 FCPATH/index.php(67): CodeIgniter\CodeIgniter->run()
INFO - 2024-06-03 06:35:07 --> Session: Class initialized using 'CodeIgniter\Session\Handlers\FileHandler' driver.
INFO - 2024-06-03 06:43:14 --> Session: Class initialized using 'CodeIgniter\Session\Handlers\FileHandler' driver.
INFO - 2024-06-03 06:43:14 --> Session: Class initialized using 'CodeIgniter\Session\Handlers\FileHandler' driver.
INFO - 2024-06-03 06:45:06 --> Session: Class initialized using 'CodeIgniter\Session\Handlers\FileHandler' driver.
INFO - 2024-06-03 06:45:12 --> Session: Class initialized using 'CodeIgniter\Session\Handlers\FileHandler' driver.
INFO - 2024-06-03 06:45:20 --> Session: Class initialized using 'CodeIgniter\Session\Handlers\FileHandler' driver.
INFO - 2024-06-03 06:52:27 --> Session: Class initialized using 'CodeIgniter\Session\Handlers\FileHandler' driver.
INFO - 2024-06-03 06:52:30 --> Session: Class initialized using 'CodeIgniter\Session\Handlers\FileHandler' driver.
INFO - 2024-06-03 06:55:13 --> Session: Class initialized using 'CodeIgniter\Session\Handlers\FileHandler' driver.
INFO - 2024-06-03 07:08:55 --> Session: Class initialized using 'CodeIgniter\Session\Handlers\FileHandler' driver.
INFO - 2024-06-03 07:09:19 --> Session: Class initialized using 'CodeIgniter\Session\Handlers\FileHandler' driver.
INFO - 2024-06-03 07:09:19 --> Session: Class initialized using 'CodeIgniter\Session\Handlers\FileHandler' driver.
INFO - 2024-06-03 07:10:08 --> Session: Class initialized using 'CodeIgniter\Session\Handlers\FileHandler' driver.
INFO - 2024-06-03 07:12:43 --> Session: Class initialized using 'CodeIgniter\Session\Handlers\FileHandler' driver.
INFO - 2024-06-03 07:13:06 --> Session: Class initialized using 'CodeIgniter\Session\Handlers\FileHandler' driver.
INFO - 2024-06-03 07:13:15 --> Session: Class initialized using 'CodeIgniter\Session\Handlers\FileHandler' driver.
CRITICAL - 2024-06-03 07:13:35 --> Undefined variable: title
in APPPATH/Views/partial/header2.php on line 12.
 1 APPPATH/Views/partial/header2.php(12): CodeIgniter\Debug\Exceptions->errorHandler()
 2 SYSTEMPATH/View/View.php(213): include('/var/www/html/gohit/gohitfinal/app/Views/partial/header2.php')
 3 SYSTEMPATH/View/View.php(216): CodeIgniter\View\View->CodeIgniter\View\{closure}()
 4 SYSTEMPATH/View/View.php(431): CodeIgniter\View\View->render()
 5 APPPATH/Views/list.php(1): CodeIgniter\View\View->include()
 6 SYSTEMPATH/View/View.php(213): include('/var/www/html/gohit/gohitfinal/app/Views/list.php')
 7 SYSTEMPATH/View/View.php(216): CodeIgniter\View\View->CodeIgniter\View\{closure}()
 8 SYSTEMPATH/Common.php(1184): CodeIgniter\View\View->render()
 9 APPPATH/Controllers/Home.php(126): view()
10 SYSTEMPATH/CodeIgniter.php(934): App\Controllers\Home->list()
11 SYSTEMPATH/CodeIgniter.php(499): CodeIgniter\CodeIgniter->runController()
12 SYSTEMPATH/CodeIgniter.php(368): CodeIgniter\CodeIgniter->handleRequest()
13 FCPATH/index.php(67): CodeIgniter\CodeIgniter->run()
INFO - 2024-06-03 07:13:44 --> Session: Class initialized using 'CodeIgniter\Session\Handlers\FileHandler' driver.
CRITICAL - 2024-06-03 07:13:45 --> Undefined variable: title
in APPPATH/Views/partial/header2.php on line 12.
 1 APPPATH/Views/partial/header2.php(12): CodeIgniter\Debug\Exceptions->errorHandler()
 2 SYSTEMPATH/View/View.php(213): include('/var/www/html/gohit/gohitfinal/app/Views/partial/header2.php')
 3 SYSTEMPATH/View/View.php(216): CodeIgniter\View\View->CodeIgniter\View\{closure}()
 4 SYSTEMPATH/View/View.php(431): CodeIgniter\View\View->render()
 5 APPPATH/Views/list.php(1): CodeIgniter\View\View->include()
 6 SYSTEMPATH/View/View.php(213): include('/var/www/html/gohit/gohitfinal/app/Views/list.php')
 7 SYSTEMPATH/View/View.php(216): CodeIgniter\View\View->CodeIgniter\View\{closure}()
 8 SYSTEMPATH/Common.php(1184): CodeIgniter\View\View->render()
 9 APPPATH/Controllers/Home.php(126): view()
10 SYSTEMPATH/CodeIgniter.php(934): App\Controllers\Home->list()
11 SYSTEMPATH/CodeIgniter.php(499): CodeIgniter\CodeIgniter->runController()
12 SYSTEMPATH/CodeIgniter.php(368): CodeIgniter\CodeIgniter->handleRequest()
13 FCPATH/index.php(67): CodeIgniter\CodeIgniter->run()
INFO - 2024-06-03 07:15:20 --> Session: Class initialized using 'CodeIgniter\Session\Handlers\FileHandler' driver.
INFO - 2024-06-03 07:15:21 --> Session: Class initialized using 'CodeIgniter\Session\Handlers\FileHandler' driver.
CRITICAL - 2024-06-03 07:15:50 --> Undefined variable: title
in APPPATH/Views/partial/header2.php on line 12.
 1 APPPATH/Views/partial/header2.php(12): CodeIgniter\Debug\Exceptions->errorHandler()
 2 SYSTEMPATH/View/View.php(213): include('/var/www/html/gohit/gohitfinal/app/Views/partial/header2.php')
 3 SYSTEMPATH/View/View.php(216): CodeIgniter\View\View->CodeIgniter\View\{closure}()
 4 SYSTEMPATH/View/View.php(431): CodeIgniter\View\View->render()
 5 APPPATH/Views/list.php(1): CodeIgniter\View\View->include()
 6 SYSTEMPATH/View/View.php(213): include('/var/www/html/gohit/gohitfinal/app/Views/list.php')
 7 SYSTEMPATH/View/View.php(216): CodeIgniter\View\View->CodeIgniter\View\{closure}()
 8 SYSTEMPATH/Common.php(1184): CodeIgniter\View\View->render()
 9 APPPATH/Controllers/Home.php(126): view()
10 SYSTEMPATH/CodeIgniter.php(934): App\Controllers\Home->list()
11 SYSTEMPATH/CodeIgniter.php(499): CodeIgniter\CodeIgniter->runController()
12 SYSTEMPATH/CodeIgniter.php(368): CodeIgniter\CodeIgniter->handleRequest()
13 FCPATH/index.php(67): CodeIgniter\CodeIgniter->run()
INFO - 2024-06-03 07:20:31 --> Session: Class initialized using 'CodeIgniter\Session\Handlers\FileHandler' driver.
INFO - 2024-06-03 07:20:31 --> Session: Class initialized using 'CodeIgniter\Session\Handlers\FileHandler' driver.
INFO - 2024-06-03 07:21:16 --> Session: Class initialized using 'CodeIgniter\Session\Handlers\FileHandler' driver.
INFO - 2024-06-03 07:29:29 --> Session: Class initialized using 'CodeIgniter\Session\Handlers\FileHandler' driver.
INFO - 2024-06-03 07:33:54 --> Session: Class initialized using 'CodeIgniter\Session\Handlers\FileHandler' driver.
INFO - 2024-06-03 07:34:35 --> Session: Class initialized using 'CodeIgniter\Session\Handlers\FileHandler' driver.
INFO - 2024-06-03 07:34:36 --> Session: Class initialized using 'CodeIgniter\Session\Handlers\FileHandler' driver.
INFO - 2024-06-03 07:39:43 --> Session: Class initialized using 'CodeIgniter\Session\Handlers\FileHandler' driver.
CRITICAL - 2024-06-03 07:39:43 --> Midtrans API is returning API error. HTTP status code: 401 API response: {"error_messages":["Access denied due to unauthorized transaction, please check client or server key","Visit https://snap-docs.midtrans.com/#request-headers for more details"]}
in VENDORPATH/midtrans/midtrans-php/Midtrans/ApiRequestor.php on line 167.
 1 VENDORPATH/midtrans/midtrans-php/Midtrans/ApiRequestor.php(39): Midtrans\ApiRequestor::remoteCall()
 2 VENDORPATH/midtrans/midtrans-php/Midtrans/Snap.php(109): Midtrans\ApiRequestor::post()
 3 VENDORPATH/midtrans/midtrans-php/Midtrans/Snap.php(36): Midtrans\Snap::createTransaction()
 4 APPPATH/Controllers/Home.php(79): Midtrans\Snap::getSnapToken()
 5 SYSTEMPATH/CodeIgniter.php(934): App\Controllers\Home->home()
 6 SYSTEMPATH/CodeIgniter.php(499): CodeIgniter\CodeIgniter->runController()
 7 SYSTEMPATH/CodeIgniter.php(368): CodeIgniter\CodeIgniter->handleRequest()
 8 FCPATH/index.php(67): CodeIgniter\CodeIgniter->run()
INFO - 2024-06-03 07:39:50 --> Session: Class initialized using 'CodeIgniter\Session\Handlers\FileHandler' driver.
CRITICAL - 2024-06-03 07:39:50 --> Midtrans API is returning API error. HTTP status code: 401 API response: {"error_messages":["Access denied due to unauthorized transaction, please check client or server key","Visit https://snap-docs.midtrans.com/#request-headers for more details"]}
in VENDORPATH/midtrans/midtrans-php/Midtrans/ApiRequestor.php on line 167.
 1 VENDORPATH/midtrans/midtrans-php/Midtrans/ApiRequestor.php(39): Midtrans\ApiRequestor::remoteCall()
 2 VENDORPATH/midtrans/midtrans-php/Midtrans/Snap.php(109): Midtrans\ApiRequestor::post()
 3 VENDORPATH/midtrans/midtrans-php/Midtrans/Snap.php(36): Midtrans\Snap::createTransaction()
 4 APPPATH/Controllers/Home.php(79): Midtrans\Snap::getSnapToken()
 5 SYSTEMPATH/CodeIgniter.php(934): App\Controllers\Home->home()
 6 SYSTEMPATH/CodeIgniter.php(499): CodeIgniter\CodeIgniter->runController()
 7 SYSTEMPATH/CodeIgniter.php(368): CodeIgniter\CodeIgniter->handleRequest()
 8 FCPATH/index.php(67): CodeIgniter\CodeIgniter->run()
INFO - 2024-06-03 07:39:54 --> Session: Class initialized using 'CodeIgniter\Session\Handlers\FileHandler' driver.
CRITICAL - 2024-06-03 07:39:54 --> Midtrans API is returning API error. HTTP status code: 401 API response: {"error_messages":["Access denied due to unauthorized transaction, please check client or server key","Visit https://snap-docs.midtrans.com/#request-headers for more details"]}
in VENDORPATH/midtrans/midtrans-php/Midtrans/ApiRequestor.php on line 167.
 1 VENDORPATH/midtrans/midtrans-php/Midtrans/ApiRequestor.php(39): Midtrans\ApiRequestor::remoteCall()
 2 VENDORPATH/midtrans/midtrans-php/Midtrans/Snap.php(109): Midtrans\ApiRequestor::post()
 3 VENDORPATH/midtrans/midtrans-php/Midtrans/Snap.php(36): Midtrans\Snap::createTransaction()
 4 APPPATH/Controllers/Home.php(79): Midtrans\Snap::getSnapToken()
 5 SYSTEMPATH/CodeIgniter.php(934): App\Controllers\Home->home()
 6 SYSTEMPATH/CodeIgniter.php(499): CodeIgniter\CodeIgniter->runController()
 7 SYSTEMPATH/CodeIgniter.php(368): CodeIgniter\CodeIgniter->handleRequest()
 8 FCPATH/index.php(67): CodeIgniter\CodeIgniter->run()
INFO - 2024-06-03 07:42:31 --> Session: Class initialized using 'CodeIgniter\Session\Handlers\FileHandler' driver.
INFO - 2024-06-03 07:46:11 --> Session: Class initialized using 'CodeIgniter\Session\Handlers\FileHandler' driver.
INFO - 2024-06-03 07:48:05 --> Session: Class initialized using 'CodeIgniter\Session\Handlers\FileHandler' driver.
INFO - 2024-06-03 07:48:35 --> Session: Class initialized using 'CodeIgniter\Session\Handlers\FileHandler' driver.
INFO - 2024-06-03 07:49:22 --> Session: Class initialized using 'CodeIgniter\Session\Handlers\FileHandler' driver.
INFO - 2024-06-03 07:49:37 --> Session: Class initialized using 'CodeIgniter\Session\Handlers\FileHandler' driver.
INFO - 2024-06-03 07:52:15 --> Session: Class initialized using 'CodeIgniter\Session\Handlers\FileHandler' driver.
INFO - 2024-06-03 07:52:17 --> Session: Class initialized using 'CodeIgniter\Session\Handlers\FileHandler' driver.
INFO - 2024-06-03 07:53:01 --> Session: Class initialized using 'CodeIgniter\Session\Handlers\FileHandler' driver.
INFO - 2024-06-03 07:53:36 --> Session: Class initialized using 'CodeIgniter\Session\Handlers\FileHandler' driver.
INFO - 2024-06-03 07:53:48 --> Session: Class initialized using 'CodeIgniter\Session\Handlers\FileHandler' driver.
INFO - 2024-06-03 07:53:55 --> Session: Class initialized using 'CodeIgniter\Session\Handlers\FileHandler' driver.
INFO - 2024-06-03 07:54:40 --> Session: Class initialized using 'CodeIgniter\Session\Handlers\FileHandler' driver.
INFO - 2024-06-03 07:54:44 --> Session: Class initialized using 'CodeIgniter\Session\Handlers\FileHandler' driver.
INFO - 2024-06-03 07:54:47 --> Session: Class initialized using 'CodeIgniter\Session\Handlers\FileHandler' driver.
INFO - 2024-06-03 08:08:06 --> Session: Class initialized using 'CodeIgniter\Session\Handlers\FileHandler' driver.
INFO - 2024-06-03 08:08:51 --> Session: Class initialized using 'CodeIgniter\Session\Handlers\FileHandler' driver.
INFO - 2024-06-03 08:08:52 --> Session: Class initialized using 'CodeIgniter\Session\Handlers\FileHandler' driver.
INFO - 2024-06-03 08:09:17 --> Session: Class initialized using 'CodeIgniter\Session\Handlers\FileHandler' driver.
INFO - 2024-06-03 08:13:58 --> Session: Class initialized using 'CodeIgniter\Session\Handlers\FileHandler' driver.
INFO - 2024-06-03 08:15:58 --> Session: Class initialized using 'CodeIgniter\Session\Handlers\FileHandler' driver.
INFO - 2024-06-03 08:16:35 --> Session: Class initialized using 'CodeIgniter\Session\Handlers\FileHandler' driver.
INFO - 2024-06-03 08:22:45 --> Session: Class initialized using 'CodeIgniter\Session\Handlers\FileHandler' driver.
INFO - 2024-06-03 08:23:20 --> Session: Class initialized using 'CodeIgniter\Session\Handlers\FileHandler' driver.
INFO - 2024-06-03 08:23:20 --> Session: Class initialized using 'CodeIgniter\Session\Handlers\FileHandler' driver.
CRITICAL - 2024-06-03 08:23:20 --> Undefined variable: tgl
in APPPATH/Views/detailTour.php on line 23.
 1 APPPATH/Views/detailTour.php(23): CodeIgniter\Debug\Exceptions->errorHandler()
 2 SYSTEMPATH/View/View.php(213): include('/var/www/html/gohit/gohitfinal/app/Views/detailTour.php')
 3 SYSTEMPATH/View/View.php(216): CodeIgniter\View\View->CodeIgniter\View\{closure}()
 4 SYSTEMPATH/Common.php(1184): CodeIgniter\View\View->render()
 5 APPPATH/Controllers/DetailEvent.php(241): view()
 6 SYSTEMPATH/CodeIgniter.php(934): App\Controllers\DetailEvent->index()
 7 SYSTEMPATH/CodeIgniter.php(499): CodeIgniter\CodeIgniter->runController()
 8 SYSTEMPATH/CodeIgniter.php(368): CodeIgniter\CodeIgniter->handleRequest()
 9 FCPATH/index.php(67): CodeIgniter\CodeIgniter->run()
INFO - 2024-06-03 08:23:20 --> Session: Class initialized using 'CodeIgniter\Session\Handlers\FileHandler' driver.
CRITICAL - 2024-06-03 08:23:20 --> Undefined variable: tgl
in APPPATH/Views/detailTour.php on line 23.
 1 APPPATH/Views/detailTour.php(23): CodeIgniter\Debug\Exceptions->errorHandler()
 2 SYSTEMPATH/View/View.php(213): include('/var/www/html/gohit/gohitfinal/app/Views/detailTour.php')
 3 SYSTEMPATH/View/View.php(216): CodeIgniter\View\View->CodeIgniter\View\{closure}()
 4 SYSTEMPATH/Common.php(1184): CodeIgniter\View\View->render()
 5 APPPATH/Controllers/DetailEvent.php(241): view()
 6 SYSTEMPATH/CodeIgniter.php(934): App\Controllers\DetailEvent->index()
 7 SYSTEMPATH/CodeIgniter.php(499): CodeIgniter\CodeIgniter->runController()
 8 SYSTEMPATH/CodeIgniter.php(368): CodeIgniter\CodeIgniter->handleRequest()
 9 FCPATH/index.php(67): CodeIgniter\CodeIgniter->run()
INFO - 2024-06-03 08:23:20 --> Session: Class initialized using 'CodeIgniter\Session\Handlers\FileHandler' driver.
CRITICAL - 2024-06-03 08:23:20 --> Undefined variable: tgl
in APPPATH/Views/detailTour.php on line 23.
 1 APPPATH/Views/detailTour.php(23): CodeIgniter\Debug\Exceptions->errorHandler()
 2 SYSTEMPATH/View/View.php(213): include('/var/www/html/gohit/gohitfinal/app/Views/detailTour.php')
 3 SYSTEMPATH/View/View.php(216): CodeIgniter\View\View->CodeIgniter\View\{closure}()
 4 SYSTEMPATH/Common.php(1184): CodeIgniter\View\View->render()
 5 APPPATH/Controllers/DetailEvent.php(241): view()
 6 SYSTEMPATH/CodeIgniter.php(934): App\Controllers\DetailEvent->index()
 7 SYSTEMPATH/CodeIgniter.php(499): CodeIgniter\CodeIgniter->runController()
 8 SYSTEMPATH/CodeIgniter.php(368): CodeIgniter\CodeIgniter->handleRequest()
 9 FCPATH/index.php(67): CodeIgniter\CodeIgniter->run()
INFO - 2024-06-03 08:23:30 --> Session: Class initialized using 'CodeIgniter\Session\Handlers\FileHandler' driver.
INFO - 2024-06-03 08:23:34 --> Session: Class initialized using 'CodeIgniter\Session\Handlers\FileHandler' driver.
INFO - 2024-06-03 08:23:35 --> Session: Class initialized using 'CodeIgniter\Session\Handlers\FileHandler' driver.
CRITICAL - 2024-06-03 08:23:35 --> Undefined variable: tgl
in APPPATH/Views/detailTour.php on line 23.
 1 APPPATH/Views/detailTour.php(23): CodeIgniter\Debug\Exceptions->errorHandler()
 2 SYSTEMPATH/View/View.php(213): include('/var/www/html/gohit/gohitfinal/app/Views/detailTour.php')
 3 SYSTEMPATH/View/View.php(216): CodeIgniter\View\View->CodeIgniter\View\{closure}()
 4 SYSTEMPATH/Common.php(1184): CodeIgniter\View\View->render()
 5 APPPATH/Controllers/DetailEvent.php(241): view()
 6 SYSTEMPATH/CodeIgniter.php(934): App\Controllers\DetailEvent->index()
 7 SYSTEMPATH/CodeIgniter.php(499): CodeIgniter\CodeIgniter->runController()
 8 SYSTEMPATH/CodeIgniter.php(368): CodeIgniter\CodeIgniter->handleRequest()
 9 FCPATH/index.php(67): CodeIgniter\CodeIgniter->run()
INFO - 2024-06-03 08:23:35 --> Session: Class initialized using 'CodeIgniter\Session\Handlers\FileHandler' driver.
CRITICAL - 2024-06-03 08:23:35 --> Undefined variable: tgl
in APPPATH/Views/detailTour.php on line 23.
 1 APPPATH/Views/detailTour.php(23): CodeIgniter\Debug\Exceptions->errorHandler()
 2 SYSTEMPATH/View/View.php(213): include('/var/www/html/gohit/gohitfinal/app/Views/detailTour.php')
 3 SYSTEMPATH/View/View.php(216): CodeIgniter\View\View->CodeIgniter\View\{closure}()
 4 SYSTEMPATH/Common.php(1184): CodeIgniter\View\View->render()
 5 APPPATH/Controllers/DetailEvent.php(241): view()
 6 SYSTEMPATH/CodeIgniter.php(934): App\Controllers\DetailEvent->index()
 7 SYSTEMPATH/CodeIgniter.php(499): CodeIgniter\CodeIgniter->runController()
 8 SYSTEMPATH/CodeIgniter.php(368): CodeIgniter\CodeIgniter->handleRequest()
 9 FCPATH/index.php(67): CodeIgniter\CodeIgniter->run()
INFO - 2024-06-03 08:23:35 --> Session: Class initialized using 'CodeIgniter\Session\Handlers\FileHandler' driver.
CRITICAL - 2024-06-03 08:23:35 --> Undefined variable: tgl
in APPPATH/Views/detailTour.php on line 23.
 1 APPPATH/Views/detailTour.php(23): CodeIgniter\Debug\Exceptions->errorHandler()
 2 SYSTEMPATH/View/View.php(213): include('/var/www/html/gohit/gohitfinal/app/Views/detailTour.php')
 3 SYSTEMPATH/View/View.php(216): CodeIgniter\View\View->CodeIgniter\View\{closure}()
 4 SYSTEMPATH/Common.php(1184): CodeIgniter\View\View->render()
 5 APPPATH/Controllers/DetailEvent.php(241): view()
 6 SYSTEMPATH/CodeIgniter.php(934): App\Controllers\DetailEvent->index()
 7 SYSTEMPATH/CodeIgniter.php(499): CodeIgniter\CodeIgniter->runController()
 8 SYSTEMPATH/CodeIgniter.php(368): CodeIgniter\CodeIgniter->handleRequest()
 9 FCPATH/index.php(67): CodeIgniter\CodeIgniter->run()
INFO - 2024-06-03 08:23:39 --> Session: Class initialized using 'CodeIgniter\Session\Handlers\FileHandler' driver.
INFO - 2024-06-03 08:23:41 --> Session: Class initialized using 'CodeIgniter\Session\Handlers\FileHandler' driver.
INFO - 2024-06-03 08:23:41 --> Session: Class initialized using 'CodeIgniter\Session\Handlers\FileHandler' driver.
CRITICAL - 2024-06-03 08:23:41 --> Undefined variable: tgl
in APPPATH/Views/detailTour.php on line 23.
 1 APPPATH/Views/detailTour.php(23): CodeIgniter\Debug\Exceptions->errorHandler()
 2 SYSTEMPATH/View/View.php(213): include('/var/www/html/gohit/gohitfinal/app/Views/detailTour.php')
 3 SYSTEMPATH/View/View.php(216): CodeIgniter\View\View->CodeIgniter\View\{closure}()
 4 SYSTEMPATH/Common.php(1184): CodeIgniter\View\View->render()
 5 APPPATH/Controllers/DetailEvent.php(241): view()
 6 SYSTEMPATH/CodeIgniter.php(934): App\Controllers\DetailEvent->index()
 7 SYSTEMPATH/CodeIgniter.php(499): CodeIgniter\CodeIgniter->runController()
 8 SYSTEMPATH/CodeIgniter.php(368): CodeIgniter\CodeIgniter->handleRequest()
 9 FCPATH/index.php(67): CodeIgniter\CodeIgniter->run()
INFO - 2024-06-03 08:23:41 --> Session: Class initialized using 'CodeIgniter\Session\Handlers\FileHandler' driver.
CRITICAL - 2024-06-03 08:23:41 --> Undefined variable: tgl
in APPPATH/Views/detailTour.php on line 23.
 1 APPPATH/Views/detailTour.php(23): CodeIgniter\Debug\Exceptions->errorHandler()
 2 SYSTEMPATH/View/View.php(213): include('/var/www/html/gohit/gohitfinal/app/Views/detailTour.php')
 3 SYSTEMPATH/View/View.php(216): CodeIgniter\View\View->CodeIgniter\View\{closure}()
 4 SYSTEMPATH/Common.php(1184): CodeIgniter\View\View->render()
 5 APPPATH/Controllers/DetailEvent.php(241): view()
 6 SYSTEMPATH/CodeIgniter.php(934): App\Controllers\DetailEvent->index()
 7 SYSTEMPATH/CodeIgniter.php(499): CodeIgniter\CodeIgniter->runController()
 8 SYSTEMPATH/CodeIgniter.php(368): CodeIgniter\CodeIgniter->handleRequest()
 9 FCPATH/index.php(67): CodeIgniter\CodeIgniter->run()
INFO - 2024-06-03 08:23:41 --> Session: Class initialized using 'CodeIgniter\Session\Handlers\FileHandler' driver.
CRITICAL - 2024-06-03 08:23:41 --> Undefined variable: tgl
in APPPATH/Views/detailTour.php on line 23.
 1 APPPATH/Views/detailTour.php(23): CodeIgniter\Debug\Exceptions->errorHandler()
 2 SYSTEMPATH/View/View.php(213): include('/var/www/html/gohit/gohitfinal/app/Views/detailTour.php')
 3 SYSTEMPATH/View/View.php(216): CodeIgniter\View\View->CodeIgniter\View\{closure}()
 4 SYSTEMPATH/Common.php(1184): CodeIgniter\View\View->render()
 5 APPPATH/Controllers/DetailEvent.php(241): view()
 6 SYSTEMPATH/CodeIgniter.php(934): App\Controllers\DetailEvent->index()
 7 SYSTEMPATH/CodeIgniter.php(499): CodeIgniter\CodeIgniter->runController()
 8 SYSTEMPATH/CodeIgniter.php(368): CodeIgniter\CodeIgniter->handleRequest()
 9 FCPATH/index.php(67): CodeIgniter\CodeIgniter->run()
INFO - 2024-06-03 08:23:45 --> Session: Class initialized using 'CodeIgniter\Session\Handlers\FileHandler' driver.
INFO - 2024-06-03 08:23:47 --> Session: Class initialized using 'CodeIgniter\Session\Handlers\FileHandler' driver.
INFO - 2024-06-03 08:23:53 --> Session: Class initialized using 'CodeIgniter\Session\Handlers\FileHandler' driver.
INFO - 2024-06-03 08:23:53 --> Session: Class initialized using 'CodeIgniter\Session\Handlers\FileHandler' driver.
CRITICAL - 2024-06-03 08:23:53 --> Undefined variable: tgl
in APPPATH/Views/detailTour.php on line 23.
 1 APPPATH/Views/detailTour.php(23): CodeIgniter\Debug\Exceptions->errorHandler()
 2 SYSTEMPATH/View/View.php(213): include('/var/www/html/gohit/gohitfinal/app/Views/detailTour.php')
 3 SYSTEMPATH/View/View.php(216): CodeIgniter\View\View->CodeIgniter\View\{closure}()
 4 SYSTEMPATH/Common.php(1184): CodeIgniter\View\View->render()
 5 APPPATH/Controllers/DetailEvent.php(241): view()
 6 SYSTEMPATH/CodeIgniter.php(934): App\Controllers\DetailEvent->index()
 7 SYSTEMPATH/CodeIgniter.php(499): CodeIgniter\CodeIgniter->runController()
 8 SYSTEMPATH/CodeIgniter.php(368): CodeIgniter\CodeIgniter->handleRequest()
 9 FCPATH/index.php(67): CodeIgniter\CodeIgniter->run()
INFO - 2024-06-03 08:23:53 --> Session: Class initialized using 'CodeIgniter\Session\Handlers\FileHandler' driver.
CRITICAL - 2024-06-03 08:23:53 --> Undefined variable: tgl
in APPPATH/Views/detailTour.php on line 23.
 1 APPPATH/Views/detailTour.php(23): CodeIgniter\Debug\Exceptions->errorHandler()
 2 SYSTEMPATH/View/View.php(213): include('/var/www/html/gohit/gohitfinal/app/Views/detailTour.php')
 3 SYSTEMPATH/View/View.php(216): CodeIgniter\View\View->CodeIgniter\View\{closure}()
 4 SYSTEMPATH/Common.php(1184): CodeIgniter\View\View->render()
 5 APPPATH/Controllers/DetailEvent.php(241): view()
 6 SYSTEMPATH/CodeIgniter.php(934): App\Controllers\DetailEvent->index()
 7 SYSTEMPATH/CodeIgniter.php(499): CodeIgniter\CodeIgniter->runController()
 8 SYSTEMPATH/CodeIgniter.php(368): CodeIgniter\CodeIgniter->handleRequest()
 9 FCPATH/index.php(67): CodeIgniter\CodeIgniter->run()
INFO - 2024-06-03 08:23:54 --> Session: Class initialized using 'CodeIgniter\Session\Handlers\FileHandler' driver.
CRITICAL - 2024-06-03 08:23:54 --> Undefined variable: tgl
in APPPATH/Views/detailTour.php on line 23.
 1 APPPATH/Views/detailTour.php(23): CodeIgniter\Debug\Exceptions->errorHandler()
 2 SYSTEMPATH/View/View.php(213): include('/var/www/html/gohit/gohitfinal/app/Views/detailTour.php')
 3 SYSTEMPATH/View/View.php(216): CodeIgniter\View\View->CodeIgniter\View\{closure}()
 4 SYSTEMPATH/Common.php(1184): CodeIgniter\View\View->render()
 5 APPPATH/Controllers/DetailEvent.php(241): view()
 6 SYSTEMPATH/CodeIgniter.php(934): App\Controllers\DetailEvent->index()
 7 SYSTEMPATH/CodeIgniter.php(499): CodeIgniter\CodeIgniter->runController()
 8 SYSTEMPATH/CodeIgniter.php(368): CodeIgniter\CodeIgniter->handleRequest()
 9 FCPATH/index.php(67): CodeIgniter\CodeIgniter->run()
INFO - 2024-06-03 08:27:29 --> Session: Class initialized using 'CodeIgniter\Session\Handlers\FileHandler' driver.
INFO - 2024-06-03 08:32:42 --> Session: Class initialized using 'CodeIgniter\Session\Handlers\FileHandler' driver.
INFO - 2024-06-03 08:32:43 --> Session: Class initialized using 'CodeIgniter\Session\Handlers\FileHandler' driver.
CRITICAL - 2024-06-03 08:32:43 --> Undefined variable: tgl
in APPPATH/Views/detailTour.php on line 23.
 1 APPPATH/Views/detailTour.php(23): CodeIgniter\Debug\Exceptions->errorHandler()
 2 SYSTEMPATH/View/View.php(213): include('/var/www/html/gohit/gohitfinal/app/Views/detailTour.php')
 3 SYSTEMPATH/View/View.php(216): CodeIgniter\View\View->CodeIgniter\View\{closure}()
 4 SYSTEMPATH/Common.php(1184): CodeIgniter\View\View->render()
 5 APPPATH/Controllers/DetailEvent.php(241): view()
 6 SYSTEMPATH/CodeIgniter.php(934): App\Controllers\DetailEvent->index()
 7 SYSTEMPATH/CodeIgniter.php(499): CodeIgniter\CodeIgniter->runController()
 8 SYSTEMPATH/CodeIgniter.php(368): CodeIgniter\CodeIgniter->handleRequest()
 9 FCPATH/index.php(67): CodeIgniter\CodeIgniter->run()
INFO - 2024-06-03 08:32:43 --> Session: Class initialized using 'CodeIgniter\Session\Handlers\FileHandler' driver.
CRITICAL - 2024-06-03 08:32:43 --> Undefined variable: tgl
in APPPATH/Views/detailTour.php on line 23.
 1 APPPATH/Views/detailTour.php(23): CodeIgniter\Debug\Exceptions->errorHandler()
 2 SYSTEMPATH/View/View.php(213): include('/var/www/html/gohit/gohitfinal/app/Views/detailTour.php')
 3 SYSTEMPATH/View/View.php(216): CodeIgniter\View\View->CodeIgniter\View\{closure}()
 4 SYSTEMPATH/Common.php(1184): CodeIgniter\View\View->render()
 5 APPPATH/Controllers/DetailEvent.php(241): view()
 6 SYSTEMPATH/CodeIgniter.php(934): App\Controllers\DetailEvent->index()
 7 SYSTEMPATH/CodeIgniter.php(499): CodeIgniter\CodeIgniter->runController()
 8 SYSTEMPATH/CodeIgniter.php(368): CodeIgniter\CodeIgniter->handleRequest()
 9 FCPATH/index.php(67): CodeIgniter\CodeIgniter->run()
INFO - 2024-06-03 08:32:43 --> Session: Class initialized using 'CodeIgniter\Session\Handlers\FileHandler' driver.
CRITICAL - 2024-06-03 08:32:43 --> Undefined variable: tgl
in APPPATH/Views/detailTour.php on line 23.
 1 APPPATH/Views/detailTour.php(23): CodeIgniter\Debug\Exceptions->errorHandler()
 2 SYSTEMPATH/View/View.php(213): include('/var/www/html/gohit/gohitfinal/app/Views/detailTour.php')
 3 SYSTEMPATH/View/View.php(216): CodeIgniter\View\View->CodeIgniter\View\{closure}()
 4 SYSTEMPATH/Common.php(1184): CodeIgniter\View\View->render()
 5 APPPATH/Controllers/DetailEvent.php(241): view()
 6 SYSTEMPATH/CodeIgniter.php(934): App\Controllers\DetailEvent->index()
 7 SYSTEMPATH/CodeIgniter.php(499): CodeIgniter\CodeIgniter->runController()
 8 SYSTEMPATH/CodeIgniter.php(368): CodeIgniter\CodeIgniter->handleRequest()
 9 FCPATH/index.php(67): CodeIgniter\CodeIgniter->run()
INFO - 2024-06-03 08:32:44 --> Session: Class initialized using 'CodeIgniter\Session\Handlers\FileHandler' driver.
INFO - 2024-06-03 08:32:44 --> Session: Class initialized using 'CodeIgniter\Session\Handlers\FileHandler' driver.
CRITICAL - 2024-06-03 08:32:44 --> Undefined variable: tgl
in APPPATH/Views/detailTour.php on line 23.
 1 APPPATH/Views/detailTour.php(23): CodeIgniter\Debug\Exceptions->errorHandler()
 2 SYSTEMPATH/View/View.php(213): include('/var/www/html/gohit/gohitfinal/app/Views/detailTour.php')
 3 SYSTEMPATH/View/View.php(216): CodeIgniter\View\View->CodeIgniter\View\{closure}()
 4 SYSTEMPATH/Common.php(1184): CodeIgniter\View\View->render()
 5 APPPATH/Controllers/DetailEvent.php(241): view()
 6 SYSTEMPATH/CodeIgniter.php(934): App\Controllers\DetailEvent->index()
 7 SYSTEMPATH/CodeIgniter.php(499): CodeIgniter\CodeIgniter->runController()
 8 SYSTEMPATH/CodeIgniter.php(368): CodeIgniter\CodeIgniter->handleRequest()
 9 FCPATH/index.php(67): CodeIgniter\CodeIgniter->run()
INFO - 2024-06-03 08:32:44 --> Session: Class initialized using 'CodeIgniter\Session\Handlers\FileHandler' driver.
CRITICAL - 2024-06-03 08:32:44 --> Undefined variable: tgl
in APPPATH/Views/detailTour.php on line 23.
 1 APPPATH/Views/detailTour.php(23): CodeIgniter\Debug\Exceptions->errorHandler()
 2 SYSTEMPATH/View/View.php(213): include('/var/www/html/gohit/gohitfinal/app/Views/detailTour.php')
 3 SYSTEMPATH/View/View.php(216): CodeIgniter\View\View->CodeIgniter\View\{closure}()
 4 SYSTEMPATH/Common.php(1184): CodeIgniter\View\View->render()
 5 APPPATH/Controllers/DetailEvent.php(241): view()
 6 SYSTEMPATH/CodeIgniter.php(934): App\Controllers\DetailEvent->index()
 7 SYSTEMPATH/CodeIgniter.php(499): CodeIgniter\CodeIgniter->runController()
 8 SYSTEMPATH/CodeIgniter.php(368): CodeIgniter\CodeIgniter->handleRequest()
 9 FCPATH/index.php(67): CodeIgniter\CodeIgniter->run()
INFO - 2024-06-03 08:32:44 --> Session: Class initialized using 'CodeIgniter\Session\Handlers\FileHandler' driver.
CRITICAL - 2024-06-03 08:32:44 --> Undefined variable: tgl
in APPPATH/Views/detailTour.php on line 23.
 1 APPPATH/Views/detailTour.php(23): CodeIgniter\Debug\Exceptions->errorHandler()
 2 SYSTEMPATH/View/View.php(213): include('/var/www/html/gohit/gohitfinal/app/Views/detailTour.php')
 3 SYSTEMPATH/View/View.php(216): CodeIgniter\View\View->CodeIgniter\View\{closure}()
 4 SYSTEMPATH/Common.php(1184): CodeIgniter\View\View->render()
 5 APPPATH/Controllers/DetailEvent.php(241): view()
 6 SYSTEMPATH/CodeIgniter.php(934): App\Controllers\DetailEvent->index()
 7 SYSTEMPATH/CodeIgniter.php(499): CodeIgniter\CodeIgniter->runController()
 8 SYSTEMPATH/CodeIgniter.php(368): CodeIgniter\CodeIgniter->handleRequest()
 9 FCPATH/index.php(67): CodeIgniter\CodeIgniter->run()
INFO - 2024-06-03 08:33:56 --> Session: Class initialized using 'CodeIgniter\Session\Handlers\FileHandler' driver.
INFO - 2024-06-03 08:35:36 --> Session: Class initialized using 'CodeIgniter\Session\Handlers\FileHandler' driver.
INFO - 2024-06-03 08:35:36 --> Session: Class initialized using 'CodeIgniter\Session\Handlers\FileHandler' driver.
CRITICAL - 2024-06-03 08:35:37 --> Undefined variable: tgl
in APPPATH/Views/detailTour.php on line 23.
 1 APPPATH/Views/detailTour.php(23): CodeIgniter\Debug\Exceptions->errorHandler()
 2 SYSTEMPATH/View/View.php(213): include('/var/www/html/gohit/gohitfinal/app/Views/detailTour.php')
 3 SYSTEMPATH/View/View.php(216): CodeIgniter\View\View->CodeIgniter\View\{closure}()
 4 SYSTEMPATH/Common.php(1184): CodeIgniter\View\View->render()
 5 APPPATH/Controllers/DetailEvent.php(241): view()
 6 SYSTEMPATH/CodeIgniter.php(934): App\Controllers\DetailEvent->index()
 7 SYSTEMPATH/CodeIgniter.php(499): CodeIgniter\CodeIgniter->runController()
 8 SYSTEMPATH/CodeIgniter.php(368): CodeIgniter\CodeIgniter->handleRequest()
 9 FCPATH/index.php(67): CodeIgniter\CodeIgniter->run()
INFO - 2024-06-03 08:35:37 --> Session: Class initialized using 'CodeIgniter\Session\Handlers\FileHandler' driver.
CRITICAL - 2024-06-03 08:35:37 --> Undefined variable: tgl
in APPPATH/Views/detailTour.php on line 23.
 1 APPPATH/Views/detailTour.php(23): CodeIgniter\Debug\Exceptions->errorHandler()
 2 SYSTEMPATH/View/View.php(213): include('/var/www/html/gohit/gohitfinal/app/Views/detailTour.php')
 3 SYSTEMPATH/View/View.php(216): CodeIgniter\View\View->CodeIgniter\View\{closure}()
 4 SYSTEMPATH/Common.php(1184): CodeIgniter\View\View->render()
 5 APPPATH/Controllers/DetailEvent.php(241): view()
 6 SYSTEMPATH/CodeIgniter.php(934): App\Controllers\DetailEvent->index()
 7 SYSTEMPATH/CodeIgniter.php(499): CodeIgniter\CodeIgniter->runController()
 8 SYSTEMPATH/CodeIgniter.php(368): CodeIgniter\CodeIgniter->handleRequest()
 9 FCPATH/index.php(67): CodeIgniter\CodeIgniter->run()
INFO - 2024-06-03 08:35:37 --> Session: Class initialized using 'CodeIgniter\Session\Handlers\FileHandler' driver.
CRITICAL - 2024-06-03 08:35:37 --> Undefined variable: tgl
in APPPATH/Views/detailTour.php on line 23.
 1 APPPATH/Views/detailTour.php(23): CodeIgniter\Debug\Exceptions->errorHandler()
 2 SYSTEMPATH/View/View.php(213): include('/var/www/html/gohit/gohitfinal/app/Views/detailTour.php')
 3 SYSTEMPATH/View/View.php(216): CodeIgniter\View\View->CodeIgniter\View\{closure}()
 4 SYSTEMPATH/Common.php(1184): CodeIgniter\View\View->render()
 5 APPPATH/Controllers/DetailEvent.php(241): view()
 6 SYSTEMPATH/CodeIgniter.php(934): App\Controllers\DetailEvent->index()
 7 SYSTEMPATH/CodeIgniter.php(499): CodeIgniter\CodeIgniter->runController()
 8 SYSTEMPATH/CodeIgniter.php(368): CodeIgniter\CodeIgniter->handleRequest()
 9 FCPATH/index.php(67): CodeIgniter\CodeIgniter->run()
INFO - 2024-06-03 08:35:37 --> Session: Class initialized using 'CodeIgniter\Session\Handlers\FileHandler' driver.
INFO - 2024-06-03 08:35:38 --> Session: Class initialized using 'CodeIgniter\Session\Handlers\FileHandler' driver.
INFO - 2024-06-03 08:35:39 --> Session: Class initialized using 'CodeIgniter\Session\Handlers\FileHandler' driver.
CRITICAL - 2024-06-03 08:35:39 --> Undefined variable: tgl
in APPPATH/Views/detailTour.php on line 23.
 1 APPPATH/Views/detailTour.php(23): CodeIgniter\Debug\Exceptions->errorHandler()
 2 SYSTEMPATH/View/View.php(213): include('/var/www/html/gohit/gohitfinal/app/Views/detailTour.php')
 3 SYSTEMPATH/View/View.php(216): CodeIgniter\View\View->CodeIgniter\View\{closure}()
 4 SYSTEMPATH/Common.php(1184): CodeIgniter\View\View->render()
 5 APPPATH/Controllers/DetailEvent.php(241): view()
 6 SYSTEMPATH/CodeIgniter.php(934): App\Controllers\DetailEvent->index()
 7 SYSTEMPATH/CodeIgniter.php(499): CodeIgniter\CodeIgniter->runController()
 8 SYSTEMPATH/CodeIgniter.php(368): CodeIgniter\CodeIgniter->handleRequest()
 9 FCPATH/index.php(67): CodeIgniter\CodeIgniter->run()
INFO - 2024-06-03 08:35:39 --> Session: Class initialized using 'CodeIgniter\Session\Handlers\FileHandler' driver.
CRITICAL - 2024-06-03 08:35:39 --> Undefined variable: tgl
in APPPATH/Views/detailTour.php on line 23.
 1 APPPATH/Views/detailTour.php(23): CodeIgniter\Debug\Exceptions->errorHandler()
 2 SYSTEMPATH/View/View.php(213): include('/var/www/html/gohit/gohitfinal/app/Views/detailTour.php')
 3 SYSTEMPATH/View/View.php(216): CodeIgniter\View\View->CodeIgniter\View\{closure}()
 4 SYSTEMPATH/Common.php(1184): CodeIgniter\View\View->render()
 5 APPPATH/Controllers/DetailEvent.php(241): view()
 6 SYSTEMPATH/CodeIgniter.php(934): App\Controllers\DetailEvent->index()
 7 SYSTEMPATH/CodeIgniter.php(499): CodeIgniter\CodeIgniter->runController()
 8 SYSTEMPATH/CodeIgniter.php(368): CodeIgniter\CodeIgniter->handleRequest()
 9 FCPATH/index.php(67): CodeIgniter\CodeIgniter->run()
INFO - 2024-06-03 08:35:39 --> Session: Class initialized using 'CodeIgniter\Session\Handlers\FileHandler' driver.
CRITICAL - 2024-06-03 08:35:39 --> Undefined variable: tgl
in APPPATH/Views/detailTour.php on line 23.
 1 APPPATH/Views/detailTour.php(23): CodeIgniter\Debug\Exceptions->errorHandler()
 2 SYSTEMPATH/View/View.php(213): include('/var/www/html/gohit/gohitfinal/app/Views/detailTour.php')
 3 SYSTEMPATH/View/View.php(216): CodeIgniter\View\View->CodeIgniter\View\{closure}()
 4 SYSTEMPATH/Common.php(1184): CodeIgniter\View\View->render()
 5 APPPATH/Controllers/DetailEvent.php(241): view()
 6 SYSTEMPATH/CodeIgniter.php(934): App\Controllers\DetailEvent->index()
 7 SYSTEMPATH/CodeIgniter.php(499): CodeIgniter\CodeIgniter->runController()
 8 SYSTEMPATH/CodeIgniter.php(368): CodeIgniter\CodeIgniter->handleRequest()
 9 FCPATH/index.php(67): CodeIgniter\CodeIgniter->run()
INFO - 2024-06-03 08:35:41 --> Session: Class initialized using 'CodeIgniter\Session\Handlers\FileHandler' driver.
CRITICAL - 2024-06-03 08:35:41 --> Undefined variable: tgl
in APPPATH/Views/detailTour.php on line 23.
 1 APPPATH/Views/detailTour.php(23): CodeIgniter\Debug\Exceptions->errorHandler()
 2 SYSTEMPATH/View/View.php(213): include('/var/www/html/gohit/gohitfinal/app/Views/detailTour.php')
 3 SYSTEMPATH/View/View.php(216): CodeIgniter\View\View->CodeIgniter\View\{closure}()
 4 SYSTEMPATH/Common.php(1184): CodeIgniter\View\View->render()
 5 APPPATH/Controllers/DetailEvent.php(241): view()
 6 SYSTEMPATH/CodeIgniter.php(934): App\Controllers\DetailEvent->index()
 7 SYSTEMPATH/CodeIgniter.php(499): CodeIgniter\CodeIgniter->runController()
 8 SYSTEMPATH/CodeIgniter.php(368): CodeIgniter\CodeIgniter->handleRequest()
 9 FCPATH/index.php(67): CodeIgniter\CodeIgniter->run()
INFO - 2024-06-03 08:35:41 --> Session: Class initialized using 'CodeIgniter\Session\Handlers\FileHandler' driver.
CRITICAL - 2024-06-03 08:35:41 --> Undefined variable: tgl
in APPPATH/Views/detailTour.php on line 23.
 1 APPPATH/Views/detailTour.php(23): CodeIgniter\Debug\Exceptions->errorHandler()
 2 SYSTEMPATH/View/View.php(213): include('/var/www/html/gohit/gohitfinal/app/Views/detailTour.php')
 3 SYSTEMPATH/View/View.php(216): CodeIgniter\View\View->CodeIgniter\View\{closure}()
 4 SYSTEMPATH/Common.php(1184): CodeIgniter\View\View->render()
 5 APPPATH/Controllers/DetailEvent.php(241): view()
 6 SYSTEMPATH/CodeIgniter.php(934): App\Controllers\DetailEvent->index()
 7 SYSTEMPATH/CodeIgniter.php(499): CodeIgniter\CodeIgniter->runController()
 8 SYSTEMPATH/CodeIgniter.php(368): CodeIgniter\CodeIgniter->handleRequest()
 9 FCPATH/index.php(67): CodeIgniter\CodeIgniter->run()
INFO - 2024-06-03 08:43:42 --> Session: Class initialized using 'CodeIgniter\Session\Handlers\FileHandler' driver.
INFO - 2024-06-03 08:44:16 --> Session: Class initialized using 'CodeIgniter\Session\Handlers\FileHandler' driver.
INFO - 2024-06-03 08:44:16 --> Session: Class initialized using 'CodeIgniter\Session\Handlers\FileHandler' driver.
CRITICAL - 2024-06-03 08:44:16 --> Undefined variable: tgl
in APPPATH/Views/detailTour.php on line 23.
 1 APPPATH/Views/detailTour.php(23): CodeIgniter\Debug\Exceptions->errorHandler()
 2 SYSTEMPATH/View/View.php(213): include('/var/www/html/gohit/gohitfinal/app/Views/detailTour.php')
 3 SYSTEMPATH/View/View.php(216): CodeIgniter\View\View->CodeIgniter\View\{closure}()
 4 SYSTEMPATH/Common.php(1184): CodeIgniter\View\View->render()
 5 APPPATH/Controllers/DetailEvent.php(241): view()
 6 SYSTEMPATH/CodeIgniter.php(934): App\Controllers\DetailEvent->index()
 7 SYSTEMPATH/CodeIgniter.php(499): CodeIgniter\CodeIgniter->runController()
 8 SYSTEMPATH/CodeIgniter.php(368): CodeIgniter\CodeIgniter->handleRequest()
 9 FCPATH/index.php(67): CodeIgniter\CodeIgniter->run()
INFO - 2024-06-03 08:44:16 --> Session: Class initialized using 'CodeIgniter\Session\Handlers\FileHandler' driver.
CRITICAL - 2024-06-03 08:44:16 --> Undefined variable: tgl
in APPPATH/Views/detailTour.php on line 23.
 1 APPPATH/Views/detailTour.php(23): CodeIgniter\Debug\Exceptions->errorHandler()
 2 SYSTEMPATH/View/View.php(213): include('/var/www/html/gohit/gohitfinal/app/Views/detailTour.php')
 3 SYSTEMPATH/View/View.php(216): CodeIgniter\View\View->CodeIgniter\View\{closure}()
 4 SYSTEMPATH/Common.php(1184): CodeIgniter\View\View->render()
 5 APPPATH/Controllers/DetailEvent.php(241): view()
 6 SYSTEMPATH/CodeIgniter.php(934): App\Controllers\DetailEvent->index()
 7 SYSTEMPATH/CodeIgniter.php(499): CodeIgniter\CodeIgniter->runController()
 8 SYSTEMPATH/CodeIgniter.php(368): CodeIgniter\CodeIgniter->handleRequest()
 9 FCPATH/index.php(67): CodeIgniter\CodeIgniter->run()
INFO - 2024-06-03 08:44:16 --> Session: Class initialized using 'CodeIgniter\Session\Handlers\FileHandler' driver.
CRITICAL - 2024-06-03 08:44:16 --> Undefined variable: tgl
in APPPATH/Views/detailTour.php on line 23.
 1 APPPATH/Views/detailTour.php(23): CodeIgniter\Debug\Exceptions->errorHandler()
 2 SYSTEMPATH/View/View.php(213): include('/var/www/html/gohit/gohitfinal/app/Views/detailTour.php')
 3 SYSTEMPATH/View/View.php(216): CodeIgniter\View\View->CodeIgniter\View\{closure}()
 4 SYSTEMPATH/Common.php(1184): CodeIgniter\View\View->render()
 5 APPPATH/Controllers/DetailEvent.php(241): view()
 6 SYSTEMPATH/CodeIgniter.php(934): App\Controllers\DetailEvent->index()
 7 SYSTEMPATH/CodeIgniter.php(499): CodeIgniter\CodeIgniter->runController()
 8 SYSTEMPATH/CodeIgniter.php(368): CodeIgniter\CodeIgniter->handleRequest()
 9 FCPATH/index.php(67): CodeIgniter\CodeIgniter->run()
INFO - 2024-06-03 08:44:18 --> Session: Class initialized using 'CodeIgniter\Session\Handlers\FileHandler' driver.
INFO - 2024-06-03 08:44:20 --> Session: Class initialized using 'CodeIgniter\Session\Handlers\FileHandler' driver.
INFO - 2024-06-03 08:44:31 --> Session: Class initialized using 'CodeIgniter\Session\Handlers\FileHandler' driver.
INFO - 2024-06-03 08:44:31 --> Session: Class initialized using 'CodeIgniter\Session\Handlers\FileHandler' driver.
INFO - 2024-06-03 08:44:35 --> Session: Class initialized using 'CodeIgniter\Session\Handlers\FileHandler' driver.
INFO - 2024-06-03 08:44:36 --> Session: Class initialized using 'CodeIgniter\Session\Handlers\FileHandler' driver.
CRITICAL - 2024-06-03 08:44:36 --> Midtrans API is returning API error. HTTP status code: 400 API response: {"error_messages":["customer_details.email format is invalid"]}
in VENDORPATH/midtrans/midtrans-php/Midtrans/ApiRequestor.php on line 167.
 1 VENDORPATH/midtrans/midtrans-php/Midtrans/ApiRequestor.php(39): Midtrans\ApiRequestor::remoteCall()
 2 VENDORPATH/midtrans/midtrans-php/Midtrans/Snap.php(109): Midtrans\ApiRequestor::post()
 3 VENDORPATH/midtrans/midtrans-php/Midtrans/Snap.php(36): Midtrans\Snap::createTransaction()
 4 APPPATH/Controllers/Home.php(79): Midtrans\Snap::getSnapToken()
 5 SYSTEMPATH/CodeIgniter.php(934): App\Controllers\Home->home()
 6 SYSTEMPATH/CodeIgniter.php(499): CodeIgniter\CodeIgniter->runController()
 7 SYSTEMPATH/CodeIgniter.php(368): CodeIgniter\CodeIgniter->handleRequest()
 8 FCPATH/index.php(67): CodeIgniter\CodeIgniter->run()
INFO - 2024-06-03 08:45:04 --> Session: Class initialized using 'CodeIgniter\Session\Handlers\FileHandler' driver.
INFO - 2024-06-03 08:45:04 --> Session: Class initialized using 'CodeIgniter\Session\Handlers\FileHandler' driver.
INFO - 2024-06-03 08:45:11 --> Session: Class initialized using 'CodeIgniter\Session\Handlers\FileHandler' driver.
INFO - 2024-06-03 08:45:14 --> Session: Class initialized using 'CodeIgniter\Session\Handlers\FileHandler' driver.
INFO - 2024-06-03 08:45:14 --> Session: Class initialized using 'CodeIgniter\Session\Handlers\FileHandler' driver.
CRITICAL - 2024-06-03 08:45:14 --> Undefined variable: tgl
in APPPATH/Views/detailTour.php on line 23.
 1 APPPATH/Views/detailTour.php(23): CodeIgniter\Debug\Exceptions->errorHandler()
 2 SYSTEMPATH/View/View.php(213): include('/var/www/html/gohit/gohitfinal/app/Views/detailTour.php')
 3 SYSTEMPATH/View/View.php(216): CodeIgniter\View\View->CodeIgniter\View\{closure}()
 4 SYSTEMPATH/Common.php(1184): CodeIgniter\View\View->render()
 5 APPPATH/Controllers/DetailEvent.php(241): view()
 6 SYSTEMPATH/CodeIgniter.php(934): App\Controllers\DetailEvent->index()
 7 SYSTEMPATH/CodeIgniter.php(499): CodeIgniter\CodeIgniter->runController()
 8 SYSTEMPATH/CodeIgniter.php(368): CodeIgniter\CodeIgniter->handleRequest()
 9 FCPATH/index.php(67): CodeIgniter\CodeIgniter->run()
INFO - 2024-06-03 08:45:14 --> Session: Class initialized using 'CodeIgniter\Session\Handlers\FileHandler' driver.
CRITICAL - 2024-06-03 08:45:14 --> Undefined variable: tgl
in APPPATH/Views/detailTour.php on line 23.
 1 APPPATH/Views/detailTour.php(23): CodeIgniter\Debug\Exceptions->errorHandler()
 2 SYSTEMPATH/View/View.php(213): include('/var/www/html/gohit/gohitfinal/app/Views/detailTour.php')
 3 SYSTEMPATH/View/View.php(216): CodeIgniter\View\View->CodeIgniter\View\{closure}()
 4 SYSTEMPATH/Common.php(1184): CodeIgniter\View\View->render()
 5 APPPATH/Controllers/DetailEvent.php(241): view()
 6 SYSTEMPATH/CodeIgniter.php(934): App\Controllers\DetailEvent->index()
 7 SYSTEMPATH/CodeIgniter.php(499): CodeIgniter\CodeIgniter->runController()
 8 SYSTEMPATH/CodeIgniter.php(368): CodeIgniter\CodeIgniter->handleRequest()
 9 FCPATH/index.php(67): CodeIgniter\CodeIgniter->run()
INFO - 2024-06-03 08:45:14 --> Session: Class initialized using 'CodeIgniter\Session\Handlers\FileHandler' driver.
CRITICAL - 2024-06-03 08:45:14 --> Undefined variable: tgl
in APPPATH/Views/detailTour.php on line 23.
 1 APPPATH/Views/detailTour.php(23): CodeIgniter\Debug\Exceptions->errorHandler()
 2 SYSTEMPATH/View/View.php(213): include('/var/www/html/gohit/gohitfinal/app/Views/detailTour.php')
 3 SYSTEMPATH/View/View.php(216): CodeIgniter\View\View->CodeIgniter\View\{closure}()
 4 SYSTEMPATH/Common.php(1184): CodeIgniter\View\View->render()
 5 APPPATH/Controllers/DetailEvent.php(241): view()
 6 SYSTEMPATH/CodeIgniter.php(934): App\Controllers\DetailEvent->index()
 7 SYSTEMPATH/CodeIgniter.php(499): CodeIgniter\CodeIgniter->runController()
 8 SYSTEMPATH/CodeIgniter.php(368): CodeIgniter\CodeIgniter->handleRequest()
 9 FCPATH/index.php(67): CodeIgniter\CodeIgniter->run()
INFO - 2024-06-03 08:45:17 --> Session: Class initialized using 'CodeIgniter\Session\Handlers\FileHandler' driver.
INFO - 2024-06-03 08:45:18 --> Session: Class initialized using 'CodeIgniter\Session\Handlers\FileHandler' driver.
INFO - 2024-06-03 08:45:22 --> Session: Class initialized using 'CodeIgniter\Session\Handlers\FileHandler' driver.
INFO - 2024-06-03 08:45:28 --> Session: Class initialized using 'CodeIgniter\Session\Handlers\FileHandler' driver.
INFO - 2024-06-03 08:59:15 --> Session: Class initialized using 'CodeIgniter\Session\Handlers\FileHandler' driver.
INFO - 2024-06-03 09:03:05 --> Session: Class initialized using 'CodeIgniter\Session\Handlers\FileHandler' driver.
INFO - 2024-06-03 09:04:54 --> Session: Class initialized using 'CodeIgniter\Session\Handlers\FileHandler' driver.
INFO - 2024-06-03 09:05:07 --> Session: Class initialized using 'CodeIgniter\Session\Handlers\FileHandler' driver.
INFO - 2024-06-03 09:05:50 --> Session: Class initialized using 'CodeIgniter\Session\Handlers\FileHandler' driver.
INFO - 2024-06-03 09:05:52 --> Session: Class initialized using 'CodeIgniter\Session\Handlers\FileHandler' driver.
INFO - 2024-06-03 09:07:08 --> Session: Class initialized using 'CodeIgniter\Session\Handlers\FileHandler' driver.
INFO - 2024-06-03 09:07:12 --> Session: Class initialized using 'CodeIgniter\Session\Handlers\FileHandler' driver.
INFO - 2024-06-03 09:07:16 --> Session: Class initialized using 'CodeIgniter\Session\Handlers\FileHandler' driver.
INFO - 2024-06-03 09:12:11 --> Session: Class initialized using 'CodeIgniter\Session\Handlers\FileHandler' driver.
INFO - 2024-06-03 09:12:11 --> Session: Class initialized using 'CodeIgniter\Session\Handlers\FileHandler' driver.
INFO - 2024-06-03 09:12:12 --> Session: Class initialized using 'CodeIgniter\Session\Handlers\FileHandler' driver.
INFO - 2024-06-03 10:17:56 --> Session: Class initialized using 'CodeIgniter\Session\Handlers\FileHandler' driver.
INFO - 2024-06-03 10:26:58 --> Session: Class initialized using 'CodeIgniter\Session\Handlers\FileHandler' driver.
INFO - 2024-06-03 11:28:58 --> Session: Class initialized using 'CodeIgniter\Session\Handlers\FileHandler' driver.
INFO - 2024-06-03 11:30:34 --> Session: Class initialized using 'CodeIgniter\Session\Handlers\FileHandler' driver.
INFO - 2024-06-03 12:11:32 --> Session: Class initialized using 'CodeIgniter\Session\Handlers\FileHandler' driver.
INFO - 2024-06-03 12:15:52 --> Session: Class initialized using 'CodeIgniter\Session\Handlers\FileHandler' driver.
INFO - 2024-06-03 12:26:15 --> Session: Class initialized using 'CodeIgniter\Session\Handlers\FileHandler' driver.
INFO - 2024-06-03 12:30:33 --> Session: Class initialized using 'CodeIgniter\Session\Handlers\FileHandler' driver.
INFO - 2024-06-03 12:42:39 --> Session: Class initialized using 'CodeIgniter\Session\Handlers\FileHandler' driver.
INFO - 2024-06-03 13:18:41 --> Session: Class initialized using 'CodeIgniter\Session\Handlers\FileHandler' driver.
INFO - 2024-06-03 13:24:28 --> Session: Class initialized using 'CodeIgniter\Session\Handlers\FileHandler' driver.
INFO - 2024-06-03 13:49:06 --> Session: Class initialized using 'CodeIgniter\Session\Handlers\FileHandler' driver.
INFO - 2024-06-03 13:57:35 --> Session: Class initialized using 'CodeIgniter\Session\Handlers\FileHandler' driver.
INFO - 2024-06-03 14:16:54 --> Session: Class initialized using 'CodeIgniter\Session\Handlers\FileHandler' driver.
INFO - 2024-06-03 14:19:39 --> Session: Class initialized using 'CodeIgniter\Session\Handlers\FileHandler' driver.
INFO - 2024-06-03 15:06:42 --> Session: Class initialized using 'CodeIgniter\Session\Handlers\FileHandler' driver.
INFO - 2024-06-03 15:08:01 --> Session: Class initialized using 'CodeIgniter\Session\Handlers\FileHandler' driver.
INFO - 2024-06-03 15:31:48 --> Session: Class initialized using 'CodeIgniter\Session\Handlers\FileHandler' driver.
INFO - 2024-06-03 16:21:45 --> Session: Class initialized using 'CodeIgniter\Session\Handlers\FileHandler' driver.
INFO - 2024-06-03 16:27:31 --> Session: Class initialized using 'CodeIgniter\Session\Handlers\FileHandler' driver.
INFO - 2024-06-03 16:33:35 --> Session: Class initialized using 'CodeIgniter\Session\Handlers\FileHandler' driver.
INFO - 2024-06-03 16:33:35 --> Session: Class initialized using 'CodeIgniter\Session\Handlers\FileHandler' driver.
INFO - 2024-06-03 16:33:35 --> Session: Class initialized using 'CodeIgniter\Session\Handlers\FileHandler' driver.
INFO - 2024-06-03 16:44:27 --> Session: Class initialized using 'CodeIgniter\Session\Handlers\FileHandler' driver.
INFO - 2024-06-03 17:03:28 --> Session: Class initialized using 'CodeIgniter\Session\Handlers\FileHandler' driver.
INFO - 2024-06-03 17:16:17 --> Session: Class initialized using 'CodeIgniter\Session\Handlers\FileHandler' driver.
INFO - 2024-06-03 17:35:27 --> Session: Class initialized using 'CodeIgniter\Session\Handlers\FileHandler' driver.
INFO - 2024-06-03 18:11:00 --> Session: Class initialized using 'CodeIgniter\Session\Handlers\FileHandler' driver.
INFO - 2024-06-03 18:51:08 --> Session: Class initialized using 'CodeIgniter\Session\Handlers\FileHandler' driver.
INFO - 2024-06-03 19:23:19 --> Session: Class initialized using 'CodeIgniter\Session\Handlers\FileHandler' driver.
INFO - 2024-06-03 20:03:57 --> Session: Class initialized using 'CodeIgniter\Session\Handlers\FileHandler' driver.
INFO - 2024-06-03 20:05:25 --> Session: Class initialized using 'CodeIgniter\Session\Handlers\FileHandler' driver.
INFO - 2024-06-03 20:08:21 --> Session: Class initialized using 'CodeIgniter\Session\Handlers\FileHandler' driver.
INFO - 2024-06-03 21:15:54 --> Session: Class initialized using 'CodeIgniter\Session\Handlers\FileHandler' driver.
INFO - 2024-06-03 21:56:46 --> Session: Class initialized using 'CodeIgniter\Session\Handlers\FileHandler' driver.
INFO - 2024-06-03 22:29:26 --> Session: Class initialized using 'CodeIgniter\Session\Handlers\FileHandler' driver.
INFO - 2024-06-03 22:43:21 --> Session: Class initialized using 'CodeIgniter\Session\Handlers\FileHandler' driver.
INFO - 2024-06-03 23:05:07 --> Session: Class initialized using 'CodeIgniter\Session\Handlers\FileHandler' driver.
INFO - 2024-06-03 23:06:24 --> Session: Class initialized using 'CodeIgniter\Session\Handlers\FileHandler' driver.
INFO - 2024-06-03 23:45:02 --> Session: Class initialized using 'CodeIgniter\Session\Handlers\FileHandler' driver.
