ERROR - 2023-06-02 14:26:36 --> Error connecting to the database: mysqli_sql_exception: Access denied for user ''@'localhost' (using password: NO) in D:\TUGAS\KULIAH\Semester 4\PW2\gohitfix\gohit\system\Database\MySQLi\Connection.php:174
Stack trace:
#0 D:\TUGAS\KULIAH\Semester 4\PW2\gohitfix\gohit\system\Database\MySQLi\Connection.php(174): mysqli->real_connect('localhost', '', '', '', 3306, '', 0)
#1 D:\TUGAS\KULIAH\Semester 4\PW2\gohitfix\gohit\system\Database\BaseConnection.php(391): CodeIgniter\Database\MySQLi\Connection->connect(false)
#2 D:\TUGAS\KULIAH\Semester 4\PW2\gohitfix\gohit\system\Database\BaseConnection.php(573): CodeIgniter\Database\BaseConnection->initialize()
#3 D:\TUGAS\KULIAH\Semester 4\PW2\gohitfix\gohit\system\Database\BaseBuilder.php(1616): CodeIgniter\Database\BaseConnection->query('SELECT *\nFROM `...', Array, false)
#4 D:\TUGAS\KULIAH\Semester 4\PW2\gohitfix\gohit\system\Model.php(268): CodeIgniter\Database\BaseBuilder->get()
#5 D:\TUGAS\KULIAH\Semester 4\PW2\gohitfix\gohit\system\BaseModel.php(656): CodeIgniter\Model->doFirst()
#6 D:\TUGAS\KULIAH\Semester 4\PW2\gohitfix\gohit\app\Models\User.php(30): CodeIgniter\BaseModel->first()
#7 D:\TUGAS\KULIAH\Semester 4\PW2\gohitfix\gohit\app\Controllers\Login.php(20): App\Models\User->getUserByEmail(NULL)
#8 D:\TUGAS\KULIAH\Semester 4\PW2\gohitfix\gohit\system\CodeIgniter.php(934): App\Controllers\Login->login()
#9 D:\TUGAS\KULIAH\Semester 4\PW2\gohitfix\gohit\system\CodeIgniter.php(499): CodeIgniter\CodeIgniter->runController(Object(App\Controllers\Login))
#10 D:\TUGAS\KULIAH\Semester 4\PW2\gohitfix\gohit\system\CodeIgniter.php(368): CodeIgniter\CodeIgniter->handleRequest(NULL, Object(Config\Cache), false)
#11 D:\TUGAS\KULIAH\Semester 4\PW2\gohitfix\gohit\public\index.php(67): CodeIgniter\CodeIgniter->run()
#12 D:\TUGAS\KULIAH\Semester 4\PW2\gohitfix\gohit\system\Commands\Server\rewrite.php(47): require_once('D:\\TUGAS\\KULIAH...')
#13 {main}

Next CodeIgniter\Database\Exceptions\DatabaseException: Access denied for user ''@'localhost' (using password: NO) in D:\TUGAS\KULIAH\Semester 4\PW2\gohitfix\gohit\system\Database\MySQLi\Connection.php:218
Stack trace:
#0 D:\TUGAS\KULIAH\Semester 4\PW2\gohitfix\gohit\system\Database\BaseConnection.php(391): CodeIgniter\Database\MySQLi\Connection->connect(false)
#1 D:\TUGAS\KULIAH\Semester 4\PW2\gohitfix\gohit\system\Database\BaseConnection.php(573): CodeIgniter\Database\BaseConnection->initialize()
#2 D:\TUGAS\KULIAH\Semester 4\PW2\gohitfix\gohit\system\Database\BaseBuilder.php(1616): CodeIgniter\Database\BaseConnection->query('SELECT *\nFROM `...', Array, false)
#3 D:\TUGAS\KULIAH\Semester 4\PW2\gohitfix\gohit\system\Model.php(268): CodeIgniter\Database\BaseBuilder->get()
#4 D:\TUGAS\KULIAH\Semester 4\PW2\gohitfix\gohit\system\BaseModel.php(656): CodeIgniter\Model->doFirst()
#5 D:\TUGAS\KULIAH\Semester 4\PW2\gohitfix\gohit\app\Models\User.php(30): CodeIgniter\BaseModel->first()
#6 D:\TUGAS\KULIAH\Semester 4\PW2\gohitfix\gohit\app\Controllers\Login.php(20): App\Models\User->getUserByEmail(NULL)
#7 D:\TUGAS\KULIAH\Semester 4\PW2\gohitfix\gohit\system\CodeIgniter.php(934): App\Controllers\Login->login()
#8 D:\TUGAS\KULIAH\Semester 4\PW2\gohitfix\gohit\system\CodeIgniter.php(499): CodeIgniter\CodeIgniter->runController(Object(App\Controllers\Login))
#9 D:\TUGAS\KULIAH\Semester 4\PW2\gohitfix\gohit\system\CodeIgniter.php(368): CodeIgniter\CodeIgniter->handleRequest(NULL, Object(Config\Cache), false)
#10 D:\TUGAS\KULIAH\Semester 4\PW2\gohitfix\gohit\public\index.php(67): CodeIgniter\CodeIgniter->run()
#11 D:\TUGAS\KULIAH\Semester 4\PW2\gohitfix\gohit\system\Commands\Server\rewrite.php(47): require_once('D:\\TUGAS\\KULIAH...')
#12 {main}
CRITICAL - 2023-06-02 14:26:36 --> Unable to connect to the database.
Main connection [MySQLi]: Access denied for user ''@'localhost' (using password: NO)
in SYSTEMPATH\Database\BaseConnection.php on line 427.
 1 SYSTEMPATH\Database\BaseConnection.php(573): CodeIgniter\Database\BaseConnection->initialize()
 2 SYSTEMPATH\Database\BaseBuilder.php(1616): CodeIgniter\Database\BaseConnection->query('SELECT *
FROM `user`
WHERE `email` IS NULL
 LIMIT 1', [], false)
 3 SYSTEMPATH\Model.php(268): CodeIgniter\Database\BaseBuilder->get()
 4 SYSTEMPATH\BaseModel.php(656): CodeIgniter\Model->doFirst()
 5 APPPATH\Models\User.php(30): CodeIgniter\BaseModel->first()
 6 APPPATH\Controllers\Login.php(20): App\Models\User->getUserByEmail(null)
 7 SYSTEMPATH\CodeIgniter.php(934): App\Controllers\Login->login()
 8 SYSTEMPATH\CodeIgniter.php(499): CodeIgniter\CodeIgniter->runController(Object(App\Controllers\Login))
 9 SYSTEMPATH\CodeIgniter.php(368): CodeIgniter\CodeIgniter->handleRequest(null, Object(Config\Cache), false)
10 FCPATH\index.php(67): CodeIgniter\CodeIgniter->run()
11 SYSTEMPATH\Commands\Server\rewrite.php(47): require_once('D:\\TUGAS\\KULIAH\\Semester 4\\PW2\\gohitfix\\gohit\\public\\index.php')
ERROR - 2023-06-02 14:30:01 --> Error connecting to the database: mysqli_sql_exception: Access denied for user ''@'localhost' (using password: NO) in D:\TUGAS\KULIAH\Semester 4\PW2\gohitfix\gohit\system\Database\MySQLi\Connection.php:174
Stack trace:
#0 D:\TUGAS\KULIAH\Semester 4\PW2\gohitfix\gohit\system\Database\MySQLi\Connection.php(174): mysqli->real_connect('localhost', '', '', '', 3306, '', 0)
#1 D:\TUGAS\KULIAH\Semester 4\PW2\gohitfix\gohit\system\Database\BaseConnection.php(391): CodeIgniter\Database\MySQLi\Connection->connect(false)
#2 D:\TUGAS\KULIAH\Semester 4\PW2\gohitfix\gohit\system\Database\BaseConnection.php(573): CodeIgniter\Database\BaseConnection->initialize()
#3 D:\TUGAS\KULIAH\Semester 4\PW2\gohitfix\gohit\system\Database\BaseBuilder.php(1616): CodeIgniter\Database\BaseConnection->query('SELECT *\nFROM `...', Array, false)
#4 D:\TUGAS\KULIAH\Semester 4\PW2\gohitfix\gohit\system\Model.php(268): CodeIgniter\Database\BaseBuilder->get()
#5 D:\TUGAS\KULIAH\Semester 4\PW2\gohitfix\gohit\system\BaseModel.php(656): CodeIgniter\Model->doFirst()
#6 D:\TUGAS\KULIAH\Semester 4\PW2\gohitfix\gohit\app\Models\User.php(30): CodeIgniter\BaseModel->first()
#7 D:\TUGAS\KULIAH\Semester 4\PW2\gohitfix\gohit\app\Controllers\Login.php(20): App\Models\User->getUserByEmail(NULL)
#8 D:\TUGAS\KULIAH\Semester 4\PW2\gohitfix\gohit\system\CodeIgniter.php(934): App\Controllers\Login->login()
#9 D:\TUGAS\KULIAH\Semester 4\PW2\gohitfix\gohit\system\CodeIgniter.php(499): CodeIgniter\CodeIgniter->runController(Object(App\Controllers\Login))
#10 D:\TUGAS\KULIAH\Semester 4\PW2\gohitfix\gohit\system\CodeIgniter.php(368): CodeIgniter\CodeIgniter->handleRequest(NULL, Object(Config\Cache), false)
#11 D:\TUGAS\KULIAH\Semester 4\PW2\gohitfix\gohit\public\index.php(67): CodeIgniter\CodeIgniter->run()
#12 D:\TUGAS\KULIAH\Semester 4\PW2\gohitfix\gohit\system\Commands\Server\rewrite.php(47): require_once('D:\\TUGAS\\KULIAH...')
#13 {main}

Next CodeIgniter\Database\Exceptions\DatabaseException: Access denied for user ''@'localhost' (using password: NO) in D:\TUGAS\KULIAH\Semester 4\PW2\gohitfix\gohit\system\Database\MySQLi\Connection.php:218
Stack trace:
#0 D:\TUGAS\KULIAH\Semester 4\PW2\gohitfix\gohit\system\Database\BaseConnection.php(391): CodeIgniter\Database\MySQLi\Connection->connect(false)
#1 D:\TUGAS\KULIAH\Semester 4\PW2\gohitfix\gohit\system\Database\BaseConnection.php(573): CodeIgniter\Database\BaseConnection->initialize()
#2 D:\TUGAS\KULIAH\Semester 4\PW2\gohitfix\gohit\system\Database\BaseBuilder.php(1616): CodeIgniter\Database\BaseConnection->query('SELECT *\nFROM `...', Array, false)
#3 D:\TUGAS\KULIAH\Semester 4\PW2\gohitfix\gohit\system\Model.php(268): CodeIgniter\Database\BaseBuilder->get()
#4 D:\TUGAS\KULIAH\Semester 4\PW2\gohitfix\gohit\system\BaseModel.php(656): CodeIgniter\Model->doFirst()
#5 D:\TUGAS\KULIAH\Semester 4\PW2\gohitfix\gohit\app\Models\User.php(30): CodeIgniter\BaseModel->first()
#6 D:\TUGAS\KULIAH\Semester 4\PW2\gohitfix\gohit\app\Controllers\Login.php(20): App\Models\User->getUserByEmail(NULL)
#7 D:\TUGAS\KULIAH\Semester 4\PW2\gohitfix\gohit\system\CodeIgniter.php(934): App\Controllers\Login->login()
#8 D:\TUGAS\KULIAH\Semester 4\PW2\gohitfix\gohit\system\CodeIgniter.php(499): CodeIgniter\CodeIgniter->runController(Object(App\Controllers\Login))
#9 D:\TUGAS\KULIAH\Semester 4\PW2\gohitfix\gohit\system\CodeIgniter.php(368): CodeIgniter\CodeIgniter->handleRequest(NULL, Object(Config\Cache), false)
#10 D:\TUGAS\KULIAH\Semester 4\PW2\gohitfix\gohit\public\index.php(67): CodeIgniter\CodeIgniter->run()
#11 D:\TUGAS\KULIAH\Semester 4\PW2\gohitfix\gohit\system\Commands\Server\rewrite.php(47): require_once('D:\\TUGAS\\KULIAH...')
#12 {main}
CRITICAL - 2023-06-02 14:30:01 --> Unable to connect to the database.
Main connection [MySQLi]: Access denied for user ''@'localhost' (using password: NO)
in SYSTEMPATH\Database\BaseConnection.php on line 427.
 1 SYSTEMPATH\Database\BaseConnection.php(573): CodeIgniter\Database\BaseConnection->initialize()
 2 SYSTEMPATH\Database\BaseBuilder.php(1616): CodeIgniter\Database\BaseConnection->query('SELECT *
FROM `user`
WHERE `email` IS NULL
 LIMIT 1', [], false)
 3 SYSTEMPATH\Model.php(268): CodeIgniter\Database\BaseBuilder->get()
 4 SYSTEMPATH\BaseModel.php(656): CodeIgniter\Model->doFirst()
 5 APPPATH\Models\User.php(30): CodeIgniter\BaseModel->first()
 6 APPPATH\Controllers\Login.php(20): App\Models\User->getUserByEmail(null)
 7 SYSTEMPATH\CodeIgniter.php(934): App\Controllers\Login->login()
 8 SYSTEMPATH\CodeIgniter.php(499): CodeIgniter\CodeIgniter->runController(Object(App\Controllers\Login))
 9 SYSTEMPATH\CodeIgniter.php(368): CodeIgniter\CodeIgniter->handleRequest(null, Object(Config\Cache), false)
10 FCPATH\index.php(67): CodeIgniter\CodeIgniter->run()
11 SYSTEMPATH\Commands\Server\rewrite.php(47): require_once('D:\\TUGAS\\KULIAH\\Semester 4\\PW2\\gohitfix\\gohit\\public\\index.php')
ERROR - 2023-06-02 14:30:53 --> Error connecting to the database: mysqli_sql_exception: Access denied for user ''@'localhost' (using password: NO) in D:\TUGAS\KULIAH\Semester 4\PW2\gohitfix\gohit\system\Database\MySQLi\Connection.php:174
Stack trace:
#0 D:\TUGAS\KULIAH\Semester 4\PW2\gohitfix\gohit\system\Database\MySQLi\Connection.php(174): mysqli->real_connect('localhost', '', '', '', 3306, '', 0)
#1 D:\TUGAS\KULIAH\Semester 4\PW2\gohitfix\gohit\system\Database\BaseConnection.php(391): CodeIgniter\Database\MySQLi\Connection->connect(false)
#2 D:\TUGAS\KULIAH\Semester 4\PW2\gohitfix\gohit\system\Database\BaseConnection.php(573): CodeIgniter\Database\BaseConnection->initialize()
#3 D:\TUGAS\KULIAH\Semester 4\PW2\gohitfix\gohit\system\Database\BaseConnection.php(1408): CodeIgniter\Database\BaseConnection->query('SHOW TABLES FRO...')
#4 D:\TUGAS\KULIAH\Semester 4\PW2\gohitfix\gohit\system\Database\BaseConnection.php(1427): CodeIgniter\Database\BaseConnection->listTables()
#5 D:\TUGAS\KULIAH\Semester 4\PW2\gohitfix\gohit\system\Database\MigrationRunner.php(768): CodeIgniter\Database\BaseConnection->tableExists('migrations')
#6 D:\TUGAS\KULIAH\Semester 4\PW2\gohitfix\gohit\system\Database\MigrationRunner.php(168): CodeIgniter\Database\MigrationRunner->ensureTable()
#7 D:\TUGAS\KULIAH\Semester 4\PW2\gohitfix\gohit\system\Commands\Database\Migrate.php(84): CodeIgniter\Database\MigrationRunner->latest(NULL)
#8 D:\TUGAS\KULIAH\Semester 4\PW2\gohitfix\gohit\system\CLI\Commands.php(65): CodeIgniter\Commands\Database\Migrate->run(Array)
#9 D:\TUGAS\KULIAH\Semester 4\PW2\gohitfix\gohit\system\CLI\Console.php(37): CodeIgniter\CLI\Commands->run('migrate', Array)
#10 D:\TUGAS\KULIAH\Semester 4\PW2\gohitfix\gohit\spark(97): CodeIgniter\CLI\Console->run()
#11 {main}

Next CodeIgniter\Database\Exceptions\DatabaseException: Access denied for user ''@'localhost' (using password: NO) in D:\TUGAS\KULIAH\Semester 4\PW2\gohitfix\gohit\system\Database\MySQLi\Connection.php:218
Stack trace:
#0 D:\TUGAS\KULIAH\Semester 4\PW2\gohitfix\gohit\system\Database\BaseConnection.php(391): CodeIgniter\Database\MySQLi\Connection->connect(false)
#1 D:\TUGAS\KULIAH\Semester 4\PW2\gohitfix\gohit\system\Database\BaseConnection.php(573): CodeIgniter\Database\BaseConnection->initialize()
#2 D:\TUGAS\KULIAH\Semester 4\PW2\gohitfix\gohit\system\Database\BaseConnection.php(1408): CodeIgniter\Database\BaseConnection->query('SHOW TABLES FRO...')
#3 D:\TUGAS\KULIAH\Semester 4\PW2\gohitfix\gohit\system\Database\BaseConnection.php(1427): CodeIgniter\Database\BaseConnection->listTables()
#4 D:\TUGAS\KULIAH\Semester 4\PW2\gohitfix\gohit\system\Database\MigrationRunner.php(768): CodeIgniter\Database\BaseConnection->tableExists('migrations')
#5 D:\TUGAS\KULIAH\Semester 4\PW2\gohitfix\gohit\system\Database\MigrationRunner.php(168): CodeIgniter\Database\MigrationRunner->ensureTable()
#6 D:\TUGAS\KULIAH\Semester 4\PW2\gohitfix\gohit\system\Commands\Database\Migrate.php(84): CodeIgniter\Database\MigrationRunner->latest(NULL)
#7 D:\TUGAS\KULIAH\Semester 4\PW2\gohitfix\gohit\system\CLI\Commands.php(65): CodeIgniter\Commands\Database\Migrate->run(Array)
#8 D:\TUGAS\KULIAH\Semester 4\PW2\gohitfix\gohit\system\CLI\Console.php(37): CodeIgniter\CLI\Commands->run('migrate', Array)
#9 D:\TUGAS\KULIAH\Semester 4\PW2\gohitfix\gohit\spark(97): CodeIgniter\CLI\Console->run()
#10 {main}
CRITICAL - 2023-06-02 14:32:06 --> Trying to access array offset on value of type null
in APPPATH\Controllers\Login.php on line 21.
 1 APPPATH\Controllers\Login.php(21): CodeIgniter\Debug\Exceptions->errorHandler(2, 'Trying to access array offset on value of type null', 'D:\\TUGAS\\KULIAH\\Semester 4\\PW2\\gohitfix\\gohit\\app\\Controllers\\Login.php', 21)
 2 SYSTEMPATH\CodeIgniter.php(934): App\Controllers\Login->login()
 3 SYSTEMPATH\CodeIgniter.php(499): CodeIgniter\CodeIgniter->runController(Object(App\Controllers\Login))
 4 SYSTEMPATH\CodeIgniter.php(368): CodeIgniter\CodeIgniter->handleRequest(null, Object(Config\Cache), false)
 5 FCPATH\index.php(67): CodeIgniter\CodeIgniter->run()
 6 SYSTEMPATH\Commands\Server\rewrite.php(47): require_once('D:\\TUGAS\\KULIAH\\Semester 4\\PW2\\gohitfix\\gohit\\public\\index.php')
CRITICAL - 2023-06-02 14:32:24 --> Trying to access array offset on value of type null
in APPPATH\Controllers\Login.php on line 21.
 1 APPPATH\Controllers\Login.php(21): CodeIgniter\Debug\Exceptions->errorHandler(2, 'Trying to access array offset on value of type null', 'D:\\TUGAS\\KULIAH\\Semester 4\\PW2\\gohitfix\\gohit\\app\\Controllers\\Login.php', 21)
 2 SYSTEMPATH\CodeIgniter.php(934): App\Controllers\Login->login()
 3 SYSTEMPATH\CodeIgniter.php(499): CodeIgniter\CodeIgniter->runController(Object(App\Controllers\Login))
 4 SYSTEMPATH\CodeIgniter.php(368): CodeIgniter\CodeIgniter->handleRequest(null, Object(Config\Cache), false)
 5 FCPATH\index.php(67): CodeIgniter\CodeIgniter->run()
 6 SYSTEMPATH\Commands\Server\rewrite.php(47): require_once('D:\\TUGAS\\KULIAH\\Semester 4\\PW2\\gohitfix\\gohit\\public\\index.php')
CRITICAL - 2023-06-02 14:34:04 --> Undefined array key "username"
in APPPATH\Controllers\Login.php on line 21.
 1 APPPATH\Controllers\Login.php(21): CodeIgniter\Debug\Exceptions->errorHandler(2, 'Undefined array key "username"', 'D:\\TUGAS\\KULIAH\\Semester 4\\PW2\\gohitfix\\gohit\\app\\Controllers\\Login.php', 21)
 2 SYSTEMPATH\CodeIgniter.php(934): App\Controllers\Login->login()
 3 SYSTEMPATH\CodeIgniter.php(499): CodeIgniter\CodeIgniter->runController(Object(App\Controllers\Login))
 4 SYSTEMPATH\CodeIgniter.php(368): CodeIgniter\CodeIgniter->handleRequest(null, Object(Config\Cache), false)
 5 FCPATH\index.php(67): CodeIgniter\CodeIgniter->run()
 6 SYSTEMPATH\Commands\Server\rewrite.php(47): require_once('D:\\TUGAS\\KULIAH\\Semester 4\\PW2\\gohitfix\\gohit\\public\\index.php')
CRITICAL - 2023-06-02 14:41:16 --> Undefined array key "Username"
in APPPATH\Controllers\Login.php on line 21.
 1 APPPATH\Controllers\Login.php(21): CodeIgniter\Debug\Exceptions->errorHandler(2, 'Undefined array key "Username"', 'D:\\TUGAS\\KULIAH\\Semester 4\\PW2\\gohitfix\\gohit\\app\\Controllers\\Login.php', 21)
 2 SYSTEMPATH\CodeIgniter.php(934): App\Controllers\Login->login()
 3 SYSTEMPATH\CodeIgniter.php(499): CodeIgniter\CodeIgniter->runController(Object(App\Controllers\Login))
 4 SYSTEMPATH\CodeIgniter.php(368): CodeIgniter\CodeIgniter->handleRequest(null, Object(Config\Cache), false)
 5 FCPATH\index.php(67): CodeIgniter\CodeIgniter->run()
 6 SYSTEMPATH\Commands\Server\rewrite.php(47): require_once('D:\\TUGAS\\KULIAH\\Semester 4\\PW2\\gohitfix\\gohit\\public\\index.php')
CRITICAL - 2023-06-02 14:42:02 --> Undefined array key "Username"
in APPPATH\Controllers\Login.php on line 21.
 1 APPPATH\Controllers\Login.php(21): CodeIgniter\Debug\Exceptions->errorHandler(2, 'Undefined array key "Username"', 'D:\\TUGAS\\KULIAH\\Semester 4\\PW2\\gohitfix\\gohit\\app\\Controllers\\Login.php', 21)
 2 SYSTEMPATH\CodeIgniter.php(934): App\Controllers\Login->login()
 3 SYSTEMPATH\CodeIgniter.php(499): CodeIgniter\CodeIgniter->runController(Object(App\Controllers\Login))
 4 SYSTEMPATH\CodeIgniter.php(368): CodeIgniter\CodeIgniter->handleRequest(null, Object(Config\Cache), false)
 5 FCPATH\index.php(67): CodeIgniter\CodeIgniter->run()
 6 SYSTEMPATH\Commands\Server\rewrite.php(47): require_once('D:\\TUGAS\\KULIAH\\Semester 4\\PW2\\gohitfix\\gohit\\public\\index.php')
CRITICAL - 2023-06-02 14:42:28 --> Undefined array key "username"
in APPPATH\Controllers\Login.php on line 21.
 1 APPPATH\Controllers\Login.php(21): CodeIgniter\Debug\Exceptions->errorHandler(2, 'Undefined array key "username"', 'D:\\TUGAS\\KULIAH\\Semester 4\\PW2\\gohitfix\\gohit\\app\\Controllers\\Login.php', 21)
 2 SYSTEMPATH\CodeIgniter.php(934): App\Controllers\Login->login()
 3 SYSTEMPATH\CodeIgniter.php(499): CodeIgniter\CodeIgniter->runController(Object(App\Controllers\Login))
 4 SYSTEMPATH\CodeIgniter.php(368): CodeIgniter\CodeIgniter->handleRequest(null, Object(Config\Cache), false)
 5 FCPATH\index.php(67): CodeIgniter\CodeIgniter->run()
 6 SYSTEMPATH\Commands\Server\rewrite.php(47): require_once('D:\\TUGAS\\KULIAH\\Semester 4\\PW2\\gohitfix\\gohit\\public\\index.php')
CRITICAL - 2023-06-02 14:42:35 --> Undefined array key "username"
in APPPATH\Controllers\Login.php on line 21.
 1 APPPATH\Controllers\Login.php(21): CodeIgniter\Debug\Exceptions->errorHandler(2, 'Undefined array key "username"', 'D:\\TUGAS\\KULIAH\\Semester 4\\PW2\\gohitfix\\gohit\\app\\Controllers\\Login.php', 21)
 2 SYSTEMPATH\CodeIgniter.php(934): App\Controllers\Login->login()
 3 SYSTEMPATH\CodeIgniter.php(499): CodeIgniter\CodeIgniter->runController(Object(App\Controllers\Login))
 4 SYSTEMPATH\CodeIgniter.php(368): CodeIgniter\CodeIgniter->handleRequest(null, Object(Config\Cache), false)
 5 FCPATH\index.php(67): CodeIgniter\CodeIgniter->run()
 6 SYSTEMPATH\Commands\Server\rewrite.php(47): require_once('D:\\TUGAS\\KULIAH\\Semester 4\\PW2\\gohitfix\\gohit\\public\\index.php')
INFO - 2023-06-02 14:44:01 --> Session: Class initialized using 'CodeIgniter\Session\Handlers\FileHandler' driver.
INFO - 2023-06-02 14:46:24 --> Session: Class initialized using 'CodeIgniter\Session\Handlers\FileHandler' driver.
INFO - 2023-06-02 14:48:43 --> Session: Class initialized using 'CodeIgniter\Session\Handlers\FileHandler' driver.
INFO - 2023-06-02 14:48:43 --> Session: Class initialized using 'CodeIgniter\Session\Handlers\FileHandler' driver.
INFO - 2023-06-02 14:49:34 --> Session: Class initialized using 'CodeIgniter\Session\Handlers\FileHandler' driver.
INFO - 2023-06-02 14:49:34 --> Session: Class initialized using 'CodeIgniter\Session\Handlers\FileHandler' driver.
INFO - 2023-06-02 14:49:40 --> Session: Class initialized using 'CodeIgniter\Session\Handlers\FileHandler' driver.
INFO - 2023-06-02 14:49:40 --> Session: Class initialized using 'CodeIgniter\Session\Handlers\FileHandler' driver.
INFO - 2023-06-02 14:49:42 --> Session: Class initialized using 'CodeIgniter\Session\Handlers\FileHandler' driver.
INFO - 2023-06-02 14:49:42 --> Session: Class initialized using 'CodeIgniter\Session\Handlers\FileHandler' driver.
INFO - 2023-06-02 14:50:38 --> Session: Class initialized using 'CodeIgniter\Session\Handlers\FileHandler' driver.
INFO - 2023-06-02 14:50:38 --> Session: Class initialized using 'CodeIgniter\Session\Handlers\FileHandler' driver.
INFO - 2023-06-02 14:50:42 --> Session: Class initialized using 'CodeIgniter\Session\Handlers\FileHandler' driver.
INFO - 2023-06-02 14:50:42 --> Session: Class initialized using 'CodeIgniter\Session\Handlers\FileHandler' driver.
INFO - 2023-06-02 14:50:48 --> Session: Class initialized using 'CodeIgniter\Session\Handlers\FileHandler' driver.
INFO - 2023-06-02 14:50:55 --> Session: Class initialized using 'CodeIgniter\Session\Handlers\FileHandler' driver.
INFO - 2023-06-02 14:50:55 --> Session: Class initialized using 'CodeIgniter\Session\Handlers\FileHandler' driver.
INFO - 2023-06-02 14:51:22 --> Session: Class initialized using 'CodeIgniter\Session\Handlers\FileHandler' driver.
INFO - 2023-06-02 14:51:24 --> Session: Class initialized using 'CodeIgniter\Session\Handlers\FileHandler' driver.
INFO - 2023-06-02 14:51:24 --> Session: Class initialized using 'CodeIgniter\Session\Handlers\FileHandler' driver.
INFO - 2023-06-02 14:52:22 --> Session: Class initialized using 'CodeIgniter\Session\Handlers\FileHandler' driver.
INFO - 2023-06-02 14:52:31 --> Session: Class initialized using 'CodeIgniter\Session\Handlers\FileHandler' driver.
INFO - 2023-06-02 14:52:31 --> Session: Class initialized using 'CodeIgniter\Session\Handlers\FileHandler' driver.
INFO - 2023-06-02 14:52:49 --> Session: Class initialized using 'CodeIgniter\Session\Handlers\FileHandler' driver.
INFO - 2023-06-02 14:56:34 --> Session: Class initialized using 'CodeIgniter\Session\Handlers\FileHandler' driver.
INFO - 2023-06-02 15:08:00 --> Session: Class initialized using 'CodeIgniter\Session\Handlers\FileHandler' driver.
INFO - 2023-06-02 15:08:05 --> Session: Class initialized using 'CodeIgniter\Session\Handlers\FileHandler' driver.
INFO - 2023-06-02 15:12:14 --> Session: Class initialized using 'CodeIgniter\Session\Handlers\FileHandler' driver.
INFO - 2023-06-02 15:12:14 --> Session: Class initialized using 'CodeIgniter\Session\Handlers\FileHandler' driver.
INFO - 2023-06-02 15:12:30 --> Session: Class initialized using 'CodeIgniter\Session\Handlers\FileHandler' driver.
