INFO - 2023-09-15 00:50:46 --> Session: Class initialized using 'CodeIgniter\Session\Handlers\FileHandler' driver.
ERROR - 2023-09-15 00:50:50 --> Error connecting to the database: mysqli_sql_exception: No connection could be made because the target machine actively refused it in C:\Users\nbasu\Pictures\GohitMVP\system\Database\MySQLi\Connection.php:174
Stack trace:
#0 C:\Users\nbasu\Pictures\GohitMVP\system\Database\MySQLi\Connection.php(174): mysqli->real_connect('localhost', 'root', '', 'gohit', 3306, '', 0)
#1 C:\Users\nbasu\Pictures\GohitMVP\system\Database\BaseConnection.php(391): CodeIgniter\Database\MySQLi\Connection->connect(false)
#2 C:\Users\nbasu\Pictures\GohitMVP\system\Database\BaseConnection.php(573): CodeIgniter\Database\BaseConnection->initialize()
#3 C:\Users\nbasu\Pictures\GohitMVP\system\Database\BaseBuilder.php(1616): CodeIgniter\Database\BaseConnection->query('SELECT *\nFROM `...', Array, false)
#4 C:\Users\nbasu\Pictures\GohitMVP\system\Model.php(241): CodeIgniter\Database\BaseBuilder->get()
#5 C:\Users\nbasu\Pictures\GohitMVP\system\BaseModel.php(618): CodeIgniter\Model->doFindAll(3, 0)
#6 C:\Users\nbasu\Pictures\GohitMVP\app\Controllers\Login.php(18): CodeIgniter\BaseModel->findAll(3)
#7 C:\Users\nbasu\Pictures\GohitMVP\system\CodeIgniter.php(934): App\Controllers\Login->index()
#8 C:\Users\nbasu\Pictures\GohitMVP\system\CodeIgniter.php(499): CodeIgniter\CodeIgniter->runController(Object(App\Controllers\Login))
#9 C:\Users\nbasu\Pictures\GohitMVP\system\CodeIgniter.php(368): CodeIgniter\CodeIgniter->handleRequest(NULL, Object(Config\Cache), false)
#10 C:\Users\nbasu\Pictures\GohitMVP\public\index.php(67): CodeIgniter\CodeIgniter->run()
#11 C:\Users\nbasu\Pictures\GohitMVP\system\Commands\Server\rewrite.php(47): require_once('C:\\Users\\nbasu\\...')
#12 {main}

Next CodeIgniter\Database\Exceptions\DatabaseException: No connection could be made because the target machine actively refused it in C:\Users\nbasu\Pictures\GohitMVP\system\Database\MySQLi\Connection.php:218
Stack trace:
#0 C:\Users\nbasu\Pictures\GohitMVP\system\Database\BaseConnection.php(391): CodeIgniter\Database\MySQLi\Connection->connect(false)
#1 C:\Users\nbasu\Pictures\GohitMVP\system\Database\BaseConnection.php(573): CodeIgniter\Database\BaseConnection->initialize()
#2 C:\Users\nbasu\Pictures\GohitMVP\system\Database\BaseBuilder.php(1616): CodeIgniter\Database\BaseConnection->query('SELECT *\nFROM `...', Array, false)
#3 C:\Users\nbasu\Pictures\GohitMVP\system\Model.php(241): CodeIgniter\Database\BaseBuilder->get()
#4 C:\Users\nbasu\Pictures\GohitMVP\system\BaseModel.php(618): CodeIgniter\Model->doFindAll(3, 0)
#5 C:\Users\nbasu\Pictures\GohitMVP\app\Controllers\Login.php(18): CodeIgniter\BaseModel->findAll(3)
#6 C:\Users\nbasu\Pictures\GohitMVP\system\CodeIgniter.php(934): App\Controllers\Login->index()
#7 C:\Users\nbasu\Pictures\GohitMVP\system\CodeIgniter.php(499): CodeIgniter\CodeIgniter->runController(Object(App\Controllers\Login))
#8 C:\Users\nbasu\Pictures\GohitMVP\system\CodeIgniter.php(368): CodeIgniter\CodeIgniter->handleRequest(NULL, Object(Config\Cache), false)
#9 C:\Users\nbasu\Pictures\GohitMVP\public\index.php(67): CodeIgniter\CodeIgniter->run()
#10 C:\Users\nbasu\Pictures\GohitMVP\system\Commands\Server\rewrite.php(47): require_once('C:\\Users\\nbasu\\...')
#11 {main}
CRITICAL - 2023-09-15 00:50:50 --> Unable to connect to the database.
Main connection [MySQLi]: No connection could be made because the target machine actively refused it
in SYSTEMPATH\Database\BaseConnection.php on line 427.
 1 SYSTEMPATH\Database\BaseConnection.php(573): CodeIgniter\Database\BaseConnection->initialize()
 2 SYSTEMPATH\Database\BaseBuilder.php(1616): CodeIgniter\Database\BaseConnection->query('SELECT *
FROM `event`
 LIMIT 3', [], false)
 3 SYSTEMPATH\Model.php(241): CodeIgniter\Database\BaseBuilder->get()
 4 SYSTEMPATH\BaseModel.php(618): CodeIgniter\Model->doFindAll(3, 0)
 5 APPPATH\Controllers\Login.php(18): CodeIgniter\BaseModel->findAll(3)
 6 SYSTEMPATH\CodeIgniter.php(934): App\Controllers\Login->index()
 7 SYSTEMPATH\CodeIgniter.php(499): CodeIgniter\CodeIgniter->runController(Object(App\Controllers\Login))
 8 SYSTEMPATH\CodeIgniter.php(368): CodeIgniter\CodeIgniter->handleRequest(null, Object(Config\Cache), false)
 9 FCPATH\index.php(67): CodeIgniter\CodeIgniter->run()
10 SYSTEMPATH\Commands\Server\rewrite.php(47): require_once('C:\\Users\\nbasu\\Pictures\\GohitMVP\\public\\index.php')
INFO - 2023-09-15 00:51:02 --> Session: Class initialized using 'CodeIgniter\Session\Handlers\FileHandler' driver.
INFO - 2023-09-15 00:54:37 --> Session: Class initialized using 'CodeIgniter\Session\Handlers\FileHandler' driver.
INFO - 2023-09-15 00:54:45 --> Session: Class initialized using 'CodeIgniter\Session\Handlers\FileHandler' driver.
INFO - 2023-09-15 00:55:17 --> Session: Class initialized using 'CodeIgniter\Session\Handlers\FileHandler' driver.
INFO - 2023-09-15 00:55:51 --> Session: Class initialized using 'CodeIgniter\Session\Handlers\FileHandler' driver.
INFO - 2023-09-15 00:55:58 --> Session: Class initialized using 'CodeIgniter\Session\Handlers\FileHandler' driver.
INFO - 2023-09-15 00:55:58 --> Session: Class initialized using 'CodeIgniter\Session\Handlers\FileHandler' driver.
INFO - 2023-09-15 00:56:04 --> Session: Class initialized using 'CodeIgniter\Session\Handlers\FileHandler' driver.
INFO - 2023-09-15 00:56:04 --> Session: Class initialized using 'CodeIgniter\Session\Handlers\FileHandler' driver.
CRITICAL - 2023-09-15 00:56:04 --> Undefined variable $tgl
in APPPATH\Views\detailTour.php on line 23.
 1 APPPATH\Views\detailTour.php(23): CodeIgniter\Debug\Exceptions->errorHandler(2, 'Undefined variable $tgl', 'C:\\Users\\nbasu\\Pictures\\GohitMVP\\app\\Views\\detailTour.php', 23)
 2 SYSTEMPATH\View\View.php(213): include('C:\\Users\\nbasu\\Pictures\\GohitMVP\\app\\Views\\detailTour.php')
 3 SYSTEMPATH\View\View.php(216): CodeIgniter\View\View->CodeIgniter\View\{closure}()
 4 SYSTEMPATH\Common.php(1184): CodeIgniter\View\View->render('detailTour', [], true)
 5 APPPATH\Controllers\DetailEvent.php(76): view('detailTour', [...])
 6 SYSTEMPATH\CodeIgniter.php(934): App\Controllers\DetailEvent->index('css', 'main.css')
 7 SYSTEMPATH\CodeIgniter.php(499): CodeIgniter\CodeIgniter->runController(Object(App\Controllers\DetailEvent))
 8 SYSTEMPATH\CodeIgniter.php(368): CodeIgniter\CodeIgniter->handleRequest(null, Object(Config\Cache), false)
 9 FCPATH\index.php(67): CodeIgniter\CodeIgniter->run()
10 SYSTEMPATH\Commands\Server\rewrite.php(47): require_once('C:\\Users\\nbasu\\Pictures\\GohitMVP\\public\\index.php')
INFO - 2023-09-15 00:56:04 --> Session: Class initialized using 'CodeIgniter\Session\Handlers\FileHandler' driver.
CRITICAL - 2023-09-15 00:56:04 --> Undefined variable $tgl
in APPPATH\Views\detailTour.php on line 23.
 1 APPPATH\Views\detailTour.php(23): CodeIgniter\Debug\Exceptions->errorHandler(2, 'Undefined variable $tgl', 'C:\\Users\\nbasu\\Pictures\\GohitMVP\\app\\Views\\detailTour.php', 23)
 2 SYSTEMPATH\View\View.php(213): include('C:\\Users\\nbasu\\Pictures\\GohitMVP\\app\\Views\\detailTour.php')
 3 SYSTEMPATH\View\View.php(216): CodeIgniter\View\View->CodeIgniter\View\{closure}()
 4 SYSTEMPATH\Common.php(1184): CodeIgniter\View\View->render('detailTour', [], true)
 5 APPPATH\Controllers\DetailEvent.php(76): view('detailTour', [...])
 6 SYSTEMPATH\CodeIgniter.php(934): App\Controllers\DetailEvent->index('css', 'style.css')
 7 SYSTEMPATH\CodeIgniter.php(499): CodeIgniter\CodeIgniter->runController(Object(App\Controllers\DetailEvent))
 8 SYSTEMPATH\CodeIgniter.php(368): CodeIgniter\CodeIgniter->handleRequest(null, Object(Config\Cache), false)
 9 FCPATH\index.php(67): CodeIgniter\CodeIgniter->run()
10 SYSTEMPATH\Commands\Server\rewrite.php(47): require_once('C:\\Users\\nbasu\\Pictures\\GohitMVP\\public\\index.php')
INFO - 2023-09-15 00:56:04 --> Session: Class initialized using 'CodeIgniter\Session\Handlers\FileHandler' driver.
CRITICAL - 2023-09-15 00:56:04 --> Undefined variable $tgl
in APPPATH\Views\detailTour.php on line 23.
 1 APPPATH\Views\detailTour.php(23): CodeIgniter\Debug\Exceptions->errorHandler(2, 'Undefined variable $tgl', 'C:\\Users\\nbasu\\Pictures\\GohitMVP\\app\\Views\\detailTour.php', 23)
 2 SYSTEMPATH\View\View.php(213): include('C:\\Users\\nbasu\\Pictures\\GohitMVP\\app\\Views\\detailTour.php')
 3 SYSTEMPATH\View\View.php(216): CodeIgniter\View\View->CodeIgniter\View\{closure}()
 4 SYSTEMPATH\Common.php(1184): CodeIgniter\View\View->render('detailTour', [], true)
 5 APPPATH\Controllers\DetailEvent.php(76): view('detailTour', [...])
 6 SYSTEMPATH\CodeIgniter.php(934): App\Controllers\DetailEvent->index('images', 'bg-01.jpg')
 7 SYSTEMPATH\CodeIgniter.php(499): CodeIgniter\CodeIgniter->runController(Object(App\Controllers\DetailEvent))
 8 SYSTEMPATH\CodeIgniter.php(368): CodeIgniter\CodeIgniter->handleRequest(null, Object(Config\Cache), false)
 9 FCPATH\index.php(67): CodeIgniter\CodeIgniter->run()
10 SYSTEMPATH\Commands\Server\rewrite.php(47): require_once('C:\\Users\\nbasu\\Pictures\\GohitMVP\\public\\index.php')
INFO - 2023-09-15 01:00:16 --> Session: Class initialized using 'CodeIgniter\Session\Handlers\FileHandler' driver.
CRITICAL - 2023-09-15 01:00:16 --> Undefined variable $show_jon_button
in APPPATH\Views\partial\peserta2.php on line 84.
 1 APPPATH\Views\partial\peserta2.php(84): CodeIgniter\Debug\Exceptions->errorHandler(2, 'Undefined variable $show_jon_button', 'C:\\Users\\nbasu\\Pictures\\GohitMVP\\app\\Views\\partial\\peserta2.php', 84)
 2 SYSTEMPATH\View\View.php(213): include('C:\\Users\\nbasu\\Pictures\\GohitMVP\\app\\Views\\partial\\peserta2.php')
 3 SYSTEMPATH\View\View.php(216): CodeIgniter\View\View->CodeIgniter\View\{closure}()
 4 SYSTEMPATH\View\View.php(431): CodeIgniter\View\View->render('partial/peserta2', null, true)
 5 APPPATH\Views\detailTour.php(65): CodeIgniter\View\View->include('partial/peserta2')
 6 SYSTEMPATH\View\View.php(213): include('C:\\Users\\nbasu\\Pictures\\GohitMVP\\app\\Views\\detailTour.php')
 7 SYSTEMPATH\View\View.php(216): CodeIgniter\View\View->CodeIgniter\View\{closure}()
 8 SYSTEMPATH\Common.php(1184): CodeIgniter\View\View->render('detailTour', [], true)
 9 APPPATH\Controllers\DetailEvent.php(76): view('detailTour', [...])
10 SYSTEMPATH\CodeIgniter.php(934): App\Controllers\DetailEvent->index('12')
11 SYSTEMPATH\CodeIgniter.php(499): CodeIgniter\CodeIgniter->runController(Object(App\Controllers\DetailEvent))
12 SYSTEMPATH\CodeIgniter.php(368): CodeIgniter\CodeIgniter->handleRequest(null, Object(Config\Cache), false)
13 FCPATH\index.php(67): CodeIgniter\CodeIgniter->run()
14 SYSTEMPATH\Commands\Server\rewrite.php(47): require_once('C:\\Users\\nbasu\\Pictures\\GohitMVP\\public\\index.php')
INFO - 2023-09-15 01:00:17 --> Session: Class initialized using 'CodeIgniter\Session\Handlers\FileHandler' driver.
CRITICAL - 2023-09-15 01:00:17 --> Undefined variable $show_jon_button
in APPPATH\Views\partial\peserta2.php on line 84.
 1 APPPATH\Views\partial\peserta2.php(84): CodeIgniter\Debug\Exceptions->errorHandler(2, 'Undefined variable $show_jon_button', 'C:\\Users\\nbasu\\Pictures\\GohitMVP\\app\\Views\\partial\\peserta2.php', 84)
 2 SYSTEMPATH\View\View.php(213): include('C:\\Users\\nbasu\\Pictures\\GohitMVP\\app\\Views\\partial\\peserta2.php')
 3 SYSTEMPATH\View\View.php(216): CodeIgniter\View\View->CodeIgniter\View\{closure}()
 4 SYSTEMPATH\View\View.php(431): CodeIgniter\View\View->render('partial/peserta2', null, true)
 5 APPPATH\Views\detailTour.php(65): CodeIgniter\View\View->include('partial/peserta2')
 6 SYSTEMPATH\View\View.php(213): include('C:\\Users\\nbasu\\Pictures\\GohitMVP\\app\\Views\\detailTour.php')
 7 SYSTEMPATH\View\View.php(216): CodeIgniter\View\View->CodeIgniter\View\{closure}()
 8 SYSTEMPATH\Common.php(1184): CodeIgniter\View\View->render('detailTour', [], true)
 9 APPPATH\Controllers\DetailEvent.php(76): view('detailTour', [...])
10 SYSTEMPATH\CodeIgniter.php(934): App\Controllers\DetailEvent->index('12')
11 SYSTEMPATH\CodeIgniter.php(499): CodeIgniter\CodeIgniter->runController(Object(App\Controllers\DetailEvent))
12 SYSTEMPATH\CodeIgniter.php(368): CodeIgniter\CodeIgniter->handleRequest(null, Object(Config\Cache), false)
13 FCPATH\index.php(67): CodeIgniter\CodeIgniter->run()
14 SYSTEMPATH\Commands\Server\rewrite.php(47): require_once('C:\\Users\\nbasu\\Pictures\\GohitMVP\\public\\index.php')
INFO - 2023-09-15 01:00:17 --> Session: Class initialized using 'CodeIgniter\Session\Handlers\FileHandler' driver.
CRITICAL - 2023-09-15 01:00:17 --> Undefined variable $tgl
in APPPATH\Views\detailTour.php on line 23.
 1 APPPATH\Views\detailTour.php(23): CodeIgniter\Debug\Exceptions->errorHandler(2, 'Undefined variable $tgl', 'C:\\Users\\nbasu\\Pictures\\GohitMVP\\app\\Views\\detailTour.php', 23)
 2 SYSTEMPATH\View\View.php(213): include('C:\\Users\\nbasu\\Pictures\\GohitMVP\\app\\Views\\detailTour.php')
 3 SYSTEMPATH\View\View.php(216): CodeIgniter\View\View->CodeIgniter\View\{closure}()
 4 SYSTEMPATH\Common.php(1184): CodeIgniter\View\View->render('detailTour', [], true)
 5 APPPATH\Controllers\DetailEvent.php(76): view('detailTour', [...])
 6 SYSTEMPATH\CodeIgniter.php(934): App\Controllers\DetailEvent->index('css', 'main.css')
 7 SYSTEMPATH\CodeIgniter.php(499): CodeIgniter\CodeIgniter->runController(Object(App\Controllers\DetailEvent))
 8 SYSTEMPATH\CodeIgniter.php(368): CodeIgniter\CodeIgniter->handleRequest(null, Object(Config\Cache), false)
 9 FCPATH\index.php(67): CodeIgniter\CodeIgniter->run()
10 SYSTEMPATH\Commands\Server\rewrite.php(47): require_once('C:\\Users\\nbasu\\Pictures\\GohitMVP\\public\\index.php')
INFO - 2023-09-15 01:00:17 --> Session: Class initialized using 'CodeIgniter\Session\Handlers\FileHandler' driver.
CRITICAL - 2023-09-15 01:00:17 --> Undefined variable $tgl
in APPPATH\Views\detailTour.php on line 23.
 1 APPPATH\Views\detailTour.php(23): CodeIgniter\Debug\Exceptions->errorHandler(2, 'Undefined variable $tgl', 'C:\\Users\\nbasu\\Pictures\\GohitMVP\\app\\Views\\detailTour.php', 23)
 2 SYSTEMPATH\View\View.php(213): include('C:\\Users\\nbasu\\Pictures\\GohitMVP\\app\\Views\\detailTour.php')
 3 SYSTEMPATH\View\View.php(216): CodeIgniter\View\View->CodeIgniter\View\{closure}()
 4 SYSTEMPATH\Common.php(1184): CodeIgniter\View\View->render('detailTour', [], true)
 5 APPPATH\Controllers\DetailEvent.php(76): view('detailTour', [...])
 6 SYSTEMPATH\CodeIgniter.php(934): App\Controllers\DetailEvent->index('images', 'bg-01.jpg')
 7 SYSTEMPATH\CodeIgniter.php(499): CodeIgniter\CodeIgniter->runController(Object(App\Controllers\DetailEvent))
 8 SYSTEMPATH\CodeIgniter.php(368): CodeIgniter\CodeIgniter->handleRequest(null, Object(Config\Cache), false)
 9 FCPATH\index.php(67): CodeIgniter\CodeIgniter->run()
10 SYSTEMPATH\Commands\Server\rewrite.php(47): require_once('C:\\Users\\nbasu\\Pictures\\GohitMVP\\public\\index.php')
INFO - 2023-09-15 01:00:43 --> Session: Class initialized using 'CodeIgniter\Session\Handlers\FileHandler' driver.
INFO - 2023-09-15 01:00:44 --> Session: Class initialized using 'CodeIgniter\Session\Handlers\FileHandler' driver.
CRITICAL - 2023-09-15 01:00:44 --> Undefined variable $tgl
in APPPATH\Views\detailTour.php on line 23.
 1 APPPATH\Views\detailTour.php(23): CodeIgniter\Debug\Exceptions->errorHandler(2, 'Undefined variable $tgl', 'C:\\Users\\nbasu\\Pictures\\GohitMVP\\app\\Views\\detailTour.php', 23)
 2 SYSTEMPATH\View\View.php(213): include('C:\\Users\\nbasu\\Pictures\\GohitMVP\\app\\Views\\detailTour.php')
 3 SYSTEMPATH\View\View.php(216): CodeIgniter\View\View->CodeIgniter\View\{closure}()
 4 SYSTEMPATH\Common.php(1184): CodeIgniter\View\View->render('detailTour', [], true)
 5 APPPATH\Controllers\DetailEvent.php(76): view('detailTour', [...])
 6 SYSTEMPATH\CodeIgniter.php(934): App\Controllers\DetailEvent->index('css', 'main.css')
 7 SYSTEMPATH\CodeIgniter.php(499): CodeIgniter\CodeIgniter->runController(Object(App\Controllers\DetailEvent))
 8 SYSTEMPATH\CodeIgniter.php(368): CodeIgniter\CodeIgniter->handleRequest(null, Object(Config\Cache), false)
 9 FCPATH\index.php(67): CodeIgniter\CodeIgniter->run()
10 SYSTEMPATH\Commands\Server\rewrite.php(47): require_once('C:\\Users\\nbasu\\Pictures\\GohitMVP\\public\\index.php')
INFO - 2023-09-15 01:00:44 --> Session: Class initialized using 'CodeIgniter\Session\Handlers\FileHandler' driver.
CRITICAL - 2023-09-15 01:00:44 --> Undefined variable $tgl
in APPPATH\Views\detailTour.php on line 23.
 1 APPPATH\Views\detailTour.php(23): CodeIgniter\Debug\Exceptions->errorHandler(2, 'Undefined variable $tgl', 'C:\\Users\\nbasu\\Pictures\\GohitMVP\\app\\Views\\detailTour.php', 23)
 2 SYSTEMPATH\View\View.php(213): include('C:\\Users\\nbasu\\Pictures\\GohitMVP\\app\\Views\\detailTour.php')
 3 SYSTEMPATH\View\View.php(216): CodeIgniter\View\View->CodeIgniter\View\{closure}()
 4 SYSTEMPATH\Common.php(1184): CodeIgniter\View\View->render('detailTour', [], true)
 5 APPPATH\Controllers\DetailEvent.php(76): view('detailTour', [...])
 6 SYSTEMPATH\CodeIgniter.php(934): App\Controllers\DetailEvent->index('css', 'style.css')
 7 SYSTEMPATH\CodeIgniter.php(499): CodeIgniter\CodeIgniter->runController(Object(App\Controllers\DetailEvent))
 8 SYSTEMPATH\CodeIgniter.php(368): CodeIgniter\CodeIgniter->handleRequest(null, Object(Config\Cache), false)
 9 FCPATH\index.php(67): CodeIgniter\CodeIgniter->run()
10 SYSTEMPATH\Commands\Server\rewrite.php(47): require_once('C:\\Users\\nbasu\\Pictures\\GohitMVP\\public\\index.php')
INFO - 2023-09-15 01:00:44 --> Session: Class initialized using 'CodeIgniter\Session\Handlers\FileHandler' driver.
CRITICAL - 2023-09-15 01:00:44 --> Undefined variable $tgl
in APPPATH\Views\detailTour.php on line 23.
 1 APPPATH\Views\detailTour.php(23): CodeIgniter\Debug\Exceptions->errorHandler(2, 'Undefined variable $tgl', 'C:\\Users\\nbasu\\Pictures\\GohitMVP\\app\\Views\\detailTour.php', 23)
 2 SYSTEMPATH\View\View.php(213): include('C:\\Users\\nbasu\\Pictures\\GohitMVP\\app\\Views\\detailTour.php')
 3 SYSTEMPATH\View\View.php(216): CodeIgniter\View\View->CodeIgniter\View\{closure}()
 4 SYSTEMPATH\Common.php(1184): CodeIgniter\View\View->render('detailTour', [], true)
 5 APPPATH\Controllers\DetailEvent.php(76): view('detailTour', [...])
 6 SYSTEMPATH\CodeIgniter.php(934): App\Controllers\DetailEvent->index('images', 'bg-01.jpg')
 7 SYSTEMPATH\CodeIgniter.php(499): CodeIgniter\CodeIgniter->runController(Object(App\Controllers\DetailEvent))
 8 SYSTEMPATH\CodeIgniter.php(368): CodeIgniter\CodeIgniter->handleRequest(null, Object(Config\Cache), false)
 9 FCPATH\index.php(67): CodeIgniter\CodeIgniter->run()
10 SYSTEMPATH\Commands\Server\rewrite.php(47): require_once('C:\\Users\\nbasu\\Pictures\\GohitMVP\\public\\index.php')
INFO - 2023-09-15 01:00:50 --> Session: Class initialized using 'CodeIgniter\Session\Handlers\FileHandler' driver.
CRITICAL - 2023-09-15 01:00:50 --> Undefined variable $show_jon_button
in APPPATH\Views\partial\peserta2.php on line 84.
 1 APPPATH\Views\partial\peserta2.php(84): CodeIgniter\Debug\Exceptions->errorHandler(2, 'Undefined variable $show_jon_button', 'C:\\Users\\nbasu\\Pictures\\GohitMVP\\app\\Views\\partial\\peserta2.php', 84)
 2 SYSTEMPATH\View\View.php(213): include('C:\\Users\\nbasu\\Pictures\\GohitMVP\\app\\Views\\partial\\peserta2.php')
 3 SYSTEMPATH\View\View.php(216): CodeIgniter\View\View->CodeIgniter\View\{closure}()
 4 SYSTEMPATH\View\View.php(431): CodeIgniter\View\View->render('partial/peserta2', null, true)
 5 APPPATH\Views\detailTour.php(65): CodeIgniter\View\View->include('partial/peserta2')
 6 SYSTEMPATH\View\View.php(213): include('C:\\Users\\nbasu\\Pictures\\GohitMVP\\app\\Views\\detailTour.php')
 7 SYSTEMPATH\View\View.php(216): CodeIgniter\View\View->CodeIgniter\View\{closure}()
 8 SYSTEMPATH\Common.php(1184): CodeIgniter\View\View->render('detailTour', [], true)
 9 APPPATH\Controllers\DetailEvent.php(76): view('detailTour', [...])
10 SYSTEMPATH\CodeIgniter.php(934): App\Controllers\DetailEvent->index('12')
11 SYSTEMPATH\CodeIgniter.php(499): CodeIgniter\CodeIgniter->runController(Object(App\Controllers\DetailEvent))
12 SYSTEMPATH\CodeIgniter.php(368): CodeIgniter\CodeIgniter->handleRequest(null, Object(Config\Cache), false)
13 FCPATH\index.php(67): CodeIgniter\CodeIgniter->run()
14 SYSTEMPATH\Commands\Server\rewrite.php(47): require_once('C:\\Users\\nbasu\\Pictures\\GohitMVP\\public\\index.php')
INFO - 2023-09-15 01:00:50 --> Session: Class initialized using 'CodeIgniter\Session\Handlers\FileHandler' driver.
CRITICAL - 2023-09-15 01:00:50 --> Undefined variable $tgl
in APPPATH\Views\detailTour.php on line 23.
 1 APPPATH\Views\detailTour.php(23): CodeIgniter\Debug\Exceptions->errorHandler(2, 'Undefined variable $tgl', 'C:\\Users\\nbasu\\Pictures\\GohitMVP\\app\\Views\\detailTour.php', 23)
 2 SYSTEMPATH\View\View.php(213): include('C:\\Users\\nbasu\\Pictures\\GohitMVP\\app\\Views\\detailTour.php')
 3 SYSTEMPATH\View\View.php(216): CodeIgniter\View\View->CodeIgniter\View\{closure}()
 4 SYSTEMPATH\Common.php(1184): CodeIgniter\View\View->render('detailTour', [], true)
 5 APPPATH\Controllers\DetailEvent.php(76): view('detailTour', [...])
 6 SYSTEMPATH\CodeIgniter.php(934): App\Controllers\DetailEvent->index('css', 'main.css')
 7 SYSTEMPATH\CodeIgniter.php(499): CodeIgniter\CodeIgniter->runController(Object(App\Controllers\DetailEvent))
 8 SYSTEMPATH\CodeIgniter.php(368): CodeIgniter\CodeIgniter->handleRequest(null, Object(Config\Cache), false)
 9 FCPATH\index.php(67): CodeIgniter\CodeIgniter->run()
10 SYSTEMPATH\Commands\Server\rewrite.php(47): require_once('C:\\Users\\nbasu\\Pictures\\GohitMVP\\public\\index.php')
INFO - 2023-09-15 01:00:50 --> Session: Class initialized using 'CodeIgniter\Session\Handlers\FileHandler' driver.
CRITICAL - 2023-09-15 01:00:50 --> Undefined variable $tgl
in APPPATH\Views\detailTour.php on line 23.
 1 APPPATH\Views\detailTour.php(23): CodeIgniter\Debug\Exceptions->errorHandler(2, 'Undefined variable $tgl', 'C:\\Users\\nbasu\\Pictures\\GohitMVP\\app\\Views\\detailTour.php', 23)
 2 SYSTEMPATH\View\View.php(213): include('C:\\Users\\nbasu\\Pictures\\GohitMVP\\app\\Views\\detailTour.php')
 3 SYSTEMPATH\View\View.php(216): CodeIgniter\View\View->CodeIgniter\View\{closure}()
 4 SYSTEMPATH\Common.php(1184): CodeIgniter\View\View->render('detailTour', [], true)
 5 APPPATH\Controllers\DetailEvent.php(76): view('detailTour', [...])
 6 SYSTEMPATH\CodeIgniter.php(934): App\Controllers\DetailEvent->index('images', 'bg-01.jpg')
 7 SYSTEMPATH\CodeIgniter.php(499): CodeIgniter\CodeIgniter->runController(Object(App\Controllers\DetailEvent))
 8 SYSTEMPATH\CodeIgniter.php(368): CodeIgniter\CodeIgniter->handleRequest(null, Object(Config\Cache), false)
 9 FCPATH\index.php(67): CodeIgniter\CodeIgniter->run()
10 SYSTEMPATH\Commands\Server\rewrite.php(47): require_once('C:\\Users\\nbasu\\Pictures\\GohitMVP\\public\\index.php')
INFO - 2023-09-15 01:01:16 --> Session: Class initialized using 'CodeIgniter\Session\Handlers\FileHandler' driver.
INFO - 2023-09-15 01:01:20 --> Session: Class initialized using 'CodeIgniter\Session\Handlers\FileHandler' driver.
CRITICAL - 2023-09-15 01:01:20 --> Undefined variable $show_jon_button
in APPPATH\Views\partial\peserta2.php on line 84.
 1 APPPATH\Views\partial\peserta2.php(84): CodeIgniter\Debug\Exceptions->errorHandler(2, 'Undefined variable $show_jon_button', 'C:\\Users\\nbasu\\Pictures\\GohitMVP\\app\\Views\\partial\\peserta2.php', 84)
 2 SYSTEMPATH\View\View.php(213): include('C:\\Users\\nbasu\\Pictures\\GohitMVP\\app\\Views\\partial\\peserta2.php')
 3 SYSTEMPATH\View\View.php(216): CodeIgniter\View\View->CodeIgniter\View\{closure}()
 4 SYSTEMPATH\View\View.php(431): CodeIgniter\View\View->render('partial/peserta2', null, true)
 5 APPPATH\Views\detailTour.php(65): CodeIgniter\View\View->include('partial/peserta2')
 6 SYSTEMPATH\View\View.php(213): include('C:\\Users\\nbasu\\Pictures\\GohitMVP\\app\\Views\\detailTour.php')
 7 SYSTEMPATH\View\View.php(216): CodeIgniter\View\View->CodeIgniter\View\{closure}()
 8 SYSTEMPATH\Common.php(1184): CodeIgniter\View\View->render('detailTour', [], true)
 9 APPPATH\Controllers\DetailEvent.php(76): view('detailTour', [...])
10 SYSTEMPATH\CodeIgniter.php(934): App\Controllers\DetailEvent->index('12')
11 SYSTEMPATH\CodeIgniter.php(499): CodeIgniter\CodeIgniter->runController(Object(App\Controllers\DetailEvent))
12 SYSTEMPATH\CodeIgniter.php(368): CodeIgniter\CodeIgniter->handleRequest(null, Object(Config\Cache), false)
13 FCPATH\index.php(67): CodeIgniter\CodeIgniter->run()
14 SYSTEMPATH\Commands\Server\rewrite.php(47): require_once('C:\\Users\\nbasu\\Pictures\\GohitMVP\\public\\index.php')
INFO - 2023-09-15 01:01:20 --> Session: Class initialized using 'CodeIgniter\Session\Handlers\FileHandler' driver.
CRITICAL - 2023-09-15 01:01:20 --> Undefined variable $tgl
in APPPATH\Views\detailTour.php on line 23.
 1 APPPATH\Views\detailTour.php(23): CodeIgniter\Debug\Exceptions->errorHandler(2, 'Undefined variable $tgl', 'C:\\Users\\nbasu\\Pictures\\GohitMVP\\app\\Views\\detailTour.php', 23)
 2 SYSTEMPATH\View\View.php(213): include('C:\\Users\\nbasu\\Pictures\\GohitMVP\\app\\Views\\detailTour.php')
 3 SYSTEMPATH\View\View.php(216): CodeIgniter\View\View->CodeIgniter\View\{closure}()
 4 SYSTEMPATH\Common.php(1184): CodeIgniter\View\View->render('detailTour', [], true)
 5 APPPATH\Controllers\DetailEvent.php(76): view('detailTour', [...])
 6 SYSTEMPATH\CodeIgniter.php(934): App\Controllers\DetailEvent->index('css', 'main.css')
 7 SYSTEMPATH\CodeIgniter.php(499): CodeIgniter\CodeIgniter->runController(Object(App\Controllers\DetailEvent))
 8 SYSTEMPATH\CodeIgniter.php(368): CodeIgniter\CodeIgniter->handleRequest(null, Object(Config\Cache), false)
 9 FCPATH\index.php(67): CodeIgniter\CodeIgniter->run()
10 SYSTEMPATH\Commands\Server\rewrite.php(47): require_once('C:\\Users\\nbasu\\Pictures\\GohitMVP\\public\\index.php')
INFO - 2023-09-15 01:01:20 --> Session: Class initialized using 'CodeIgniter\Session\Handlers\FileHandler' driver.
CRITICAL - 2023-09-15 01:01:20 --> Undefined variable $tgl
in APPPATH\Views\detailTour.php on line 23.
 1 APPPATH\Views\detailTour.php(23): CodeIgniter\Debug\Exceptions->errorHandler(2, 'Undefined variable $tgl', 'C:\\Users\\nbasu\\Pictures\\GohitMVP\\app\\Views\\detailTour.php', 23)
 2 SYSTEMPATH\View\View.php(213): include('C:\\Users\\nbasu\\Pictures\\GohitMVP\\app\\Views\\detailTour.php')
 3 SYSTEMPATH\View\View.php(216): CodeIgniter\View\View->CodeIgniter\View\{closure}()
 4 SYSTEMPATH\Common.php(1184): CodeIgniter\View\View->render('detailTour', [], true)
 5 APPPATH\Controllers\DetailEvent.php(76): view('detailTour', [...])
 6 SYSTEMPATH\CodeIgniter.php(934): App\Controllers\DetailEvent->index('images', 'bg-01.jpg')
 7 SYSTEMPATH\CodeIgniter.php(499): CodeIgniter\CodeIgniter->runController(Object(App\Controllers\DetailEvent))
 8 SYSTEMPATH\CodeIgniter.php(368): CodeIgniter\CodeIgniter->handleRequest(null, Object(Config\Cache), false)
 9 FCPATH\index.php(67): CodeIgniter\CodeIgniter->run()
10 SYSTEMPATH\Commands\Server\rewrite.php(47): require_once('C:\\Users\\nbasu\\Pictures\\GohitMVP\\public\\index.php')
INFO - 2023-09-15 01:01:24 --> Session: Class initialized using 'CodeIgniter\Session\Handlers\FileHandler' driver.
INFO - 2023-09-15 01:01:24 --> Session: Class initialized using 'CodeIgniter\Session\Handlers\FileHandler' driver.
CRITICAL - 2023-09-15 01:01:24 --> Undefined variable $tgl
in APPPATH\Views\detailTour.php on line 23.
 1 APPPATH\Views\detailTour.php(23): CodeIgniter\Debug\Exceptions->errorHandler(2, 'Undefined variable $tgl', 'C:\\Users\\nbasu\\Pictures\\GohitMVP\\app\\Views\\detailTour.php', 23)
 2 SYSTEMPATH\View\View.php(213): include('C:\\Users\\nbasu\\Pictures\\GohitMVP\\app\\Views\\detailTour.php')
 3 SYSTEMPATH\View\View.php(216): CodeIgniter\View\View->CodeIgniter\View\{closure}()
 4 SYSTEMPATH\Common.php(1184): CodeIgniter\View\View->render('detailTour', [], true)
 5 APPPATH\Controllers\DetailEvent.php(76): view('detailTour', [...])
 6 SYSTEMPATH\CodeIgniter.php(934): App\Controllers\DetailEvent->index('css', 'main.css')
 7 SYSTEMPATH\CodeIgniter.php(499): CodeIgniter\CodeIgniter->runController(Object(App\Controllers\DetailEvent))
 8 SYSTEMPATH\CodeIgniter.php(368): CodeIgniter\CodeIgniter->handleRequest(null, Object(Config\Cache), false)
 9 FCPATH\index.php(67): CodeIgniter\CodeIgniter->run()
10 SYSTEMPATH\Commands\Server\rewrite.php(47): require_once('C:\\Users\\nbasu\\Pictures\\GohitMVP\\public\\index.php')
INFO - 2023-09-15 01:01:24 --> Session: Class initialized using 'CodeIgniter\Session\Handlers\FileHandler' driver.
CRITICAL - 2023-09-15 01:01:24 --> Undefined variable $tgl
in APPPATH\Views\detailTour.php on line 23.
 1 APPPATH\Views\detailTour.php(23): CodeIgniter\Debug\Exceptions->errorHandler(2, 'Undefined variable $tgl', 'C:\\Users\\nbasu\\Pictures\\GohitMVP\\app\\Views\\detailTour.php', 23)
 2 SYSTEMPATH\View\View.php(213): include('C:\\Users\\nbasu\\Pictures\\GohitMVP\\app\\Views\\detailTour.php')
 3 SYSTEMPATH\View\View.php(216): CodeIgniter\View\View->CodeIgniter\View\{closure}()
 4 SYSTEMPATH\Common.php(1184): CodeIgniter\View\View->render('detailTour', [], true)
 5 APPPATH\Controllers\DetailEvent.php(76): view('detailTour', [...])
 6 SYSTEMPATH\CodeIgniter.php(934): App\Controllers\DetailEvent->index('css', 'style.css')
 7 SYSTEMPATH\CodeIgniter.php(499): CodeIgniter\CodeIgniter->runController(Object(App\Controllers\DetailEvent))
 8 SYSTEMPATH\CodeIgniter.php(368): CodeIgniter\CodeIgniter->handleRequest(null, Object(Config\Cache), false)
 9 FCPATH\index.php(67): CodeIgniter\CodeIgniter->run()
10 SYSTEMPATH\Commands\Server\rewrite.php(47): require_once('C:\\Users\\nbasu\\Pictures\\GohitMVP\\public\\index.php')
INFO - 2023-09-15 01:01:24 --> Session: Class initialized using 'CodeIgniter\Session\Handlers\FileHandler' driver.
CRITICAL - 2023-09-15 01:01:24 --> Undefined variable $tgl
in APPPATH\Views\detailTour.php on line 23.
 1 APPPATH\Views\detailTour.php(23): CodeIgniter\Debug\Exceptions->errorHandler(2, 'Undefined variable $tgl', 'C:\\Users\\nbasu\\Pictures\\GohitMVP\\app\\Views\\detailTour.php', 23)
 2 SYSTEMPATH\View\View.php(213): include('C:\\Users\\nbasu\\Pictures\\GohitMVP\\app\\Views\\detailTour.php')
 3 SYSTEMPATH\View\View.php(216): CodeIgniter\View\View->CodeIgniter\View\{closure}()
 4 SYSTEMPATH\Common.php(1184): CodeIgniter\View\View->render('detailTour', [], true)
 5 APPPATH\Controllers\DetailEvent.php(76): view('detailTour', [...])
 6 SYSTEMPATH\CodeIgniter.php(934): App\Controllers\DetailEvent->index('images', 'bg-01.jpg')
 7 SYSTEMPATH\CodeIgniter.php(499): CodeIgniter\CodeIgniter->runController(Object(App\Controllers\DetailEvent))
 8 SYSTEMPATH\CodeIgniter.php(368): CodeIgniter\CodeIgniter->handleRequest(null, Object(Config\Cache), false)
 9 FCPATH\index.php(67): CodeIgniter\CodeIgniter->run()
10 SYSTEMPATH\Commands\Server\rewrite.php(47): require_once('C:\\Users\\nbasu\\Pictures\\GohitMVP\\public\\index.php')
INFO - 2023-09-15 01:10:51 --> Session: Class initialized using 'CodeIgniter\Session\Handlers\FileHandler' driver.
INFO - 2023-09-15 01:10:56 --> Session: Class initialized using 'CodeIgniter\Session\Handlers\FileHandler' driver.
INFO - 2023-09-15 01:10:57 --> Session: Class initialized using 'CodeIgniter\Session\Handlers\FileHandler' driver.
CRITICAL - 2023-09-15 01:10:57 --> Undefined variable $tgl
in APPPATH\Views\detailTour.php on line 23.
 1 APPPATH\Views\detailTour.php(23): CodeIgniter\Debug\Exceptions->errorHandler(2, 'Undefined variable $tgl', 'C:\\Users\\nbasu\\Pictures\\GohitMVP\\app\\Views\\detailTour.php', 23)
 2 SYSTEMPATH\View\View.php(213): include('C:\\Users\\nbasu\\Pictures\\GohitMVP\\app\\Views\\detailTour.php')
 3 SYSTEMPATH\View\View.php(216): CodeIgniter\View\View->CodeIgniter\View\{closure}()
 4 SYSTEMPATH\Common.php(1184): CodeIgniter\View\View->render('detailTour', [], true)
 5 APPPATH\Controllers\DetailEvent.php(76): view('detailTour', [...])
 6 SYSTEMPATH\CodeIgniter.php(934): App\Controllers\DetailEvent->index('css', 'main.css')
 7 SYSTEMPATH\CodeIgniter.php(499): CodeIgniter\CodeIgniter->runController(Object(App\Controllers\DetailEvent))
 8 SYSTEMPATH\CodeIgniter.php(368): CodeIgniter\CodeIgniter->handleRequest(null, Object(Config\Cache), false)
 9 FCPATH\index.php(67): CodeIgniter\CodeIgniter->run()
10 SYSTEMPATH\Commands\Server\rewrite.php(47): require_once('C:\\Users\\nbasu\\Pictures\\GohitMVP\\public\\index.php')
INFO - 2023-09-15 01:10:57 --> Session: Class initialized using 'CodeIgniter\Session\Handlers\FileHandler' driver.
CRITICAL - 2023-09-15 01:10:57 --> Undefined variable $tgl
in APPPATH\Views\detailTour.php on line 23.
 1 APPPATH\Views\detailTour.php(23): CodeIgniter\Debug\Exceptions->errorHandler(2, 'Undefined variable $tgl', 'C:\\Users\\nbasu\\Pictures\\GohitMVP\\app\\Views\\detailTour.php', 23)
 2 SYSTEMPATH\View\View.php(213): include('C:\\Users\\nbasu\\Pictures\\GohitMVP\\app\\Views\\detailTour.php')
 3 SYSTEMPATH\View\View.php(216): CodeIgniter\View\View->CodeIgniter\View\{closure}()
 4 SYSTEMPATH\Common.php(1184): CodeIgniter\View\View->render('detailTour', [], true)
 5 APPPATH\Controllers\DetailEvent.php(76): view('detailTour', [...])
 6 SYSTEMPATH\CodeIgniter.php(934): App\Controllers\DetailEvent->index('css', 'style.css')
 7 SYSTEMPATH\CodeIgniter.php(499): CodeIgniter\CodeIgniter->runController(Object(App\Controllers\DetailEvent))
 8 SYSTEMPATH\CodeIgniter.php(368): CodeIgniter\CodeIgniter->handleRequest(null, Object(Config\Cache), false)
 9 FCPATH\index.php(67): CodeIgniter\CodeIgniter->run()
10 SYSTEMPATH\Commands\Server\rewrite.php(47): require_once('C:\\Users\\nbasu\\Pictures\\GohitMVP\\public\\index.php')
INFO - 2023-09-15 01:10:57 --> Session: Class initialized using 'CodeIgniter\Session\Handlers\FileHandler' driver.
CRITICAL - 2023-09-15 01:10:57 --> Undefined variable $tgl
in APPPATH\Views\detailTour.php on line 23.
 1 APPPATH\Views\detailTour.php(23): CodeIgniter\Debug\Exceptions->errorHandler(2, 'Undefined variable $tgl', 'C:\\Users\\nbasu\\Pictures\\GohitMVP\\app\\Views\\detailTour.php', 23)
 2 SYSTEMPATH\View\View.php(213): include('C:\\Users\\nbasu\\Pictures\\GohitMVP\\app\\Views\\detailTour.php')
 3 SYSTEMPATH\View\View.php(216): CodeIgniter\View\View->CodeIgniter\View\{closure}()
 4 SYSTEMPATH\Common.php(1184): CodeIgniter\View\View->render('detailTour', [], true)
 5 APPPATH\Controllers\DetailEvent.php(76): view('detailTour', [...])
 6 SYSTEMPATH\CodeIgniter.php(934): App\Controllers\DetailEvent->index('images', 'bg-01.jpg')
 7 SYSTEMPATH\CodeIgniter.php(499): CodeIgniter\CodeIgniter->runController(Object(App\Controllers\DetailEvent))
 8 SYSTEMPATH\CodeIgniter.php(368): CodeIgniter\CodeIgniter->handleRequest(null, Object(Config\Cache), false)
 9 FCPATH\index.php(67): CodeIgniter\CodeIgniter->run()
10 SYSTEMPATH\Commands\Server\rewrite.php(47): require_once('C:\\Users\\nbasu\\Pictures\\GohitMVP\\public\\index.php')
INFO - 2023-09-15 01:11:39 --> Session: Class initialized using 'CodeIgniter\Session\Handlers\FileHandler' driver.
INFO - 2023-09-15 01:11:40 --> Session: Class initialized using 'CodeIgniter\Session\Handlers\FileHandler' driver.
INFO - 2023-09-15 01:11:40 --> Session: Class initialized using 'CodeIgniter\Session\Handlers\FileHandler' driver.
CRITICAL - 2023-09-15 01:11:41 --> Undefined variable $tgl
in APPPATH\Views\detailTour.php on line 23.
 1 APPPATH\Views\detailTour.php(23): CodeIgniter\Debug\Exceptions->errorHandler(2, 'Undefined variable $tgl', 'C:\\Users\\nbasu\\Pictures\\GohitMVP\\app\\Views\\detailTour.php', 23)
 2 SYSTEMPATH\View\View.php(213): include('C:\\Users\\nbasu\\Pictures\\GohitMVP\\app\\Views\\detailTour.php')
 3 SYSTEMPATH\View\View.php(216): CodeIgniter\View\View->CodeIgniter\View\{closure}()
 4 SYSTEMPATH\Common.php(1184): CodeIgniter\View\View->render('detailTour', [], true)
 5 APPPATH\Controllers\DetailEvent.php(76): view('detailTour', [...])
 6 SYSTEMPATH\CodeIgniter.php(934): App\Controllers\DetailEvent->index('css', 'main.css')
 7 SYSTEMPATH\CodeIgniter.php(499): CodeIgniter\CodeIgniter->runController(Object(App\Controllers\DetailEvent))
 8 SYSTEMPATH\CodeIgniter.php(368): CodeIgniter\CodeIgniter->handleRequest(null, Object(Config\Cache), false)
 9 FCPATH\index.php(67): CodeIgniter\CodeIgniter->run()
10 SYSTEMPATH\Commands\Server\rewrite.php(47): require_once('C:\\Users\\nbasu\\Pictures\\GohitMVP\\public\\index.php')
INFO - 2023-09-15 01:11:41 --> Session: Class initialized using 'CodeIgniter\Session\Handlers\FileHandler' driver.
CRITICAL - 2023-09-15 01:11:41 --> Undefined variable $tgl
in APPPATH\Views\detailTour.php on line 23.
 1 APPPATH\Views\detailTour.php(23): CodeIgniter\Debug\Exceptions->errorHandler(2, 'Undefined variable $tgl', 'C:\\Users\\nbasu\\Pictures\\GohitMVP\\app\\Views\\detailTour.php', 23)
 2 SYSTEMPATH\View\View.php(213): include('C:\\Users\\nbasu\\Pictures\\GohitMVP\\app\\Views\\detailTour.php')
 3 SYSTEMPATH\View\View.php(216): CodeIgniter\View\View->CodeIgniter\View\{closure}()
 4 SYSTEMPATH\Common.php(1184): CodeIgniter\View\View->render('detailTour', [], true)
 5 APPPATH\Controllers\DetailEvent.php(76): view('detailTour', [...])
 6 SYSTEMPATH\CodeIgniter.php(934): App\Controllers\DetailEvent->index('css', 'style.css')
 7 SYSTEMPATH\CodeIgniter.php(499): CodeIgniter\CodeIgniter->runController(Object(App\Controllers\DetailEvent))
 8 SYSTEMPATH\CodeIgniter.php(368): CodeIgniter\CodeIgniter->handleRequest(null, Object(Config\Cache), false)
 9 FCPATH\index.php(67): CodeIgniter\CodeIgniter->run()
10 SYSTEMPATH\Commands\Server\rewrite.php(47): require_once('C:\\Users\\nbasu\\Pictures\\GohitMVP\\public\\index.php')
INFO - 2023-09-15 01:11:41 --> Session: Class initialized using 'CodeIgniter\Session\Handlers\FileHandler' driver.
CRITICAL - 2023-09-15 01:11:41 --> Undefined variable $tgl
in APPPATH\Views\detailTour.php on line 23.
 1 APPPATH\Views\detailTour.php(23): CodeIgniter\Debug\Exceptions->errorHandler(2, 'Undefined variable $tgl', 'C:\\Users\\nbasu\\Pictures\\GohitMVP\\app\\Views\\detailTour.php', 23)
 2 SYSTEMPATH\View\View.php(213): include('C:\\Users\\nbasu\\Pictures\\GohitMVP\\app\\Views\\detailTour.php')
 3 SYSTEMPATH\View\View.php(216): CodeIgniter\View\View->CodeIgniter\View\{closure}()
 4 SYSTEMPATH\Common.php(1184): CodeIgniter\View\View->render('detailTour', [], true)
 5 APPPATH\Controllers\DetailEvent.php(76): view('detailTour', [...])
 6 SYSTEMPATH\CodeIgniter.php(934): App\Controllers\DetailEvent->index('images', 'bg-01.jpg')
 7 SYSTEMPATH\CodeIgniter.php(499): CodeIgniter\CodeIgniter->runController(Object(App\Controllers\DetailEvent))
 8 SYSTEMPATH\CodeIgniter.php(368): CodeIgniter\CodeIgniter->handleRequest(null, Object(Config\Cache), false)
 9 FCPATH\index.php(67): CodeIgniter\CodeIgniter->run()
10 SYSTEMPATH\Commands\Server\rewrite.php(47): require_once('C:\\Users\\nbasu\\Pictures\\GohitMVP\\public\\index.php')
INFO - 2023-09-15 01:16:59 --> Session: Class initialized using 'CodeIgniter\Session\Handlers\FileHandler' driver.
CRITICAL - 2023-09-15 01:16:59 --> Undefined variable $tgl
in APPPATH\Views\detailTour.php on line 23.
 1 APPPATH\Views\detailTour.php(23): CodeIgniter\Debug\Exceptions->errorHandler(2, 'Undefined variable $tgl', 'C:\\Users\\nbasu\\Pictures\\GohitMVP\\app\\Views\\detailTour.php', 23)
 2 SYSTEMPATH\View\View.php(213): include('C:\\Users\\nbasu\\Pictures\\GohitMVP\\app\\Views\\detailTour.php')
 3 SYSTEMPATH\View\View.php(216): CodeIgniter\View\View->CodeIgniter\View\{closure}()
 4 SYSTEMPATH\Common.php(1184): CodeIgniter\View\View->render('detailTour', [], true)
 5 APPPATH\Controllers\DetailEvent.php(76): view('detailTour', [...])
 6 SYSTEMPATH\CodeIgniter.php(934): App\Controllers\DetailEvent->index('home')
 7 SYSTEMPATH\CodeIgniter.php(499): CodeIgniter\CodeIgniter->runController(Object(App\Controllers\DetailEvent))
 8 SYSTEMPATH\CodeIgniter.php(368): CodeIgniter\CodeIgniter->handleRequest(null, Object(Config\Cache), false)
 9 FCPATH\index.php(67): CodeIgniter\CodeIgniter->run()
10 SYSTEMPATH\Commands\Server\rewrite.php(47): require_once('C:\\Users\\nbasu\\Pictures\\GohitMVP\\public\\index.php')
INFO - 2023-09-15 01:17:04 --> Session: Class initialized using 'CodeIgniter\Session\Handlers\FileHandler' driver.
INFO - 2023-09-15 01:17:04 --> Session: Class initialized using 'CodeIgniter\Session\Handlers\FileHandler' driver.
CRITICAL - 2023-09-15 01:17:04 --> Undefined variable $tgl
in APPPATH\Views\detailTour.php on line 23.
 1 APPPATH\Views\detailTour.php(23): CodeIgniter\Debug\Exceptions->errorHandler(2, 'Undefined variable $tgl', 'C:\\Users\\nbasu\\Pictures\\GohitMVP\\app\\Views\\detailTour.php', 23)
 2 SYSTEMPATH\View\View.php(213): include('C:\\Users\\nbasu\\Pictures\\GohitMVP\\app\\Views\\detailTour.php')
 3 SYSTEMPATH\View\View.php(216): CodeIgniter\View\View->CodeIgniter\View\{closure}()
 4 SYSTEMPATH\Common.php(1184): CodeIgniter\View\View->render('detailTour', [], true)
 5 APPPATH\Controllers\DetailEvent.php(76): view('detailTour', [...])
 6 SYSTEMPATH\CodeIgniter.php(934): App\Controllers\DetailEvent->index('css', 'main.css')
 7 SYSTEMPATH\CodeIgniter.php(499): CodeIgniter\CodeIgniter->runController(Object(App\Controllers\DetailEvent))
 8 SYSTEMPATH\CodeIgniter.php(368): CodeIgniter\CodeIgniter->handleRequest(null, Object(Config\Cache), false)
 9 FCPATH\index.php(67): CodeIgniter\CodeIgniter->run()
10 SYSTEMPATH\Commands\Server\rewrite.php(47): require_once('C:\\Users\\nbasu\\Pictures\\GohitMVP\\public\\index.php')
INFO - 2023-09-15 01:17:04 --> Session: Class initialized using 'CodeIgniter\Session\Handlers\FileHandler' driver.
CRITICAL - 2023-09-15 01:17:04 --> Undefined variable $tgl
in APPPATH\Views\detailTour.php on line 23.
 1 APPPATH\Views\detailTour.php(23): CodeIgniter\Debug\Exceptions->errorHandler(2, 'Undefined variable $tgl', 'C:\\Users\\nbasu\\Pictures\\GohitMVP\\app\\Views\\detailTour.php', 23)
 2 SYSTEMPATH\View\View.php(213): include('C:\\Users\\nbasu\\Pictures\\GohitMVP\\app\\Views\\detailTour.php')
 3 SYSTEMPATH\View\View.php(216): CodeIgniter\View\View->CodeIgniter\View\{closure}()
 4 SYSTEMPATH\Common.php(1184): CodeIgniter\View\View->render('detailTour', [], true)
 5 APPPATH\Controllers\DetailEvent.php(76): view('detailTour', [...])
 6 SYSTEMPATH\CodeIgniter.php(934): App\Controllers\DetailEvent->index('css', 'style.css')
 7 SYSTEMPATH\CodeIgniter.php(499): CodeIgniter\CodeIgniter->runController(Object(App\Controllers\DetailEvent))
 8 SYSTEMPATH\CodeIgniter.php(368): CodeIgniter\CodeIgniter->handleRequest(null, Object(Config\Cache), false)
 9 FCPATH\index.php(67): CodeIgniter\CodeIgniter->run()
10 SYSTEMPATH\Commands\Server\rewrite.php(47): require_once('C:\\Users\\nbasu\\Pictures\\GohitMVP\\public\\index.php')
INFO - 2023-09-15 01:17:04 --> Session: Class initialized using 'CodeIgniter\Session\Handlers\FileHandler' driver.
CRITICAL - 2023-09-15 01:17:04 --> Undefined variable $tgl
in APPPATH\Views\detailTour.php on line 23.
 1 APPPATH\Views\detailTour.php(23): CodeIgniter\Debug\Exceptions->errorHandler(2, 'Undefined variable $tgl', 'C:\\Users\\nbasu\\Pictures\\GohitMVP\\app\\Views\\detailTour.php', 23)
 2 SYSTEMPATH\View\View.php(213): include('C:\\Users\\nbasu\\Pictures\\GohitMVP\\app\\Views\\detailTour.php')
 3 SYSTEMPATH\View\View.php(216): CodeIgniter\View\View->CodeIgniter\View\{closure}()
 4 SYSTEMPATH\Common.php(1184): CodeIgniter\View\View->render('detailTour', [], true)
 5 APPPATH\Controllers\DetailEvent.php(76): view('detailTour', [...])
 6 SYSTEMPATH\CodeIgniter.php(934): App\Controllers\DetailEvent->index('images', 'bg-01.jpg')
 7 SYSTEMPATH\CodeIgniter.php(499): CodeIgniter\CodeIgniter->runController(Object(App\Controllers\DetailEvent))
 8 SYSTEMPATH\CodeIgniter.php(368): CodeIgniter\CodeIgniter->handleRequest(null, Object(Config\Cache), false)
 9 FCPATH\index.php(67): CodeIgniter\CodeIgniter->run()
10 SYSTEMPATH\Commands\Server\rewrite.php(47): require_once('C:\\Users\\nbasu\\Pictures\\GohitMVP\\public\\index.php')
INFO - 2023-09-15 01:17:09 --> Session: Class initialized using 'CodeIgniter\Session\Handlers\FileHandler' driver.
INFO - 2023-09-15 01:17:11 --> Session: Class initialized using 'CodeIgniter\Session\Handlers\FileHandler' driver.
INFO - 2023-09-15 01:17:14 --> Session: Class initialized using 'CodeIgniter\Session\Handlers\FileHandler' driver.
INFO - 2023-09-15 01:17:15 --> Session: Class initialized using 'CodeIgniter\Session\Handlers\FileHandler' driver.
INFO - 2023-09-15 01:17:18 --> Session: Class initialized using 'CodeIgniter\Session\Handlers\FileHandler' driver.
INFO - 2023-09-15 01:17:18 --> Session: Class initialized using 'CodeIgniter\Session\Handlers\FileHandler' driver.
CRITICAL - 2023-09-15 01:17:18 --> Undefined variable $tgl
in APPPATH\Views\detailTour.php on line 23.
 1 APPPATH\Views\detailTour.php(23): CodeIgniter\Debug\Exceptions->errorHandler(2, 'Undefined variable $tgl', 'C:\\Users\\nbasu\\Pictures\\GohitMVP\\app\\Views\\detailTour.php', 23)
 2 SYSTEMPATH\View\View.php(213): include('C:\\Users\\nbasu\\Pictures\\GohitMVP\\app\\Views\\detailTour.php')
 3 SYSTEMPATH\View\View.php(216): CodeIgniter\View\View->CodeIgniter\View\{closure}()
 4 SYSTEMPATH\Common.php(1184): CodeIgniter\View\View->render('detailTour', [], true)
 5 APPPATH\Controllers\DetailEvent.php(76): view('detailTour', [...])
 6 SYSTEMPATH\CodeIgniter.php(934): App\Controllers\DetailEvent->index('css', 'main.css')
 7 SYSTEMPATH\CodeIgniter.php(499): CodeIgniter\CodeIgniter->runController(Object(App\Controllers\DetailEvent))
 8 SYSTEMPATH\CodeIgniter.php(368): CodeIgniter\CodeIgniter->handleRequest(null, Object(Config\Cache), false)
 9 FCPATH\index.php(67): CodeIgniter\CodeIgniter->run()
10 SYSTEMPATH\Commands\Server\rewrite.php(47): require_once('C:\\Users\\nbasu\\Pictures\\GohitMVP\\public\\index.php')
INFO - 2023-09-15 01:17:18 --> Session: Class initialized using 'CodeIgniter\Session\Handlers\FileHandler' driver.
CRITICAL - 2023-09-15 01:17:18 --> Undefined variable $tgl
in APPPATH\Views\detailTour.php on line 23.
 1 APPPATH\Views\detailTour.php(23): CodeIgniter\Debug\Exceptions->errorHandler(2, 'Undefined variable $tgl', 'C:\\Users\\nbasu\\Pictures\\GohitMVP\\app\\Views\\detailTour.php', 23)
 2 SYSTEMPATH\View\View.php(213): include('C:\\Users\\nbasu\\Pictures\\GohitMVP\\app\\Views\\detailTour.php')
 3 SYSTEMPATH\View\View.php(216): CodeIgniter\View\View->CodeIgniter\View\{closure}()
 4 SYSTEMPATH\Common.php(1184): CodeIgniter\View\View->render('detailTour', [], true)
 5 APPPATH\Controllers\DetailEvent.php(76): view('detailTour', [...])
 6 SYSTEMPATH\CodeIgniter.php(934): App\Controllers\DetailEvent->index('css', 'style.css')
 7 SYSTEMPATH\CodeIgniter.php(499): CodeIgniter\CodeIgniter->runController(Object(App\Controllers\DetailEvent))
 8 SYSTEMPATH\CodeIgniter.php(368): CodeIgniter\CodeIgniter->handleRequest(null, Object(Config\Cache), false)
 9 FCPATH\index.php(67): CodeIgniter\CodeIgniter->run()
10 SYSTEMPATH\Commands\Server\rewrite.php(47): require_once('C:\\Users\\nbasu\\Pictures\\GohitMVP\\public\\index.php')
INFO - 2023-09-15 01:17:18 --> Session: Class initialized using 'CodeIgniter\Session\Handlers\FileHandler' driver.
CRITICAL - 2023-09-15 01:17:18 --> Undefined variable $tgl
in APPPATH\Views\detailTour.php on line 23.
 1 APPPATH\Views\detailTour.php(23): CodeIgniter\Debug\Exceptions->errorHandler(2, 'Undefined variable $tgl', 'C:\\Users\\nbasu\\Pictures\\GohitMVP\\app\\Views\\detailTour.php', 23)
 2 SYSTEMPATH\View\View.php(213): include('C:\\Users\\nbasu\\Pictures\\GohitMVP\\app\\Views\\detailTour.php')
 3 SYSTEMPATH\View\View.php(216): CodeIgniter\View\View->CodeIgniter\View\{closure}()
 4 SYSTEMPATH\Common.php(1184): CodeIgniter\View\View->render('detailTour', [], true)
 5 APPPATH\Controllers\DetailEvent.php(76): view('detailTour', [...])
 6 SYSTEMPATH\CodeIgniter.php(934): App\Controllers\DetailEvent->index('images', 'bg-01.jpg')
 7 SYSTEMPATH\CodeIgniter.php(499): CodeIgniter\CodeIgniter->runController(Object(App\Controllers\DetailEvent))
 8 SYSTEMPATH\CodeIgniter.php(368): CodeIgniter\CodeIgniter->handleRequest(null, Object(Config\Cache), false)
 9 FCPATH\index.php(67): CodeIgniter\CodeIgniter->run()
10 SYSTEMPATH\Commands\Server\rewrite.php(47): require_once('C:\\Users\\nbasu\\Pictures\\GohitMVP\\public\\index.php')
INFO - 2023-09-15 01:17:19 --> Session: Class initialized using 'CodeIgniter\Session\Handlers\FileHandler' driver.
CRITICAL - 2023-09-15 01:17:19 --> Undefined variable $tgl
in APPPATH\Views\detailTour.php on line 23.
 1 APPPATH\Views\detailTour.php(23): CodeIgniter\Debug\Exceptions->errorHandler(2, 'Undefined variable $tgl', 'C:\\Users\\nbasu\\Pictures\\GohitMVP\\app\\Views\\detailTour.php', 23)
 2 SYSTEMPATH\View\View.php(213): include('C:\\Users\\nbasu\\Pictures\\GohitMVP\\app\\Views\\detailTour.php')
 3 SYSTEMPATH\View\View.php(216): CodeIgniter\View\View->CodeIgniter\View\{closure}()
 4 SYSTEMPATH\Common.php(1184): CodeIgniter\View\View->render('detailTour', [], true)
 5 APPPATH\Controllers\DetailEvent.php(76): view('detailTour', [...])
 6 SYSTEMPATH\CodeIgniter.php(934): App\Controllers\DetailEvent->index('home')
 7 SYSTEMPATH\CodeIgniter.php(499): CodeIgniter\CodeIgniter->runController(Object(App\Controllers\DetailEvent))
 8 SYSTEMPATH\CodeIgniter.php(368): CodeIgniter\CodeIgniter->handleRequest(null, Object(Config\Cache), false)
 9 FCPATH\index.php(67): CodeIgniter\CodeIgniter->run()
10 SYSTEMPATH\Commands\Server\rewrite.php(47): require_once('C:\\Users\\nbasu\\Pictures\\GohitMVP\\public\\index.php')
INFO - 2023-09-15 01:18:02 --> Session: Class initialized using 'CodeIgniter\Session\Handlers\FileHandler' driver.
INFO - 2023-09-15 01:18:02 --> Session: Class initialized using 'CodeIgniter\Session\Handlers\FileHandler' driver.
CRITICAL - 2023-09-15 01:18:02 --> Undefined variable $tgl
in APPPATH\Views\detailTour.php on line 23.
 1 APPPATH\Views\detailTour.php(23): CodeIgniter\Debug\Exceptions->errorHandler(2, 'Undefined variable $tgl', 'C:\\Users\\nbasu\\Pictures\\GohitMVP\\app\\Views\\detailTour.php', 23)
 2 SYSTEMPATH\View\View.php(213): include('C:\\Users\\nbasu\\Pictures\\GohitMVP\\app\\Views\\detailTour.php')
 3 SYSTEMPATH\View\View.php(216): CodeIgniter\View\View->CodeIgniter\View\{closure}()
 4 SYSTEMPATH\Common.php(1184): CodeIgniter\View\View->render('detailTour', [], true)
 5 APPPATH\Controllers\DetailEvent.php(76): view('detailTour', [...])
 6 SYSTEMPATH\CodeIgniter.php(934): App\Controllers\DetailEvent->index('css', 'main.css')
 7 SYSTEMPATH\CodeIgniter.php(499): CodeIgniter\CodeIgniter->runController(Object(App\Controllers\DetailEvent))
 8 SYSTEMPATH\CodeIgniter.php(368): CodeIgniter\CodeIgniter->handleRequest(null, Object(Config\Cache), false)
 9 FCPATH\index.php(67): CodeIgniter\CodeIgniter->run()
10 SYSTEMPATH\Commands\Server\rewrite.php(47): require_once('C:\\Users\\nbasu\\Pictures\\GohitMVP\\public\\index.php')
INFO - 2023-09-15 01:18:02 --> Session: Class initialized using 'CodeIgniter\Session\Handlers\FileHandler' driver.
CRITICAL - 2023-09-15 01:18:02 --> Undefined variable $tgl
in APPPATH\Views\detailTour.php on line 23.
 1 APPPATH\Views\detailTour.php(23): CodeIgniter\Debug\Exceptions->errorHandler(2, 'Undefined variable $tgl', 'C:\\Users\\nbasu\\Pictures\\GohitMVP\\app\\Views\\detailTour.php', 23)
 2 SYSTEMPATH\View\View.php(213): include('C:\\Users\\nbasu\\Pictures\\GohitMVP\\app\\Views\\detailTour.php')
 3 SYSTEMPATH\View\View.php(216): CodeIgniter\View\View->CodeIgniter\View\{closure}()
 4 SYSTEMPATH\Common.php(1184): CodeIgniter\View\View->render('detailTour', [], true)
 5 APPPATH\Controllers\DetailEvent.php(76): view('detailTour', [...])
 6 SYSTEMPATH\CodeIgniter.php(934): App\Controllers\DetailEvent->index('css', 'style.css')
 7 SYSTEMPATH\CodeIgniter.php(499): CodeIgniter\CodeIgniter->runController(Object(App\Controllers\DetailEvent))
 8 SYSTEMPATH\CodeIgniter.php(368): CodeIgniter\CodeIgniter->handleRequest(null, Object(Config\Cache), false)
 9 FCPATH\index.php(67): CodeIgniter\CodeIgniter->run()
10 SYSTEMPATH\Commands\Server\rewrite.php(47): require_once('C:\\Users\\nbasu\\Pictures\\GohitMVP\\public\\index.php')
INFO - 2023-09-15 01:18:02 --> Session: Class initialized using 'CodeIgniter\Session\Handlers\FileHandler' driver.
CRITICAL - 2023-09-15 01:18:02 --> Undefined variable $tgl
in APPPATH\Views\detailTour.php on line 23.
 1 APPPATH\Views\detailTour.php(23): CodeIgniter\Debug\Exceptions->errorHandler(2, 'Undefined variable $tgl', 'C:\\Users\\nbasu\\Pictures\\GohitMVP\\app\\Views\\detailTour.php', 23)
 2 SYSTEMPATH\View\View.php(213): include('C:\\Users\\nbasu\\Pictures\\GohitMVP\\app\\Views\\detailTour.php')
 3 SYSTEMPATH\View\View.php(216): CodeIgniter\View\View->CodeIgniter\View\{closure}()
 4 SYSTEMPATH\Common.php(1184): CodeIgniter\View\View->render('detailTour', [], true)
 5 APPPATH\Controllers\DetailEvent.php(76): view('detailTour', [...])
 6 SYSTEMPATH\CodeIgniter.php(934): App\Controllers\DetailEvent->index('images', 'bg-01.jpg')
 7 SYSTEMPATH\CodeIgniter.php(499): CodeIgniter\CodeIgniter->runController(Object(App\Controllers\DetailEvent))
 8 SYSTEMPATH\CodeIgniter.php(368): CodeIgniter\CodeIgniter->handleRequest(null, Object(Config\Cache), false)
 9 FCPATH\index.php(67): CodeIgniter\CodeIgniter->run()
10 SYSTEMPATH\Commands\Server\rewrite.php(47): require_once('C:\\Users\\nbasu\\Pictures\\GohitMVP\\public\\index.php')
INFO - 2023-09-15 01:18:03 --> Session: Class initialized using 'CodeIgniter\Session\Handlers\FileHandler' driver.
INFO - 2023-09-15 01:18:03 --> Session: Class initialized using 'CodeIgniter\Session\Handlers\FileHandler' driver.
INFO - 2023-09-15 01:18:03 --> Session: Class initialized using 'CodeIgniter\Session\Handlers\FileHandler' driver.
CRITICAL - 2023-09-15 01:18:03 --> Undefined variable $tgl
in APPPATH\Views\detailTour.php on line 23.
 1 APPPATH\Views\detailTour.php(23): CodeIgniter\Debug\Exceptions->errorHandler(2, 'Undefined variable $tgl', 'C:\\Users\\nbasu\\Pictures\\GohitMVP\\app\\Views\\detailTour.php', 23)
 2 SYSTEMPATH\View\View.php(213): include('C:\\Users\\nbasu\\Pictures\\GohitMVP\\app\\Views\\detailTour.php')
 3 SYSTEMPATH\View\View.php(216): CodeIgniter\View\View->CodeIgniter\View\{closure}()
 4 SYSTEMPATH\Common.php(1184): CodeIgniter\View\View->render('detailTour', [], true)
 5 APPPATH\Controllers\DetailEvent.php(76): view('detailTour', [...])
 6 SYSTEMPATH\CodeIgniter.php(934): App\Controllers\DetailEvent->index('css', 'main.css')
 7 SYSTEMPATH\CodeIgniter.php(499): CodeIgniter\CodeIgniter->runController(Object(App\Controllers\DetailEvent))
 8 SYSTEMPATH\CodeIgniter.php(368): CodeIgniter\CodeIgniter->handleRequest(null, Object(Config\Cache), false)
 9 FCPATH\index.php(67): CodeIgniter\CodeIgniter->run()
10 SYSTEMPATH\Commands\Server\rewrite.php(47): require_once('C:\\Users\\nbasu\\Pictures\\GohitMVP\\public\\index.php')
INFO - 2023-09-15 01:18:03 --> Session: Class initialized using 'CodeIgniter\Session\Handlers\FileHandler' driver.
CRITICAL - 2023-09-15 01:18:03 --> Undefined variable $tgl
in APPPATH\Views\detailTour.php on line 23.
 1 APPPATH\Views\detailTour.php(23): CodeIgniter\Debug\Exceptions->errorHandler(2, 'Undefined variable $tgl', 'C:\\Users\\nbasu\\Pictures\\GohitMVP\\app\\Views\\detailTour.php', 23)
 2 SYSTEMPATH\View\View.php(213): include('C:\\Users\\nbasu\\Pictures\\GohitMVP\\app\\Views\\detailTour.php')
 3 SYSTEMPATH\View\View.php(216): CodeIgniter\View\View->CodeIgniter\View\{closure}()
 4 SYSTEMPATH\Common.php(1184): CodeIgniter\View\View->render('detailTour', [], true)
 5 APPPATH\Controllers\DetailEvent.php(76): view('detailTour', [...])
 6 SYSTEMPATH\CodeIgniter.php(934): App\Controllers\DetailEvent->index('css', 'style.css')
 7 SYSTEMPATH\CodeIgniter.php(499): CodeIgniter\CodeIgniter->runController(Object(App\Controllers\DetailEvent))
 8 SYSTEMPATH\CodeIgniter.php(368): CodeIgniter\CodeIgniter->handleRequest(null, Object(Config\Cache), false)
 9 FCPATH\index.php(67): CodeIgniter\CodeIgniter->run()
10 SYSTEMPATH\Commands\Server\rewrite.php(47): require_once('C:\\Users\\nbasu\\Pictures\\GohitMVP\\public\\index.php')
INFO - 2023-09-15 01:18:03 --> Session: Class initialized using 'CodeIgniter\Session\Handlers\FileHandler' driver.
CRITICAL - 2023-09-15 01:18:03 --> Undefined variable $tgl
in APPPATH\Views\detailTour.php on line 23.
 1 APPPATH\Views\detailTour.php(23): CodeIgniter\Debug\Exceptions->errorHandler(2, 'Undefined variable $tgl', 'C:\\Users\\nbasu\\Pictures\\GohitMVP\\app\\Views\\detailTour.php', 23)
 2 SYSTEMPATH\View\View.php(213): include('C:\\Users\\nbasu\\Pictures\\GohitMVP\\app\\Views\\detailTour.php')
 3 SYSTEMPATH\View\View.php(216): CodeIgniter\View\View->CodeIgniter\View\{closure}()
 4 SYSTEMPATH\Common.php(1184): CodeIgniter\View\View->render('detailTour', [], true)
 5 APPPATH\Controllers\DetailEvent.php(76): view('detailTour', [...])
 6 SYSTEMPATH\CodeIgniter.php(934): App\Controllers\DetailEvent->index('images', 'bg-01.jpg')
 7 SYSTEMPATH\CodeIgniter.php(499): CodeIgniter\CodeIgniter->runController(Object(App\Controllers\DetailEvent))
 8 SYSTEMPATH\CodeIgniter.php(368): CodeIgniter\CodeIgniter->handleRequest(null, Object(Config\Cache), false)
 9 FCPATH\index.php(67): CodeIgniter\CodeIgniter->run()
10 SYSTEMPATH\Commands\Server\rewrite.php(47): require_once('C:\\Users\\nbasu\\Pictures\\GohitMVP\\public\\index.php')
INFO - 2023-09-15 01:18:04 --> Session: Class initialized using 'CodeIgniter\Session\Handlers\FileHandler' driver.
INFO - 2023-09-15 01:18:04 --> Session: Class initialized using 'CodeIgniter\Session\Handlers\FileHandler' driver.
CRITICAL - 2023-09-15 01:18:04 --> Undefined variable $tgl
in APPPATH\Views\detailTour.php on line 23.
 1 APPPATH\Views\detailTour.php(23): CodeIgniter\Debug\Exceptions->errorHandler(2, 'Undefined variable $tgl', 'C:\\Users\\nbasu\\Pictures\\GohitMVP\\app\\Views\\detailTour.php', 23)
 2 SYSTEMPATH\View\View.php(213): include('C:\\Users\\nbasu\\Pictures\\GohitMVP\\app\\Views\\detailTour.php')
 3 SYSTEMPATH\View\View.php(216): CodeIgniter\View\View->CodeIgniter\View\{closure}()
 4 SYSTEMPATH\Common.php(1184): CodeIgniter\View\View->render('detailTour', [], true)
 5 APPPATH\Controllers\DetailEvent.php(76): view('detailTour', [...])
 6 SYSTEMPATH\CodeIgniter.php(934): App\Controllers\DetailEvent->index('css', 'main.css')
 7 SYSTEMPATH\CodeIgniter.php(499): CodeIgniter\CodeIgniter->runController(Object(App\Controllers\DetailEvent))
 8 SYSTEMPATH\CodeIgniter.php(368): CodeIgniter\CodeIgniter->handleRequest(null, Object(Config\Cache), false)
 9 FCPATH\index.php(67): CodeIgniter\CodeIgniter->run()
10 SYSTEMPATH\Commands\Server\rewrite.php(47): require_once('C:\\Users\\nbasu\\Pictures\\GohitMVP\\public\\index.php')
INFO - 2023-09-15 01:18:04 --> Session: Class initialized using 'CodeIgniter\Session\Handlers\FileHandler' driver.
CRITICAL - 2023-09-15 01:18:04 --> Undefined variable $tgl
in APPPATH\Views\detailTour.php on line 23.
 1 APPPATH\Views\detailTour.php(23): CodeIgniter\Debug\Exceptions->errorHandler(2, 'Undefined variable $tgl', 'C:\\Users\\nbasu\\Pictures\\GohitMVP\\app\\Views\\detailTour.php', 23)
 2 SYSTEMPATH\View\View.php(213): include('C:\\Users\\nbasu\\Pictures\\GohitMVP\\app\\Views\\detailTour.php')
 3 SYSTEMPATH\View\View.php(216): CodeIgniter\View\View->CodeIgniter\View\{closure}()
 4 SYSTEMPATH\Common.php(1184): CodeIgniter\View\View->render('detailTour', [], true)
 5 APPPATH\Controllers\DetailEvent.php(76): view('detailTour', [...])
 6 SYSTEMPATH\CodeIgniter.php(934): App\Controllers\DetailEvent->index('css', 'style.css')
 7 SYSTEMPATH\CodeIgniter.php(499): CodeIgniter\CodeIgniter->runController(Object(App\Controllers\DetailEvent))
 8 SYSTEMPATH\CodeIgniter.php(368): CodeIgniter\CodeIgniter->handleRequest(null, Object(Config\Cache), false)
 9 FCPATH\index.php(67): CodeIgniter\CodeIgniter->run()
10 SYSTEMPATH\Commands\Server\rewrite.php(47): require_once('C:\\Users\\nbasu\\Pictures\\GohitMVP\\public\\index.php')
INFO - 2023-09-15 01:18:04 --> Session: Class initialized using 'CodeIgniter\Session\Handlers\FileHandler' driver.
CRITICAL - 2023-09-15 01:18:04 --> Undefined variable $tgl
in APPPATH\Views\detailTour.php on line 23.
 1 APPPATH\Views\detailTour.php(23): CodeIgniter\Debug\Exceptions->errorHandler(2, 'Undefined variable $tgl', 'C:\\Users\\nbasu\\Pictures\\GohitMVP\\app\\Views\\detailTour.php', 23)
 2 SYSTEMPATH\View\View.php(213): include('C:\\Users\\nbasu\\Pictures\\GohitMVP\\app\\Views\\detailTour.php')
 3 SYSTEMPATH\View\View.php(216): CodeIgniter\View\View->CodeIgniter\View\{closure}()
 4 SYSTEMPATH\Common.php(1184): CodeIgniter\View\View->render('detailTour', [], true)
 5 APPPATH\Controllers\DetailEvent.php(76): view('detailTour', [...])
 6 SYSTEMPATH\CodeIgniter.php(934): App\Controllers\DetailEvent->index('images', 'bg-01.jpg')
 7 SYSTEMPATH\CodeIgniter.php(499): CodeIgniter\CodeIgniter->runController(Object(App\Controllers\DetailEvent))
 8 SYSTEMPATH\CodeIgniter.php(368): CodeIgniter\CodeIgniter->handleRequest(null, Object(Config\Cache), false)
 9 FCPATH\index.php(67): CodeIgniter\CodeIgniter->run()
10 SYSTEMPATH\Commands\Server\rewrite.php(47): require_once('C:\\Users\\nbasu\\Pictures\\GohitMVP\\public\\index.php')
INFO - 2023-09-15 01:18:05 --> Session: Class initialized using 'CodeIgniter\Session\Handlers\FileHandler' driver.
INFO - 2023-09-15 01:18:50 --> Session: Class initialized using 'CodeIgniter\Session\Handlers\FileHandler' driver.
INFO - 2023-09-15 01:19:07 --> Session: Class initialized using 'CodeIgniter\Session\Handlers\FileHandler' driver.
INFO - 2023-09-15 01:19:08 --> Session: Class initialized using 'CodeIgniter\Session\Handlers\FileHandler' driver.
INFO - 2023-09-15 01:19:08 --> Session: Class initialized using 'CodeIgniter\Session\Handlers\FileHandler' driver.
INFO - 2023-09-15 01:19:08 --> Session: Class initialized using 'CodeIgniter\Session\Handlers\FileHandler' driver.
INFO - 2023-09-15 01:19:08 --> Session: Class initialized using 'CodeIgniter\Session\Handlers\FileHandler' driver.
INFO - 2023-09-15 01:19:09 --> Session: Class initialized using 'CodeIgniter\Session\Handlers\FileHandler' driver.
INFO - 2023-09-15 01:19:09 --> Session: Class initialized using 'CodeIgniter\Session\Handlers\FileHandler' driver.
INFO - 2023-09-15 01:19:09 --> Session: Class initialized using 'CodeIgniter\Session\Handlers\FileHandler' driver.
INFO - 2023-09-15 01:19:35 --> Session: Class initialized using 'CodeIgniter\Session\Handlers\FileHandler' driver.
INFO - 2023-09-15 01:19:39 --> Session: Class initialized using 'CodeIgniter\Session\Handlers\FileHandler' driver.
INFO - 2023-09-15 01:19:43 --> Session: Class initialized using 'CodeIgniter\Session\Handlers\FileHandler' driver.
INFO - 2023-09-15 01:22:33 --> Session: Class initialized using 'CodeIgniter\Session\Handlers\FileHandler' driver.
INFO - 2023-09-15 01:22:33 --> Session: Class initialized using 'CodeIgniter\Session\Handlers\FileHandler' driver.
INFO - 2023-09-15 01:22:39 --> Session: Class initialized using 'CodeIgniter\Session\Handlers\FileHandler' driver.
INFO - 2023-09-15 01:23:10 --> Session: Class initialized using 'CodeIgniter\Session\Handlers\FileHandler' driver.
