INFO - 2023-06-07 11:29:47 --> Session: Class initialized using 'CodeIgniter\Session\Handlers\FileHandler' driver.
INFO - 2023-06-07 11:29:58 --> Session: Class initialized using 'CodeIgniter\Session\Handlers\FileHandler' driver.
INFO - 2023-06-07 11:29:58 --> Session: Class initialized using 'CodeIgniter\Session\Handlers\FileHandler' driver.
INFO - 2023-06-07 11:30:48 --> Session: Class initialized using 'CodeIgniter\Session\Handlers\FileHandler' driver.
INFO - 2023-06-07 11:31:08 --> Session: Class initialized using 'CodeIgniter\Session\Handlers\FileHandler' driver.
INFO - 2023-06-07 11:31:16 --> Session: Class initialized using 'CodeIgniter\Session\Handlers\FileHandler' driver.
ERROR - 2023-06-07 12:02:29 --> mysqli_sql_exception: Table 'user' already exists in D:\TUGAS\KULIAH\Semester 4\PW2\gohitfix\gohit\system\Database\MySQLi\Connection.php:295
Stack trace:
#0 D:\TUGAS\KULIAH\Semester 4\PW2\gohitfix\gohit\system\Database\MySQLi\Connection.php(295): mysqli->query('CREATE TABLE `u...', 0)
#1 D:\TUGAS\KULIAH\Semester 4\PW2\gohitfix\gohit\system\Database\BaseConnection.php(691): CodeIgniter\Database\MySQLi\Connection->execute('CREATE TABLE `u...')
#2 D:\TUGAS\KULIAH\Semester 4\PW2\gohitfix\gohit\system\Database\BaseConnection.php(605): CodeIgniter\Database\BaseConnection->simpleQuery('CREATE TABLE `u...')
#3 D:\TUGAS\KULIAH\Semester 4\PW2\gohitfix\gohit\system\Database\Forge.php(546): CodeIgniter\Database\BaseConnection->query('CREATE TABLE `u...')
#4 D:\TUGAS\KULIAH\Semester 4\PW2\gohitfix\gohit\app\Database\Migrations\2023-06-07-113534_CreateEvent.php(46): CodeIgniter\Database\Forge->createTable('user')
#5 D:\TUGAS\KULIAH\Semester 4\PW2\gohitfix\gohit\system\Database\MigrationRunner.php(877): App\Database\Migrations\CreateEvent->up()
#6 D:\TUGAS\KULIAH\Semester 4\PW2\gohitfix\gohit\system\Database\MigrationRunner.php(188): CodeIgniter\Database\MigrationRunner->migrate('up', Object(stdClass))
#7 D:\TUGAS\KULIAH\Semester 4\PW2\gohitfix\gohit\system\Commands\Database\Migrate.php(84): CodeIgniter\Database\MigrationRunner->latest(NULL)
#8 D:\TUGAS\KULIAH\Semester 4\PW2\gohitfix\gohit\system\CLI\Commands.php(65): CodeIgniter\Commands\Database\Migrate->run(Array)
#9 D:\TUGAS\KULIAH\Semester 4\PW2\gohitfix\gohit\system\CLI\Console.php(37): CodeIgniter\CLI\Commands->run('migrate', Array)
#10 D:\TUGAS\KULIAH\Semester 4\PW2\gohitfix\gohit\spark(97): CodeIgniter\CLI\Console->run()
#11 {main}
ERROR - 2023-06-07 12:03:29 --> mysqli_sql_exception: Table 'user' already exists in D:\TUGAS\KULIAH\Semester 4\PW2\gohitfix\gohit\system\Database\MySQLi\Connection.php:295
Stack trace:
#0 D:\TUGAS\KULIAH\Semester 4\PW2\gohitfix\gohit\system\Database\MySQLi\Connection.php(295): mysqli->query('CREATE TABLE `u...', 0)
#1 D:\TUGAS\KULIAH\Semester 4\PW2\gohitfix\gohit\system\Database\BaseConnection.php(691): CodeIgniter\Database\MySQLi\Connection->execute('CREATE TABLE `u...')
#2 D:\TUGAS\KULIAH\Semester 4\PW2\gohitfix\gohit\system\Database\BaseConnection.php(605): CodeIgniter\Database\BaseConnection->simpleQuery('CREATE TABLE `u...')
#3 D:\TUGAS\KULIAH\Semester 4\PW2\gohitfix\gohit\system\Database\Forge.php(546): CodeIgniter\Database\BaseConnection->query('CREATE TABLE `u...')
#4 D:\TUGAS\KULIAH\Semester 4\PW2\gohitfix\gohit\app\Database\Migrations\2023-06-07-113534_CreateEvent.php(46): CodeIgniter\Database\Forge->createTable('user')
#5 D:\TUGAS\KULIAH\Semester 4\PW2\gohitfix\gohit\system\Database\MigrationRunner.php(877): App\Database\Migrations\CreateEvent->up()
#6 D:\TUGAS\KULIAH\Semester 4\PW2\gohitfix\gohit\system\Database\MigrationRunner.php(188): CodeIgniter\Database\MigrationRunner->migrate('up', Object(stdClass))
#7 D:\TUGAS\KULIAH\Semester 4\PW2\gohitfix\gohit\system\Commands\Database\Migrate.php(84): CodeIgniter\Database\MigrationRunner->latest(NULL)
#8 D:\TUGAS\KULIAH\Semester 4\PW2\gohitfix\gohit\system\CLI\Commands.php(65): CodeIgniter\Commands\Database\Migrate->run(Array)
#9 D:\TUGAS\KULIAH\Semester 4\PW2\gohitfix\gohit\system\CLI\Console.php(37): CodeIgniter\CLI\Commands->run('migrate', Array)
#10 D:\TUGAS\KULIAH\Semester 4\PW2\gohitfix\gohit\spark(97): CodeIgniter\CLI\Console->run()
#11 {main}
ERROR - 2023-06-07 12:05:12 --> mysqli_sql_exception: Table 'user' already exists in D:\TUGAS\KULIAH\Semester 4\PW2\gohitfix\gohit\system\Database\MySQLi\Connection.php:295
Stack trace:
#0 D:\TUGAS\KULIAH\Semester 4\PW2\gohitfix\gohit\system\Database\MySQLi\Connection.php(295): mysqli->query('CREATE TABLE `u...', 0)
#1 D:\TUGAS\KULIAH\Semester 4\PW2\gohitfix\gohit\system\Database\BaseConnection.php(691): CodeIgniter\Database\MySQLi\Connection->execute('CREATE TABLE `u...')
#2 D:\TUGAS\KULIAH\Semester 4\PW2\gohitfix\gohit\system\Database\BaseConnection.php(605): CodeIgniter\Database\BaseConnection->simpleQuery('CREATE TABLE `u...')
#3 D:\TUGAS\KULIAH\Semester 4\PW2\gohitfix\gohit\system\Database\Forge.php(546): CodeIgniter\Database\BaseConnection->query('CREATE TABLE `u...')
#4 D:\TUGAS\KULIAH\Semester 4\PW2\gohitfix\gohit\app\Database\Migrations\2023-06-07-113534_CreateEvent.php(46): CodeIgniter\Database\Forge->createTable('user')
#5 D:\TUGAS\KULIAH\Semester 4\PW2\gohitfix\gohit\system\Database\MigrationRunner.php(877): App\Database\Migrations\CreateEvent->up()
#6 D:\TUGAS\KULIAH\Semester 4\PW2\gohitfix\gohit\system\Database\MigrationRunner.php(188): CodeIgniter\Database\MigrationRunner->migrate('up', Object(stdClass))
#7 D:\TUGAS\KULIAH\Semester 4\PW2\gohitfix\gohit\system\Commands\Database\Migrate.php(84): CodeIgniter\Database\MigrationRunner->latest(NULL)
#8 D:\TUGAS\KULIAH\Semester 4\PW2\gohitfix\gohit\system\CLI\Commands.php(65): CodeIgniter\Commands\Database\Migrate->run(Array)
#9 D:\TUGAS\KULIAH\Semester 4\PW2\gohitfix\gohit\system\CLI\Console.php(37): CodeIgniter\CLI\Commands->run('migrate', Array)
#10 D:\TUGAS\KULIAH\Semester 4\PW2\gohitfix\gohit\spark(97): CodeIgniter\CLI\Console->run()
#11 {main}
ERROR - 2023-06-07 12:05:54 --> mysqli_sql_exception: Table 'user' already exists in D:\TUGAS\KULIAH\Semester 4\PW2\gohitfix\gohit\system\Database\MySQLi\Connection.php:295
Stack trace:
#0 D:\TUGAS\KULIAH\Semester 4\PW2\gohitfix\gohit\system\Database\MySQLi\Connection.php(295): mysqli->query('CREATE TABLE `u...', 0)
#1 D:\TUGAS\KULIAH\Semester 4\PW2\gohitfix\gohit\system\Database\BaseConnection.php(691): CodeIgniter\Database\MySQLi\Connection->execute('CREATE TABLE `u...')
#2 D:\TUGAS\KULIAH\Semester 4\PW2\gohitfix\gohit\system\Database\BaseConnection.php(605): CodeIgniter\Database\BaseConnection->simpleQuery('CREATE TABLE `u...')
#3 D:\TUGAS\KULIAH\Semester 4\PW2\gohitfix\gohit\system\Database\Forge.php(546): CodeIgniter\Database\BaseConnection->query('CREATE TABLE `u...')
#4 D:\TUGAS\KULIAH\Semester 4\PW2\gohitfix\gohit\app\Database\Migrations\2023-06-07-113534_CreateEvent.php(46): CodeIgniter\Database\Forge->createTable('user')
#5 D:\TUGAS\KULIAH\Semester 4\PW2\gohitfix\gohit\system\Database\MigrationRunner.php(877): App\Database\Migrations\CreateEvent->up()
#6 D:\TUGAS\KULIAH\Semester 4\PW2\gohitfix\gohit\system\Database\MigrationRunner.php(188): CodeIgniter\Database\MigrationRunner->migrate('up', Object(stdClass))
#7 D:\TUGAS\KULIAH\Semester 4\PW2\gohitfix\gohit\system\Commands\Database\Migrate.php(84): CodeIgniter\Database\MigrationRunner->latest(NULL)
#8 D:\TUGAS\KULIAH\Semester 4\PW2\gohitfix\gohit\system\CLI\Commands.php(65): CodeIgniter\Commands\Database\Migrate->run(Array)
#9 D:\TUGAS\KULIAH\Semester 4\PW2\gohitfix\gohit\system\CLI\Console.php(37): CodeIgniter\CLI\Commands->run('migrate', Array)
#10 D:\TUGAS\KULIAH\Semester 4\PW2\gohitfix\gohit\spark(97): CodeIgniter\CLI\Console->run()
#11 {main}
ERROR - 2023-06-07 12:07:29 --> mysqli_sql_exception: Table 'user' already exists in D:\TUGAS\KULIAH\Semester 4\PW2\gohitfix\gohit\system\Database\MySQLi\Connection.php:295
Stack trace:
#0 D:\TUGAS\KULIAH\Semester 4\PW2\gohitfix\gohit\system\Database\MySQLi\Connection.php(295): mysqli->query('CREATE TABLE `u...', 0)
#1 D:\TUGAS\KULIAH\Semester 4\PW2\gohitfix\gohit\system\Database\BaseConnection.php(691): CodeIgniter\Database\MySQLi\Connection->execute('CREATE TABLE `u...')
#2 D:\TUGAS\KULIAH\Semester 4\PW2\gohitfix\gohit\system\Database\BaseConnection.php(605): CodeIgniter\Database\BaseConnection->simpleQuery('CREATE TABLE `u...')
#3 D:\TUGAS\KULIAH\Semester 4\PW2\gohitfix\gohit\system\Database\Forge.php(546): CodeIgniter\Database\BaseConnection->query('CREATE TABLE `u...')
#4 D:\TUGAS\KULIAH\Semester 4\PW2\gohitfix\gohit\app\Database\Migrations\2023-06-07-113534_CreateEvent.php(46): CodeIgniter\Database\Forge->createTable('user')
#5 D:\TUGAS\KULIAH\Semester 4\PW2\gohitfix\gohit\system\Database\MigrationRunner.php(877): App\Database\Migrations\CreateEvent->up()
#6 D:\TUGAS\KULIAH\Semester 4\PW2\gohitfix\gohit\system\Database\MigrationRunner.php(188): CodeIgniter\Database\MigrationRunner->migrate('up', Object(stdClass))
#7 D:\TUGAS\KULIAH\Semester 4\PW2\gohitfix\gohit\system\Commands\Database\Migrate.php(84): CodeIgniter\Database\MigrationRunner->latest(NULL)
#8 D:\TUGAS\KULIAH\Semester 4\PW2\gohitfix\gohit\system\CLI\Commands.php(65): CodeIgniter\Commands\Database\Migrate->run(Array)
#9 D:\TUGAS\KULIAH\Semester 4\PW2\gohitfix\gohit\system\CLI\Console.php(37): CodeIgniter\CLI\Commands->run('migrate', Array)
#10 D:\TUGAS\KULIAH\Semester 4\PW2\gohitfix\gohit\spark(97): CodeIgniter\CLI\Console->run()
#11 {main}
ERROR - 2023-06-07 12:08:44 --> mysqli_sql_exception: Incorrect table definition; there can be only one auto column and it must be defined as a key in D:\TUGAS\KULIAH\Semester 4\PW2\gohitfix\gohit\system\Database\MySQLi\Connection.php:295
Stack trace:
#0 D:\TUGAS\KULIAH\Semester 4\PW2\gohitfix\gohit\system\Database\MySQLi\Connection.php(295): mysqli->query('CREATE TABLE `e...', 0)
#1 D:\TUGAS\KULIAH\Semester 4\PW2\gohitfix\gohit\system\Database\BaseConnection.php(691): CodeIgniter\Database\MySQLi\Connection->execute('CREATE TABLE `e...')
#2 D:\TUGAS\KULIAH\Semester 4\PW2\gohitfix\gohit\system\Database\BaseConnection.php(605): CodeIgniter\Database\BaseConnection->simpleQuery('CREATE TABLE `e...')
#3 D:\TUGAS\KULIAH\Semester 4\PW2\gohitfix\gohit\system\Database\Forge.php(546): CodeIgniter\Database\BaseConnection->query('CREATE TABLE `e...')
#4 D:\TUGAS\KULIAH\Semester 4\PW2\gohitfix\gohit\app\Database\Migrations\2023-06-07-113534_CreateEvent.php(50): CodeIgniter\Database\Forge->createTable('event')
#5 D:\TUGAS\KULIAH\Semester 4\PW2\gohitfix\gohit\system\Database\MigrationRunner.php(877): App\Database\Migrations\CreateEvent->up()
#6 D:\TUGAS\KULIAH\Semester 4\PW2\gohitfix\gohit\system\Database\MigrationRunner.php(188): CodeIgniter\Database\MigrationRunner->migrate('up', Object(stdClass))
#7 D:\TUGAS\KULIAH\Semester 4\PW2\gohitfix\gohit\system\Commands\Database\Migrate.php(84): CodeIgniter\Database\MigrationRunner->latest(NULL)
#8 D:\TUGAS\KULIAH\Semester 4\PW2\gohitfix\gohit\system\CLI\Commands.php(65): CodeIgniter\Commands\Database\Migrate->run(Array)
#9 D:\TUGAS\KULIAH\Semester 4\PW2\gohitfix\gohit\system\CLI\Console.php(37): CodeIgniter\CLI\Commands->run('migrate', Array)
#10 D:\TUGAS\KULIAH\Semester 4\PW2\gohitfix\gohit\spark(97): CodeIgniter\CLI\Console->run()
#11 {main}
ERROR - 2023-06-07 12:09:36 --> mysqli_sql_exception: Incorrect table definition; there can be only one auto column and it must be defined as a key in D:\TUGAS\KULIAH\Semester 4\PW2\gohitfix\gohit\system\Database\MySQLi\Connection.php:295
Stack trace:
#0 D:\TUGAS\KULIAH\Semester 4\PW2\gohitfix\gohit\system\Database\MySQLi\Connection.php(295): mysqli->query('CREATE TABLE `e...', 0)
#1 D:\TUGAS\KULIAH\Semester 4\PW2\gohitfix\gohit\system\Database\BaseConnection.php(691): CodeIgniter\Database\MySQLi\Connection->execute('CREATE TABLE `e...')
#2 D:\TUGAS\KULIAH\Semester 4\PW2\gohitfix\gohit\system\Database\BaseConnection.php(605): CodeIgniter\Database\BaseConnection->simpleQuery('CREATE TABLE `e...')
#3 D:\TUGAS\KULIAH\Semester 4\PW2\gohitfix\gohit\system\Database\Forge.php(546): CodeIgniter\Database\BaseConnection->query('CREATE TABLE `e...')
#4 D:\TUGAS\KULIAH\Semester 4\PW2\gohitfix\gohit\app\Database\Migrations\2023-06-07-113534_CreateEvent.php(50): CodeIgniter\Database\Forge->createTable('event')
#5 D:\TUGAS\KULIAH\Semester 4\PW2\gohitfix\gohit\system\Database\MigrationRunner.php(877): App\Database\Migrations\CreateEvent->up()
#6 D:\TUGAS\KULIAH\Semester 4\PW2\gohitfix\gohit\system\Database\MigrationRunner.php(188): CodeIgniter\Database\MigrationRunner->migrate('up', Object(stdClass))
#7 D:\TUGAS\KULIAH\Semester 4\PW2\gohitfix\gohit\system\Commands\Database\Migrate.php(84): CodeIgniter\Database\MigrationRunner->latest(NULL)
#8 D:\TUGAS\KULIAH\Semester 4\PW2\gohitfix\gohit\system\CLI\Commands.php(65): CodeIgniter\Commands\Database\Migrate->run(Array)
#9 D:\TUGAS\KULIAH\Semester 4\PW2\gohitfix\gohit\system\CLI\Console.php(37): CodeIgniter\CLI\Commands->run('migrate', Array)
#10 D:\TUGAS\KULIAH\Semester 4\PW2\gohitfix\gohit\spark(97): CodeIgniter\CLI\Console->run()
#11 {main}
CRITICAL - 2023-06-07 12:37:38 --> syntax error, unexpected token ")"
in APPPATH\Controllers\Login.php on line 87.
 1 SYSTEMPATH\Autoloader\Autoloader.php(289): CodeIgniter\Autoloader\Autoloader->includeFile('D:\\TUGAS\\KULIAH\\Semester 4\\PW2\\gohitfix\\gohit\\app\\Controllers\\Login.php')
 2 SYSTEMPATH\Autoloader\Autoloader.php(267): CodeIgniter\Autoloader\Autoloader->loadInNamespace('App\\Controllers\\Login')
 3 [internal function]: CodeIgniter\Autoloader\Autoloader->loadClass('App\\Controllers\\Login')
 4 SYSTEMPATH\CodeIgniter.php(892): class_exists('\\App\\Controllers\\Login', true)
 5 SYSTEMPATH\CodeIgniter.php(486): CodeIgniter\CodeIgniter->startController()
 6 SYSTEMPATH\CodeIgniter.php(368): CodeIgniter\CodeIgniter->handleRequest(null, Object(Config\Cache), false)
 7 FCPATH\index.php(67): CodeIgniter\CodeIgniter->run()
 8 SYSTEMPATH\Commands\Server\rewrite.php(47): require_once('D:\\TUGAS\\KULIAH\\Semester 4\\PW2\\gohitfix\\gohit\\public\\index.php')
CRITICAL - 2023-06-07 12:38:19 --> syntax error, unexpected token ")"
in APPPATH\Controllers\Login.php on line 87.
 1 SYSTEMPATH\Autoloader\Autoloader.php(289): CodeIgniter\Autoloader\Autoloader->includeFile('D:\\TUGAS\\KULIAH\\Semester 4\\PW2\\gohitfix\\gohit\\app\\Controllers\\Login.php')
 2 SYSTEMPATH\Autoloader\Autoloader.php(267): CodeIgniter\Autoloader\Autoloader->loadInNamespace('App\\Controllers\\Login')
 3 [internal function]: CodeIgniter\Autoloader\Autoloader->loadClass('App\\Controllers\\Login')
 4 SYSTEMPATH\CodeIgniter.php(892): class_exists('\\App\\Controllers\\Login', true)
 5 SYSTEMPATH\CodeIgniter.php(486): CodeIgniter\CodeIgniter->startController()
 6 SYSTEMPATH\CodeIgniter.php(368): CodeIgniter\CodeIgniter->handleRequest(null, Object(Config\Cache), false)
 7 FCPATH\index.php(67): CodeIgniter\CodeIgniter->run()
 8 SYSTEMPATH\Commands\Server\rewrite.php(47): require_once('D:\\TUGAS\\KULIAH\\Semester 4\\PW2\\gohitfix\\gohit\\public\\index.php')
INFO - 2023-06-07 12:38:33 --> Session: Class initialized using 'CodeIgniter\Session\Handlers\FileHandler' driver.
INFO - 2023-06-07 12:38:33 --> Session: Class initialized using 'CodeIgniter\Session\Handlers\FileHandler' driver.
INFO - 2023-06-07 12:44:16 --> Session: Class initialized using 'CodeIgniter\Session\Handlers\FileHandler' driver.
CRITICAL - 2023-06-07 12:44:18 --> Undefined variable $namaPengguna
in APPPATH\Views\createCOMP.php on line 66.
 1 APPPATH\Views\createCOMP.php(66): CodeIgniter\Debug\Exceptions->errorHandler(2, 'Undefined variable $namaPengguna', 'D:\\TUGAS\\KULIAH\\Semester 4\\PW2\\gohitfix\\gohit\\app\\Views\\createCOMP.php', 66)
 2 SYSTEMPATH\View\View.php(213): include('D:\\TUGAS\\KULIAH\\Semester 4\\PW2\\gohitfix\\gohit\\app\\Views\\createCOMP.php')
 3 SYSTEMPATH\View\View.php(216): CodeIgniter\View\View->CodeIgniter\View\{closure}()
 4 SYSTEMPATH\Common.php(1184): CodeIgniter\View\View->render('createCOMP', [], true)
 5 APPPATH\Controllers\Home.php(32): view('createCOMP')
 6 SYSTEMPATH\CodeIgniter.php(934): App\Controllers\Home->form()
 7 SYSTEMPATH\CodeIgniter.php(499): CodeIgniter\CodeIgniter->runController(Object(App\Controllers\Home))
 8 SYSTEMPATH\CodeIgniter.php(368): CodeIgniter\CodeIgniter->handleRequest(null, Object(Config\Cache), false)
 9 FCPATH\index.php(67): CodeIgniter\CodeIgniter->run()
10 SYSTEMPATH\Commands\Server\rewrite.php(47): require_once('D:\\TUGAS\\KULIAH\\Semester 4\\PW2\\gohitfix\\gohit\\public\\index.php')
CRITICAL - 2023-06-07 12:44:43 --> Undefined variable $namaPengguna
in APPPATH\Views\createCOMP.php on line 66.
 1 APPPATH\Views\createCOMP.php(66): CodeIgniter\Debug\Exceptions->errorHandler(2, 'Undefined variable $namaPengguna', 'D:\\TUGAS\\KULIAH\\Semester 4\\PW2\\gohitfix\\gohit\\app\\Views\\createCOMP.php', 66)
 2 SYSTEMPATH\View\View.php(213): include('D:\\TUGAS\\KULIAH\\Semester 4\\PW2\\gohitfix\\gohit\\app\\Views\\createCOMP.php')
 3 SYSTEMPATH\View\View.php(216): CodeIgniter\View\View->CodeIgniter\View\{closure}()
 4 SYSTEMPATH\Common.php(1184): CodeIgniter\View\View->render('createCOMP', [], true)
 5 APPPATH\Controllers\Home.php(32): view('createCOMP')
 6 SYSTEMPATH\CodeIgniter.php(934): App\Controllers\Home->form()
 7 SYSTEMPATH\CodeIgniter.php(499): CodeIgniter\CodeIgniter->runController(Object(App\Controllers\Home))
 8 SYSTEMPATH\CodeIgniter.php(368): CodeIgniter\CodeIgniter->handleRequest(null, Object(Config\Cache), false)
 9 FCPATH\index.php(67): CodeIgniter\CodeIgniter->run()
10 SYSTEMPATH\Commands\Server\rewrite.php(47): require_once('D:\\TUGAS\\KULIAH\\Semester 4\\PW2\\gohitfix\\gohit\\public\\index.php')
INFO - 2023-06-07 12:45:55 --> Session: Class initialized using 'CodeIgniter\Session\Handlers\FileHandler' driver.
INFO - 2023-06-07 12:46:04 --> Session: Class initialized using 'CodeIgniter\Session\Handlers\FileHandler' driver.
INFO - 2023-06-07 12:46:17 --> Session: Class initialized using 'CodeIgniter\Session\Handlers\FileHandler' driver.
INFO - 2023-06-07 12:46:21 --> Session: Class initialized using 'CodeIgniter\Session\Handlers\FileHandler' driver.
INFO - 2023-06-07 12:46:22 --> Session: Class initialized using 'CodeIgniter\Session\Handlers\FileHandler' driver.
INFO - 2023-06-07 12:50:02 --> Session: Class initialized using 'CodeIgniter\Session\Handlers\FileHandler' driver.
INFO - 2023-06-07 12:50:04 --> Session: Class initialized using 'CodeIgniter\Session\Handlers\FileHandler' driver.
INFO - 2023-06-07 12:50:23 --> Session: Class initialized using 'CodeIgniter\Session\Handlers\FileHandler' driver.
INFO - 2023-06-07 12:51:39 --> Session: Class initialized using 'CodeIgniter\Session\Handlers\FileHandler' driver.
INFO - 2023-06-07 12:52:20 --> Session: Class initialized using 'CodeIgniter\Session\Handlers\FileHandler' driver.
INFO - 2023-06-07 12:52:31 --> Session: Class initialized using 'CodeIgniter\Session\Handlers\FileHandler' driver.
INFO - 2023-06-07 12:52:48 --> Session: Class initialized using 'CodeIgniter\Session\Handlers\FileHandler' driver.
CRITICAL - 2023-06-07 12:53:04 --> You must set the database table to be used with your query.
in SYSTEMPATH\Database\BaseConnection.php on line 882.
 1 APPPATH\Models\Eventm.php(11): CodeIgniter\Database\BaseConnection->table(null)
 2 APPPATH\Controllers\Login.php(88): App\Models\Eventm->saveuser([...])
 3 SYSTEMPATH\CodeIgniter.php(934): App\Controllers\Login->form()
 4 SYSTEMPATH\CodeIgniter.php(499): CodeIgniter\CodeIgniter->runController(Object(App\Controllers\Login))
 5 SYSTEMPATH\CodeIgniter.php(368): CodeIgniter\CodeIgniter->handleRequest(null, Object(Config\Cache), false)
 6 FCPATH\index.php(67): CodeIgniter\CodeIgniter->run()
 7 SYSTEMPATH\Commands\Server\rewrite.php(47): require_once('D:\\TUGAS\\KULIAH\\Semester 4\\PW2\\gohitfix\\gohit\\public\\index.php')
INFO - 2023-06-07 12:53:23 --> Session: Class initialized using 'CodeIgniter\Session\Handlers\FileHandler' driver.
CRITICAL - 2023-06-07 12:53:25 --> You must set the database table to be used with your query.
in SYSTEMPATH\Database\BaseConnection.php on line 882.
 1 APPPATH\Models\Eventm.php(11): CodeIgniter\Database\BaseConnection->table(null)
 2 APPPATH\Controllers\Login.php(88): App\Models\Eventm->saveuser([...])
 3 SYSTEMPATH\CodeIgniter.php(934): App\Controllers\Login->form()
 4 SYSTEMPATH\CodeIgniter.php(499): CodeIgniter\CodeIgniter->runController(Object(App\Controllers\Login))
 5 SYSTEMPATH\CodeIgniter.php(368): CodeIgniter\CodeIgniter->handleRequest(null, Object(Config\Cache), false)
 6 FCPATH\index.php(67): CodeIgniter\CodeIgniter->run()
 7 SYSTEMPATH\Commands\Server\rewrite.php(47): require_once('D:\\TUGAS\\KULIAH\\Semester 4\\PW2\\gohitfix\\gohit\\public\\index.php')
ERROR - 2023-06-07 12:54:29 --> mysqli_sql_exception: Column 'id_user' cannot be null in D:\TUGAS\KULIAH\Semester 4\PW2\gohitfix\gohit\system\Database\MySQLi\Connection.php:295
Stack trace:
#0 D:\TUGAS\KULIAH\Semester 4\PW2\gohitfix\gohit\system\Database\MySQLi\Connection.php(295): mysqli->query('INSERT INTO `ev...', 0)
#1 D:\TUGAS\KULIAH\Semester 4\PW2\gohitfix\gohit\system\Database\BaseConnection.php(691): CodeIgniter\Database\MySQLi\Connection->execute('INSERT INTO `ev...')
#2 D:\TUGAS\KULIAH\Semester 4\PW2\gohitfix\gohit\system\Database\BaseConnection.php(605): CodeIgniter\Database\BaseConnection->simpleQuery('INSERT INTO `ev...')
#3 D:\TUGAS\KULIAH\Semester 4\PW2\gohitfix\gohit\system\Database\BaseBuilder.php(2309): CodeIgniter\Database\BaseConnection->query('INSERT INTO `ev...', Array, false)
#4 D:\TUGAS\KULIAH\Semester 4\PW2\gohitfix\gohit\app\Models\Eventm.php(13): CodeIgniter\Database\BaseBuilder->insert(Array)
#5 D:\TUGAS\KULIAH\Semester 4\PW2\gohitfix\gohit\app\Controllers\Login.php(88): App\Models\Eventm->saveuser(Array)
#6 D:\TUGAS\KULIAH\Semester 4\PW2\gohitfix\gohit\system\CodeIgniter.php(934): App\Controllers\Login->form()
#7 D:\TUGAS\KULIAH\Semester 4\PW2\gohitfix\gohit\system\CodeIgniter.php(499): CodeIgniter\CodeIgniter->runController(Object(App\Controllers\Login))
#8 D:\TUGAS\KULIAH\Semester 4\PW2\gohitfix\gohit\system\CodeIgniter.php(368): CodeIgniter\CodeIgniter->handleRequest(NULL, Object(Config\Cache), false)
#9 D:\TUGAS\KULIAH\Semester 4\PW2\gohitfix\gohit\public\index.php(67): CodeIgniter\CodeIgniter->run()
#10 D:\TUGAS\KULIAH\Semester 4\PW2\gohitfix\gohit\system\Commands\Server\rewrite.php(47): require_once('D:\\TUGAS\\KULIAH...')
#11 {main}
CRITICAL - 2023-06-07 12:54:29 --> Column 'id_user' cannot be null
in SYSTEMPATH\Database\MySQLi\Connection.php on line 295.
 1 SYSTEMPATH\Database\MySQLi\Connection.php(295): mysqli->query('INSERT INTO `event` (`title`, `date_column`, `time`, `organizer`, `type_sport`, `participant`, `location`, `price`, `id_user`) VALUES (\'hehe\', \'2023-06-15\', \'21:55\', \'lol\', \'male\', \'male\', \'slilir\', \'500000000\', NULL)', 0)
 2 SYSTEMPATH\Database\BaseConnection.php(691): CodeIgniter\Database\MySQLi\Connection->execute('INSERT INTO `event` (`title`, `date_column`, `time`, `organizer`, `type_sport`, `participant`, `location`, `price`, `id_user`) VALUES (\'hehe\', \'2023-06-15\', \'21:55\', \'lol\', \'male\', \'male\', \'slilir\', \'500000000\', NULL)')
 3 SYSTEMPATH\Database\BaseConnection.php(605): CodeIgniter\Database\BaseConnection->simpleQuery('INSERT INTO `event` (`title`, `date_column`, `time`, `organizer`, `type_sport`, `participant`, `location`, `price`, `id_user`) VALUES (\'hehe\', \'2023-06-15\', \'21:55\', \'lol\', \'male\', \'male\', \'slilir\', \'500000000\', NULL)')
 4 SYSTEMPATH\Database\BaseBuilder.php(2309): CodeIgniter\Database\BaseConnection->query('INSERT INTO `event` (`title`, `date_column`, `time`, `organizer`, `type_sport`, `participant`, `location`, `price`, `id_user`) VALUES (:title:, :date_column:, :time:, :organizer:, :type_sport:, :participant:, :location:, :price:, :id_user:)', [...], false)
 5 APPPATH\Models\Eventm.php(13): CodeIgniter\Database\BaseBuilder->insert([...])
 6 APPPATH\Controllers\Login.php(88): App\Models\Eventm->saveuser([...])
 7 SYSTEMPATH\CodeIgniter.php(934): App\Controllers\Login->form()
 8 SYSTEMPATH\CodeIgniter.php(499): CodeIgniter\CodeIgniter->runController(Object(App\Controllers\Login))
 9 SYSTEMPATH\CodeIgniter.php(368): CodeIgniter\CodeIgniter->handleRequest(null, Object(Config\Cache), false)
10 FCPATH\index.php(67): CodeIgniter\CodeIgniter->run()
11 SYSTEMPATH\Commands\Server\rewrite.php(47): require_once('D:\\TUGAS\\KULIAH\\Semester 4\\PW2\\gohitfix\\gohit\\public\\index.php')
INFO - 2023-06-07 12:54:59 --> Session: Class initialized using 'CodeIgniter\Session\Handlers\FileHandler' driver.
ERROR - 2023-06-07 12:55:01 --> mysqli_sql_exception: Column 'id_user' cannot be null in D:\TUGAS\KULIAH\Semester 4\PW2\gohitfix\gohit\system\Database\MySQLi\Connection.php:295
Stack trace:
#0 D:\TUGAS\KULIAH\Semester 4\PW2\gohitfix\gohit\system\Database\MySQLi\Connection.php(295): mysqli->query('INSERT INTO `ev...', 0)
#1 D:\TUGAS\KULIAH\Semester 4\PW2\gohitfix\gohit\system\Database\BaseConnection.php(691): CodeIgniter\Database\MySQLi\Connection->execute('INSERT INTO `ev...')
#2 D:\TUGAS\KULIAH\Semester 4\PW2\gohitfix\gohit\system\Database\BaseConnection.php(605): CodeIgniter\Database\BaseConnection->simpleQuery('INSERT INTO `ev...')
#3 D:\TUGAS\KULIAH\Semester 4\PW2\gohitfix\gohit\system\Database\BaseBuilder.php(2309): CodeIgniter\Database\BaseConnection->query('INSERT INTO `ev...', Array, false)
#4 D:\TUGAS\KULIAH\Semester 4\PW2\gohitfix\gohit\app\Models\Eventm.php(13): CodeIgniter\Database\BaseBuilder->insert(Array)
#5 D:\TUGAS\KULIAH\Semester 4\PW2\gohitfix\gohit\app\Controllers\Login.php(88): App\Models\Eventm->saveuser(Array)
#6 D:\TUGAS\KULIAH\Semester 4\PW2\gohitfix\gohit\system\CodeIgniter.php(934): App\Controllers\Login->form()
#7 D:\TUGAS\KULIAH\Semester 4\PW2\gohitfix\gohit\system\CodeIgniter.php(499): CodeIgniter\CodeIgniter->runController(Object(App\Controllers\Login))
#8 D:\TUGAS\KULIAH\Semester 4\PW2\gohitfix\gohit\system\CodeIgniter.php(368): CodeIgniter\CodeIgniter->handleRequest(NULL, Object(Config\Cache), false)
#9 D:\TUGAS\KULIAH\Semester 4\PW2\gohitfix\gohit\public\index.php(67): CodeIgniter\CodeIgniter->run()
#10 D:\TUGAS\KULIAH\Semester 4\PW2\gohitfix\gohit\system\Commands\Server\rewrite.php(47): require_once('D:\\TUGAS\\KULIAH...')
#11 {main}
CRITICAL - 2023-06-07 12:55:01 --> Column 'id_user' cannot be null
in SYSTEMPATH\Database\MySQLi\Connection.php on line 295.
 1 SYSTEMPATH\Database\MySQLi\Connection.php(295): mysqli->query('INSERT INTO `event` (`title`, `date_column`, `time`, `organizer`, `type_sport`, `participant`, `location`, `price`, `id_user`) VALUES (\'hehe\', \'2023-06-15\', \'21:55\', \'lol\', \'male\', \'male\', \'slilir\', \'500000000\', NULL)', 0)
 2 SYSTEMPATH\Database\BaseConnection.php(691): CodeIgniter\Database\MySQLi\Connection->execute('INSERT INTO `event` (`title`, `date_column`, `time`, `organizer`, `type_sport`, `participant`, `location`, `price`, `id_user`) VALUES (\'hehe\', \'2023-06-15\', \'21:55\', \'lol\', \'male\', \'male\', \'slilir\', \'500000000\', NULL)')
 3 SYSTEMPATH\Database\BaseConnection.php(605): CodeIgniter\Database\BaseConnection->simpleQuery('INSERT INTO `event` (`title`, `date_column`, `time`, `organizer`, `type_sport`, `participant`, `location`, `price`, `id_user`) VALUES (\'hehe\', \'2023-06-15\', \'21:55\', \'lol\', \'male\', \'male\', \'slilir\', \'500000000\', NULL)')
 4 SYSTEMPATH\Database\BaseBuilder.php(2309): CodeIgniter\Database\BaseConnection->query('INSERT INTO `event` (`title`, `date_column`, `time`, `organizer`, `type_sport`, `participant`, `location`, `price`, `id_user`) VALUES (:title:, :date_column:, :time:, :organizer:, :type_sport:, :participant:, :location:, :price:, :id_user:)', [...], false)
 5 APPPATH\Models\Eventm.php(13): CodeIgniter\Database\BaseBuilder->insert([...])
 6 APPPATH\Controllers\Login.php(88): App\Models\Eventm->saveuser([...])
 7 SYSTEMPATH\CodeIgniter.php(934): App\Controllers\Login->form()
 8 SYSTEMPATH\CodeIgniter.php(499): CodeIgniter\CodeIgniter->runController(Object(App\Controllers\Login))
 9 SYSTEMPATH\CodeIgniter.php(368): CodeIgniter\CodeIgniter->handleRequest(null, Object(Config\Cache), false)
10 FCPATH\index.php(67): CodeIgniter\CodeIgniter->run()
11 SYSTEMPATH\Commands\Server\rewrite.php(47): require_once('D:\\TUGAS\\KULIAH\\Semester 4\\PW2\\gohitfix\\gohit\\public\\index.php')
ERROR - 2023-06-07 12:58:19 --> mysqli_sql_exception: Unknown column 'title' in 'field list' in D:\TUGAS\KULIAH\Semester 4\PW2\gohitfix\gohit\system\Database\MySQLi\Connection.php:295
Stack trace:
#0 D:\TUGAS\KULIAH\Semester 4\PW2\gohitfix\gohit\system\Database\MySQLi\Connection.php(295): mysqli->query('INSERT INTO `us...', 0)
#1 D:\TUGAS\KULIAH\Semester 4\PW2\gohitfix\gohit\system\Database\BaseConnection.php(691): CodeIgniter\Database\MySQLi\Connection->execute('INSERT INTO `us...')
#2 D:\TUGAS\KULIAH\Semester 4\PW2\gohitfix\gohit\system\Database\BaseConnection.php(605): CodeIgniter\Database\BaseConnection->simpleQuery('INSERT INTO `us...')
#3 D:\TUGAS\KULIAH\Semester 4\PW2\gohitfix\gohit\system\Database\BaseBuilder.php(2309): CodeIgniter\Database\BaseConnection->query('INSERT INTO `us...', Array, false)
#4 D:\TUGAS\KULIAH\Semester 4\PW2\gohitfix\gohit\app\Models\User.php(23): CodeIgniter\Database\BaseBuilder->insert(Array)
#5 D:\TUGAS\KULIAH\Semester 4\PW2\gohitfix\gohit\app\Controllers\Login.php(88): App\Models\User->saveuser(Array)
#6 D:\TUGAS\KULIAH\Semester 4\PW2\gohitfix\gohit\system\CodeIgniter.php(934): App\Controllers\Login->form()
#7 D:\TUGAS\KULIAH\Semester 4\PW2\gohitfix\gohit\system\CodeIgniter.php(499): CodeIgniter\CodeIgniter->runController(Object(App\Controllers\Login))
#8 D:\TUGAS\KULIAH\Semester 4\PW2\gohitfix\gohit\system\CodeIgniter.php(368): CodeIgniter\CodeIgniter->handleRequest(NULL, Object(Config\Cache), false)
#9 D:\TUGAS\KULIAH\Semester 4\PW2\gohitfix\gohit\public\index.php(67): CodeIgniter\CodeIgniter->run()
#10 D:\TUGAS\KULIAH\Semester 4\PW2\gohitfix\gohit\system\Commands\Server\rewrite.php(47): require_once('D:\\TUGAS\\KULIAH...')
#11 {main}
CRITICAL - 2023-06-07 12:58:19 --> Unknown column 'title' in 'field list'
in SYSTEMPATH\Database\MySQLi\Connection.php on line 295.
 1 SYSTEMPATH\Database\MySQLi\Connection.php(295): mysqli->query('INSERT INTO `user` (`title`, `date_column`, `time`, `organizer`, `type_sport`, `participant`, `location`, `price`, `id_user`) VALUES (\'hehe\', \'2023-06-15\', \'21:55\', \'lol\', \'male\', \'male\', \'slilir\', \'500000000\', NULL)', 0)
 2 SYSTEMPATH\Database\BaseConnection.php(691): CodeIgniter\Database\MySQLi\Connection->execute('INSERT INTO `user` (`title`, `date_column`, `time`, `organizer`, `type_sport`, `participant`, `location`, `price`, `id_user`) VALUES (\'hehe\', \'2023-06-15\', \'21:55\', \'lol\', \'male\', \'male\', \'slilir\', \'500000000\', NULL)')
 3 SYSTEMPATH\Database\BaseConnection.php(605): CodeIgniter\Database\BaseConnection->simpleQuery('INSERT INTO `user` (`title`, `date_column`, `time`, `organizer`, `type_sport`, `participant`, `location`, `price`, `id_user`) VALUES (\'hehe\', \'2023-06-15\', \'21:55\', \'lol\', \'male\', \'male\', \'slilir\', \'500000000\', NULL)')
 4 SYSTEMPATH\Database\BaseBuilder.php(2309): CodeIgniter\Database\BaseConnection->query('INSERT INTO `user` (`title`, `date_column`, `time`, `organizer`, `type_sport`, `participant`, `location`, `price`, `id_user`) VALUES (:title:, :date_column:, :time:, :organizer:, :type_sport:, :participant:, :location:, :price:, :id_user:)', [...], false)
 5 APPPATH\Models\User.php(23): CodeIgniter\Database\BaseBuilder->insert([...])
 6 APPPATH\Controllers\Login.php(88): App\Models\User->saveuser([...])
 7 SYSTEMPATH\CodeIgniter.php(934): App\Controllers\Login->form()
 8 SYSTEMPATH\CodeIgniter.php(499): CodeIgniter\CodeIgniter->runController(Object(App\Controllers\Login))
 9 SYSTEMPATH\CodeIgniter.php(368): CodeIgniter\CodeIgniter->handleRequest(null, Object(Config\Cache), false)
10 FCPATH\index.php(67): CodeIgniter\CodeIgniter->run()
11 SYSTEMPATH\Commands\Server\rewrite.php(47): require_once('D:\\TUGAS\\KULIAH\\Semester 4\\PW2\\gohitfix\\gohit\\public\\index.php')
ERROR - 2023-06-07 12:58:57 --> mysqli_sql_exception: Column 'id_user' cannot be null in D:\TUGAS\KULIAH\Semester 4\PW2\gohitfix\gohit\system\Database\MySQLi\Connection.php:295
Stack trace:
#0 D:\TUGAS\KULIAH\Semester 4\PW2\gohitfix\gohit\system\Database\MySQLi\Connection.php(295): mysqli->query('INSERT INTO `ev...', 0)
#1 D:\TUGAS\KULIAH\Semester 4\PW2\gohitfix\gohit\system\Database\BaseConnection.php(691): CodeIgniter\Database\MySQLi\Connection->execute('INSERT INTO `ev...')
#2 D:\TUGAS\KULIAH\Semester 4\PW2\gohitfix\gohit\system\Database\BaseConnection.php(605): CodeIgniter\Database\BaseConnection->simpleQuery('INSERT INTO `ev...')
#3 D:\TUGAS\KULIAH\Semester 4\PW2\gohitfix\gohit\system\Database\BaseBuilder.php(2309): CodeIgniter\Database\BaseConnection->query('INSERT INTO `ev...', Array, false)
#4 D:\TUGAS\KULIAH\Semester 4\PW2\gohitfix\gohit\app\Models\Eventm.php(13): CodeIgniter\Database\BaseBuilder->insert(Array)
#5 D:\TUGAS\KULIAH\Semester 4\PW2\gohitfix\gohit\app\Controllers\Login.php(88): App\Models\Eventm->saveuser(Array)
#6 D:\TUGAS\KULIAH\Semester 4\PW2\gohitfix\gohit\system\CodeIgniter.php(934): App\Controllers\Login->form()
#7 D:\TUGAS\KULIAH\Semester 4\PW2\gohitfix\gohit\system\CodeIgniter.php(499): CodeIgniter\CodeIgniter->runController(Object(App\Controllers\Login))
#8 D:\TUGAS\KULIAH\Semester 4\PW2\gohitfix\gohit\system\CodeIgniter.php(368): CodeIgniter\CodeIgniter->handleRequest(NULL, Object(Config\Cache), false)
#9 D:\TUGAS\KULIAH\Semester 4\PW2\gohitfix\gohit\public\index.php(67): CodeIgniter\CodeIgniter->run()
#10 D:\TUGAS\KULIAH\Semester 4\PW2\gohitfix\gohit\system\Commands\Server\rewrite.php(47): require_once('D:\\TUGAS\\KULIAH...')
#11 {main}
CRITICAL - 2023-06-07 12:58:57 --> Column 'id_user' cannot be null
in SYSTEMPATH\Database\MySQLi\Connection.php on line 295.
 1 SYSTEMPATH\Database\MySQLi\Connection.php(295): mysqli->query('INSERT INTO `event` (`title`, `date_column`, `time`, `organizer`, `type_sport`, `participant`, `location`, `price`, `id_user`) VALUES (\'hehe\', \'2023-06-15\', \'21:55\', \'lol\', \'male\', \'male\', \'slilir\', \'500000000\', NULL)', 0)
 2 SYSTEMPATH\Database\BaseConnection.php(691): CodeIgniter\Database\MySQLi\Connection->execute('INSERT INTO `event` (`title`, `date_column`, `time`, `organizer`, `type_sport`, `participant`, `location`, `price`, `id_user`) VALUES (\'hehe\', \'2023-06-15\', \'21:55\', \'lol\', \'male\', \'male\', \'slilir\', \'500000000\', NULL)')
 3 SYSTEMPATH\Database\BaseConnection.php(605): CodeIgniter\Database\BaseConnection->simpleQuery('INSERT INTO `event` (`title`, `date_column`, `time`, `organizer`, `type_sport`, `participant`, `location`, `price`, `id_user`) VALUES (\'hehe\', \'2023-06-15\', \'21:55\', \'lol\', \'male\', \'male\', \'slilir\', \'500000000\', NULL)')
 4 SYSTEMPATH\Database\BaseBuilder.php(2309): CodeIgniter\Database\BaseConnection->query('INSERT INTO `event` (`title`, `date_column`, `time`, `organizer`, `type_sport`, `participant`, `location`, `price`, `id_user`) VALUES (:title:, :date_column:, :time:, :organizer:, :type_sport:, :participant:, :location:, :price:, :id_user:)', [...], false)
 5 APPPATH\Models\Eventm.php(13): CodeIgniter\Database\BaseBuilder->insert([...])
 6 APPPATH\Controllers\Login.php(88): App\Models\Eventm->saveuser([...])
 7 SYSTEMPATH\CodeIgniter.php(934): App\Controllers\Login->form()
 8 SYSTEMPATH\CodeIgniter.php(499): CodeIgniter\CodeIgniter->runController(Object(App\Controllers\Login))
 9 SYSTEMPATH\CodeIgniter.php(368): CodeIgniter\CodeIgniter->handleRequest(null, Object(Config\Cache), false)
10 FCPATH\index.php(67): CodeIgniter\CodeIgniter->run()
11 SYSTEMPATH\Commands\Server\rewrite.php(47): require_once('D:\\TUGAS\\KULIAH\\Semester 4\\PW2\\gohitfix\\gohit\\public\\index.php')
ERROR - 2023-06-07 12:59:25 --> mysqli_sql_exception: Column 'id_user' cannot be null in D:\TUGAS\KULIAH\Semester 4\PW2\gohitfix\gohit\system\Database\MySQLi\Connection.php:295
Stack trace:
#0 D:\TUGAS\KULIAH\Semester 4\PW2\gohitfix\gohit\system\Database\MySQLi\Connection.php(295): mysqli->query('INSERT INTO `ev...', 0)
#1 D:\TUGAS\KULIAH\Semester 4\PW2\gohitfix\gohit\system\Database\BaseConnection.php(691): CodeIgniter\Database\MySQLi\Connection->execute('INSERT INTO `ev...')
#2 D:\TUGAS\KULIAH\Semester 4\PW2\gohitfix\gohit\system\Database\BaseConnection.php(605): CodeIgniter\Database\BaseConnection->simpleQuery('INSERT INTO `ev...')
#3 D:\TUGAS\KULIAH\Semester 4\PW2\gohitfix\gohit\system\Database\BaseBuilder.php(2309): CodeIgniter\Database\BaseConnection->query('INSERT INTO `ev...', Array, false)
#4 D:\TUGAS\KULIAH\Semester 4\PW2\gohitfix\gohit\app\Models\Eventm.php(13): CodeIgniter\Database\BaseBuilder->insert(Array)
#5 D:\TUGAS\KULIAH\Semester 4\PW2\gohitfix\gohit\app\Controllers\Login.php(88): App\Models\Eventm->saveuser(Array)
#6 D:\TUGAS\KULIAH\Semester 4\PW2\gohitfix\gohit\system\CodeIgniter.php(934): App\Controllers\Login->form()
#7 D:\TUGAS\KULIAH\Semester 4\PW2\gohitfix\gohit\system\CodeIgniter.php(499): CodeIgniter\CodeIgniter->runController(Object(App\Controllers\Login))
#8 D:\TUGAS\KULIAH\Semester 4\PW2\gohitfix\gohit\system\CodeIgniter.php(368): CodeIgniter\CodeIgniter->handleRequest(NULL, Object(Config\Cache), false)
#9 D:\TUGAS\KULIAH\Semester 4\PW2\gohitfix\gohit\public\index.php(67): CodeIgniter\CodeIgniter->run()
#10 D:\TUGAS\KULIAH\Semester 4\PW2\gohitfix\gohit\system\Commands\Server\rewrite.php(47): require_once('D:\\TUGAS\\KULIAH...')
#11 {main}
CRITICAL - 2023-06-07 12:59:25 --> Column 'id_user' cannot be null
in SYSTEMPATH\Database\MySQLi\Connection.php on line 295.
 1 SYSTEMPATH\Database\MySQLi\Connection.php(295): mysqli->query('INSERT INTO `event` (`id_user`, `title`, `date_column`, `time`, `organizer`, `type_sport`, `participant`, `location`, `price`) VALUES (NULL, \'hehe\', \'2023-06-15\', \'21:55\', \'lol\', \'male\', \'male\', \'slilir\', \'500000000\')', 0)
 2 SYSTEMPATH\Database\BaseConnection.php(691): CodeIgniter\Database\MySQLi\Connection->execute('INSERT INTO `event` (`id_user`, `title`, `date_column`, `time`, `organizer`, `type_sport`, `participant`, `location`, `price`) VALUES (NULL, \'hehe\', \'2023-06-15\', \'21:55\', \'lol\', \'male\', \'male\', \'slilir\', \'500000000\')')
 3 SYSTEMPATH\Database\BaseConnection.php(605): CodeIgniter\Database\BaseConnection->simpleQuery('INSERT INTO `event` (`id_user`, `title`, `date_column`, `time`, `organizer`, `type_sport`, `participant`, `location`, `price`) VALUES (NULL, \'hehe\', \'2023-06-15\', \'21:55\', \'lol\', \'male\', \'male\', \'slilir\', \'500000000\')')
 4 SYSTEMPATH\Database\BaseBuilder.php(2309): CodeIgniter\Database\BaseConnection->query('INSERT INTO `event` (`id_user`, `title`, `date_column`, `time`, `organizer`, `type_sport`, `participant`, `location`, `price`) VALUES (:id_user:, :title:, :date_column:, :time:, :organizer:, :type_sport:, :participant:, :location:, :price:)', [...], false)
 5 APPPATH\Models\Eventm.php(13): CodeIgniter\Database\BaseBuilder->insert([...])
 6 APPPATH\Controllers\Login.php(88): App\Models\Eventm->saveuser([...])
 7 SYSTEMPATH\CodeIgniter.php(934): App\Controllers\Login->form()
 8 SYSTEMPATH\CodeIgniter.php(499): CodeIgniter\CodeIgniter->runController(Object(App\Controllers\Login))
 9 SYSTEMPATH\CodeIgniter.php(368): CodeIgniter\CodeIgniter->handleRequest(null, Object(Config\Cache), false)
10 FCPATH\index.php(67): CodeIgniter\CodeIgniter->run()
11 SYSTEMPATH\Commands\Server\rewrite.php(47): require_once('D:\\TUGAS\\KULIAH\\Semester 4\\PW2\\gohitfix\\gohit\\public\\index.php')
ERROR - 2023-06-07 13:00:14 --> mysqli_sql_exception: Column 'id_user' cannot be null in D:\TUGAS\KULIAH\Semester 4\PW2\gohitfix\gohit\system\Database\MySQLi\Connection.php:295
Stack trace:
#0 D:\TUGAS\KULIAH\Semester 4\PW2\gohitfix\gohit\system\Database\MySQLi\Connection.php(295): mysqli->query('INSERT INTO `ev...', 0)
#1 D:\TUGAS\KULIAH\Semester 4\PW2\gohitfix\gohit\system\Database\BaseConnection.php(691): CodeIgniter\Database\MySQLi\Connection->execute('INSERT INTO `ev...')
#2 D:\TUGAS\KULIAH\Semester 4\PW2\gohitfix\gohit\system\Database\BaseConnection.php(605): CodeIgniter\Database\BaseConnection->simpleQuery('INSERT INTO `ev...')
#3 D:\TUGAS\KULIAH\Semester 4\PW2\gohitfix\gohit\system\Database\BaseBuilder.php(2309): CodeIgniter\Database\BaseConnection->query('INSERT INTO `ev...', Array, false)
#4 D:\TUGAS\KULIAH\Semester 4\PW2\gohitfix\gohit\app\Models\Eventm.php(13): CodeIgniter\Database\BaseBuilder->insert(Array)
#5 D:\TUGAS\KULIAH\Semester 4\PW2\gohitfix\gohit\app\Controllers\Login.php(88): App\Models\Eventm->saveuser(Array)
#6 D:\TUGAS\KULIAH\Semester 4\PW2\gohitfix\gohit\system\CodeIgniter.php(934): App\Controllers\Login->form()
#7 D:\TUGAS\KULIAH\Semester 4\PW2\gohitfix\gohit\system\CodeIgniter.php(499): CodeIgniter\CodeIgniter->runController(Object(App\Controllers\Login))
#8 D:\TUGAS\KULIAH\Semester 4\PW2\gohitfix\gohit\system\CodeIgniter.php(368): CodeIgniter\CodeIgniter->handleRequest(NULL, Object(Config\Cache), false)
#9 D:\TUGAS\KULIAH\Semester 4\PW2\gohitfix\gohit\public\index.php(67): CodeIgniter\CodeIgniter->run()
#10 D:\TUGAS\KULIAH\Semester 4\PW2\gohitfix\gohit\system\Commands\Server\rewrite.php(47): require_once('D:\\TUGAS\\KULIAH...')
#11 {main}
CRITICAL - 2023-06-07 13:00:14 --> Column 'id_user' cannot be null
in SYSTEMPATH\Database\MySQLi\Connection.php on line 295.
 1 SYSTEMPATH\Database\MySQLi\Connection.php(295): mysqli->query('INSERT INTO `event` (`id_user`, `title`, `date_column`, `time`, `organizer`, `type_sport`, `participant`, `location`, `price`) VALUES (NULL, \'hehe\', \'2023-06-15\', \'21:55\', \'lol\', \'male\', \'male\', \'slilir\', \'500000000\')', 0)
 2 SYSTEMPATH\Database\BaseConnection.php(691): CodeIgniter\Database\MySQLi\Connection->execute('INSERT INTO `event` (`id_user`, `title`, `date_column`, `time`, `organizer`, `type_sport`, `participant`, `location`, `price`) VALUES (NULL, \'hehe\', \'2023-06-15\', \'21:55\', \'lol\', \'male\', \'male\', \'slilir\', \'500000000\')')
 3 SYSTEMPATH\Database\BaseConnection.php(605): CodeIgniter\Database\BaseConnection->simpleQuery('INSERT INTO `event` (`id_user`, `title`, `date_column`, `time`, `organizer`, `type_sport`, `participant`, `location`, `price`) VALUES (NULL, \'hehe\', \'2023-06-15\', \'21:55\', \'lol\', \'male\', \'male\', \'slilir\', \'500000000\')')
 4 SYSTEMPATH\Database\BaseBuilder.php(2309): CodeIgniter\Database\BaseConnection->query('INSERT INTO `event` (`id_user`, `title`, `date_column`, `time`, `organizer`, `type_sport`, `participant`, `location`, `price`) VALUES (:id_user:, :title:, :date_column:, :time:, :organizer:, :type_sport:, :participant:, :location:, :price:)', [...], false)
 5 APPPATH\Models\Eventm.php(13): CodeIgniter\Database\BaseBuilder->insert([...])
 6 APPPATH\Controllers\Login.php(88): App\Models\Eventm->saveuser([...])
 7 SYSTEMPATH\CodeIgniter.php(934): App\Controllers\Login->form()
 8 SYSTEMPATH\CodeIgniter.php(499): CodeIgniter\CodeIgniter->runController(Object(App\Controllers\Login))
 9 SYSTEMPATH\CodeIgniter.php(368): CodeIgniter\CodeIgniter->handleRequest(null, Object(Config\Cache), false)
10 FCPATH\index.php(67): CodeIgniter\CodeIgniter->run()
11 SYSTEMPATH\Commands\Server\rewrite.php(47): require_once('D:\\TUGAS\\KULIAH\\Semester 4\\PW2\\gohitfix\\gohit\\public\\index.php')
ERROR - 2023-06-07 13:00:18 --> mysqli_sql_exception: Column 'id_user' cannot be null in D:\TUGAS\KULIAH\Semester 4\PW2\gohitfix\gohit\system\Database\MySQLi\Connection.php:295
Stack trace:
#0 D:\TUGAS\KULIAH\Semester 4\PW2\gohitfix\gohit\system\Database\MySQLi\Connection.php(295): mysqli->query('INSERT INTO `ev...', 0)
#1 D:\TUGAS\KULIAH\Semester 4\PW2\gohitfix\gohit\system\Database\BaseConnection.php(691): CodeIgniter\Database\MySQLi\Connection->execute('INSERT INTO `ev...')
#2 D:\TUGAS\KULIAH\Semester 4\PW2\gohitfix\gohit\system\Database\BaseConnection.php(605): CodeIgniter\Database\BaseConnection->simpleQuery('INSERT INTO `ev...')
#3 D:\TUGAS\KULIAH\Semester 4\PW2\gohitfix\gohit\system\Database\BaseBuilder.php(2309): CodeIgniter\Database\BaseConnection->query('INSERT INTO `ev...', Array, false)
#4 D:\TUGAS\KULIAH\Semester 4\PW2\gohitfix\gohit\app\Models\Eventm.php(13): CodeIgniter\Database\BaseBuilder->insert(Array)
#5 D:\TUGAS\KULIAH\Semester 4\PW2\gohitfix\gohit\app\Controllers\Login.php(88): App\Models\Eventm->saveuser(Array)
#6 D:\TUGAS\KULIAH\Semester 4\PW2\gohitfix\gohit\system\CodeIgniter.php(934): App\Controllers\Login->form()
#7 D:\TUGAS\KULIAH\Semester 4\PW2\gohitfix\gohit\system\CodeIgniter.php(499): CodeIgniter\CodeIgniter->runController(Object(App\Controllers\Login))
#8 D:\TUGAS\KULIAH\Semester 4\PW2\gohitfix\gohit\system\CodeIgniter.php(368): CodeIgniter\CodeIgniter->handleRequest(NULL, Object(Config\Cache), false)
#9 D:\TUGAS\KULIAH\Semester 4\PW2\gohitfix\gohit\public\index.php(67): CodeIgniter\CodeIgniter->run()
#10 D:\TUGAS\KULIAH\Semester 4\PW2\gohitfix\gohit\system\Commands\Server\rewrite.php(47): require_once('D:\\TUGAS\\KULIAH...')
#11 {main}
CRITICAL - 2023-06-07 13:00:18 --> Column 'id_user' cannot be null
in SYSTEMPATH\Database\MySQLi\Connection.php on line 295.
 1 SYSTEMPATH\Database\MySQLi\Connection.php(295): mysqli->query('INSERT INTO `event` (`id_user`, `title`, `date_column`, `time`, `organizer`, `type_sport`, `participant`, `location`, `price`) VALUES (NULL, \'hehe\', \'2023-06-15\', \'21:55\', \'lol\', \'male\', \'male\', \'slilir\', \'500000000\')', 0)
 2 SYSTEMPATH\Database\BaseConnection.php(691): CodeIgniter\Database\MySQLi\Connection->execute('INSERT INTO `event` (`id_user`, `title`, `date_column`, `time`, `organizer`, `type_sport`, `participant`, `location`, `price`) VALUES (NULL, \'hehe\', \'2023-06-15\', \'21:55\', \'lol\', \'male\', \'male\', \'slilir\', \'500000000\')')
 3 SYSTEMPATH\Database\BaseConnection.php(605): CodeIgniter\Database\BaseConnection->simpleQuery('INSERT INTO `event` (`id_user`, `title`, `date_column`, `time`, `organizer`, `type_sport`, `participant`, `location`, `price`) VALUES (NULL, \'hehe\', \'2023-06-15\', \'21:55\', \'lol\', \'male\', \'male\', \'slilir\', \'500000000\')')
 4 SYSTEMPATH\Database\BaseBuilder.php(2309): CodeIgniter\Database\BaseConnection->query('INSERT INTO `event` (`id_user`, `title`, `date_column`, `time`, `organizer`, `type_sport`, `participant`, `location`, `price`) VALUES (:id_user:, :title:, :date_column:, :time:, :organizer:, :type_sport:, :participant:, :location:, :price:)', [...], false)
 5 APPPATH\Models\Eventm.php(13): CodeIgniter\Database\BaseBuilder->insert([...])
 6 APPPATH\Controllers\Login.php(88): App\Models\Eventm->saveuser([...])
 7 SYSTEMPATH\CodeIgniter.php(934): App\Controllers\Login->form()
 8 SYSTEMPATH\CodeIgniter.php(499): CodeIgniter\CodeIgniter->runController(Object(App\Controllers\Login))
 9 SYSTEMPATH\CodeIgniter.php(368): CodeIgniter\CodeIgniter->handleRequest(null, Object(Config\Cache), false)
10 FCPATH\index.php(67): CodeIgniter\CodeIgniter->run()
11 SYSTEMPATH\Commands\Server\rewrite.php(47): require_once('D:\\TUGAS\\KULIAH\\Semester 4\\PW2\\gohitfix\\gohit\\public\\index.php')
INFO - 2023-06-07 13:00:21 --> Session: Class initialized using 'CodeIgniter\Session\Handlers\FileHandler' driver.
INFO - 2023-06-07 13:00:23 --> Session: Class initialized using 'CodeIgniter\Session\Handlers\FileHandler' driver.
ERROR - 2023-06-07 13:00:37 --> mysqli_sql_exception: Column 'id_user' cannot be null in D:\TUGAS\KULIAH\Semester 4\PW2\gohitfix\gohit\system\Database\MySQLi\Connection.php:295
Stack trace:
#0 D:\TUGAS\KULIAH\Semester 4\PW2\gohitfix\gohit\system\Database\MySQLi\Connection.php(295): mysqli->query('INSERT INTO `ev...', 0)
#1 D:\TUGAS\KULIAH\Semester 4\PW2\gohitfix\gohit\system\Database\BaseConnection.php(691): CodeIgniter\Database\MySQLi\Connection->execute('INSERT INTO `ev...')
#2 D:\TUGAS\KULIAH\Semester 4\PW2\gohitfix\gohit\system\Database\BaseConnection.php(605): CodeIgniter\Database\BaseConnection->simpleQuery('INSERT INTO `ev...')
#3 D:\TUGAS\KULIAH\Semester 4\PW2\gohitfix\gohit\system\Database\BaseBuilder.php(2309): CodeIgniter\Database\BaseConnection->query('INSERT INTO `ev...', Array, false)
#4 D:\TUGAS\KULIAH\Semester 4\PW2\gohitfix\gohit\app\Models\Eventm.php(13): CodeIgniter\Database\BaseBuilder->insert(Array)
#5 D:\TUGAS\KULIAH\Semester 4\PW2\gohitfix\gohit\app\Controllers\Login.php(88): App\Models\Eventm->saveuser(Array)
#6 D:\TUGAS\KULIAH\Semester 4\PW2\gohitfix\gohit\system\CodeIgniter.php(934): App\Controllers\Login->form()
#7 D:\TUGAS\KULIAH\Semester 4\PW2\gohitfix\gohit\system\CodeIgniter.php(499): CodeIgniter\CodeIgniter->runController(Object(App\Controllers\Login))
#8 D:\TUGAS\KULIAH\Semester 4\PW2\gohitfix\gohit\system\CodeIgniter.php(368): CodeIgniter\CodeIgniter->handleRequest(NULL, Object(Config\Cache), false)
#9 D:\TUGAS\KULIAH\Semester 4\PW2\gohitfix\gohit\public\index.php(67): CodeIgniter\CodeIgniter->run()
#10 D:\TUGAS\KULIAH\Semester 4\PW2\gohitfix\gohit\system\Commands\Server\rewrite.php(47): require_once('D:\\TUGAS\\KULIAH...')
#11 {main}
CRITICAL - 2023-06-07 13:00:37 --> Column 'id_user' cannot be null
in SYSTEMPATH\Database\MySQLi\Connection.php on line 295.
 1 SYSTEMPATH\Database\MySQLi\Connection.php(295): mysqli->query('INSERT INTO `event` (`id_user`, `title`, `date_column`, `time`, `organizer`, `type_sport`, `participant`, `location`, `price`) VALUES (NULL, \'hehe\', \'2023-06-09\', \'20:02\', \'lol\', \'male\', \'male\', \'slilir\', \'500000000\')', 0)
 2 SYSTEMPATH\Database\BaseConnection.php(691): CodeIgniter\Database\MySQLi\Connection->execute('INSERT INTO `event` (`id_user`, `title`, `date_column`, `time`, `organizer`, `type_sport`, `participant`, `location`, `price`) VALUES (NULL, \'hehe\', \'2023-06-09\', \'20:02\', \'lol\', \'male\', \'male\', \'slilir\', \'500000000\')')
 3 SYSTEMPATH\Database\BaseConnection.php(605): CodeIgniter\Database\BaseConnection->simpleQuery('INSERT INTO `event` (`id_user`, `title`, `date_column`, `time`, `organizer`, `type_sport`, `participant`, `location`, `price`) VALUES (NULL, \'hehe\', \'2023-06-09\', \'20:02\', \'lol\', \'male\', \'male\', \'slilir\', \'500000000\')')
 4 SYSTEMPATH\Database\BaseBuilder.php(2309): CodeIgniter\Database\BaseConnection->query('INSERT INTO `event` (`id_user`, `title`, `date_column`, `time`, `organizer`, `type_sport`, `participant`, `location`, `price`) VALUES (:id_user:, :title:, :date_column:, :time:, :organizer:, :type_sport:, :participant:, :location:, :price:)', [...], false)
 5 APPPATH\Models\Eventm.php(13): CodeIgniter\Database\BaseBuilder->insert([...])
 6 APPPATH\Controllers\Login.php(88): App\Models\Eventm->saveuser([...])
 7 SYSTEMPATH\CodeIgniter.php(934): App\Controllers\Login->form()
 8 SYSTEMPATH\CodeIgniter.php(499): CodeIgniter\CodeIgniter->runController(Object(App\Controllers\Login))
 9 SYSTEMPATH\CodeIgniter.php(368): CodeIgniter\CodeIgniter->handleRequest(null, Object(Config\Cache), false)
10 FCPATH\index.php(67): CodeIgniter\CodeIgniter->run()
11 SYSTEMPATH\Commands\Server\rewrite.php(47): require_once('D:\\TUGAS\\KULIAH\\Semester 4\\PW2\\gohitfix\\gohit\\public\\index.php')
ERROR - 2023-06-07 13:02:09 --> mysqli_sql_exception: Column 'id_user' cannot be null in D:\TUGAS\KULIAH\Semester 4\PW2\gohitfix\gohit\system\Database\MySQLi\Connection.php:295
Stack trace:
#0 D:\TUGAS\KULIAH\Semester 4\PW2\gohitfix\gohit\system\Database\MySQLi\Connection.php(295): mysqli->query('INSERT INTO `ev...', 0)
#1 D:\TUGAS\KULIAH\Semester 4\PW2\gohitfix\gohit\system\Database\BaseConnection.php(691): CodeIgniter\Database\MySQLi\Connection->execute('INSERT INTO `ev...')
#2 D:\TUGAS\KULIAH\Semester 4\PW2\gohitfix\gohit\system\Database\BaseConnection.php(605): CodeIgniter\Database\BaseConnection->simpleQuery('INSERT INTO `ev...')
#3 D:\TUGAS\KULIAH\Semester 4\PW2\gohitfix\gohit\system\Database\BaseBuilder.php(2309): CodeIgniter\Database\BaseConnection->query('INSERT INTO `ev...', Array, false)
#4 D:\TUGAS\KULIAH\Semester 4\PW2\gohitfix\gohit\app\Models\Eventm.php(13): CodeIgniter\Database\BaseBuilder->insert(Array)
#5 D:\TUGAS\KULIAH\Semester 4\PW2\gohitfix\gohit\app\Controllers\Login.php(88): App\Models\Eventm->saveuser(Array)
#6 D:\TUGAS\KULIAH\Semester 4\PW2\gohitfix\gohit\system\CodeIgniter.php(934): App\Controllers\Login->form()
#7 D:\TUGAS\KULIAH\Semester 4\PW2\gohitfix\gohit\system\CodeIgniter.php(499): CodeIgniter\CodeIgniter->runController(Object(App\Controllers\Login))
#8 D:\TUGAS\KULIAH\Semester 4\PW2\gohitfix\gohit\system\CodeIgniter.php(368): CodeIgniter\CodeIgniter->handleRequest(NULL, Object(Config\Cache), false)
#9 D:\TUGAS\KULIAH\Semester 4\PW2\gohitfix\gohit\public\index.php(67): CodeIgniter\CodeIgniter->run()
#10 D:\TUGAS\KULIAH\Semester 4\PW2\gohitfix\gohit\system\Commands\Server\rewrite.php(47): require_once('D:\\TUGAS\\KULIAH...')
#11 {main}
CRITICAL - 2023-06-07 13:02:09 --> Column 'id_user' cannot be null
in SYSTEMPATH\Database\MySQLi\Connection.php on line 295.
 1 SYSTEMPATH\Database\MySQLi\Connection.php(295): mysqli->query('INSERT INTO `event` (`id_user`, `title`, `date_column`, `time`, `organizer`, `type_sport`, `participant`, `location`, `price`) VALUES (NULL, \'hehe\', \'2023-06-09\', \'20:02\', \'lol\', \'male\', \'male\', \'slilir\', \'500000000\')', 0)
 2 SYSTEMPATH\Database\BaseConnection.php(691): CodeIgniter\Database\MySQLi\Connection->execute('INSERT INTO `event` (`id_user`, `title`, `date_column`, `time`, `organizer`, `type_sport`, `participant`, `location`, `price`) VALUES (NULL, \'hehe\', \'2023-06-09\', \'20:02\', \'lol\', \'male\', \'male\', \'slilir\', \'500000000\')')
 3 SYSTEMPATH\Database\BaseConnection.php(605): CodeIgniter\Database\BaseConnection->simpleQuery('INSERT INTO `event` (`id_user`, `title`, `date_column`, `time`, `organizer`, `type_sport`, `participant`, `location`, `price`) VALUES (NULL, \'hehe\', \'2023-06-09\', \'20:02\', \'lol\', \'male\', \'male\', \'slilir\', \'500000000\')')
 4 SYSTEMPATH\Database\BaseBuilder.php(2309): CodeIgniter\Database\BaseConnection->query('INSERT INTO `event` (`id_user`, `title`, `date_column`, `time`, `organizer`, `type_sport`, `participant`, `location`, `price`) VALUES (:id_user:, :title:, :date_column:, :time:, :organizer:, :type_sport:, :participant:, :location:, :price:)', [...], false)
 5 APPPATH\Models\Eventm.php(13): CodeIgniter\Database\BaseBuilder->insert([...])
 6 APPPATH\Controllers\Login.php(88): App\Models\Eventm->saveuser([...])
 7 SYSTEMPATH\CodeIgniter.php(934): App\Controllers\Login->form()
 8 SYSTEMPATH\CodeIgniter.php(499): CodeIgniter\CodeIgniter->runController(Object(App\Controllers\Login))
 9 SYSTEMPATH\CodeIgniter.php(368): CodeIgniter\CodeIgniter->handleRequest(null, Object(Config\Cache), false)
10 FCPATH\index.php(67): CodeIgniter\CodeIgniter->run()
11 SYSTEMPATH\Commands\Server\rewrite.php(47): require_once('D:\\TUGAS\\KULIAH\\Semester 4\\PW2\\gohitfix\\gohit\\public\\index.php')
INFO - 2023-06-07 13:05:41 --> Session: Class initialized using 'CodeIgniter\Session\Handlers\FileHandler' driver.
INFO - 2023-06-07 13:05:43 --> Session: Class initialized using 'CodeIgniter\Session\Handlers\FileHandler' driver.
INFO - 2023-06-07 13:05:50 --> Session: Class initialized using 'CodeIgniter\Session\Handlers\FileHandler' driver.
ERROR - 2023-06-07 13:06:10 --> mysqli_sql_exception: Column 'id_user' cannot be null in D:\TUGAS\KULIAH\Semester 4\PW2\gohitfix\gohit\system\Database\MySQLi\Connection.php:295
Stack trace:
#0 D:\TUGAS\KULIAH\Semester 4\PW2\gohitfix\gohit\system\Database\MySQLi\Connection.php(295): mysqli->query('INSERT INTO `ev...', 0)
#1 D:\TUGAS\KULIAH\Semester 4\PW2\gohitfix\gohit\system\Database\BaseConnection.php(691): CodeIgniter\Database\MySQLi\Connection->execute('INSERT INTO `ev...')
#2 D:\TUGAS\KULIAH\Semester 4\PW2\gohitfix\gohit\system\Database\BaseConnection.php(605): CodeIgniter\Database\BaseConnection->simpleQuery('INSERT INTO `ev...')
#3 D:\TUGAS\KULIAH\Semester 4\PW2\gohitfix\gohit\system\Database\BaseBuilder.php(2309): CodeIgniter\Database\BaseConnection->query('INSERT INTO `ev...', Array, false)
#4 D:\TUGAS\KULIAH\Semester 4\PW2\gohitfix\gohit\app\Models\Eventm.php(13): CodeIgniter\Database\BaseBuilder->insert(Array)
#5 D:\TUGAS\KULIAH\Semester 4\PW2\gohitfix\gohit\app\Controllers\Login.php(88): App\Models\Eventm->saveuser(Array)
#6 D:\TUGAS\KULIAH\Semester 4\PW2\gohitfix\gohit\system\CodeIgniter.php(934): App\Controllers\Login->form()
#7 D:\TUGAS\KULIAH\Semester 4\PW2\gohitfix\gohit\system\CodeIgniter.php(499): CodeIgniter\CodeIgniter->runController(Object(App\Controllers\Login))
#8 D:\TUGAS\KULIAH\Semester 4\PW2\gohitfix\gohit\system\CodeIgniter.php(368): CodeIgniter\CodeIgniter->handleRequest(NULL, Object(Config\Cache), false)
#9 D:\TUGAS\KULIAH\Semester 4\PW2\gohitfix\gohit\public\index.php(67): CodeIgniter\CodeIgniter->run()
#10 D:\TUGAS\KULIAH\Semester 4\PW2\gohitfix\gohit\system\Commands\Server\rewrite.php(47): require_once('D:\\TUGAS\\KULIAH...')
#11 {main}
CRITICAL - 2023-06-07 13:06:10 --> Column 'id_user' cannot be null
in SYSTEMPATH\Database\MySQLi\Connection.php on line 295.
 1 SYSTEMPATH\Database\MySQLi\Connection.php(295): mysqli->query('INSERT INTO `event` (`id_user`, `title`, `date_column`, `time`, `organizer`, `type_sport`, `participant`, `location`, `price`) VALUES (NULL, \'awda\', \'2023-06-09\', \'20:09\', \'lol\', \'male\', \'male\', \'slilir\', \'500000000\')', 0)
 2 SYSTEMPATH\Database\BaseConnection.php(691): CodeIgniter\Database\MySQLi\Connection->execute('INSERT INTO `event` (`id_user`, `title`, `date_column`, `time`, `organizer`, `type_sport`, `participant`, `location`, `price`) VALUES (NULL, \'awda\', \'2023-06-09\', \'20:09\', \'lol\', \'male\', \'male\', \'slilir\', \'500000000\')')
 3 SYSTEMPATH\Database\BaseConnection.php(605): CodeIgniter\Database\BaseConnection->simpleQuery('INSERT INTO `event` (`id_user`, `title`, `date_column`, `time`, `organizer`, `type_sport`, `participant`, `location`, `price`) VALUES (NULL, \'awda\', \'2023-06-09\', \'20:09\', \'lol\', \'male\', \'male\', \'slilir\', \'500000000\')')
 4 SYSTEMPATH\Database\BaseBuilder.php(2309): CodeIgniter\Database\BaseConnection->query('INSERT INTO `event` (`id_user`, `title`, `date_column`, `time`, `organizer`, `type_sport`, `participant`, `location`, `price`) VALUES (:id_user:, :title:, :date_column:, :time:, :organizer:, :type_sport:, :participant:, :location:, :price:)', [...], false)
 5 APPPATH\Models\Eventm.php(13): CodeIgniter\Database\BaseBuilder->insert([...])
 6 APPPATH\Controllers\Login.php(88): App\Models\Eventm->saveuser([...])
 7 SYSTEMPATH\CodeIgniter.php(934): App\Controllers\Login->form()
 8 SYSTEMPATH\CodeIgniter.php(499): CodeIgniter\CodeIgniter->runController(Object(App\Controllers\Login))
 9 SYSTEMPATH\CodeIgniter.php(368): CodeIgniter\CodeIgniter->handleRequest(null, Object(Config\Cache), false)
10 FCPATH\index.php(67): CodeIgniter\CodeIgniter->run()
11 SYSTEMPATH\Commands\Server\rewrite.php(47): require_once('D:\\TUGAS\\KULIAH\\Semester 4\\PW2\\gohitfix\\gohit\\public\\index.php')
ERROR - 2023-06-07 13:06:35 --> mysqli_sql_exception: Column 'id_user' cannot be null in D:\TUGAS\KULIAH\Semester 4\PW2\gohitfix\gohit\system\Database\MySQLi\Connection.php:295
Stack trace:
#0 D:\TUGAS\KULIAH\Semester 4\PW2\gohitfix\gohit\system\Database\MySQLi\Connection.php(295): mysqli->query('INSERT INTO `ev...', 0)
#1 D:\TUGAS\KULIAH\Semester 4\PW2\gohitfix\gohit\system\Database\BaseConnection.php(691): CodeIgniter\Database\MySQLi\Connection->execute('INSERT INTO `ev...')
#2 D:\TUGAS\KULIAH\Semester 4\PW2\gohitfix\gohit\system\Database\BaseConnection.php(605): CodeIgniter\Database\BaseConnection->simpleQuery('INSERT INTO `ev...')
#3 D:\TUGAS\KULIAH\Semester 4\PW2\gohitfix\gohit\system\Database\BaseBuilder.php(2309): CodeIgniter\Database\BaseConnection->query('INSERT INTO `ev...', Array, false)
#4 D:\TUGAS\KULIAH\Semester 4\PW2\gohitfix\gohit\app\Models\Eventm.php(13): CodeIgniter\Database\BaseBuilder->insert(Array)
#5 D:\TUGAS\KULIAH\Semester 4\PW2\gohitfix\gohit\app\Controllers\Login.php(88): App\Models\Eventm->saveuser(Array)
#6 D:\TUGAS\KULIAH\Semester 4\PW2\gohitfix\gohit\system\CodeIgniter.php(934): App\Controllers\Login->form()
#7 D:\TUGAS\KULIAH\Semester 4\PW2\gohitfix\gohit\system\CodeIgniter.php(499): CodeIgniter\CodeIgniter->runController(Object(App\Controllers\Login))
#8 D:\TUGAS\KULIAH\Semester 4\PW2\gohitfix\gohit\system\CodeIgniter.php(368): CodeIgniter\CodeIgniter->handleRequest(NULL, Object(Config\Cache), false)
#9 D:\TUGAS\KULIAH\Semester 4\PW2\gohitfix\gohit\public\index.php(67): CodeIgniter\CodeIgniter->run()
#10 D:\TUGAS\KULIAH\Semester 4\PW2\gohitfix\gohit\system\Commands\Server\rewrite.php(47): require_once('D:\\TUGAS\\KULIAH...')
#11 {main}
CRITICAL - 2023-06-07 13:06:35 --> Column 'id_user' cannot be null
in SYSTEMPATH\Database\MySQLi\Connection.php on line 295.
 1 SYSTEMPATH\Database\MySQLi\Connection.php(295): mysqli->query('INSERT INTO `event` (`id_user`, `title`, `date_column`, `time`, `organizer`, `type_sport`, `participant`, `location`, `price`) VALUES (NULL, \'awda\', \'2023-06-09\', \'20:09\', \'lol\', \'male\', \'male\', \'slilir\', \'500000000\')', 0)
 2 SYSTEMPATH\Database\BaseConnection.php(691): CodeIgniter\Database\MySQLi\Connection->execute('INSERT INTO `event` (`id_user`, `title`, `date_column`, `time`, `organizer`, `type_sport`, `participant`, `location`, `price`) VALUES (NULL, \'awda\', \'2023-06-09\', \'20:09\', \'lol\', \'male\', \'male\', \'slilir\', \'500000000\')')
 3 SYSTEMPATH\Database\BaseConnection.php(605): CodeIgniter\Database\BaseConnection->simpleQuery('INSERT INTO `event` (`id_user`, `title`, `date_column`, `time`, `organizer`, `type_sport`, `participant`, `location`, `price`) VALUES (NULL, \'awda\', \'2023-06-09\', \'20:09\', \'lol\', \'male\', \'male\', \'slilir\', \'500000000\')')
 4 SYSTEMPATH\Database\BaseBuilder.php(2309): CodeIgniter\Database\BaseConnection->query('INSERT INTO `event` (`id_user`, `title`, `date_column`, `time`, `organizer`, `type_sport`, `participant`, `location`, `price`) VALUES (:id_user:, :title:, :date_column:, :time:, :organizer:, :type_sport:, :participant:, :location:, :price:)', [...], false)
 5 APPPATH\Models\Eventm.php(13): CodeIgniter\Database\BaseBuilder->insert([...])
 6 APPPATH\Controllers\Login.php(88): App\Models\Eventm->saveuser([...])
 7 SYSTEMPATH\CodeIgniter.php(934): App\Controllers\Login->form()
 8 SYSTEMPATH\CodeIgniter.php(499): CodeIgniter\CodeIgniter->runController(Object(App\Controllers\Login))
 9 SYSTEMPATH\CodeIgniter.php(368): CodeIgniter\CodeIgniter->handleRequest(null, Object(Config\Cache), false)
10 FCPATH\index.php(67): CodeIgniter\CodeIgniter->run()
11 SYSTEMPATH\Commands\Server\rewrite.php(47): require_once('D:\\TUGAS\\KULIAH\\Semester 4\\PW2\\gohitfix\\gohit\\public\\index.php')
INFO - 2023-06-07 13:10:06 --> Session: Class initialized using 'CodeIgniter\Session\Handlers\FileHandler' driver.
INFO - 2023-06-07 13:10:08 --> Session: Class initialized using 'CodeIgniter\Session\Handlers\FileHandler' driver.
INFO - 2023-06-07 13:11:46 --> Session: Class initialized using 'CodeIgniter\Session\Handlers\FileHandler' driver.
INFO - 2023-06-07 13:12:01 --> Session: Class initialized using 'CodeIgniter\Session\Handlers\FileHandler' driver.
INFO - 2023-06-07 13:12:03 --> Session: Class initialized using 'CodeIgniter\Session\Handlers\FileHandler' driver.
INFO - 2023-06-07 13:13:14 --> Session: Class initialized using 'CodeIgniter\Session\Handlers\FileHandler' driver.
INFO - 2023-06-07 13:22:23 --> Session: Class initialized using 'CodeIgniter\Session\Handlers\FileHandler' driver.
INFO - 2023-06-07 13:23:28 --> Session: Class initialized using 'CodeIgniter\Session\Handlers\FileHandler' driver.
INFO - 2023-06-07 13:23:32 --> Session: Class initialized using 'CodeIgniter\Session\Handlers\FileHandler' driver.
INFO - 2023-06-07 13:32:55 --> Session: Class initialized using 'CodeIgniter\Session\Handlers\FileHandler' driver.
INFO - 2023-06-07 13:45:38 --> Session: Class initialized using 'CodeIgniter\Session\Handlers\FileHandler' driver.
