INFO - 2023-12-11 08:06:22 --> Session: Class initialized using 'CodeIgniter\Session\Handlers\FileHandler' driver.
ERROR - 2023-12-11 08:06:27 --> Error connecting to the database: mysqli_sql_exception: No connection could be made because the target machine actively refused it in C:\Users\nbasu\Pictures\GohitMVP\system\Database\MySQLi\Connection.php:174
Stack trace:
#0 C:\Users\nbasu\Pictures\GohitMVP\system\Database\MySQLi\Connection.php(174): mysqli->real_connect('localhost', 'root', '', 'gohit', 3306, '', 0)
#1 C:\Users\nbasu\Pictures\GohitMVP\system\Database\BaseConnection.php(391): CodeIgniter\Database\MySQLi\Connection->connect(false)
#2 C:\Users\nbasu\Pictures\GohitMVP\system\Database\BaseConnection.php(573): CodeIgniter\Database\BaseConnection->initialize()
#3 C:\Users\nbasu\Pictures\GohitMVP\system\Database\BaseBuilder.php(1616): CodeIgniter\Database\BaseConnection->query('SELECT *\nFROM `...', Array, false)
#4 C:\Users\nbasu\Pictures\GohitMVP\system\Model.php(241): CodeIgniter\Database\BaseBuilder->get()
#5 C:\Users\nbasu\Pictures\GohitMVP\system\BaseModel.php(618): CodeIgniter\Model->doFindAll(3, 0)
#6 C:\Users\nbasu\Pictures\GohitMVP\app\Controllers\Home.php(44): CodeIgniter\BaseModel->findAll(3)
#7 C:\Users\nbasu\Pictures\GohitMVP\system\CodeIgniter.php(934): App\Controllers\Home->home()
#8 C:\Users\nbasu\Pictures\GohitMVP\system\CodeIgniter.php(499): CodeIgniter\CodeIgniter->runController(Object(App\Controllers\Home))
#9 C:\Users\nbasu\Pictures\GohitMVP\system\CodeIgniter.php(368): CodeIgniter\CodeIgniter->handleRequest(NULL, Object(Config\Cache), false)
#10 C:\Users\nbasu\Pictures\GohitMVP\public\index.php(67): CodeIgniter\CodeIgniter->run()
#11 C:\Users\nbasu\Pictures\GohitMVP\system\Commands\Server\rewrite.php(47): require_once('C:\\Users\\nbasu\\...')
#12 {main}

Next CodeIgniter\Database\Exceptions\DatabaseException: No connection could be made because the target machine actively refused it in C:\Users\nbasu\Pictures\GohitMVP\system\Database\MySQLi\Connection.php:218
Stack trace:
#0 C:\Users\nbasu\Pictures\GohitMVP\system\Database\BaseConnection.php(391): CodeIgniter\Database\MySQLi\Connection->connect(false)
#1 C:\Users\nbasu\Pictures\GohitMVP\system\Database\BaseConnection.php(573): CodeIgniter\Database\BaseConnection->initialize()
#2 C:\Users\nbasu\Pictures\GohitMVP\system\Database\BaseBuilder.php(1616): CodeIgniter\Database\BaseConnection->query('SELECT *\nFROM `...', Array, false)
#3 C:\Users\nbasu\Pictures\GohitMVP\system\Model.php(241): CodeIgniter\Database\BaseBuilder->get()
#4 C:\Users\nbasu\Pictures\GohitMVP\system\BaseModel.php(618): CodeIgniter\Model->doFindAll(3, 0)
#5 C:\Users\nbasu\Pictures\GohitMVP\app\Controllers\Home.php(44): CodeIgniter\BaseModel->findAll(3)
#6 C:\Users\nbasu\Pictures\GohitMVP\system\CodeIgniter.php(934): App\Controllers\Home->home()
#7 C:\Users\nbasu\Pictures\GohitMVP\system\CodeIgniter.php(499): CodeIgniter\CodeIgniter->runController(Object(App\Controllers\Home))
#8 C:\Users\nbasu\Pictures\GohitMVP\system\CodeIgniter.php(368): CodeIgniter\CodeIgniter->handleRequest(NULL, Object(Config\Cache), false)
#9 C:\Users\nbasu\Pictures\GohitMVP\public\index.php(67): CodeIgniter\CodeIgniter->run()
#10 C:\Users\nbasu\Pictures\GohitMVP\system\Commands\Server\rewrite.php(47): require_once('C:\\Users\\nbasu\\...')
#11 {main}
CRITICAL - 2023-12-11 08:06:27 --> Unable to connect to the database.
Main connection [MySQLi]: No connection could be made because the target machine actively refused it
in SYSTEMPATH\Database\BaseConnection.php on line 427.
 1 SYSTEMPATH\Database\BaseConnection.php(573): CodeIgniter\Database\BaseConnection->initialize()
 2 SYSTEMPATH\Database\BaseBuilder.php(1616): CodeIgniter\Database\BaseConnection->query('SELECT *
FROM `event`
 LIMIT 3', [], false)
 3 SYSTEMPATH\Model.php(241): CodeIgniter\Database\BaseBuilder->get()
 4 SYSTEMPATH\BaseModel.php(618): CodeIgniter\Model->doFindAll(3, 0)
 5 APPPATH\Controllers\Home.php(44): CodeIgniter\BaseModel->findAll(3)
 6 SYSTEMPATH\CodeIgniter.php(934): App\Controllers\Home->home()
 7 SYSTEMPATH\CodeIgniter.php(499): CodeIgniter\CodeIgniter->runController(Object(App\Controllers\Home))
 8 SYSTEMPATH\CodeIgniter.php(368): CodeIgniter\CodeIgniter->handleRequest(null, Object(Config\Cache), false)
 9 FCPATH\index.php(67): CodeIgniter\CodeIgniter->run()
10 SYSTEMPATH\Commands\Server\rewrite.php(47): require_once('C:\\Users\\nbasu\\Pictures\\GohitMVP\\public\\index.php')
INFO - 2023-12-11 08:06:41 --> Session: Class initialized using 'CodeIgniter\Session\Handlers\FileHandler' driver.
INFO - 2023-12-11 08:19:48 --> Session: Class initialized using 'CodeIgniter\Session\Handlers\FileHandler' driver.
INFO - 2023-12-11 08:20:45 --> Session: Class initialized using 'CodeIgniter\Session\Handlers\FileHandler' driver.
INFO - 2023-12-11 08:20:59 --> Session: Class initialized using 'CodeIgniter\Session\Handlers\FileHandler' driver.
INFO - 2023-12-11 08:21:58 --> Session: Class initialized using 'CodeIgniter\Session\Handlers\FileHandler' driver.
INFO - 2023-12-11 08:22:08 --> Session: Class initialized using 'CodeIgniter\Session\Handlers\FileHandler' driver.
INFO - 2023-12-11 08:22:12 --> Session: Class initialized using 'CodeIgniter\Session\Handlers\FileHandler' driver.
INFO - 2023-12-11 08:23:01 --> Session: Class initialized using 'CodeIgniter\Session\Handlers\FileHandler' driver.
INFO - 2023-12-11 09:46:30 --> Session: Class initialized using 'CodeIgniter\Session\Handlers\FileHandler' driver.
ERROR - 2023-12-11 09:46:34 --> Error connecting to the database: mysqli_sql_exception: No connection could be made because the target machine actively refused it in C:\Users\nbasu\Pictures\GohitMVP\system\Database\MySQLi\Connection.php:174
Stack trace:
#0 C:\Users\nbasu\Pictures\GohitMVP\system\Database\MySQLi\Connection.php(174): mysqli->real_connect('localhost', 'root', '', 'gohit', 3306, '', 0)
#1 C:\Users\nbasu\Pictures\GohitMVP\system\Database\BaseConnection.php(391): CodeIgniter\Database\MySQLi\Connection->connect(false)
#2 C:\Users\nbasu\Pictures\GohitMVP\system\Database\BaseConnection.php(573): CodeIgniter\Database\BaseConnection->initialize()
#3 C:\Users\nbasu\Pictures\GohitMVP\system\Database\BaseBuilder.php(1616): CodeIgniter\Database\BaseConnection->query('SELECT *\nFROM `...', Array, false)
#4 C:\Users\nbasu\Pictures\GohitMVP\system\Model.php(241): CodeIgniter\Database\BaseBuilder->get()
#5 C:\Users\nbasu\Pictures\GohitMVP\system\BaseModel.php(618): CodeIgniter\Model->doFindAll(3, 0)
#6 C:\Users\nbasu\Pictures\GohitMVP\app\Controllers\Home.php(44): CodeIgniter\BaseModel->findAll(3)
#7 C:\Users\nbasu\Pictures\GohitMVP\system\CodeIgniter.php(934): App\Controllers\Home->home()
#8 C:\Users\nbasu\Pictures\GohitMVP\system\CodeIgniter.php(499): CodeIgniter\CodeIgniter->runController(Object(App\Controllers\Home))
#9 C:\Users\nbasu\Pictures\GohitMVP\system\CodeIgniter.php(368): CodeIgniter\CodeIgniter->handleRequest(NULL, Object(Config\Cache), false)
#10 C:\Users\nbasu\Pictures\GohitMVP\public\index.php(67): CodeIgniter\CodeIgniter->run()
#11 C:\Users\nbasu\Pictures\GohitMVP\system\Commands\Server\rewrite.php(47): require_once('C:\\Users\\nbasu\\...')
#12 {main}

Next CodeIgniter\Database\Exceptions\DatabaseException: No connection could be made because the target machine actively refused it in C:\Users\nbasu\Pictures\GohitMVP\system\Database\MySQLi\Connection.php:218
Stack trace:
#0 C:\Users\nbasu\Pictures\GohitMVP\system\Database\BaseConnection.php(391): CodeIgniter\Database\MySQLi\Connection->connect(false)
#1 C:\Users\nbasu\Pictures\GohitMVP\system\Database\BaseConnection.php(573): CodeIgniter\Database\BaseConnection->initialize()
#2 C:\Users\nbasu\Pictures\GohitMVP\system\Database\BaseBuilder.php(1616): CodeIgniter\Database\BaseConnection->query('SELECT *\nFROM `...', Array, false)
#3 C:\Users\nbasu\Pictures\GohitMVP\system\Model.php(241): CodeIgniter\Database\BaseBuilder->get()
#4 C:\Users\nbasu\Pictures\GohitMVP\system\BaseModel.php(618): CodeIgniter\Model->doFindAll(3, 0)
#5 C:\Users\nbasu\Pictures\GohitMVP\app\Controllers\Home.php(44): CodeIgniter\BaseModel->findAll(3)
#6 C:\Users\nbasu\Pictures\GohitMVP\system\CodeIgniter.php(934): App\Controllers\Home->home()
#7 C:\Users\nbasu\Pictures\GohitMVP\system\CodeIgniter.php(499): CodeIgniter\CodeIgniter->runController(Object(App\Controllers\Home))
#8 C:\Users\nbasu\Pictures\GohitMVP\system\CodeIgniter.php(368): CodeIgniter\CodeIgniter->handleRequest(NULL, Object(Config\Cache), false)
#9 C:\Users\nbasu\Pictures\GohitMVP\public\index.php(67): CodeIgniter\CodeIgniter->run()
#10 C:\Users\nbasu\Pictures\GohitMVP\system\Commands\Server\rewrite.php(47): require_once('C:\\Users\\nbasu\\...')
#11 {main}
CRITICAL - 2023-12-11 09:46:34 --> Unable to connect to the database.
Main connection [MySQLi]: No connection could be made because the target machine actively refused it
in SYSTEMPATH\Database\BaseConnection.php on line 427.
 1 SYSTEMPATH\Database\BaseConnection.php(573): CodeIgniter\Database\BaseConnection->initialize()
 2 SYSTEMPATH\Database\BaseBuilder.php(1616): CodeIgniter\Database\BaseConnection->query('SELECT *
FROM `event`
 LIMIT 3', [], false)
 3 SYSTEMPATH\Model.php(241): CodeIgniter\Database\BaseBuilder->get()
 4 SYSTEMPATH\BaseModel.php(618): CodeIgniter\Model->doFindAll(3, 0)
 5 APPPATH\Controllers\Home.php(44): CodeIgniter\BaseModel->findAll(3)
 6 SYSTEMPATH\CodeIgniter.php(934): App\Controllers\Home->home()
 7 SYSTEMPATH\CodeIgniter.php(499): CodeIgniter\CodeIgniter->runController(Object(App\Controllers\Home))
 8 SYSTEMPATH\CodeIgniter.php(368): CodeIgniter\CodeIgniter->handleRequest(null, Object(Config\Cache), false)
 9 FCPATH\index.php(67): CodeIgniter\CodeIgniter->run()
10 SYSTEMPATH\Commands\Server\rewrite.php(47): require_once('C:\\Users\\nbasu\\Pictures\\GohitMVP\\public\\index.php')
INFO - 2023-12-11 09:46:59 --> Session: Class initialized using 'CodeIgniter\Session\Handlers\FileHandler' driver.
INFO - 2023-12-11 10:03:39 --> Session: Class initialized using 'CodeIgniter\Session\Handlers\FileHandler' driver.
INFO - 2023-12-11 10:03:50 --> Session: Class initialized using 'CodeIgniter\Session\Handlers\FileHandler' driver.
INFO - 2023-12-11 10:03:50 --> Session: Class initialized using 'CodeIgniter\Session\Handlers\FileHandler' driver.
CRITICAL - 2023-12-11 10:03:50 --> Undefined variable $tgl
in APPPATH\Views\detailTour.php on line 23.
 1 APPPATH\Views\detailTour.php(23): CodeIgniter\Debug\Exceptions->errorHandler(2, 'Undefined variable $tgl', 'C:\\Users\\nbasu\\Pictures\\GohitMVP\\app\\Views\\detailTour.php', 23)
 2 SYSTEMPATH\View\View.php(213): include('C:\\Users\\nbasu\\Pictures\\GohitMVP\\app\\Views\\detailTour.php')
 3 SYSTEMPATH\View\View.php(216): CodeIgniter\View\View->CodeIgniter\View\{closure}()
 4 SYSTEMPATH\Common.php(1184): CodeIgniter\View\View->render('detailTour', [], true)
 5 APPPATH\Controllers\DetailEvent.php(74): view('detailTour', [...])
 6 SYSTEMPATH\CodeIgniter.php(934): App\Controllers\DetailEvent->index('css', 'main.css')
 7 SYSTEMPATH\CodeIgniter.php(499): CodeIgniter\CodeIgniter->runController(Object(App\Controllers\DetailEvent))
 8 SYSTEMPATH\CodeIgniter.php(368): CodeIgniter\CodeIgniter->handleRequest(null, Object(Config\Cache), false)
 9 FCPATH\index.php(67): CodeIgniter\CodeIgniter->run()
10 SYSTEMPATH\Commands\Server\rewrite.php(47): require_once('C:\\Users\\nbasu\\Pictures\\GohitMVP\\public\\index.php')
INFO - 2023-12-11 10:03:51 --> Session: Class initialized using 'CodeIgniter\Session\Handlers\FileHandler' driver.
CRITICAL - 2023-12-11 10:03:51 --> Undefined variable $tgl
in APPPATH\Views\detailTour.php on line 23.
 1 APPPATH\Views\detailTour.php(23): CodeIgniter\Debug\Exceptions->errorHandler(2, 'Undefined variable $tgl', 'C:\\Users\\nbasu\\Pictures\\GohitMVP\\app\\Views\\detailTour.php', 23)
 2 SYSTEMPATH\View\View.php(213): include('C:\\Users\\nbasu\\Pictures\\GohitMVP\\app\\Views\\detailTour.php')
 3 SYSTEMPATH\View\View.php(216): CodeIgniter\View\View->CodeIgniter\View\{closure}()
 4 SYSTEMPATH\Common.php(1184): CodeIgniter\View\View->render('detailTour', [], true)
 5 APPPATH\Controllers\DetailEvent.php(74): view('detailTour', [...])
 6 SYSTEMPATH\CodeIgniter.php(934): App\Controllers\DetailEvent->index('css', 'style.css')
 7 SYSTEMPATH\CodeIgniter.php(499): CodeIgniter\CodeIgniter->runController(Object(App\Controllers\DetailEvent))
 8 SYSTEMPATH\CodeIgniter.php(368): CodeIgniter\CodeIgniter->handleRequest(null, Object(Config\Cache), false)
 9 FCPATH\index.php(67): CodeIgniter\CodeIgniter->run()
10 SYSTEMPATH\Commands\Server\rewrite.php(47): require_once('C:\\Users\\nbasu\\Pictures\\GohitMVP\\public\\index.php')
INFO - 2023-12-11 10:03:51 --> Session: Class initialized using 'CodeIgniter\Session\Handlers\FileHandler' driver.
CRITICAL - 2023-12-11 10:03:51 --> Undefined variable $tgl
in APPPATH\Views\detailTour.php on line 23.
 1 APPPATH\Views\detailTour.php(23): CodeIgniter\Debug\Exceptions->errorHandler(2, 'Undefined variable $tgl', 'C:\\Users\\nbasu\\Pictures\\GohitMVP\\app\\Views\\detailTour.php', 23)
 2 SYSTEMPATH\View\View.php(213): include('C:\\Users\\nbasu\\Pictures\\GohitMVP\\app\\Views\\detailTour.php')
 3 SYSTEMPATH\View\View.php(216): CodeIgniter\View\View->CodeIgniter\View\{closure}()
 4 SYSTEMPATH\Common.php(1184): CodeIgniter\View\View->render('detailTour', [], true)
 5 APPPATH\Controllers\DetailEvent.php(74): view('detailTour', [...])
 6 SYSTEMPATH\CodeIgniter.php(934): App\Controllers\DetailEvent->index('images', 'bg-01.jpg')
 7 SYSTEMPATH\CodeIgniter.php(499): CodeIgniter\CodeIgniter->runController(Object(App\Controllers\DetailEvent))
 8 SYSTEMPATH\CodeIgniter.php(368): CodeIgniter\CodeIgniter->handleRequest(null, Object(Config\Cache), false)
 9 FCPATH\index.php(67): CodeIgniter\CodeIgniter->run()
10 SYSTEMPATH\Commands\Server\rewrite.php(47): require_once('C:\\Users\\nbasu\\Pictures\\GohitMVP\\public\\index.php')
INFO - 2023-12-11 10:04:12 --> Session: Class initialized using 'CodeIgniter\Session\Handlers\FileHandler' driver.
INFO - 2023-12-11 10:08:25 --> Session: Class initialized using 'CodeIgniter\Session\Handlers\FileHandler' driver.
ERROR - 2023-12-11 10:08:30 --> Error connecting to the database: mysqli_sql_exception: No connection could be made because the target machine actively refused it in C:\Users\nbasu\Pictures\GohitMVP\system\Database\MySQLi\Connection.php:174
Stack trace:
#0 C:\Users\nbasu\Pictures\GohitMVP\system\Database\MySQLi\Connection.php(174): mysqli->real_connect('localhost', 'root', '', 'gohit', 3306, '', 0)
#1 C:\Users\nbasu\Pictures\GohitMVP\system\Database\BaseConnection.php(391): CodeIgniter\Database\MySQLi\Connection->connect(false)
#2 C:\Users\nbasu\Pictures\GohitMVP\system\Database\BaseConnection.php(573): CodeIgniter\Database\BaseConnection->initialize()
#3 C:\Users\nbasu\Pictures\GohitMVP\system\Database\BaseBuilder.php(1616): CodeIgniter\Database\BaseConnection->query('SELECT *\nFROM `...', Array, false)
#4 C:\Users\nbasu\Pictures\GohitMVP\system\Model.php(241): CodeIgniter\Database\BaseBuilder->get()
#5 C:\Users\nbasu\Pictures\GohitMVP\system\BaseModel.php(618): CodeIgniter\Model->doFindAll(3, 0)
#6 C:\Users\nbasu\Pictures\GohitMVP\app\Controllers\Home.php(44): CodeIgniter\BaseModel->findAll(3)
#7 C:\Users\nbasu\Pictures\GohitMVP\system\CodeIgniter.php(934): App\Controllers\Home->home()
#8 C:\Users\nbasu\Pictures\GohitMVP\system\CodeIgniter.php(499): CodeIgniter\CodeIgniter->runController(Object(App\Controllers\Home))
#9 C:\Users\nbasu\Pictures\GohitMVP\system\CodeIgniter.php(368): CodeIgniter\CodeIgniter->handleRequest(NULL, Object(Config\Cache), false)
#10 C:\Users\nbasu\Pictures\GohitMVP\public\index.php(67): CodeIgniter\CodeIgniter->run()
#11 C:\Users\nbasu\Pictures\GohitMVP\system\Commands\Server\rewrite.php(47): require_once('C:\\Users\\nbasu\\...')
#12 {main}

Next CodeIgniter\Database\Exceptions\DatabaseException: No connection could be made because the target machine actively refused it in C:\Users\nbasu\Pictures\GohitMVP\system\Database\MySQLi\Connection.php:218
Stack trace:
#0 C:\Users\nbasu\Pictures\GohitMVP\system\Database\BaseConnection.php(391): CodeIgniter\Database\MySQLi\Connection->connect(false)
#1 C:\Users\nbasu\Pictures\GohitMVP\system\Database\BaseConnection.php(573): CodeIgniter\Database\BaseConnection->initialize()
#2 C:\Users\nbasu\Pictures\GohitMVP\system\Database\BaseBuilder.php(1616): CodeIgniter\Database\BaseConnection->query('SELECT *\nFROM `...', Array, false)
#3 C:\Users\nbasu\Pictures\GohitMVP\system\Model.php(241): CodeIgniter\Database\BaseBuilder->get()
#4 C:\Users\nbasu\Pictures\GohitMVP\system\BaseModel.php(618): CodeIgniter\Model->doFindAll(3, 0)
#5 C:\Users\nbasu\Pictures\GohitMVP\app\Controllers\Home.php(44): CodeIgniter\BaseModel->findAll(3)
#6 C:\Users\nbasu\Pictures\GohitMVP\system\CodeIgniter.php(934): App\Controllers\Home->home()
#7 C:\Users\nbasu\Pictures\GohitMVP\system\CodeIgniter.php(499): CodeIgniter\CodeIgniter->runController(Object(App\Controllers\Home))
#8 C:\Users\nbasu\Pictures\GohitMVP\system\CodeIgniter.php(368): CodeIgniter\CodeIgniter->handleRequest(NULL, Object(Config\Cache), false)
#9 C:\Users\nbasu\Pictures\GohitMVP\public\index.php(67): CodeIgniter\CodeIgniter->run()
#10 C:\Users\nbasu\Pictures\GohitMVP\system\Commands\Server\rewrite.php(47): require_once('C:\\Users\\nbasu\\...')
#11 {main}
CRITICAL - 2023-12-11 10:08:30 --> Unable to connect to the database.
Main connection [MySQLi]: No connection could be made because the target machine actively refused it
in SYSTEMPATH\Database\BaseConnection.php on line 427.
 1 SYSTEMPATH\Database\BaseConnection.php(573): CodeIgniter\Database\BaseConnection->initialize()
 2 SYSTEMPATH\Database\BaseBuilder.php(1616): CodeIgniter\Database\BaseConnection->query('SELECT *
FROM `event`
 LIMIT 3', [], false)
 3 SYSTEMPATH\Model.php(241): CodeIgniter\Database\BaseBuilder->get()
 4 SYSTEMPATH\BaseModel.php(618): CodeIgniter\Model->doFindAll(3, 0)
 5 APPPATH\Controllers\Home.php(44): CodeIgniter\BaseModel->findAll(3)
 6 SYSTEMPATH\CodeIgniter.php(934): App\Controllers\Home->home()
 7 SYSTEMPATH\CodeIgniter.php(499): CodeIgniter\CodeIgniter->runController(Object(App\Controllers\Home))
 8 SYSTEMPATH\CodeIgniter.php(368): CodeIgniter\CodeIgniter->handleRequest(null, Object(Config\Cache), false)
 9 FCPATH\index.php(67): CodeIgniter\CodeIgniter->run()
10 SYSTEMPATH\Commands\Server\rewrite.php(47): require_once('C:\\Users\\nbasu\\Pictures\\GohitMVP\\public\\index.php')
INFO - 2023-12-11 10:08:35 --> Session: Class initialized using 'CodeIgniter\Session\Handlers\FileHandler' driver.
ERROR - 2023-12-11 10:08:40 --> Error connecting to the database: mysqli_sql_exception: No connection could be made because the target machine actively refused it in C:\Users\nbasu\Pictures\GohitMVP\system\Database\MySQLi\Connection.php:174
Stack trace:
#0 C:\Users\nbasu\Pictures\GohitMVP\system\Database\MySQLi\Connection.php(174): mysqli->real_connect('localhost', 'root', '', 'gohit', 3306, '', 0)
#1 C:\Users\nbasu\Pictures\GohitMVP\system\Database\BaseConnection.php(391): CodeIgniter\Database\MySQLi\Connection->connect(false)
#2 C:\Users\nbasu\Pictures\GohitMVP\system\Database\BaseConnection.php(573): CodeIgniter\Database\BaseConnection->initialize()
#3 C:\Users\nbasu\Pictures\GohitMVP\system\Database\BaseBuilder.php(1616): CodeIgniter\Database\BaseConnection->query('SELECT *\nFROM `...', Array, false)
#4 C:\Users\nbasu\Pictures\GohitMVP\system\Model.php(241): CodeIgniter\Database\BaseBuilder->get()
#5 C:\Users\nbasu\Pictures\GohitMVP\system\BaseModel.php(618): CodeIgniter\Model->doFindAll(3, 0)
#6 C:\Users\nbasu\Pictures\GohitMVP\app\Controllers\Home.php(44): CodeIgniter\BaseModel->findAll(3)
#7 C:\Users\nbasu\Pictures\GohitMVP\system\CodeIgniter.php(934): App\Controllers\Home->home()
#8 C:\Users\nbasu\Pictures\GohitMVP\system\CodeIgniter.php(499): CodeIgniter\CodeIgniter->runController(Object(App\Controllers\Home))
#9 C:\Users\nbasu\Pictures\GohitMVP\system\CodeIgniter.php(368): CodeIgniter\CodeIgniter->handleRequest(NULL, Object(Config\Cache), false)
#10 C:\Users\nbasu\Pictures\GohitMVP\public\index.php(67): CodeIgniter\CodeIgniter->run()
#11 C:\Users\nbasu\Pictures\GohitMVP\system\Commands\Server\rewrite.php(47): require_once('C:\\Users\\nbasu\\...')
#12 {main}

Next CodeIgniter\Database\Exceptions\DatabaseException: No connection could be made because the target machine actively refused it in C:\Users\nbasu\Pictures\GohitMVP\system\Database\MySQLi\Connection.php:218
Stack trace:
#0 C:\Users\nbasu\Pictures\GohitMVP\system\Database\BaseConnection.php(391): CodeIgniter\Database\MySQLi\Connection->connect(false)
#1 C:\Users\nbasu\Pictures\GohitMVP\system\Database\BaseConnection.php(573): CodeIgniter\Database\BaseConnection->initialize()
#2 C:\Users\nbasu\Pictures\GohitMVP\system\Database\BaseBuilder.php(1616): CodeIgniter\Database\BaseConnection->query('SELECT *\nFROM `...', Array, false)
#3 C:\Users\nbasu\Pictures\GohitMVP\system\Model.php(241): CodeIgniter\Database\BaseBuilder->get()
#4 C:\Users\nbasu\Pictures\GohitMVP\system\BaseModel.php(618): CodeIgniter\Model->doFindAll(3, 0)
#5 C:\Users\nbasu\Pictures\GohitMVP\app\Controllers\Home.php(44): CodeIgniter\BaseModel->findAll(3)
#6 C:\Users\nbasu\Pictures\GohitMVP\system\CodeIgniter.php(934): App\Controllers\Home->home()
#7 C:\Users\nbasu\Pictures\GohitMVP\system\CodeIgniter.php(499): CodeIgniter\CodeIgniter->runController(Object(App\Controllers\Home))
#8 C:\Users\nbasu\Pictures\GohitMVP\system\CodeIgniter.php(368): CodeIgniter\CodeIgniter->handleRequest(NULL, Object(Config\Cache), false)
#9 C:\Users\nbasu\Pictures\GohitMVP\public\index.php(67): CodeIgniter\CodeIgniter->run()
#10 C:\Users\nbasu\Pictures\GohitMVP\system\Commands\Server\rewrite.php(47): require_once('C:\\Users\\nbasu\\...')
#11 {main}
CRITICAL - 2023-12-11 10:08:40 --> Unable to connect to the database.
Main connection [MySQLi]: No connection could be made because the target machine actively refused it
in SYSTEMPATH\Database\BaseConnection.php on line 427.
 1 SYSTEMPATH\Database\BaseConnection.php(573): CodeIgniter\Database\BaseConnection->initialize()
 2 SYSTEMPATH\Database\BaseBuilder.php(1616): CodeIgniter\Database\BaseConnection->query('SELECT *
FROM `event`
 LIMIT 3', [], false)
 3 SYSTEMPATH\Model.php(241): CodeIgniter\Database\BaseBuilder->get()
 4 SYSTEMPATH\BaseModel.php(618): CodeIgniter\Model->doFindAll(3, 0)
 5 APPPATH\Controllers\Home.php(44): CodeIgniter\BaseModel->findAll(3)
 6 SYSTEMPATH\CodeIgniter.php(934): App\Controllers\Home->home()
 7 SYSTEMPATH\CodeIgniter.php(499): CodeIgniter\CodeIgniter->runController(Object(App\Controllers\Home))
 8 SYSTEMPATH\CodeIgniter.php(368): CodeIgniter\CodeIgniter->handleRequest(null, Object(Config\Cache), false)
 9 FCPATH\index.php(67): CodeIgniter\CodeIgniter->run()
10 SYSTEMPATH\Commands\Server\rewrite.php(47): require_once('C:\\Users\\nbasu\\Pictures\\GohitMVP\\public\\index.php')
INFO - 2023-12-11 10:08:52 --> Session: Class initialized using 'CodeIgniter\Session\Handlers\FileHandler' driver.
INFO - 2023-12-11 10:08:57 --> Session: Class initialized using 'CodeIgniter\Session\Handlers\FileHandler' driver.
