INFO - 2023-06-21 04:52:05 --> Session: Class initialized using 'CodeIgniter\Session\Handlers\FileHandler' driver.
INFO - 2023-06-21 04:52:29 --> Session: Class initialized using 'CodeIgniter\Session\Handlers\FileHandler' driver.
INFO - 2023-06-21 04:52:29 --> Session: Class initialized using 'CodeIgniter\Session\Handlers\FileHandler' driver.
INFO - 2023-06-21 04:52:31 --> Session: Class initialized using 'CodeIgniter\Session\Handlers\FileHandler' driver.
INFO - 2023-06-21 04:52:42 --> Session: Class initialized using 'CodeIgniter\Session\Handlers\FileHandler' driver.
INFO - 2023-06-21 04:52:42 --> Session: Class initialized using 'CodeIgniter\Session\Handlers\FileHandler' driver.
CRITICAL - 2023-06-21 04:52:42 --> Undefined variable $tgl
in APPPATH\Views\detailTour.php on line 23.
 1 APPPATH\Views\detailTour.php(23): CodeIgniter\Debug\Exceptions->errorHandler(2, 'Undefined variable $tgl', 'D:\\TUGAS\\KULIAH\\Semester 4\\PW2\\gohitfix\\gohit\\app\\Views\\detailTour.php', 23)
 2 SYSTEMPATH\View\View.php(213): include('D:\\TUGAS\\KULIAH\\Semester 4\\PW2\\gohitfix\\gohit\\app\\Views\\detailTour.php')
 3 SYSTEMPATH\View\View.php(216): CodeIgniter\View\View->CodeIgniter\View\{closure}()
 4 SYSTEMPATH\Common.php(1184): CodeIgniter\View\View->render('detailTour', [], true)
 5 APPPATH\Controllers\DetailEvent.php(37): view('detailTour', [...])
 6 SYSTEMPATH\CodeIgniter.php(934): App\Controllers\DetailEvent->index('css', 'main.css')
 7 SYSTEMPATH\CodeIgniter.php(499): CodeIgniter\CodeIgniter->runController(Object(App\Controllers\DetailEvent))
 8 SYSTEMPATH\CodeIgniter.php(368): CodeIgniter\CodeIgniter->handleRequest(null, Object(Config\Cache), false)
 9 FCPATH\index.php(67): CodeIgniter\CodeIgniter->run()
10 SYSTEMPATH\Commands\Server\rewrite.php(47): require_once('D:\\TUGAS\\KULIAH\\Semester 4\\PW2\\gohitfix\\gohit\\public\\index.php')
INFO - 2023-06-21 04:52:42 --> Session: Class initialized using 'CodeIgniter\Session\Handlers\FileHandler' driver.
CRITICAL - 2023-06-21 04:52:42 --> Undefined variable $tgl
in APPPATH\Views\detailTour.php on line 23.
 1 APPPATH\Views\detailTour.php(23): CodeIgniter\Debug\Exceptions->errorHandler(2, 'Undefined variable $tgl', 'D:\\TUGAS\\KULIAH\\Semester 4\\PW2\\gohitfix\\gohit\\app\\Views\\detailTour.php', 23)
 2 SYSTEMPATH\View\View.php(213): include('D:\\TUGAS\\KULIAH\\Semester 4\\PW2\\gohitfix\\gohit\\app\\Views\\detailTour.php')
 3 SYSTEMPATH\View\View.php(216): CodeIgniter\View\View->CodeIgniter\View\{closure}()
 4 SYSTEMPATH\Common.php(1184): CodeIgniter\View\View->render('detailTour', [], true)
 5 APPPATH\Controllers\DetailEvent.php(37): view('detailTour', [...])
 6 SYSTEMPATH\CodeIgniter.php(934): App\Controllers\DetailEvent->index('css', 'style.css')
 7 SYSTEMPATH\CodeIgniter.php(499): CodeIgniter\CodeIgniter->runController(Object(App\Controllers\DetailEvent))
 8 SYSTEMPATH\CodeIgniter.php(368): CodeIgniter\CodeIgniter->handleRequest(null, Object(Config\Cache), false)
 9 FCPATH\index.php(67): CodeIgniter\CodeIgniter->run()
10 SYSTEMPATH\Commands\Server\rewrite.php(47): require_once('D:\\TUGAS\\KULIAH\\Semester 4\\PW2\\gohitfix\\gohit\\public\\index.php')
INFO - 2023-06-21 04:52:43 --> Session: Class initialized using 'CodeIgniter\Session\Handlers\FileHandler' driver.
CRITICAL - 2023-06-21 04:52:43 --> Undefined variable $tgl
in APPPATH\Views\detailTour.php on line 23.
 1 APPPATH\Views\detailTour.php(23): CodeIgniter\Debug\Exceptions->errorHandler(2, 'Undefined variable $tgl', 'D:\\TUGAS\\KULIAH\\Semester 4\\PW2\\gohitfix\\gohit\\app\\Views\\detailTour.php', 23)
 2 SYSTEMPATH\View\View.php(213): include('D:\\TUGAS\\KULIAH\\Semester 4\\PW2\\gohitfix\\gohit\\app\\Views\\detailTour.php')
 3 SYSTEMPATH\View\View.php(216): CodeIgniter\View\View->CodeIgniter\View\{closure}()
 4 SYSTEMPATH\Common.php(1184): CodeIgniter\View\View->render('detailTour', [], true)
 5 APPPATH\Controllers\DetailEvent.php(37): view('detailTour', [...])
 6 SYSTEMPATH\CodeIgniter.php(934): App\Controllers\DetailEvent->index('images', 'bg-01.jpg')
 7 SYSTEMPATH\CodeIgniter.php(499): CodeIgniter\CodeIgniter->runController(Object(App\Controllers\DetailEvent))
 8 SYSTEMPATH\CodeIgniter.php(368): CodeIgniter\CodeIgniter->handleRequest(null, Object(Config\Cache), false)
 9 FCPATH\index.php(67): CodeIgniter\CodeIgniter->run()
10 SYSTEMPATH\Commands\Server\rewrite.php(47): require_once('D:\\TUGAS\\KULIAH\\Semester 4\\PW2\\gohitfix\\gohit\\public\\index.php')
INFO - 2023-06-21 04:52:48 --> Session: Class initialized using 'CodeIgniter\Session\Handlers\FileHandler' driver.
INFO - 2023-06-21 07:33:03 --> Session: Class initialized using 'CodeIgniter\Session\Handlers\FileHandler' driver.
INFO - 2023-06-21 07:33:16 --> Session: Class initialized using 'CodeIgniter\Session\Handlers\FileHandler' driver.
INFO - 2023-06-21 07:33:16 --> Session: Class initialized using 'CodeIgniter\Session\Handlers\FileHandler' driver.
INFO - 2023-06-21 07:33:18 --> Session: Class initialized using 'CodeIgniter\Session\Handlers\FileHandler' driver.
INFO - 2023-06-21 07:33:20 --> Session: Class initialized using 'CodeIgniter\Session\Handlers\FileHandler' driver.
INFO - 2023-06-21 07:33:51 --> Session: Class initialized using 'CodeIgniter\Session\Handlers\FileHandler' driver.
INFO - 2023-06-21 07:34:22 --> Session: Class initialized using 'CodeIgniter\Session\Handlers\FileHandler' driver.
INFO - 2023-06-21 07:34:23 --> Session: Class initialized using 'CodeIgniter\Session\Handlers\FileHandler' driver.
CRITICAL - 2023-06-21 07:34:23 --> Undefined variable $tgl
in APPPATH\Views\detailTour.php on line 23.
 1 APPPATH\Views\detailTour.php(23): CodeIgniter\Debug\Exceptions->errorHandler(2, 'Undefined variable $tgl', 'D:\\TUGAS\\KULIAH\\Semester 4\\PW2\\gohitfix\\gohit\\app\\Views\\detailTour.php', 23)
 2 SYSTEMPATH\View\View.php(213): include('D:\\TUGAS\\KULIAH\\Semester 4\\PW2\\gohitfix\\gohit\\app\\Views\\detailTour.php')
 3 SYSTEMPATH\View\View.php(216): CodeIgniter\View\View->CodeIgniter\View\{closure}()
 4 SYSTEMPATH\Common.php(1184): CodeIgniter\View\View->render('detailTour', [], true)
 5 APPPATH\Controllers\DetailEvent.php(37): view('detailTour', [...])
 6 SYSTEMPATH\CodeIgniter.php(934): App\Controllers\DetailEvent->index('css', 'main.css')
 7 SYSTEMPATH\CodeIgniter.php(499): CodeIgniter\CodeIgniter->runController(Object(App\Controllers\DetailEvent))
 8 SYSTEMPATH\CodeIgniter.php(368): CodeIgniter\CodeIgniter->handleRequest(null, Object(Config\Cache), false)
 9 FCPATH\index.php(67): CodeIgniter\CodeIgniter->run()
10 SYSTEMPATH\Commands\Server\rewrite.php(47): require_once('D:\\TUGAS\\KULIAH\\Semester 4\\PW2\\gohitfix\\gohit\\public\\index.php')
INFO - 2023-06-21 07:34:23 --> Session: Class initialized using 'CodeIgniter\Session\Handlers\FileHandler' driver.
CRITICAL - 2023-06-21 07:34:23 --> Undefined variable $tgl
in APPPATH\Views\detailTour.php on line 23.
 1 APPPATH\Views\detailTour.php(23): CodeIgniter\Debug\Exceptions->errorHandler(2, 'Undefined variable $tgl', 'D:\\TUGAS\\KULIAH\\Semester 4\\PW2\\gohitfix\\gohit\\app\\Views\\detailTour.php', 23)
 2 SYSTEMPATH\View\View.php(213): include('D:\\TUGAS\\KULIAH\\Semester 4\\PW2\\gohitfix\\gohit\\app\\Views\\detailTour.php')
 3 SYSTEMPATH\View\View.php(216): CodeIgniter\View\View->CodeIgniter\View\{closure}()
 4 SYSTEMPATH\Common.php(1184): CodeIgniter\View\View->render('detailTour', [], true)
 5 APPPATH\Controllers\DetailEvent.php(37): view('detailTour', [...])
 6 SYSTEMPATH\CodeIgniter.php(934): App\Controllers\DetailEvent->index('css', 'style.css')
 7 SYSTEMPATH\CodeIgniter.php(499): CodeIgniter\CodeIgniter->runController(Object(App\Controllers\DetailEvent))
 8 SYSTEMPATH\CodeIgniter.php(368): CodeIgniter\CodeIgniter->handleRequest(null, Object(Config\Cache), false)
 9 FCPATH\index.php(67): CodeIgniter\CodeIgniter->run()
10 SYSTEMPATH\Commands\Server\rewrite.php(47): require_once('D:\\TUGAS\\KULIAH\\Semester 4\\PW2\\gohitfix\\gohit\\public\\index.php')
INFO - 2023-06-21 07:34:23 --> Session: Class initialized using 'CodeIgniter\Session\Handlers\FileHandler' driver.
CRITICAL - 2023-06-21 07:34:23 --> Undefined variable $tgl
in APPPATH\Views\detailTour.php on line 23.
 1 APPPATH\Views\detailTour.php(23): CodeIgniter\Debug\Exceptions->errorHandler(2, 'Undefined variable $tgl', 'D:\\TUGAS\\KULIAH\\Semester 4\\PW2\\gohitfix\\gohit\\app\\Views\\detailTour.php', 23)
 2 SYSTEMPATH\View\View.php(213): include('D:\\TUGAS\\KULIAH\\Semester 4\\PW2\\gohitfix\\gohit\\app\\Views\\detailTour.php')
 3 SYSTEMPATH\View\View.php(216): CodeIgniter\View\View->CodeIgniter\View\{closure}()
 4 SYSTEMPATH\Common.php(1184): CodeIgniter\View\View->render('detailTour', [], true)
 5 APPPATH\Controllers\DetailEvent.php(37): view('detailTour', [...])
 6 SYSTEMPATH\CodeIgniter.php(934): App\Controllers\DetailEvent->index('images', 'bg-01.jpg')
 7 SYSTEMPATH\CodeIgniter.php(499): CodeIgniter\CodeIgniter->runController(Object(App\Controllers\DetailEvent))
 8 SYSTEMPATH\CodeIgniter.php(368): CodeIgniter\CodeIgniter->handleRequest(null, Object(Config\Cache), false)
 9 FCPATH\index.php(67): CodeIgniter\CodeIgniter->run()
10 SYSTEMPATH\Commands\Server\rewrite.php(47): require_once('D:\\TUGAS\\KULIAH\\Semester 4\\PW2\\gohitfix\\gohit\\public\\index.php')
INFO - 2023-06-21 07:37:09 --> Session: Class initialized using 'CodeIgniter\Session\Handlers\FileHandler' driver.
INFO - 2023-06-21 07:37:14 --> Session: Class initialized using 'CodeIgniter\Session\Handlers\FileHandler' driver.
INFO - 2023-06-21 07:37:16 --> Session: Class initialized using 'CodeIgniter\Session\Handlers\FileHandler' driver.
INFO - 2023-06-21 07:37:17 --> Session: Class initialized using 'CodeIgniter\Session\Handlers\FileHandler' driver.
CRITICAL - 2023-06-21 07:37:17 --> Undefined variable $tgl
in APPPATH\Views\detailTour.php on line 23.
 1 APPPATH\Views\detailTour.php(23): CodeIgniter\Debug\Exceptions->errorHandler(2, 'Undefined variable $tgl', 'D:\\TUGAS\\KULIAH\\Semester 4\\PW2\\gohitfix\\gohit\\app\\Views\\detailTour.php', 23)
 2 SYSTEMPATH\View\View.php(213): include('D:\\TUGAS\\KULIAH\\Semester 4\\PW2\\gohitfix\\gohit\\app\\Views\\detailTour.php')
 3 SYSTEMPATH\View\View.php(216): CodeIgniter\View\View->CodeIgniter\View\{closure}()
 4 SYSTEMPATH\Common.php(1184): CodeIgniter\View\View->render('detailTour', [], true)
 5 APPPATH\Controllers\DetailEvent.php(37): view('detailTour', [...])
 6 SYSTEMPATH\CodeIgniter.php(934): App\Controllers\DetailEvent->index('css', 'main.css')
 7 SYSTEMPATH\CodeIgniter.php(499): CodeIgniter\CodeIgniter->runController(Object(App\Controllers\DetailEvent))
 8 SYSTEMPATH\CodeIgniter.php(368): CodeIgniter\CodeIgniter->handleRequest(null, Object(Config\Cache), false)
 9 FCPATH\index.php(67): CodeIgniter\CodeIgniter->run()
10 SYSTEMPATH\Commands\Server\rewrite.php(47): require_once('D:\\TUGAS\\KULIAH\\Semester 4\\PW2\\gohitfix\\gohit\\public\\index.php')
INFO - 2023-06-21 07:37:17 --> Session: Class initialized using 'CodeIgniter\Session\Handlers\FileHandler' driver.
CRITICAL - 2023-06-21 07:37:17 --> Undefined variable $tgl
in APPPATH\Views\detailTour.php on line 23.
 1 APPPATH\Views\detailTour.php(23): CodeIgniter\Debug\Exceptions->errorHandler(2, 'Undefined variable $tgl', 'D:\\TUGAS\\KULIAH\\Semester 4\\PW2\\gohitfix\\gohit\\app\\Views\\detailTour.php', 23)
 2 SYSTEMPATH\View\View.php(213): include('D:\\TUGAS\\KULIAH\\Semester 4\\PW2\\gohitfix\\gohit\\app\\Views\\detailTour.php')
 3 SYSTEMPATH\View\View.php(216): CodeIgniter\View\View->CodeIgniter\View\{closure}()
 4 SYSTEMPATH\Common.php(1184): CodeIgniter\View\View->render('detailTour', [], true)
 5 APPPATH\Controllers\DetailEvent.php(37): view('detailTour', [...])
 6 SYSTEMPATH\CodeIgniter.php(934): App\Controllers\DetailEvent->index('css', 'style.css')
 7 SYSTEMPATH\CodeIgniter.php(499): CodeIgniter\CodeIgniter->runController(Object(App\Controllers\DetailEvent))
 8 SYSTEMPATH\CodeIgniter.php(368): CodeIgniter\CodeIgniter->handleRequest(null, Object(Config\Cache), false)
 9 FCPATH\index.php(67): CodeIgniter\CodeIgniter->run()
10 SYSTEMPATH\Commands\Server\rewrite.php(47): require_once('D:\\TUGAS\\KULIAH\\Semester 4\\PW2\\gohitfix\\gohit\\public\\index.php')
INFO - 2023-06-21 07:37:17 --> Session: Class initialized using 'CodeIgniter\Session\Handlers\FileHandler' driver.
CRITICAL - 2023-06-21 07:37:17 --> Undefined variable $tgl
in APPPATH\Views\detailTour.php on line 23.
 1 APPPATH\Views\detailTour.php(23): CodeIgniter\Debug\Exceptions->errorHandler(2, 'Undefined variable $tgl', 'D:\\TUGAS\\KULIAH\\Semester 4\\PW2\\gohitfix\\gohit\\app\\Views\\detailTour.php', 23)
 2 SYSTEMPATH\View\View.php(213): include('D:\\TUGAS\\KULIAH\\Semester 4\\PW2\\gohitfix\\gohit\\app\\Views\\detailTour.php')
 3 SYSTEMPATH\View\View.php(216): CodeIgniter\View\View->CodeIgniter\View\{closure}()
 4 SYSTEMPATH\Common.php(1184): CodeIgniter\View\View->render('detailTour', [], true)
 5 APPPATH\Controllers\DetailEvent.php(37): view('detailTour', [...])
 6 SYSTEMPATH\CodeIgniter.php(934): App\Controllers\DetailEvent->index('images', 'bg-01.jpg')
 7 SYSTEMPATH\CodeIgniter.php(499): CodeIgniter\CodeIgniter->runController(Object(App\Controllers\DetailEvent))
 8 SYSTEMPATH\CodeIgniter.php(368): CodeIgniter\CodeIgniter->handleRequest(null, Object(Config\Cache), false)
 9 FCPATH\index.php(67): CodeIgniter\CodeIgniter->run()
10 SYSTEMPATH\Commands\Server\rewrite.php(47): require_once('D:\\TUGAS\\KULIAH\\Semester 4\\PW2\\gohitfix\\gohit\\public\\index.php')
INFO - 2023-06-21 07:37:19 --> Session: Class initialized using 'CodeIgniter\Session\Handlers\FileHandler' driver.
INFO - 2023-06-21 07:37:20 --> Session: Class initialized using 'CodeIgniter\Session\Handlers\FileHandler' driver.
INFO - 2023-06-21 07:37:22 --> Session: Class initialized using 'CodeIgniter\Session\Handlers\FileHandler' driver.
INFO - 2023-06-21 07:37:22 --> Session: Class initialized using 'CodeIgniter\Session\Handlers\FileHandler' driver.
CRITICAL - 2023-06-21 07:37:22 --> Undefined variable $tgl
in APPPATH\Views\detailTour.php on line 23.
 1 APPPATH\Views\detailTour.php(23): CodeIgniter\Debug\Exceptions->errorHandler(2, 'Undefined variable $tgl', 'D:\\TUGAS\\KULIAH\\Semester 4\\PW2\\gohitfix\\gohit\\app\\Views\\detailTour.php', 23)
 2 SYSTEMPATH\View\View.php(213): include('D:\\TUGAS\\KULIAH\\Semester 4\\PW2\\gohitfix\\gohit\\app\\Views\\detailTour.php')
 3 SYSTEMPATH\View\View.php(216): CodeIgniter\View\View->CodeIgniter\View\{closure}()
 4 SYSTEMPATH\Common.php(1184): CodeIgniter\View\View->render('detailTour', [], true)
 5 APPPATH\Controllers\DetailEvent.php(37): view('detailTour', [...])
 6 SYSTEMPATH\CodeIgniter.php(934): App\Controllers\DetailEvent->index('css', 'main.css')
 7 SYSTEMPATH\CodeIgniter.php(499): CodeIgniter\CodeIgniter->runController(Object(App\Controllers\DetailEvent))
 8 SYSTEMPATH\CodeIgniter.php(368): CodeIgniter\CodeIgniter->handleRequest(null, Object(Config\Cache), false)
 9 FCPATH\index.php(67): CodeIgniter\CodeIgniter->run()
10 SYSTEMPATH\Commands\Server\rewrite.php(47): require_once('D:\\TUGAS\\KULIAH\\Semester 4\\PW2\\gohitfix\\gohit\\public\\index.php')
INFO - 2023-06-21 07:37:23 --> Session: Class initialized using 'CodeIgniter\Session\Handlers\FileHandler' driver.
CRITICAL - 2023-06-21 07:37:23 --> Undefined variable $tgl
in APPPATH\Views\detailTour.php on line 23.
 1 APPPATH\Views\detailTour.php(23): CodeIgniter\Debug\Exceptions->errorHandler(2, 'Undefined variable $tgl', 'D:\\TUGAS\\KULIAH\\Semester 4\\PW2\\gohitfix\\gohit\\app\\Views\\detailTour.php', 23)
 2 SYSTEMPATH\View\View.php(213): include('D:\\TUGAS\\KULIAH\\Semester 4\\PW2\\gohitfix\\gohit\\app\\Views\\detailTour.php')
 3 SYSTEMPATH\View\View.php(216): CodeIgniter\View\View->CodeIgniter\View\{closure}()
 4 SYSTEMPATH\Common.php(1184): CodeIgniter\View\View->render('detailTour', [], true)
 5 APPPATH\Controllers\DetailEvent.php(37): view('detailTour', [...])
 6 SYSTEMPATH\CodeIgniter.php(934): App\Controllers\DetailEvent->index('css', 'style.css')
 7 SYSTEMPATH\CodeIgniter.php(499): CodeIgniter\CodeIgniter->runController(Object(App\Controllers\DetailEvent))
 8 SYSTEMPATH\CodeIgniter.php(368): CodeIgniter\CodeIgniter->handleRequest(null, Object(Config\Cache), false)
 9 FCPATH\index.php(67): CodeIgniter\CodeIgniter->run()
10 SYSTEMPATH\Commands\Server\rewrite.php(47): require_once('D:\\TUGAS\\KULIAH\\Semester 4\\PW2\\gohitfix\\gohit\\public\\index.php')
INFO - 2023-06-21 07:37:23 --> Session: Class initialized using 'CodeIgniter\Session\Handlers\FileHandler' driver.
CRITICAL - 2023-06-21 07:37:23 --> Undefined variable $tgl
in APPPATH\Views\detailTour.php on line 23.
 1 APPPATH\Views\detailTour.php(23): CodeIgniter\Debug\Exceptions->errorHandler(2, 'Undefined variable $tgl', 'D:\\TUGAS\\KULIAH\\Semester 4\\PW2\\gohitfix\\gohit\\app\\Views\\detailTour.php', 23)
 2 SYSTEMPATH\View\View.php(213): include('D:\\TUGAS\\KULIAH\\Semester 4\\PW2\\gohitfix\\gohit\\app\\Views\\detailTour.php')
 3 SYSTEMPATH\View\View.php(216): CodeIgniter\View\View->CodeIgniter\View\{closure}()
 4 SYSTEMPATH\Common.php(1184): CodeIgniter\View\View->render('detailTour', [], true)
 5 APPPATH\Controllers\DetailEvent.php(37): view('detailTour', [...])
 6 SYSTEMPATH\CodeIgniter.php(934): App\Controllers\DetailEvent->index('images', 'bg-01.jpg')
 7 SYSTEMPATH\CodeIgniter.php(499): CodeIgniter\CodeIgniter->runController(Object(App\Controllers\DetailEvent))
 8 SYSTEMPATH\CodeIgniter.php(368): CodeIgniter\CodeIgniter->handleRequest(null, Object(Config\Cache), false)
 9 FCPATH\index.php(67): CodeIgniter\CodeIgniter->run()
10 SYSTEMPATH\Commands\Server\rewrite.php(47): require_once('D:\\TUGAS\\KULIAH\\Semester 4\\PW2\\gohitfix\\gohit\\public\\index.php')
INFO - 2023-06-21 07:37:24 --> Session: Class initialized using 'CodeIgniter\Session\Handlers\FileHandler' driver.
INFO - 2023-06-21 07:37:35 --> Session: Class initialized using 'CodeIgniter\Session\Handlers\FileHandler' driver.
INFO - 2023-06-21 07:37:41 --> Session: Class initialized using 'CodeIgniter\Session\Handlers\FileHandler' driver.
INFO - 2023-06-21 07:37:41 --> Session: Class initialized using 'CodeIgniter\Session\Handlers\FileHandler' driver.
CRITICAL - 2023-06-21 07:37:41 --> Undefined variable $tgl
in APPPATH\Views\detailTour.php on line 23.
 1 APPPATH\Views\detailTour.php(23): CodeIgniter\Debug\Exceptions->errorHandler(2, 'Undefined variable $tgl', 'D:\\TUGAS\\KULIAH\\Semester 4\\PW2\\gohitfix\\gohit\\app\\Views\\detailTour.php', 23)
 2 SYSTEMPATH\View\View.php(213): include('D:\\TUGAS\\KULIAH\\Semester 4\\PW2\\gohitfix\\gohit\\app\\Views\\detailTour.php')
 3 SYSTEMPATH\View\View.php(216): CodeIgniter\View\View->CodeIgniter\View\{closure}()
 4 SYSTEMPATH\Common.php(1184): CodeIgniter\View\View->render('detailTour', [], true)
 5 APPPATH\Controllers\DetailEvent.php(37): view('detailTour', [...])
 6 SYSTEMPATH\CodeIgniter.php(934): App\Controllers\DetailEvent->index('css', 'main.css')
 7 SYSTEMPATH\CodeIgniter.php(499): CodeIgniter\CodeIgniter->runController(Object(App\Controllers\DetailEvent))
 8 SYSTEMPATH\CodeIgniter.php(368): CodeIgniter\CodeIgniter->handleRequest(null, Object(Config\Cache), false)
 9 FCPATH\index.php(67): CodeIgniter\CodeIgniter->run()
10 SYSTEMPATH\Commands\Server\rewrite.php(47): require_once('D:\\TUGAS\\KULIAH\\Semester 4\\PW2\\gohitfix\\gohit\\public\\index.php')
INFO - 2023-06-21 07:37:41 --> Session: Class initialized using 'CodeIgniter\Session\Handlers\FileHandler' driver.
CRITICAL - 2023-06-21 07:37:41 --> Undefined variable $tgl
in APPPATH\Views\detailTour.php on line 23.
 1 APPPATH\Views\detailTour.php(23): CodeIgniter\Debug\Exceptions->errorHandler(2, 'Undefined variable $tgl', 'D:\\TUGAS\\KULIAH\\Semester 4\\PW2\\gohitfix\\gohit\\app\\Views\\detailTour.php', 23)
 2 SYSTEMPATH\View\View.php(213): include('D:\\TUGAS\\KULIAH\\Semester 4\\PW2\\gohitfix\\gohit\\app\\Views\\detailTour.php')
 3 SYSTEMPATH\View\View.php(216): CodeIgniter\View\View->CodeIgniter\View\{closure}()
 4 SYSTEMPATH\Common.php(1184): CodeIgniter\View\View->render('detailTour', [], true)
 5 APPPATH\Controllers\DetailEvent.php(37): view('detailTour', [...])
 6 SYSTEMPATH\CodeIgniter.php(934): App\Controllers\DetailEvent->index('css', 'style.css')
 7 SYSTEMPATH\CodeIgniter.php(499): CodeIgniter\CodeIgniter->runController(Object(App\Controllers\DetailEvent))
 8 SYSTEMPATH\CodeIgniter.php(368): CodeIgniter\CodeIgniter->handleRequest(null, Object(Config\Cache), false)
 9 FCPATH\index.php(67): CodeIgniter\CodeIgniter->run()
10 SYSTEMPATH\Commands\Server\rewrite.php(47): require_once('D:\\TUGAS\\KULIAH\\Semester 4\\PW2\\gohitfix\\gohit\\public\\index.php')
INFO - 2023-06-21 07:37:41 --> Session: Class initialized using 'CodeIgniter\Session\Handlers\FileHandler' driver.
CRITICAL - 2023-06-21 07:37:41 --> Undefined variable $tgl
in APPPATH\Views\detailTour.php on line 23.
 1 APPPATH\Views\detailTour.php(23): CodeIgniter\Debug\Exceptions->errorHandler(2, 'Undefined variable $tgl', 'D:\\TUGAS\\KULIAH\\Semester 4\\PW2\\gohitfix\\gohit\\app\\Views\\detailTour.php', 23)
 2 SYSTEMPATH\View\View.php(213): include('D:\\TUGAS\\KULIAH\\Semester 4\\PW2\\gohitfix\\gohit\\app\\Views\\detailTour.php')
 3 SYSTEMPATH\View\View.php(216): CodeIgniter\View\View->CodeIgniter\View\{closure}()
 4 SYSTEMPATH\Common.php(1184): CodeIgniter\View\View->render('detailTour', [], true)
 5 APPPATH\Controllers\DetailEvent.php(37): view('detailTour', [...])
 6 SYSTEMPATH\CodeIgniter.php(934): App\Controllers\DetailEvent->index('images', 'bg-01.jpg')
 7 SYSTEMPATH\CodeIgniter.php(499): CodeIgniter\CodeIgniter->runController(Object(App\Controllers\DetailEvent))
 8 SYSTEMPATH\CodeIgniter.php(368): CodeIgniter\CodeIgniter->handleRequest(null, Object(Config\Cache), false)
 9 FCPATH\index.php(67): CodeIgniter\CodeIgniter->run()
10 SYSTEMPATH\Commands\Server\rewrite.php(47): require_once('D:\\TUGAS\\KULIAH\\Semester 4\\PW2\\gohitfix\\gohit\\public\\index.php')
INFO - 2023-06-21 07:37:52 --> Session: Class initialized using 'CodeIgniter\Session\Handlers\FileHandler' driver.
CRITICAL - 2023-06-21 07:37:52 --> Undefined variable $tgl
in APPPATH\Views\detailTour.php on line 23.
 1 APPPATH\Views\detailTour.php(23): CodeIgniter\Debug\Exceptions->errorHandler(2, 'Undefined variable $tgl', 'D:\\TUGAS\\KULIAH\\Semester 4\\PW2\\gohitfix\\gohit\\app\\Views\\detailTour.php', 23)
 2 SYSTEMPATH\View\View.php(213): include('D:\\TUGAS\\KULIAH\\Semester 4\\PW2\\gohitfix\\gohit\\app\\Views\\detailTour.php')
 3 SYSTEMPATH\View\View.php(216): CodeIgniter\View\View->CodeIgniter\View\{closure}()
 4 SYSTEMPATH\Common.php(1184): CodeIgniter\View\View->render('detailTour', [], true)
 5 APPPATH\Controllers\DetailEvent.php(37): view('detailTour', [...])
 6 SYSTEMPATH\CodeIgniter.php(934): App\Controllers\DetailEvent->index('event')
 7 SYSTEMPATH\CodeIgniter.php(499): CodeIgniter\CodeIgniter->runController(Object(App\Controllers\DetailEvent))
 8 SYSTEMPATH\CodeIgniter.php(368): CodeIgniter\CodeIgniter->handleRequest(null, Object(Config\Cache), false)
 9 FCPATH\index.php(67): CodeIgniter\CodeIgniter->run()
10 SYSTEMPATH\Commands\Server\rewrite.php(47): require_once('D:\\TUGAS\\KULIAH\\Semester 4\\PW2\\gohitfix\\gohit\\public\\index.php')
INFO - 2023-06-21 07:38:21 --> Session: Class initialized using 'CodeIgniter\Session\Handlers\FileHandler' driver.
INFO - 2023-06-21 07:38:21 --> Session: Class initialized using 'CodeIgniter\Session\Handlers\FileHandler' driver.
CRITICAL - 2023-06-21 07:38:21 --> Undefined variable $tgl
in APPPATH\Views\detailTour.php on line 23.
 1 APPPATH\Views\detailTour.php(23): CodeIgniter\Debug\Exceptions->errorHandler(2, 'Undefined variable $tgl', 'D:\\TUGAS\\KULIAH\\Semester 4\\PW2\\gohitfix\\gohit\\app\\Views\\detailTour.php', 23)
 2 SYSTEMPATH\View\View.php(213): include('D:\\TUGAS\\KULIAH\\Semester 4\\PW2\\gohitfix\\gohit\\app\\Views\\detailTour.php')
 3 SYSTEMPATH\View\View.php(216): CodeIgniter\View\View->CodeIgniter\View\{closure}()
 4 SYSTEMPATH\Common.php(1184): CodeIgniter\View\View->render('detailTour', [], true)
 5 APPPATH\Controllers\DetailEvent.php(37): view('detailTour', [...])
 6 SYSTEMPATH\CodeIgniter.php(934): App\Controllers\DetailEvent->index('css', 'main.css')
 7 SYSTEMPATH\CodeIgniter.php(499): CodeIgniter\CodeIgniter->runController(Object(App\Controllers\DetailEvent))
 8 SYSTEMPATH\CodeIgniter.php(368): CodeIgniter\CodeIgniter->handleRequest(null, Object(Config\Cache), false)
 9 FCPATH\index.php(67): CodeIgniter\CodeIgniter->run()
10 SYSTEMPATH\Commands\Server\rewrite.php(47): require_once('D:\\TUGAS\\KULIAH\\Semester 4\\PW2\\gohitfix\\gohit\\public\\index.php')
INFO - 2023-06-21 07:38:21 --> Session: Class initialized using 'CodeIgniter\Session\Handlers\FileHandler' driver.
CRITICAL - 2023-06-21 07:38:21 --> Undefined variable $tgl
in APPPATH\Views\detailTour.php on line 23.
 1 APPPATH\Views\detailTour.php(23): CodeIgniter\Debug\Exceptions->errorHandler(2, 'Undefined variable $tgl', 'D:\\TUGAS\\KULIAH\\Semester 4\\PW2\\gohitfix\\gohit\\app\\Views\\detailTour.php', 23)
 2 SYSTEMPATH\View\View.php(213): include('D:\\TUGAS\\KULIAH\\Semester 4\\PW2\\gohitfix\\gohit\\app\\Views\\detailTour.php')
 3 SYSTEMPATH\View\View.php(216): CodeIgniter\View\View->CodeIgniter\View\{closure}()
 4 SYSTEMPATH\Common.php(1184): CodeIgniter\View\View->render('detailTour', [], true)
 5 APPPATH\Controllers\DetailEvent.php(37): view('detailTour', [...])
 6 SYSTEMPATH\CodeIgniter.php(934): App\Controllers\DetailEvent->index('css', 'style.css')
 7 SYSTEMPATH\CodeIgniter.php(499): CodeIgniter\CodeIgniter->runController(Object(App\Controllers\DetailEvent))
 8 SYSTEMPATH\CodeIgniter.php(368): CodeIgniter\CodeIgniter->handleRequest(null, Object(Config\Cache), false)
 9 FCPATH\index.php(67): CodeIgniter\CodeIgniter->run()
10 SYSTEMPATH\Commands\Server\rewrite.php(47): require_once('D:\\TUGAS\\KULIAH\\Semester 4\\PW2\\gohitfix\\gohit\\public\\index.php')
INFO - 2023-06-21 07:38:21 --> Session: Class initialized using 'CodeIgniter\Session\Handlers\FileHandler' driver.
CRITICAL - 2023-06-21 07:38:21 --> Undefined variable $tgl
in APPPATH\Views\detailTour.php on line 23.
 1 APPPATH\Views\detailTour.php(23): CodeIgniter\Debug\Exceptions->errorHandler(2, 'Undefined variable $tgl', 'D:\\TUGAS\\KULIAH\\Semester 4\\PW2\\gohitfix\\gohit\\app\\Views\\detailTour.php', 23)
 2 SYSTEMPATH\View\View.php(213): include('D:\\TUGAS\\KULIAH\\Semester 4\\PW2\\gohitfix\\gohit\\app\\Views\\detailTour.php')
 3 SYSTEMPATH\View\View.php(216): CodeIgniter\View\View->CodeIgniter\View\{closure}()
 4 SYSTEMPATH\Common.php(1184): CodeIgniter\View\View->render('detailTour', [], true)
 5 APPPATH\Controllers\DetailEvent.php(37): view('detailTour', [...])
 6 SYSTEMPATH\CodeIgniter.php(934): App\Controllers\DetailEvent->index('images', 'bg-01.jpg')
 7 SYSTEMPATH\CodeIgniter.php(499): CodeIgniter\CodeIgniter->runController(Object(App\Controllers\DetailEvent))
 8 SYSTEMPATH\CodeIgniter.php(368): CodeIgniter\CodeIgniter->handleRequest(null, Object(Config\Cache), false)
 9 FCPATH\index.php(67): CodeIgniter\CodeIgniter->run()
10 SYSTEMPATH\Commands\Server\rewrite.php(47): require_once('D:\\TUGAS\\KULIAH\\Semester 4\\PW2\\gohitfix\\gohit\\public\\index.php')
INFO - 2023-06-21 07:38:23 --> Session: Class initialized using 'CodeIgniter\Session\Handlers\FileHandler' driver.
INFO - 2023-06-21 07:38:30 --> Session: Class initialized using 'CodeIgniter\Session\Handlers\FileHandler' driver.
INFO - 2023-06-21 07:38:30 --> Session: Class initialized using 'CodeIgniter\Session\Handlers\FileHandler' driver.
CRITICAL - 2023-06-21 07:38:30 --> Undefined variable $tgl
in APPPATH\Views\detailTour.php on line 23.
 1 APPPATH\Views\detailTour.php(23): CodeIgniter\Debug\Exceptions->errorHandler(2, 'Undefined variable $tgl', 'D:\\TUGAS\\KULIAH\\Semester 4\\PW2\\gohitfix\\gohit\\app\\Views\\detailTour.php', 23)
 2 SYSTEMPATH\View\View.php(213): include('D:\\TUGAS\\KULIAH\\Semester 4\\PW2\\gohitfix\\gohit\\app\\Views\\detailTour.php')
 3 SYSTEMPATH\View\View.php(216): CodeIgniter\View\View->CodeIgniter\View\{closure}()
 4 SYSTEMPATH\Common.php(1184): CodeIgniter\View\View->render('detailTour', [], true)
 5 APPPATH\Controllers\DetailEvent.php(37): view('detailTour', [...])
 6 SYSTEMPATH\CodeIgniter.php(934): App\Controllers\DetailEvent->index('css', 'main.css')
 7 SYSTEMPATH\CodeIgniter.php(499): CodeIgniter\CodeIgniter->runController(Object(App\Controllers\DetailEvent))
 8 SYSTEMPATH\CodeIgniter.php(368): CodeIgniter\CodeIgniter->handleRequest(null, Object(Config\Cache), false)
 9 FCPATH\index.php(67): CodeIgniter\CodeIgniter->run()
10 SYSTEMPATH\Commands\Server\rewrite.php(47): require_once('D:\\TUGAS\\KULIAH\\Semester 4\\PW2\\gohitfix\\gohit\\public\\index.php')
INFO - 2023-06-21 07:38:30 --> Session: Class initialized using 'CodeIgniter\Session\Handlers\FileHandler' driver.
CRITICAL - 2023-06-21 07:38:30 --> Undefined variable $tgl
in APPPATH\Views\detailTour.php on line 23.
 1 APPPATH\Views\detailTour.php(23): CodeIgniter\Debug\Exceptions->errorHandler(2, 'Undefined variable $tgl', 'D:\\TUGAS\\KULIAH\\Semester 4\\PW2\\gohitfix\\gohit\\app\\Views\\detailTour.php', 23)
 2 SYSTEMPATH\View\View.php(213): include('D:\\TUGAS\\KULIAH\\Semester 4\\PW2\\gohitfix\\gohit\\app\\Views\\detailTour.php')
 3 SYSTEMPATH\View\View.php(216): CodeIgniter\View\View->CodeIgniter\View\{closure}()
 4 SYSTEMPATH\Common.php(1184): CodeIgniter\View\View->render('detailTour', [], true)
 5 APPPATH\Controllers\DetailEvent.php(37): view('detailTour', [...])
 6 SYSTEMPATH\CodeIgniter.php(934): App\Controllers\DetailEvent->index('css', 'style.css')
 7 SYSTEMPATH\CodeIgniter.php(499): CodeIgniter\CodeIgniter->runController(Object(App\Controllers\DetailEvent))
 8 SYSTEMPATH\CodeIgniter.php(368): CodeIgniter\CodeIgniter->handleRequest(null, Object(Config\Cache), false)
 9 FCPATH\index.php(67): CodeIgniter\CodeIgniter->run()
10 SYSTEMPATH\Commands\Server\rewrite.php(47): require_once('D:\\TUGAS\\KULIAH\\Semester 4\\PW2\\gohitfix\\gohit\\public\\index.php')
INFO - 2023-06-21 07:38:30 --> Session: Class initialized using 'CodeIgniter\Session\Handlers\FileHandler' driver.
CRITICAL - 2023-06-21 07:38:30 --> Undefined variable $tgl
in APPPATH\Views\detailTour.php on line 23.
 1 APPPATH\Views\detailTour.php(23): CodeIgniter\Debug\Exceptions->errorHandler(2, 'Undefined variable $tgl', 'D:\\TUGAS\\KULIAH\\Semester 4\\PW2\\gohitfix\\gohit\\app\\Views\\detailTour.php', 23)
 2 SYSTEMPATH\View\View.php(213): include('D:\\TUGAS\\KULIAH\\Semester 4\\PW2\\gohitfix\\gohit\\app\\Views\\detailTour.php')
 3 SYSTEMPATH\View\View.php(216): CodeIgniter\View\View->CodeIgniter\View\{closure}()
 4 SYSTEMPATH\Common.php(1184): CodeIgniter\View\View->render('detailTour', [], true)
 5 APPPATH\Controllers\DetailEvent.php(37): view('detailTour', [...])
 6 SYSTEMPATH\CodeIgniter.php(934): App\Controllers\DetailEvent->index('images', 'bg-01.jpg')
 7 SYSTEMPATH\CodeIgniter.php(499): CodeIgniter\CodeIgniter->runController(Object(App\Controllers\DetailEvent))
 8 SYSTEMPATH\CodeIgniter.php(368): CodeIgniter\CodeIgniter->handleRequest(null, Object(Config\Cache), false)
 9 FCPATH\index.php(67): CodeIgniter\CodeIgniter->run()
10 SYSTEMPATH\Commands\Server\rewrite.php(47): require_once('D:\\TUGAS\\KULIAH\\Semester 4\\PW2\\gohitfix\\gohit\\public\\index.php')
INFO - 2023-06-21 07:49:22 --> Session: Class initialized using 'CodeIgniter\Session\Handlers\FileHandler' driver.
CRITICAL - 2023-06-21 07:49:22 --> Undefined variable $tgl
in APPPATH\Views\detailTour.php on line 23.
 1 APPPATH\Views\detailTour.php(23): CodeIgniter\Debug\Exceptions->errorHandler(2, 'Undefined variable $tgl', 'D:\\TUGAS\\KULIAH\\Semester 4\\PW2\\gohitfix\\gohit\\app\\Views\\detailTour.php', 23)
 2 SYSTEMPATH\View\View.php(213): include('D:\\TUGAS\\KULIAH\\Semester 4\\PW2\\gohitfix\\gohit\\app\\Views\\detailTour.php')
 3 SYSTEMPATH\View\View.php(216): CodeIgniter\View\View->CodeIgniter\View\{closure}()
 4 SYSTEMPATH\Common.php(1184): CodeIgniter\View\View->render('detailTour', [], true)
 5 APPPATH\Controllers\DetailEvent.php(37): view('detailTour', [...])
 6 SYSTEMPATH\CodeIgniter.php(934): App\Controllers\DetailEvent->index('home')
 7 SYSTEMPATH\CodeIgniter.php(499): CodeIgniter\CodeIgniter->runController(Object(App\Controllers\DetailEvent))
 8 SYSTEMPATH\CodeIgniter.php(368): CodeIgniter\CodeIgniter->handleRequest(null, Object(Config\Cache), false)
 9 FCPATH\index.php(67): CodeIgniter\CodeIgniter->run()
10 SYSTEMPATH\Commands\Server\rewrite.php(47): require_once('D:\\TUGAS\\KULIAH\\Semester 4\\PW2\\gohitfix\\gohit\\public\\index.php')
INFO - 2023-06-21 07:49:29 --> Session: Class initialized using 'CodeIgniter\Session\Handlers\FileHandler' driver.
INFO - 2023-06-21 07:49:29 --> Session: Class initialized using 'CodeIgniter\Session\Handlers\FileHandler' driver.
CRITICAL - 2023-06-21 07:49:29 --> Undefined variable $tgl
in APPPATH\Views\detailTour.php on line 23.
 1 APPPATH\Views\detailTour.php(23): CodeIgniter\Debug\Exceptions->errorHandler(2, 'Undefined variable $tgl', 'D:\\TUGAS\\KULIAH\\Semester 4\\PW2\\gohitfix\\gohit\\app\\Views\\detailTour.php', 23)
 2 SYSTEMPATH\View\View.php(213): include('D:\\TUGAS\\KULIAH\\Semester 4\\PW2\\gohitfix\\gohit\\app\\Views\\detailTour.php')
 3 SYSTEMPATH\View\View.php(216): CodeIgniter\View\View->CodeIgniter\View\{closure}()
 4 SYSTEMPATH\Common.php(1184): CodeIgniter\View\View->render('detailTour', [], true)
 5 APPPATH\Controllers\DetailEvent.php(37): view('detailTour', [...])
 6 SYSTEMPATH\CodeIgniter.php(934): App\Controllers\DetailEvent->index('css', 'main.css')
 7 SYSTEMPATH\CodeIgniter.php(499): CodeIgniter\CodeIgniter->runController(Object(App\Controllers\DetailEvent))
 8 SYSTEMPATH\CodeIgniter.php(368): CodeIgniter\CodeIgniter->handleRequest(null, Object(Config\Cache), false)
 9 FCPATH\index.php(67): CodeIgniter\CodeIgniter->run()
10 SYSTEMPATH\Commands\Server\rewrite.php(47): require_once('D:\\TUGAS\\KULIAH\\Semester 4\\PW2\\gohitfix\\gohit\\public\\index.php')
INFO - 2023-06-21 07:49:29 --> Session: Class initialized using 'CodeIgniter\Session\Handlers\FileHandler' driver.
CRITICAL - 2023-06-21 07:49:30 --> Undefined variable $tgl
in APPPATH\Views\detailTour.php on line 23.
 1 APPPATH\Views\detailTour.php(23): CodeIgniter\Debug\Exceptions->errorHandler(2, 'Undefined variable $tgl', 'D:\\TUGAS\\KULIAH\\Semester 4\\PW2\\gohitfix\\gohit\\app\\Views\\detailTour.php', 23)
 2 SYSTEMPATH\View\View.php(213): include('D:\\TUGAS\\KULIAH\\Semester 4\\PW2\\gohitfix\\gohit\\app\\Views\\detailTour.php')
 3 SYSTEMPATH\View\View.php(216): CodeIgniter\View\View->CodeIgniter\View\{closure}()
 4 SYSTEMPATH\Common.php(1184): CodeIgniter\View\View->render('detailTour', [], true)
 5 APPPATH\Controllers\DetailEvent.php(37): view('detailTour', [...])
 6 SYSTEMPATH\CodeIgniter.php(934): App\Controllers\DetailEvent->index('css', 'style.css')
 7 SYSTEMPATH\CodeIgniter.php(499): CodeIgniter\CodeIgniter->runController(Object(App\Controllers\DetailEvent))
 8 SYSTEMPATH\CodeIgniter.php(368): CodeIgniter\CodeIgniter->handleRequest(null, Object(Config\Cache), false)
 9 FCPATH\index.php(67): CodeIgniter\CodeIgniter->run()
10 SYSTEMPATH\Commands\Server\rewrite.php(47): require_once('D:\\TUGAS\\KULIAH\\Semester 4\\PW2\\gohitfix\\gohit\\public\\index.php')
INFO - 2023-06-21 07:49:30 --> Session: Class initialized using 'CodeIgniter\Session\Handlers\FileHandler' driver.
CRITICAL - 2023-06-21 07:49:30 --> Undefined variable $tgl
in APPPATH\Views\detailTour.php on line 23.
 1 APPPATH\Views\detailTour.php(23): CodeIgniter\Debug\Exceptions->errorHandler(2, 'Undefined variable $tgl', 'D:\\TUGAS\\KULIAH\\Semester 4\\PW2\\gohitfix\\gohit\\app\\Views\\detailTour.php', 23)
 2 SYSTEMPATH\View\View.php(213): include('D:\\TUGAS\\KULIAH\\Semester 4\\PW2\\gohitfix\\gohit\\app\\Views\\detailTour.php')
 3 SYSTEMPATH\View\View.php(216): CodeIgniter\View\View->CodeIgniter\View\{closure}()
 4 SYSTEMPATH\Common.php(1184): CodeIgniter\View\View->render('detailTour', [], true)
 5 APPPATH\Controllers\DetailEvent.php(37): view('detailTour', [...])
 6 SYSTEMPATH\CodeIgniter.php(934): App\Controllers\DetailEvent->index('images', 'bg-01.jpg')
 7 SYSTEMPATH\CodeIgniter.php(499): CodeIgniter\CodeIgniter->runController(Object(App\Controllers\DetailEvent))
 8 SYSTEMPATH\CodeIgniter.php(368): CodeIgniter\CodeIgniter->handleRequest(null, Object(Config\Cache), false)
 9 FCPATH\index.php(67): CodeIgniter\CodeIgniter->run()
10 SYSTEMPATH\Commands\Server\rewrite.php(47): require_once('D:\\TUGAS\\KULIAH\\Semester 4\\PW2\\gohitfix\\gohit\\public\\index.php')
INFO - 2023-06-21 07:49:53 --> Session: Class initialized using 'CodeIgniter\Session\Handlers\FileHandler' driver.
INFO - 2023-06-21 07:49:53 --> Session: Class initialized using 'CodeIgniter\Session\Handlers\FileHandler' driver.
CRITICAL - 2023-06-21 07:49:53 --> Undefined variable $tgl
in APPPATH\Views\detailTour.php on line 23.
 1 APPPATH\Views\detailTour.php(23): CodeIgniter\Debug\Exceptions->errorHandler(2, 'Undefined variable $tgl', 'D:\\TUGAS\\KULIAH\\Semester 4\\PW2\\gohitfix\\gohit\\app\\Views\\detailTour.php', 23)
 2 SYSTEMPATH\View\View.php(213): include('D:\\TUGAS\\KULIAH\\Semester 4\\PW2\\gohitfix\\gohit\\app\\Views\\detailTour.php')
 3 SYSTEMPATH\View\View.php(216): CodeIgniter\View\View->CodeIgniter\View\{closure}()
 4 SYSTEMPATH\Common.php(1184): CodeIgniter\View\View->render('detailTour', [], true)
 5 APPPATH\Controllers\DetailEvent.php(37): view('detailTour', [...])
 6 SYSTEMPATH\CodeIgniter.php(934): App\Controllers\DetailEvent->index('css', 'main.css')
 7 SYSTEMPATH\CodeIgniter.php(499): CodeIgniter\CodeIgniter->runController(Object(App\Controllers\DetailEvent))
 8 SYSTEMPATH\CodeIgniter.php(368): CodeIgniter\CodeIgniter->handleRequest(null, Object(Config\Cache), false)
 9 FCPATH\index.php(67): CodeIgniter\CodeIgniter->run()
10 SYSTEMPATH\Commands\Server\rewrite.php(47): require_once('D:\\TUGAS\\KULIAH\\Semester 4\\PW2\\gohitfix\\gohit\\public\\index.php')
INFO - 2023-06-21 07:49:54 --> Session: Class initialized using 'CodeIgniter\Session\Handlers\FileHandler' driver.
CRITICAL - 2023-06-21 07:49:54 --> Undefined variable $tgl
in APPPATH\Views\detailTour.php on line 23.
 1 APPPATH\Views\detailTour.php(23): CodeIgniter\Debug\Exceptions->errorHandler(2, 'Undefined variable $tgl', 'D:\\TUGAS\\KULIAH\\Semester 4\\PW2\\gohitfix\\gohit\\app\\Views\\detailTour.php', 23)
 2 SYSTEMPATH\View\View.php(213): include('D:\\TUGAS\\KULIAH\\Semester 4\\PW2\\gohitfix\\gohit\\app\\Views\\detailTour.php')
 3 SYSTEMPATH\View\View.php(216): CodeIgniter\View\View->CodeIgniter\View\{closure}()
 4 SYSTEMPATH\Common.php(1184): CodeIgniter\View\View->render('detailTour', [], true)
 5 APPPATH\Controllers\DetailEvent.php(37): view('detailTour', [...])
 6 SYSTEMPATH\CodeIgniter.php(934): App\Controllers\DetailEvent->index('images', 'bg-01.jpg')
 7 SYSTEMPATH\CodeIgniter.php(499): CodeIgniter\CodeIgniter->runController(Object(App\Controllers\DetailEvent))
 8 SYSTEMPATH\CodeIgniter.php(368): CodeIgniter\CodeIgniter->handleRequest(null, Object(Config\Cache), false)
 9 FCPATH\index.php(67): CodeIgniter\CodeIgniter->run()
10 SYSTEMPATH\Commands\Server\rewrite.php(47): require_once('D:\\TUGAS\\KULIAH\\Semester 4\\PW2\\gohitfix\\gohit\\public\\index.php')
INFO - 2023-06-21 07:49:54 --> Session: Class initialized using 'CodeIgniter\Session\Handlers\FileHandler' driver.
CRITICAL - 2023-06-21 07:49:54 --> Undefined variable $tgl
in APPPATH\Views\detailTour.php on line 23.
 1 APPPATH\Views\detailTour.php(23): CodeIgniter\Debug\Exceptions->errorHandler(2, 'Undefined variable $tgl', 'D:\\TUGAS\\KULIAH\\Semester 4\\PW2\\gohitfix\\gohit\\app\\Views\\detailTour.php', 23)
 2 SYSTEMPATH\View\View.php(213): include('D:\\TUGAS\\KULIAH\\Semester 4\\PW2\\gohitfix\\gohit\\app\\Views\\detailTour.php')
 3 SYSTEMPATH\View\View.php(216): CodeIgniter\View\View->CodeIgniter\View\{closure}()
 4 SYSTEMPATH\Common.php(1184): CodeIgniter\View\View->render('detailTour', [], true)
 5 APPPATH\Controllers\DetailEvent.php(37): view('detailTour', [...])
 6 SYSTEMPATH\CodeIgniter.php(934): App\Controllers\DetailEvent->index('css', 'style.css')
 7 SYSTEMPATH\CodeIgniter.php(499): CodeIgniter\CodeIgniter->runController(Object(App\Controllers\DetailEvent))
 8 SYSTEMPATH\CodeIgniter.php(368): CodeIgniter\CodeIgniter->handleRequest(null, Object(Config\Cache), false)
 9 FCPATH\index.php(67): CodeIgniter\CodeIgniter->run()
10 SYSTEMPATH\Commands\Server\rewrite.php(47): require_once('D:\\TUGAS\\KULIAH\\Semester 4\\PW2\\gohitfix\\gohit\\public\\index.php')
INFO - 2023-06-21 07:49:57 --> Session: Class initialized using 'CodeIgniter\Session\Handlers\FileHandler' driver.
